Calling target program-options parser
[13:44:27.078] [bmv2] [D] [thread 4243] Set default default entry for table 'tbl_basic_tunnel185': basic_tunnel185 - 
[13:44:27.078] [bmv2] [D] [thread 4243] Set default default entry for table 'MyIngress.myTunnel_exact': MyIngress.drop - 
[13:44:27.078] [bmv2] [D] [thread 4243] Set default default entry for table 'MyIngress.myTunnel_exact_egress': MyIngress.drop - 
[13:44:27.078] [bmv2] [D] [thread 4243] Set default default entry for table 'tbl_basic_tunnel188': basic_tunnel188 - 
[13:44:27.078] [bmv2] [D] [thread 4243] Set default default entry for table 'tbl_basic_tunnel191': basic_tunnel191 - 
[13:44:27.078] [bmv2] [D] [thread 4243] Set default default entry for table 'MyIngress.ipv4_lpm': MyIngress.drop - 
Adding interface s1-eth1 as port 1
[13:44:27.082] [bmv2] [D] [thread 4243] Adding interface s1-eth1 as port 1
Adding interface s1-eth2 as port 2
[13:44:27.097] [bmv2] [D] [thread 4243] Adding interface s1-eth2 as port 2
Adding interface s1-eth3 as port 3
[13:44:27.107] [bmv2] [D] [thread 4243] Adding interface s1-eth3 as port 3
Server listening on 0.0.0.0:50051
[13:44:27.125] [bmv2] [I] [thread 4243] Starting Thrift server on port 9090
[13:44:27.126] [bmv2] [I] [thread 4243] Thrift server was started
[13:44:27.204] [bmv2] [D] [thread 4269] [0.0] [cxt 0] Processing packet received on port 3
[13:44:27.204] [bmv2] [D] [thread 4269] [0.0] [cxt 0] Parser 'parser': start
[13:44:27.204] [bmv2] [D] [thread 4269] [0.0] [cxt 0] Parser 'parser' entering state 'start'
[13:44:27.204] [bmv2] [D] [thread 4269] [0.0] [cxt 0] Extracting header 'ethernet'
[13:44:27.204] [bmv2] [D] [thread 4269] [0.0] [cxt 0] Parser set: setting field 'scalars.tmp' from field 'ethernet.etherType' (34525)
[13:44:27.204] [bmv2] [D] [thread 4269] [0.0] [cxt 0] Executing method log_msg
[13:44:27.204] [bmv2] [T] [thread 4269] [0.0] [cxt 0] Action log_msg
[13:44:27.204] [bmv2] [T] [thread 4269] [0.0] [cxt 0] basic_tunnel.p4(71) Primitive         log_msg(\"Pasrse_ethernt {} \n\", {hdr.ethernet.etherType});
[13:44:27.204] [bmv2] [I] [thread 4269] Pasrse_ethernt 34525 

[13:44:27.204] [bmv2] [D] [thread 4269] [0.0] [cxt 0] Parser state 'start': key is 86dd
[13:44:27.204] [bmv2] [T] [thread 4269] [0.0] [cxt 0] Bytes parsed: 14
[13:44:27.204] [bmv2] [D] [thread 4269] [0.0] [cxt 0] Parser 'parser': end
[13:44:27.204] [bmv2] [D] [thread 4269] [0.0] [cxt 0] Pipeline 'ingress': start
[13:44:27.204] [bmv2] [T] [thread 4269] [0.0] [cxt 0] basic_tunnel.p4(184) Condition "hdr.myTunnel.isValid()" (node_2) is false
[13:44:27.204] [bmv2] [T] [thread 4269] [0.0] [cxt 0] basic_tunnel.p4(190) Condition "hdr.ipv4.isValid() && !hdr.myTunnel.isValid()" (node_7) is false
[13:44:27.204] [bmv2] [D] [thread 4269] [0.0] [cxt 0] Pipeline 'ingress': end
[13:44:27.204] [bmv2] [D] [thread 4269] [0.0] [cxt 0] Egress port is 0
[13:44:27.204] [bmv2] [D] [thread 4270] [0.0] [cxt 0] Pipeline 'egress': start
[13:44:27.204] [bmv2] [D] [thread 4270] [0.0] [cxt 0] Pipeline 'egress': end
[13:44:27.204] [bmv2] [D] [thread 4270] [0.0] [cxt 0] Deparser 'deparser': start
[13:44:27.204] [bmv2] [T] [thread 4270] [0.0] [cxt 0] Skipping checksum 'cksum' update because condition not met
[13:44:27.204] [bmv2] [D] [thread 4270] [0.0] [cxt 0] Deparsing header 'ethernet'
[13:44:27.204] [bmv2] [D] [thread 4270] [0.0] [cxt 0] Deparser 'deparser': end
[13:44:27.204] [bmv2] [D] [thread 4274] [0.0] [cxt 0] Transmitting packet of size 90 out of port 0
[13:44:27.252] [bmv2] [D] [thread 4269] [1.0] [cxt 0] Processing packet received on port 2
[13:44:27.252] [bmv2] [D] [thread 4269] [1.0] [cxt 0] Parser 'parser': start
[13:44:27.252] [bmv2] [D] [thread 4269] [1.0] [cxt 0] Parser 'parser' entering state 'start'
[13:44:27.252] [bmv2] [D] [thread 4269] [1.0] [cxt 0] Extracting header 'ethernet'
[13:44:27.252] [bmv2] [D] [thread 4269] [1.0] [cxt 0] Parser set: setting field 'scalars.tmp' from field 'ethernet.etherType' (34525)
[13:44:27.252] [bmv2] [D] [thread 4269] [1.0] [cxt 0] Executing method log_msg
[13:44:27.252] [bmv2] [T] [thread 4269] [1.0] [cxt 0] Action log_msg
[13:44:27.252] [bmv2] [T] [thread 4269] [1.0] [cxt 0] basic_tunnel.p4(71) Primitive         log_msg(\"Pasrse_ethernt {} \n\", {hdr.ethernet.etherType});
[13:44:27.252] [bmv2] [I] [thread 4269] Pasrse_ethernt 34525 

[13:44:27.252] [bmv2] [D] [thread 4269] [1.0] [cxt 0] Parser state 'start': key is 86dd
[13:44:27.252] [bmv2] [T] [thread 4269] [1.0] [cxt 0] Bytes parsed: 14
[13:44:27.252] [bmv2] [D] [thread 4269] [1.0] [cxt 0] Parser 'parser': end
[13:44:27.252] [bmv2] [D] [thread 4269] [1.0] [cxt 0] Pipeline 'ingress': start
[13:44:27.252] [bmv2] [T] [thread 4269] [1.0] [cxt 0] basic_tunnel.p4(184) Condition "hdr.myTunnel.isValid()" (node_2) is false
[13:44:27.252] [bmv2] [T] [thread 4269] [1.0] [cxt 0] basic_tunnel.p4(190) Condition "hdr.ipv4.isValid() && !hdr.myTunnel.isValid()" (node_7) is false
[13:44:27.252] [bmv2] [D] [thread 4269] [1.0] [cxt 0] Pipeline 'ingress': end
[13:44:27.252] [bmv2] [D] [thread 4269] [1.0] [cxt 0] Egress port is 0
[13:44:27.252] [bmv2] [D] [thread 4270] [1.0] [cxt 0] Pipeline 'egress': start
[13:44:27.252] [bmv2] [D] [thread 4270] [1.0] [cxt 0] Pipeline 'egress': end
[13:44:27.252] [bmv2] [D] [thread 4270] [1.0] [cxt 0] Deparser 'deparser': start
[13:44:27.252] [bmv2] [T] [thread 4270] [1.0] [cxt 0] Skipping checksum 'cksum' update because condition not met
[13:44:27.252] [bmv2] [D] [thread 4270] [1.0] [cxt 0] Deparsing header 'ethernet'
[13:44:27.252] [bmv2] [D] [thread 4270] [1.0] [cxt 0] Deparser 'deparser': end
[13:44:27.252] [bmv2] [D] [thread 4274] [1.0] [cxt 0] Transmitting packet of size 86 out of port 0
[13:44:27.363] [bmv2] [D] [thread 4269] [2.0] [cxt 0] Processing packet received on port 2
[13:44:27.363] [bmv2] [D] [thread 4269] [2.0] [cxt 0] Parser 'parser': start
[13:44:27.363] [bmv2] [D] [thread 4269] [2.0] [cxt 0] Parser 'parser' entering state 'start'
[13:44:27.363] [bmv2] [D] [thread 4269] [2.0] [cxt 0] Extracting header 'ethernet'
[13:44:27.363] [bmv2] [D] [thread 4269] [2.0] [cxt 0] Parser set: setting field 'scalars.tmp' from field 'ethernet.etherType' (34525)
[13:44:27.363] [bmv2] [D] [thread 4269] [2.0] [cxt 0] Executing method log_msg
[13:44:27.363] [bmv2] [T] [thread 4269] [2.0] [cxt 0] Action log_msg
[13:44:27.363] [bmv2] [T] [thread 4269] [2.0] [cxt 0] basic_tunnel.p4(71) Primitive         log_msg(\"Pasrse_ethernt {} \n\", {hdr.ethernet.etherType});
[13:44:27.363] [bmv2] [I] [thread 4269] Pasrse_ethernt 34525 

[13:44:27.363] [bmv2] [D] [thread 4269] [2.0] [cxt 0] Parser state 'start': key is 86dd
[13:44:27.363] [bmv2] [T] [thread 4269] [2.0] [cxt 0] Bytes parsed: 14
[13:44:27.363] [bmv2] [D] [thread 4269] [2.0] [cxt 0] Parser 'parser': end
[13:44:27.363] [bmv2] [D] [thread 4269] [2.0] [cxt 0] Pipeline 'ingress': start
[13:44:27.363] [bmv2] [T] [thread 4269] [2.0] [cxt 0] basic_tunnel.p4(184) Condition "hdr.myTunnel.isValid()" (node_2) is false
[13:44:27.363] [bmv2] [T] [thread 4269] [2.0] [cxt 0] basic_tunnel.p4(190) Condition "hdr.ipv4.isValid() && !hdr.myTunnel.isValid()" (node_7) is false
[13:44:27.363] [bmv2] [D] [thread 4269] [2.0] [cxt 0] Pipeline 'ingress': end
[13:44:27.363] [bmv2] [D] [thread 4269] [2.0] [cxt 0] Egress port is 0
[13:44:27.363] [bmv2] [D] [thread 4269] [3.0] [cxt 0] Processing packet received on port 3
[13:44:27.364] [bmv2] [D] [thread 4269] [3.0] [cxt 0] Parser 'parser': start
[13:44:27.364] [bmv2] [D] [thread 4269] [3.0] [cxt 0] Parser 'parser' entering state 'start'
[13:44:27.364] [bmv2] [D] [thread 4269] [3.0] [cxt 0] Extracting header 'ethernet'
[13:44:27.364] [bmv2] [D] [thread 4269] [3.0] [cxt 0] Parser set: setting field 'scalars.tmp' from field 'ethernet.etherType' (34525)
[13:44:27.364] [bmv2] [D] [thread 4269] [3.0] [cxt 0] Executing method log_msg
[13:44:27.364] [bmv2] [T] [thread 4269] [3.0] [cxt 0] Action log_msg
[13:44:27.364] [bmv2] [T] [thread 4269] [3.0] [cxt 0] basic_tunnel.p4(71) Primitive         log_msg(\"Pasrse_ethernt {} \n\", {hdr.ethernet.etherType});
[13:44:27.364] [bmv2] [I] [thread 4269] Pasrse_ethernt 34525 

[13:44:27.364] [bmv2] [D] [thread 4269] [3.0] [cxt 0] Parser state 'start': key is 86dd
[13:44:27.364] [bmv2] [T] [thread 4269] [3.0] [cxt 0] Bytes parsed: 14
[13:44:27.364] [bmv2] [D] [thread 4269] [3.0] [cxt 0] Parser 'parser': end
[13:44:27.364] [bmv2] [D] [thread 4269] [3.0] [cxt 0] Pipeline 'ingress': start
[13:44:27.364] [bmv2] [T] [thread 4269] [3.0] [cxt 0] basic_tunnel.p4(184) Condition "hdr.myTunnel.isValid()" (node_2) is false
[13:44:27.364] [bmv2] [T] [thread 4269] [3.0] [cxt 0] basic_tunnel.p4(190) Condition "hdr.ipv4.isValid() && !hdr.myTunnel.isValid()" (node_7) is false
[13:44:27.364] [bmv2] [D] [thread 4269] [3.0] [cxt 0] Pipeline 'ingress': end
[13:44:27.364] [bmv2] [D] [thread 4269] [3.0] [cxt 0] Egress port is 0
[13:44:27.364] [bmv2] [D] [thread 4270] [2.0] [cxt 0] Pipeline 'egress': start
[13:44:27.364] [bmv2] [D] [thread 4270] [2.0] [cxt 0] Pipeline 'egress': end
[13:44:27.364] [bmv2] [D] [thread 4270] [2.0] [cxt 0] Deparser 'deparser': start
[13:44:27.364] [bmv2] [T] [thread 4270] [2.0] [cxt 0] Skipping checksum 'cksum' update because condition not met
[13:44:27.364] [bmv2] [D] [thread 4270] [2.0] [cxt 0] Deparsing header 'ethernet'
[13:44:27.364] [bmv2] [D] [thread 4270] [2.0] [cxt 0] Deparser 'deparser': end
[13:44:27.364] [bmv2] [D] [thread 4270] [3.0] [cxt 0] Pipeline 'egress': start
[13:44:27.364] [bmv2] [D] [thread 4270] [3.0] [cxt 0] Pipeline 'egress': end
[13:44:27.364] [bmv2] [D] [thread 4270] [3.0] [cxt 0] Deparser 'deparser': start
[13:44:27.364] [bmv2] [D] [thread 4274] [2.0] [cxt 0] Transmitting packet of size 90 out of port 0
[13:44:27.364] [bmv2] [T] [thread 4270] [3.0] [cxt 0] Skipping checksum 'cksum' update because condition not met
[13:44:27.364] [bmv2] [D] [thread 4270] [3.0] [cxt 0] Deparsing header 'ethernet'
[13:44:27.364] [bmv2] [D] [thread 4270] [3.0] [cxt 0] Deparser 'deparser': end
[13:44:27.364] [bmv2] [D] [thread 4274] [3.0] [cxt 0] Transmitting packet of size 90 out of port 0
[13:44:27.692] [bmv2] [D] [thread 4269] [4.0] [cxt 0] Processing packet received on port 2
[13:44:27.692] [bmv2] [D] [thread 4269] [4.0] [cxt 0] Parser 'parser': start
[13:44:27.692] [bmv2] [D] [thread 4269] [4.0] [cxt 0] Parser 'parser' entering state 'start'
[13:44:27.692] [bmv2] [D] [thread 4269] [4.0] [cxt 0] Extracting header 'ethernet'
[13:44:27.692] [bmv2] [D] [thread 4269] [4.0] [cxt 0] Parser set: setting field 'scalars.tmp' from field 'ethernet.etherType' (34525)
[13:44:27.692] [bmv2] [D] [thread 4269] [4.0] [cxt 0] Executing method log_msg
[13:44:27.692] [bmv2] [T] [thread 4269] [4.0] [cxt 0] Action log_msg
[13:44:27.692] [bmv2] [T] [thread 4269] [4.0] [cxt 0] basic_tunnel.p4(71) Primitive         log_msg(\"Pasrse_ethernt {} \n\", {hdr.ethernet.etherType});
[13:44:27.692] [bmv2] [I] [thread 4269] Pasrse_ethernt 34525 

[13:44:27.692] [bmv2] [D] [thread 4269] [4.0] [cxt 0] Parser state 'start': key is 86dd
[13:44:27.692] [bmv2] [T] [thread 4269] [4.0] [cxt 0] Bytes parsed: 14
[13:44:27.692] [bmv2] [D] [thread 4269] [4.0] [cxt 0] Parser 'parser': end
[13:44:27.692] [bmv2] [D] [thread 4269] [4.0] [cxt 0] Pipeline 'ingress': start
[13:44:27.692] [bmv2] [T] [thread 4269] [4.0] [cxt 0] basic_tunnel.p4(184) Condition "hdr.myTunnel.isValid()" (node_2) is false
[13:44:27.692] [bmv2] [T] [thread 4269] [4.0] [cxt 0] basic_tunnel.p4(190) Condition "hdr.ipv4.isValid() && !hdr.myTunnel.isValid()" (node_7) is false
[13:44:27.692] [bmv2] [D] [thread 4269] [4.0] [cxt 0] Pipeline 'ingress': end
[13:44:27.692] [bmv2] [D] [thread 4269] [4.0] [cxt 0] Egress port is 0
[13:44:27.692] [bmv2] [D] [thread 4270] [4.0] [cxt 0] Pipeline 'egress': start
[13:44:27.692] [bmv2] [D] [thread 4270] [4.0] [cxt 0] Pipeline 'egress': end
[13:44:27.692] [bmv2] [D] [thread 4270] [4.0] [cxt 0] Deparser 'deparser': start
[13:44:27.692] [bmv2] [T] [thread 4270] [4.0] [cxt 0] Skipping checksum 'cksum' update because condition not met
[13:44:27.692] [bmv2] [D] [thread 4270] [4.0] [cxt 0] Deparsing header 'ethernet'
[13:44:27.692] [bmv2] [D] [thread 4270] [4.0] [cxt 0] Deparser 'deparser': end
[13:44:27.692] [bmv2] [D] [thread 4274] [4.0] [cxt 0] Transmitting packet of size 86 out of port 0
[13:44:27.692] [bmv2] [D] [thread 4269] [5.0] [cxt 0] Processing packet received on port 3
[13:44:27.692] [bmv2] [D] [thread 4269] [5.0] [cxt 0] Parser 'parser': start
[13:44:27.692] [bmv2] [D] [thread 4269] [5.0] [cxt 0] Parser 'parser' entering state 'start'
[13:44:27.692] [bmv2] [D] [thread 4269] [5.0] [cxt 0] Extracting header 'ethernet'
[13:44:27.692] [bmv2] [D] [thread 4269] [5.0] [cxt 0] Parser set: setting field 'scalars.tmp' from field 'ethernet.etherType' (34525)
[13:44:27.692] [bmv2] [D] [thread 4269] [5.0] [cxt 0] Executing method log_msg
[13:44:27.692] [bmv2] [T] [thread 4269] [5.0] [cxt 0] Action log_msg
[13:44:27.692] [bmv2] [T] [thread 4269] [5.0] [cxt 0] basic_tunnel.p4(71) Primitive         log_msg(\"Pasrse_ethernt {} \n\", {hdr.ethernet.etherType});
[13:44:27.692] [bmv2] [I] [thread 4269] Pasrse_ethernt 34525 

[13:44:27.692] [bmv2] [D] [thread 4269] [5.0] [cxt 0] Parser state 'start': key is 86dd
[13:44:27.692] [bmv2] [T] [thread 4269] [5.0] [cxt 0] Bytes parsed: 14
[13:44:27.692] [bmv2] [D] [thread 4269] [5.0] [cxt 0] Parser 'parser': end
[13:44:27.692] [bmv2] [D] [thread 4269] [5.0] [cxt 0] Pipeline 'ingress': start
[13:44:27.692] [bmv2] [T] [thread 4269] [5.0] [cxt 0] basic_tunnel.p4(184) Condition "hdr.myTunnel.isValid()" (node_2) is false
[13:44:27.692] [bmv2] [T] [thread 4269] [5.0] [cxt 0] basic_tunnel.p4(190) Condition "hdr.ipv4.isValid() && !hdr.myTunnel.isValid()" (node_7) is false
[13:44:27.692] [bmv2] [D] [thread 4269] [5.0] [cxt 0] Pipeline 'ingress': end
[13:44:27.692] [bmv2] [D] [thread 4269] [5.0] [cxt 0] Egress port is 0
[13:44:27.692] [bmv2] [D] [thread 4270] [5.0] [cxt 0] Pipeline 'egress': start
[13:44:27.692] [bmv2] [D] [thread 4270] [5.0] [cxt 0] Pipeline 'egress': end
[13:44:27.692] [bmv2] [D] [thread 4270] [5.0] [cxt 0] Deparser 'deparser': start
[13:44:27.692] [bmv2] [T] [thread 4270] [5.0] [cxt 0] Skipping checksum 'cksum' update because condition not met
[13:44:27.692] [bmv2] [D] [thread 4270] [5.0] [cxt 0] Deparsing header 'ethernet'
[13:44:27.692] [bmv2] [D] [thread 4270] [5.0] [cxt 0] Deparser 'deparser': end
[13:44:27.693] [bmv2] [D] [thread 4274] [5.0] [cxt 0] Transmitting packet of size 86 out of port 0
[13:44:27.820] [bmv2] [D] [thread 4269] [6.0] [cxt 0] Processing packet received on port 1
[13:44:27.820] [bmv2] [D] [thread 4269] [6.0] [cxt 0] Parser 'parser': start
[13:44:27.820] [bmv2] [D] [thread 4269] [6.0] [cxt 0] Parser 'parser' entering state 'start'
[13:44:27.820] [bmv2] [D] [thread 4269] [6.0] [cxt 0] Extracting header 'ethernet'
[13:44:27.820] [bmv2] [D] [thread 4269] [6.0] [cxt 0] Parser set: setting field 'scalars.tmp' from field 'ethernet.etherType' (34525)
[13:44:27.820] [bmv2] [D] [thread 4269] [6.0] [cxt 0] Executing method log_msg
[13:44:27.820] [bmv2] [T] [thread 4269] [6.0] [cxt 0] Action log_msg
[13:44:27.820] [bmv2] [T] [thread 4269] [6.0] [cxt 0] basic_tunnel.p4(71) Primitive         log_msg(\"Pasrse_ethernt {} \n\", {hdr.ethernet.etherType});
[13:44:27.820] [bmv2] [I] [thread 4269] Pasrse_ethernt 34525 

[13:44:27.820] [bmv2] [D] [thread 4269] [6.0] [cxt 0] Parser state 'start': key is 86dd
[13:44:27.820] [bmv2] [T] [thread 4269] [6.0] [cxt 0] Bytes parsed: 14
[13:44:27.820] [bmv2] [D] [thread 4269] [6.0] [cxt 0] Parser 'parser': end
[13:44:27.820] [bmv2] [D] [thread 4269] [6.0] [cxt 0] Pipeline 'ingress': start
[13:44:27.820] [bmv2] [T] [thread 4269] [6.0] [cxt 0] basic_tunnel.p4(184) Condition "hdr.myTunnel.isValid()" (node_2) is false
[13:44:27.820] [bmv2] [T] [thread 4269] [6.0] [cxt 0] basic_tunnel.p4(190) Condition "hdr.ipv4.isValid() && !hdr.myTunnel.isValid()" (node_7) is false
[13:44:27.820] [bmv2] [D] [thread 4269] [6.0] [cxt 0] Pipeline 'ingress': end
[13:44:27.820] [bmv2] [D] [thread 4269] [6.0] [cxt 0] Egress port is 0
[13:44:27.820] [bmv2] [D] [thread 4270] [6.0] [cxt 0] Pipeline 'egress': start
[13:44:27.820] [bmv2] [D] [thread 4270] [6.0] [cxt 0] Pipeline 'egress': end
[13:44:27.820] [bmv2] [D] [thread 4270] [6.0] [cxt 0] Deparser 'deparser': start
[13:44:27.820] [bmv2] [T] [thread 4270] [6.0] [cxt 0] Skipping checksum 'cksum' update because condition not met
[13:44:27.820] [bmv2] [D] [thread 4270] [6.0] [cxt 0] Deparsing header 'ethernet'
[13:44:27.820] [bmv2] [D] [thread 4270] [6.0] [cxt 0] Deparser 'deparser': end
[13:44:27.820] [bmv2] [D] [thread 4274] [6.0] [cxt 0] Transmitting packet of size 90 out of port 0
[13:44:27.947] [bmv2] [D] [thread 4269] [7.0] [cxt 0] Processing packet received on port 2
[13:44:27.947] [bmv2] [D] [thread 4269] [7.0] [cxt 0] Parser 'parser': start
[13:44:27.947] [bmv2] [D] [thread 4269] [7.0] [cxt 0] Parser 'parser' entering state 'start'
[13:44:27.947] [bmv2] [D] [thread 4269] [7.0] [cxt 0] Extracting header 'ethernet'
[13:44:27.947] [bmv2] [D] [thread 4269] [7.0] [cxt 0] Parser set: setting field 'scalars.tmp' from field 'ethernet.etherType' (34525)
[13:44:27.947] [bmv2] [D] [thread 4269] [7.0] [cxt 0] Executing method log_msg
[13:44:27.947] [bmv2] [T] [thread 4269] [7.0] [cxt 0] Action log_msg
[13:44:27.947] [bmv2] [T] [thread 4269] [7.0] [cxt 0] basic_tunnel.p4(71) Primitive         log_msg(\"Pasrse_ethernt {} \n\", {hdr.ethernet.etherType});
[13:44:27.947] [bmv2] [I] [thread 4269] Pasrse_ethernt 34525 

[13:44:27.947] [bmv2] [D] [thread 4269] [7.0] [cxt 0] Parser state 'start': key is 86dd
[13:44:27.947] [bmv2] [T] [thread 4269] [7.0] [cxt 0] Bytes parsed: 14
[13:44:27.947] [bmv2] [D] [thread 4269] [7.0] [cxt 0] Parser 'parser': end
[13:44:27.947] [bmv2] [D] [thread 4269] [7.0] [cxt 0] Pipeline 'ingress': start
[13:44:27.947] [bmv2] [T] [thread 4269] [7.0] [cxt 0] basic_tunnel.p4(184) Condition "hdr.myTunnel.isValid()" (node_2) is false
[13:44:27.947] [bmv2] [T] [thread 4269] [7.0] [cxt 0] basic_tunnel.p4(190) Condition "hdr.ipv4.isValid() && !hdr.myTunnel.isValid()" (node_7) is false
[13:44:27.947] [bmv2] [D] [thread 4269] [7.0] [cxt 0] Pipeline 'ingress': end
[13:44:27.947] [bmv2] [D] [thread 4269] [7.0] [cxt 0] Egress port is 0
[13:44:27.948] [bmv2] [D] [thread 4270] [7.0] [cxt 0] Pipeline 'egress': start
[13:44:27.948] [bmv2] [D] [thread 4270] [7.0] [cxt 0] Pipeline 'egress': end
[13:44:27.948] [bmv2] [D] [thread 4270] [7.0] [cxt 0] Deparser 'deparser': start
[13:44:27.948] [bmv2] [T] [thread 4270] [7.0] [cxt 0] Skipping checksum 'cksum' update because condition not met
[13:44:27.948] [bmv2] [D] [thread 4270] [7.0] [cxt 0] Deparsing header 'ethernet'
[13:44:27.948] [bmv2] [D] [thread 4270] [7.0] [cxt 0] Deparser 'deparser': end
[13:44:27.948] [bmv2] [D] [thread 4274] [7.0] [cxt 0] Transmitting packet of size 90 out of port 0
[13:44:28.075] [bmv2] [D] [thread 4269] [8.0] [cxt 0] Processing packet received on port 1
[13:44:28.075] [bmv2] [D] [thread 4269] [8.0] [cxt 0] Parser 'parser': start
[13:44:28.075] [bmv2] [D] [thread 4269] [8.0] [cxt 0] Parser 'parser' entering state 'start'
[13:44:28.075] [bmv2] [D] [thread 4269] [8.0] [cxt 0] Extracting header 'ethernet'
[13:44:28.075] [bmv2] [D] [thread 4269] [8.0] [cxt 0] Parser set: setting field 'scalars.tmp' from field 'ethernet.etherType' (34525)
[13:44:28.075] [bmv2] [D] [thread 4269] [8.0] [cxt 0] Executing method log_msg
[13:44:28.075] [bmv2] [T] [thread 4269] [8.0] [cxt 0] Action log_msg
[13:44:28.075] [bmv2] [T] [thread 4269] [8.0] [cxt 0] basic_tunnel.p4(71) Primitive         log_msg(\"Pasrse_ethernt {} \n\", {hdr.ethernet.etherType});
[13:44:28.075] [bmv2] [I] [thread 4269] Pasrse_ethernt 34525 

[13:44:28.075] [bmv2] [D] [thread 4269] [8.0] [cxt 0] Parser state 'start': key is 86dd
[13:44:28.075] [bmv2] [T] [thread 4269] [8.0] [cxt 0] Bytes parsed: 14
[13:44:28.075] [bmv2] [D] [thread 4269] [8.0] [cxt 0] Parser 'parser': end
[13:44:28.075] [bmv2] [D] [thread 4269] [8.0] [cxt 0] Pipeline 'ingress': start
[13:44:28.075] [bmv2] [T] [thread 4269] [8.0] [cxt 0] basic_tunnel.p4(184) Condition "hdr.myTunnel.isValid()" (node_2) is false
[13:44:28.075] [bmv2] [T] [thread 4269] [8.0] [cxt 0] basic_tunnel.p4(190) Condition "hdr.ipv4.isValid() && !hdr.myTunnel.isValid()" (node_7) is false
[13:44:28.075] [bmv2] [D] [thread 4269] [8.0] [cxt 0] Pipeline 'ingress': end
[13:44:28.075] [bmv2] [D] [thread 4269] [8.0] [cxt 0] Egress port is 0
[13:44:28.075] [bmv2] [D] [thread 4269] [9.0] [cxt 0] Processing packet received on port 1
[13:44:28.075] [bmv2] [D] [thread 4269] [9.0] [cxt 0] Parser 'parser': start
[13:44:28.076] [bmv2] [D] [thread 4269] [9.0] [cxt 0] Parser 'parser' entering state 'start'
[13:44:28.076] [bmv2] [D] [thread 4269] [9.0] [cxt 0] Extracting header 'ethernet'
[13:44:28.076] [bmv2] [D] [thread 4269] [9.0] [cxt 0] Parser set: setting field 'scalars.tmp' from field 'ethernet.etherType' (34525)
[13:44:28.076] [bmv2] [D] [thread 4269] [9.0] [cxt 0] Executing method log_msg
[13:44:28.076] [bmv2] [T] [thread 4269] [9.0] [cxt 0] Action log_msg
[13:44:28.076] [bmv2] [T] [thread 4269] [9.0] [cxt 0] basic_tunnel.p4(71) Primitive         log_msg(\"Pasrse_ethernt {} \n\", {hdr.ethernet.etherType});
[13:44:28.076] [bmv2] [D] [thread 4270] [8.0] [cxt 0] Pipeline 'egress': start
[13:44:28.076] [bmv2] [I] [thread 4269] Pasrse_ethernt 34525 

[13:44:28.076] [bmv2] [D] [thread 4270] [8.0] [cxt 0] Pipeline 'egress': end
[13:44:28.076] [bmv2] [D] [thread 4270] [8.0] [cxt 0] Deparser 'deparser': start
[13:44:28.076] [bmv2] [D] [thread 4269] [9.0] [cxt 0] Parser state 'start': key is 86dd
[13:44:28.076] [bmv2] [T] [thread 4269] [9.0] [cxt 0] Bytes parsed: 14
[13:44:28.076] [bmv2] [T] [thread 4270] [8.0] [cxt 0] Skipping checksum 'cksum' update because condition not met
[13:44:28.076] [bmv2] [D] [thread 4269] [9.0] [cxt 0] Parser 'parser': end
[13:44:28.076] [bmv2] [D] [thread 4270] [8.0] [cxt 0] Deparsing header 'ethernet'
[13:44:28.076] [bmv2] [D] [thread 4269] [9.0] [cxt 0] Pipeline 'ingress': start
[13:44:28.076] [bmv2] [D] [thread 4270] [8.0] [cxt 0] Deparser 'deparser': end
[13:44:28.076] [bmv2] [T] [thread 4269] [9.0] [cxt 0] basic_tunnel.p4(184) Condition "hdr.myTunnel.isValid()" (node_2) is false
[13:44:28.076] [bmv2] [T] [thread 4269] [9.0] [cxt 0] basic_tunnel.p4(190) Condition "hdr.ipv4.isValid() && !hdr.myTunnel.isValid()" (node_7) is false
[13:44:28.076] [bmv2] [D] [thread 4269] [9.0] [cxt 0] Pipeline 'ingress': end
[13:44:28.076] [bmv2] [D] [thread 4274] [8.0] [cxt 0] Transmitting packet of size 90 out of port 0
[13:44:28.076] [bmv2] [D] [thread 4269] [9.0] [cxt 0] Egress port is 0
[13:44:28.076] [bmv2] [D] [thread 4270] [9.0] [cxt 0] Pipeline 'egress': start
[13:44:28.076] [bmv2] [D] [thread 4270] [9.0] [cxt 0] Pipeline 'egress': end
[13:44:28.076] [bmv2] [D] [thread 4270] [9.0] [cxt 0] Deparser 'deparser': start
[13:44:28.076] [bmv2] [T] [thread 4270] [9.0] [cxt 0] Skipping checksum 'cksum' update because condition not met
[13:44:28.076] [bmv2] [D] [thread 4270] [9.0] [cxt 0] Deparsing header 'ethernet'
[13:44:28.076] [bmv2] [D] [thread 4270] [9.0] [cxt 0] Deparser 'deparser': end
[13:44:28.076] [bmv2] [D] [thread 4274] [9.0] [cxt 0] Transmitting packet of size 70 out of port 0
[13:44:28.086] [bmv2] [D] [thread 4269] [10.0] [cxt 0] Processing packet received on port 1
[13:44:28.087] [bmv2] [D] [thread 4269] [10.0] [cxt 0] Parser 'parser': start
[13:44:28.087] [bmv2] [D] [thread 4269] [10.0] [cxt 0] Parser 'parser' entering state 'start'
[13:44:28.087] [bmv2] [D] [thread 4269] [10.0] [cxt 0] Extracting header 'ethernet'
[13:44:28.087] [bmv2] [D] [thread 4269] [10.0] [cxt 0] Parser set: setting field 'scalars.tmp' from field 'ethernet.etherType' (34525)
[13:44:28.087] [bmv2] [D] [thread 4269] [10.0] [cxt 0] Executing method log_msg
[13:44:28.087] [bmv2] [T] [thread 4269] [10.0] [cxt 0] Action log_msg
[13:44:28.087] [bmv2] [T] [thread 4269] [10.0] [cxt 0] basic_tunnel.p4(71) Primitive         log_msg(\"Pasrse_ethernt {} \n\", {hdr.ethernet.etherType});
[13:44:28.087] [bmv2] [I] [thread 4269] Pasrse_ethernt 34525 

[13:44:28.087] [bmv2] [D] [thread 4269] [10.0] [cxt 0] Parser state 'start': key is 86dd
[13:44:28.087] [bmv2] [T] [thread 4269] [10.0] [cxt 0] Bytes parsed: 14
[13:44:28.087] [bmv2] [D] [thread 4269] [10.0] [cxt 0] Parser 'parser': end
[13:44:28.087] [bmv2] [D] [thread 4269] [10.0] [cxt 0] Pipeline 'ingress': start
[13:44:28.087] [bmv2] [T] [thread 4269] [10.0] [cxt 0] basic_tunnel.p4(184) Condition "hdr.myTunnel.isValid()" (node_2) is false
[13:44:28.087] [bmv2] [T] [thread 4269] [10.0] [cxt 0] basic_tunnel.p4(190) Condition "hdr.ipv4.isValid() && !hdr.myTunnel.isValid()" (node_7) is false
[13:44:28.087] [bmv2] [D] [thread 4269] [10.0] [cxt 0] Pipeline 'ingress': end
[13:44:28.087] [bmv2] [D] [thread 4269] [10.0] [cxt 0] Egress port is 0
[13:44:28.087] [bmv2] [D] [thread 4270] [10.0] [cxt 0] Pipeline 'egress': start
[13:44:28.087] [bmv2] [D] [thread 4270] [10.0] [cxt 0] Pipeline 'egress': end
[13:44:28.087] [bmv2] [D] [thread 4270] [10.0] [cxt 0] Deparser 'deparser': start
[13:44:28.087] [bmv2] [T] [thread 4270] [10.0] [cxt 0] Skipping checksum 'cksum' update because condition not met
[13:44:28.087] [bmv2] [D] [thread 4270] [10.0] [cxt 0] Deparsing header 'ethernet'
[13:44:28.087] [bmv2] [D] [thread 4270] [10.0] [cxt 0] Deparser 'deparser': end
[13:44:28.087] [bmv2] [D] [thread 4274] [10.0] [cxt 0] Transmitting packet of size 90 out of port 0
[13:44:28.139] [bmv2] [D] [thread 4269] [11.0] [cxt 0] Processing packet received on port 3
[13:44:28.139] [bmv2] [D] [thread 4269] [11.0] [cxt 0] Parser 'parser': start
[13:44:28.139] [bmv2] [D] [thread 4269] [11.0] [cxt 0] Parser 'parser' entering state 'start'
[13:44:28.139] [bmv2] [D] [thread 4269] [11.0] [cxt 0] Extracting header 'ethernet'
[13:44:28.139] [bmv2] [D] [thread 4269] [11.0] [cxt 0] Parser set: setting field 'scalars.tmp' from field 'ethernet.etherType' (34525)
[13:44:28.139] [bmv2] [D] [thread 4269] [11.0] [cxt 0] Executing method log_msg
[13:44:28.139] [bmv2] [T] [thread 4269] [11.0] [cxt 0] Action log_msg
[13:44:28.139] [bmv2] [T] [thread 4269] [11.0] [cxt 0] basic_tunnel.p4(71) Primitive         log_msg(\"Pasrse_ethernt {} \n\", {hdr.ethernet.etherType});
[13:44:28.139] [bmv2] [I] [thread 4269] Pasrse_ethernt 34525 

[13:44:28.139] [bmv2] [D] [thread 4269] [11.0] [cxt 0] Parser state 'start': key is 86dd
[13:44:28.139] [bmv2] [T] [thread 4269] [11.0] [cxt 0] Bytes parsed: 14
[13:44:28.139] [bmv2] [D] [thread 4269] [11.0] [cxt 0] Parser 'parser': end
[13:44:28.139] [bmv2] [D] [thread 4269] [11.0] [cxt 0] Pipeline 'ingress': start
[13:44:28.139] [bmv2] [T] [thread 4269] [11.0] [cxt 0] basic_tunnel.p4(184) Condition "hdr.myTunnel.isValid()" (node_2) is false
[13:44:28.139] [bmv2] [T] [thread 4269] [11.0] [cxt 0] basic_tunnel.p4(190) Condition "hdr.ipv4.isValid() && !hdr.myTunnel.isValid()" (node_7) is false
[13:44:28.139] [bmv2] [D] [thread 4269] [11.0] [cxt 0] Pipeline 'ingress': end
[13:44:28.139] [bmv2] [D] [thread 4269] [11.0] [cxt 0] Egress port is 0
[13:44:28.139] [bmv2] [D] [thread 4269] [12.0] [cxt 0] Processing packet received on port 3
[13:44:28.139] [bmv2] [D] [thread 4269] [12.0] [cxt 0] Parser 'parser': start
[13:44:28.139] [bmv2] [D] [thread 4269] [12.0] [cxt 0] Parser 'parser' entering state 'start'
[13:44:28.139] [bmv2] [D] [thread 4269] [12.0] [cxt 0] Extracting header 'ethernet'
[13:44:28.139] [bmv2] [D] [thread 4269] [12.0] [cxt 0] Parser set: setting field 'scalars.tmp' from field 'ethernet.etherType' (34525)
[13:44:28.139] [bmv2] [D] [thread 4269] [12.0] [cxt 0] Executing method log_msg
[13:44:28.139] [bmv2] [T] [thread 4269] [12.0] [cxt 0] Action log_msg
[13:44:28.139] [bmv2] [T] [thread 4269] [12.0] [cxt 0] basic_tunnel.p4(71) Primitive         log_msg(\"Pasrse_ethernt {} \n\", {hdr.ethernet.etherType});
[13:44:28.139] [bmv2] [I] [thread 4269] Pasrse_ethernt 34525 

[13:44:28.140] [bmv2] [D] [thread 4269] [12.0] [cxt 0] Parser state 'start': key is 86dd
[13:44:28.140] [bmv2] [T] [thread 4269] [12.0] [cxt 0] Bytes parsed: 14
[13:44:28.140] [bmv2] [D] [thread 4269] [12.0] [cxt 0] Parser 'parser': end
[13:44:28.140] [bmv2] [D] [thread 4269] [12.0] [cxt 0] Pipeline 'ingress': start
[13:44:28.140] [bmv2] [T] [thread 4269] [12.0] [cxt 0] basic_tunnel.p4(184) Condition "hdr.myTunnel.isValid()" (node_2) is false
[13:44:28.140] [bmv2] [T] [thread 4269] [12.0] [cxt 0] basic_tunnel.p4(190) Condition "hdr.ipv4.isValid() && !hdr.myTunnel.isValid()" (node_7) is false
[13:44:28.140] [bmv2] [D] [thread 4269] [12.0] [cxt 0] Pipeline 'ingress': end
[13:44:28.140] [bmv2] [D] [thread 4270] [11.0] [cxt 0] Pipeline 'egress': start
[13:44:28.140] [bmv2] [D] [thread 4270] [11.0] [cxt 0] Pipeline 'egress': end
[13:44:28.140] [bmv2] [D] [thread 4269] [12.0] [cxt 0] Egress port is 0
[13:44:28.140] [bmv2] [D] [thread 4270] [11.0] [cxt 0] Deparser 'deparser': start
[13:44:28.140] [bmv2] [T] [thread 4270] [11.0] [cxt 0] Skipping checksum 'cksum' update because condition not met
[13:44:28.140] [bmv2] [D] [thread 4270] [11.0] [cxt 0] Deparsing header 'ethernet'
[13:44:28.140] [bmv2] [D] [thread 4270] [11.0] [cxt 0] Deparser 'deparser': end
[13:44:28.140] [bmv2] [D] [thread 4270] [12.0] [cxt 0] Pipeline 'egress': start
[13:44:28.140] [bmv2] [D] [thread 4270] [12.0] [cxt 0] Pipeline 'egress': end
[13:44:28.140] [bmv2] [D] [thread 4270] [12.0] [cxt 0] Deparser 'deparser': start
[13:44:28.140] [bmv2] [T] [thread 4270] [12.0] [cxt 0] Skipping checksum 'cksum' update because condition not met
[13:44:28.140] [bmv2] [D] [thread 4270] [12.0] [cxt 0] Deparsing header 'ethernet'
[13:44:28.140] [bmv2] [D] [thread 4270] [12.0] [cxt 0] Deparser 'deparser': end
[13:44:28.140] [bmv2] [D] [thread 4274] [11.0] [cxt 0] Transmitting packet of size 90 out of port 0
[13:44:28.140] [bmv2] [D] [thread 4274] [12.0] [cxt 0] Transmitting packet of size 70 out of port 0
[13:44:28.268] [bmv2] [D] [thread 4269] [13.0] [cxt 0] Processing packet received on port 2
[13:44:28.268] [bmv2] [D] [thread 4269] [13.0] [cxt 0] Parser 'parser': start
[13:44:28.268] [bmv2] [D] [thread 4269] [13.0] [cxt 0] Parser 'parser' entering state 'start'
[13:44:28.268] [bmv2] [D] [thread 4269] [13.0] [cxt 0] Extracting header 'ethernet'
[13:44:28.268] [bmv2] [D] [thread 4269] [13.0] [cxt 0] Parser set: setting field 'scalars.tmp' from field 'ethernet.etherType' (34525)
[13:44:28.268] [bmv2] [D] [thread 4269] [13.0] [cxt 0] Executing method log_msg
[13:44:28.268] [bmv2] [T] [thread 4269] [13.0] [cxt 0] Action log_msg
[13:44:28.268] [bmv2] [T] [thread 4269] [13.0] [cxt 0] basic_tunnel.p4(71) Primitive         log_msg(\"Pasrse_ethernt {} \n\", {hdr.ethernet.etherType});
[13:44:28.268] [bmv2] [I] [thread 4269] Pasrse_ethernt 34525 

[13:44:28.268] [bmv2] [D] [thread 4269] [13.0] [cxt 0] Parser state 'start': key is 86dd
[13:44:28.268] [bmv2] [T] [thread 4269] [13.0] [cxt 0] Bytes parsed: 14
[13:44:28.269] [bmv2] [D] [thread 4269] [13.0] [cxt 0] Parser 'parser': end
[13:44:28.269] [bmv2] [D] [thread 4269] [13.0] [cxt 0] Pipeline 'ingress': start
[13:44:28.269] [bmv2] [T] [thread 4269] [13.0] [cxt 0] basic_tunnel.p4(184) Condition "hdr.myTunnel.isValid()" (node_2) is false
[13:44:28.269] [bmv2] [T] [thread 4269] [13.0] [cxt 0] basic_tunnel.p4(190) Condition "hdr.ipv4.isValid() && !hdr.myTunnel.isValid()" (node_7) is false
[13:44:28.269] [bmv2] [D] [thread 4269] [13.0] [cxt 0] Pipeline 'ingress': end
[13:44:28.269] [bmv2] [D] [thread 4269] [13.0] [cxt 0] Egress port is 0
[13:44:28.269] [bmv2] [D] [thread 4269] [14.0] [cxt 0] Processing packet received on port 2
[13:44:28.269] [bmv2] [D] [thread 4269] [14.0] [cxt 0] Parser 'parser': start
[13:44:28.269] [bmv2] [D] [thread 4269] [14.0] [cxt 0] Parser 'parser' entering state 'start'
[13:44:28.269] [bmv2] [D] [thread 4269] [14.0] [cxt 0] Extracting header 'ethernet'
[13:44:28.269] [bmv2] [D] [thread 4269] [14.0] [cxt 0] Parser set: setting field 'scalars.tmp' from field 'ethernet.etherType' (34525)
[13:44:28.269] [bmv2] [D] [thread 4269] [14.0] [cxt 0] Executing method log_msg
[13:44:28.269] [bmv2] [T] [thread 4269] [14.0] [cxt 0] Action log_msg
[13:44:28.269] [bmv2] [T] [thread 4269] [14.0] [cxt 0] basic_tunnel.p4(71) Primitive         log_msg(\"Pasrse_ethernt {} \n\", {hdr.ethernet.etherType});
[13:44:28.269] [bmv2] [D] [thread 4270] [13.0] [cxt 0] Pipeline 'egress': start
[13:44:28.269] [bmv2] [D] [thread 4270] [13.0] [cxt 0] Pipeline 'egress': end
[13:44:28.269] [bmv2] [D] [thread 4270] [13.0] [cxt 0] Deparser 'deparser': start
[13:44:28.269] [bmv2] [I] [thread 4269] Pasrse_ethernt 34525 

[13:44:28.269] [bmv2] [T] [thread 4270] [13.0] [cxt 0] Skipping checksum 'cksum' update because condition not met
[13:44:28.269] [bmv2] [D] [thread 4269] [14.0] [cxt 0] Parser state 'start': key is 86dd
[13:44:28.269] [bmv2] [D] [thread 4270] [13.0] [cxt 0] Deparsing header 'ethernet'
[13:44:28.269] [bmv2] [T] [thread 4269] [14.0] [cxt 0] Bytes parsed: 14
[13:44:28.269] [bmv2] [D] [thread 4269] [14.0] [cxt 0] Parser 'parser': end
[13:44:28.269] [bmv2] [D] [thread 4270] [13.0] [cxt 0] Deparser 'deparser': end
[13:44:28.269] [bmv2] [D] [thread 4269] [14.0] [cxt 0] Pipeline 'ingress': start
[13:44:28.269] [bmv2] [T] [thread 4269] [14.0] [cxt 0] basic_tunnel.p4(184) Condition "hdr.myTunnel.isValid()" (node_2) is false
[13:44:28.269] [bmv2] [T] [thread 4269] [14.0] [cxt 0] basic_tunnel.p4(190) Condition "hdr.ipv4.isValid() && !hdr.myTunnel.isValid()" (node_7) is false
[13:44:28.269] [bmv2] [D] [thread 4269] [14.0] [cxt 0] Pipeline 'ingress': end
[13:44:28.269] [bmv2] [D] [thread 4269] [14.0] [cxt 0] Egress port is 0
[13:44:28.269] [bmv2] [D] [thread 4274] [13.0] [cxt 0] Transmitting packet of size 90 out of port 0
[13:44:28.269] [bmv2] [D] [thread 4270] [14.0] [cxt 0] Pipeline 'egress': start
[13:44:28.269] [bmv2] [D] [thread 4270] [14.0] [cxt 0] Pipeline 'egress': end
[13:44:28.269] [bmv2] [D] [thread 4270] [14.0] [cxt 0] Deparser 'deparser': start
[13:44:28.269] [bmv2] [T] [thread 4270] [14.0] [cxt 0] Skipping checksum 'cksum' update because condition not met
[13:44:28.269] [bmv2] [D] [thread 4270] [14.0] [cxt 0] Deparsing header 'ethernet'
[13:44:28.269] [bmv2] [D] [thread 4270] [14.0] [cxt 0] Deparser 'deparser': end
[13:44:28.269] [bmv2] [D] [thread 4274] [14.0] [cxt 0] Transmitting packet of size 70 out of port 0
[13:44:28.716] [bmv2] [D] [thread 4269] [15.0] [cxt 0] Processing packet received on port 2
[13:44:28.716] [bmv2] [D] [thread 4269] [15.0] [cxt 0] Parser 'parser': start
[13:44:28.716] [bmv2] [D] [thread 4269] [15.0] [cxt 0] Parser 'parser' entering state 'start'
[13:44:28.716] [bmv2] [D] [thread 4269] [15.0] [cxt 0] Extracting header 'ethernet'
[13:44:28.716] [bmv2] [D] [thread 4269] [15.0] [cxt 0] Parser set: setting field 'scalars.tmp' from field 'ethernet.etherType' (34525)
[13:44:28.716] [bmv2] [D] [thread 4269] [15.0] [cxt 0] Executing method log_msg
[13:44:28.716] [bmv2] [T] [thread 4269] [15.0] [cxt 0] Action log_msg
[13:44:28.716] [bmv2] [T] [thread 4269] [15.0] [cxt 0] basic_tunnel.p4(71) Primitive         log_msg(\"Pasrse_ethernt {} \n\", {hdr.ethernet.etherType});
[13:44:28.716] [bmv2] [I] [thread 4269] Pasrse_ethernt 34525 

[13:44:28.716] [bmv2] [D] [thread 4269] [15.0] [cxt 0] Parser state 'start': key is 86dd
[13:44:28.716] [bmv2] [T] [thread 4269] [15.0] [cxt 0] Bytes parsed: 14
[13:44:28.716] [bmv2] [D] [thread 4269] [15.0] [cxt 0] Parser 'parser': end
[13:44:28.716] [bmv2] [D] [thread 4269] [15.0] [cxt 0] Pipeline 'ingress': start
[13:44:28.716] [bmv2] [T] [thread 4269] [15.0] [cxt 0] basic_tunnel.p4(184) Condition "hdr.myTunnel.isValid()" (node_2) is false
[13:44:28.716] [bmv2] [T] [thread 4269] [15.0] [cxt 0] basic_tunnel.p4(190) Condition "hdr.ipv4.isValid() && !hdr.myTunnel.isValid()" (node_7) is false
[13:44:28.716] [bmv2] [D] [thread 4269] [15.0] [cxt 0] Pipeline 'ingress': end
[13:44:28.716] [bmv2] [D] [thread 4269] [15.0] [cxt 0] Egress port is 0
[13:44:28.716] [bmv2] [D] [thread 4269] [16.0] [cxt 0] Processing packet received on port 3
[13:44:28.716] [bmv2] [D] [thread 4269] [16.0] [cxt 0] Parser 'parser': start
[13:44:28.716] [bmv2] [D] [thread 4269] [16.0] [cxt 0] Parser 'parser' entering state 'start'
[13:44:28.716] [bmv2] [D] [thread 4269] [16.0] [cxt 0] Extracting header 'ethernet'
[13:44:28.716] [bmv2] [D] [thread 4270] [15.0] [cxt 0] Pipeline 'egress': start
[13:44:28.716] [bmv2] [D] [thread 4270] [15.0] [cxt 0] Pipeline 'egress': end
[13:44:28.716] [bmv2] [D] [thread 4270] [15.0] [cxt 0] Deparser 'deparser': start
[13:44:28.716] [bmv2] [T] [thread 4270] [15.0] [cxt 0] Skipping checksum 'cksum' update because condition not met
[13:44:28.716] [bmv2] [D] [thread 4269] [16.0] [cxt 0] Parser set: setting field 'scalars.tmp' from field 'ethernet.etherType' (34525)
[13:44:28.716] [bmv2] [D] [thread 4270] [15.0] [cxt 0] Deparsing header 'ethernet'
[13:44:28.716] [bmv2] [D] [thread 4269] [16.0] [cxt 0] Executing method log_msg
[13:44:28.716] [bmv2] [T] [thread 4269] [16.0] [cxt 0] Action log_msg
[13:44:28.716] [bmv2] [D] [thread 4270] [15.0] [cxt 0] Deparser 'deparser': end
[13:44:28.716] [bmv2] [T] [thread 4269] [16.0] [cxt 0] basic_tunnel.p4(71) Primitive         log_msg(\"Pasrse_ethernt {} \n\", {hdr.ethernet.etherType});
[13:44:28.716] [bmv2] [I] [thread 4269] Pasrse_ethernt 34525 

[13:44:28.716] [bmv2] [D] [thread 4269] [16.0] [cxt 0] Parser state 'start': key is 86dd
[13:44:28.716] [bmv2] [T] [thread 4269] [16.0] [cxt 0] Bytes parsed: 14
[13:44:28.716] [bmv2] [D] [thread 4269] [16.0] [cxt 0] Parser 'parser': end
[13:44:28.716] [bmv2] [D] [thread 4274] [15.0] [cxt 0] Transmitting packet of size 90 out of port 0
[13:44:28.716] [bmv2] [D] [thread 4269] [16.0] [cxt 0] Pipeline 'ingress': start
[13:44:28.716] [bmv2] [T] [thread 4269] [16.0] [cxt 0] basic_tunnel.p4(184) Condition "hdr.myTunnel.isValid()" (node_2) is false
[13:44:28.716] [bmv2] [T] [thread 4269] [16.0] [cxt 0] basic_tunnel.p4(190) Condition "hdr.ipv4.isValid() && !hdr.myTunnel.isValid()" (node_7) is false
[13:44:28.716] [bmv2] [D] [thread 4269] [16.0] [cxt 0] Pipeline 'ingress': end
[13:44:28.716] [bmv2] [D] [thread 4269] [16.0] [cxt 0] Egress port is 0
[13:44:28.716] [bmv2] [D] [thread 4269] [17.0] [cxt 0] Processing packet received on port 2
[13:44:28.716] [bmv2] [D] [thread 4269] [17.0] [cxt 0] Parser 'parser': start
[13:44:28.716] [bmv2] [D] [thread 4270] [16.0] [cxt 0] Pipeline 'egress': start
[13:44:28.716] [bmv2] [D] [thread 4269] [17.0] [cxt 0] Parser 'parser' entering state 'start'
[13:44:28.716] [bmv2] [D] [thread 4270] [16.0] [cxt 0] Pipeline 'egress': end
[13:44:28.716] [bmv2] [D] [thread 4269] [17.0] [cxt 0] Extracting header 'ethernet'
[13:44:28.716] [bmv2] [D] [thread 4270] [16.0] [cxt 0] Deparser 'deparser': start
[13:44:28.716] [bmv2] [T] [thread 4270] [16.0] [cxt 0] Skipping checksum 'cksum' update because condition not met
[13:44:28.716] [bmv2] [D] [thread 4270] [16.0] [cxt 0] Deparsing header 'ethernet'
[13:44:28.716] [bmv2] [D] [thread 4270] [16.0] [cxt 0] Deparser 'deparser': end
[13:44:28.716] [bmv2] [D] [thread 4274] [16.0] [cxt 0] Transmitting packet of size 90 out of port 0
[13:44:28.717] [bmv2] [D] [thread 4269] [17.0] [cxt 0] Parser set: setting field 'scalars.tmp' from field 'ethernet.etherType' (34525)
[13:44:28.717] [bmv2] [D] [thread 4269] [17.0] [cxt 0] Executing method log_msg
[13:44:28.717] [bmv2] [T] [thread 4269] [17.0] [cxt 0] Action log_msg
[13:44:28.717] [bmv2] [T] [thread 4269] [17.0] [cxt 0] basic_tunnel.p4(71) Primitive         log_msg(\"Pasrse_ethernt {} \n\", {hdr.ethernet.etherType});
[13:44:28.717] [bmv2] [I] [thread 4269] Pasrse_ethernt 34525 

[13:44:28.717] [bmv2] [D] [thread 4269] [17.0] [cxt 0] Parser state 'start': key is 86dd
[13:44:28.717] [bmv2] [T] [thread 4269] [17.0] [cxt 0] Bytes parsed: 14
[13:44:28.717] [bmv2] [D] [thread 4269] [17.0] [cxt 0] Parser 'parser': end
[13:44:28.717] [bmv2] [D] [thread 4269] [17.0] [cxt 0] Pipeline 'ingress': start
[13:44:28.717] [bmv2] [T] [thread 4269] [17.0] [cxt 0] basic_tunnel.p4(184) Condition "hdr.myTunnel.isValid()" (node_2) is false
[13:44:28.717] [bmv2] [T] [thread 4269] [17.0] [cxt 0] basic_tunnel.p4(190) Condition "hdr.ipv4.isValid() && !hdr.myTunnel.isValid()" (node_7) is false
[13:44:28.717] [bmv2] [D] [thread 4269] [17.0] [cxt 0] Pipeline 'ingress': end
[13:44:28.717] [bmv2] [D] [thread 4269] [17.0] [cxt 0] Egress port is 0
[13:44:28.717] [bmv2] [D] [thread 4269] [18.0] [cxt 0] Processing packet received on port 3
[13:44:28.717] [bmv2] [D] [thread 4269] [18.0] [cxt 0] Parser 'parser': start
[13:44:28.717] [bmv2] [D] [thread 4269] [18.0] [cxt 0] Parser 'parser' entering state 'start'
[13:44:28.717] [bmv2] [D] [thread 4269] [18.0] [cxt 0] Extracting header 'ethernet'
[13:44:28.717] [bmv2] [D] [thread 4270] [17.0] [cxt 0] Pipeline 'egress': start
[13:44:28.717] [bmv2] [D] [thread 4269] [18.0] [cxt 0] Parser set: setting field 'scalars.tmp' from field 'ethernet.etherType' (34525)
[13:44:28.717] [bmv2] [D] [thread 4270] [17.0] [cxt 0] Pipeline 'egress': end
[13:44:28.717] [bmv2] [D] [thread 4270] [17.0] [cxt 0] Deparser 'deparser': start
[13:44:28.717] [bmv2] [D] [thread 4269] [18.0] [cxt 0] Executing method log_msg
[13:44:28.717] [bmv2] [T] [thread 4270] [17.0] [cxt 0] Skipping checksum 'cksum' update because condition not met
[13:44:28.717] [bmv2] [T] [thread 4269] [18.0] [cxt 0] Action log_msg
[13:44:28.717] [bmv2] [D] [thread 4270] [17.0] [cxt 0] Deparsing header 'ethernet'
[13:44:28.717] [bmv2] [T] [thread 4269] [18.0] [cxt 0] basic_tunnel.p4(71) Primitive         log_msg(\"Pasrse_ethernt {} \n\", {hdr.ethernet.etherType});
[13:44:28.717] [bmv2] [D] [thread 4270] [17.0] [cxt 0] Deparser 'deparser': end
[13:44:28.717] [bmv2] [I] [thread 4269] Pasrse_ethernt 34525 

[13:44:28.717] [bmv2] [D] [thread 4269] [18.0] [cxt 0] Parser state 'start': key is 86dd
[13:44:28.717] [bmv2] [T] [thread 4269] [18.0] [cxt 0] Bytes parsed: 14
[13:44:28.717] [bmv2] [D] [thread 4269] [18.0] [cxt 0] Parser 'parser': end
[13:44:28.717] [bmv2] [D] [thread 4274] [17.0] [cxt 0] Transmitting packet of size 70 out of port 0
[13:44:28.717] [bmv2] [D] [thread 4269] [18.0] [cxt 0] Pipeline 'ingress': start
[13:44:28.717] [bmv2] [T] [thread 4269] [18.0] [cxt 0] basic_tunnel.p4(184) Condition "hdr.myTunnel.isValid()" (node_2) is false
[13:44:28.717] [bmv2] [T] [thread 4269] [18.0] [cxt 0] basic_tunnel.p4(190) Condition "hdr.ipv4.isValid() && !hdr.myTunnel.isValid()" (node_7) is false
[13:44:28.717] [bmv2] [D] [thread 4269] [18.0] [cxt 0] Pipeline 'ingress': end
[13:44:28.717] [bmv2] [D] [thread 4269] [18.0] [cxt 0] Egress port is 0
[13:44:28.718] [bmv2] [D] [thread 4270] [18.0] [cxt 0] Pipeline 'egress': start
[13:44:28.718] [bmv2] [D] [thread 4270] [18.0] [cxt 0] Pipeline 'egress': end
[13:44:28.718] [bmv2] [D] [thread 4270] [18.0] [cxt 0] Deparser 'deparser': start
[13:44:28.718] [bmv2] [T] [thread 4270] [18.0] [cxt 0] Skipping checksum 'cksum' update because condition not met
[13:44:28.718] [bmv2] [D] [thread 4270] [18.0] [cxt 0] Deparsing header 'ethernet'
[13:44:28.718] [bmv2] [D] [thread 4270] [18.0] [cxt 0] Deparser 'deparser': end
[13:44:28.718] [bmv2] [D] [thread 4274] [18.0] [cxt 0] Transmitting packet of size 70 out of port 0
[13:44:28.811] [bmv2] [D] [thread 4269] [19.0] [cxt 0] Processing packet received on port 2
[13:44:28.811] [bmv2] [D] [thread 4269] [19.0] [cxt 0] Parser 'parser': start
[13:44:28.811] [bmv2] [D] [thread 4269] [19.0] [cxt 0] Parser 'parser' entering state 'start'
[13:44:28.811] [bmv2] [D] [thread 4269] [19.0] [cxt 0] Extracting header 'ethernet'
[13:44:28.811] [bmv2] [D] [thread 4269] [19.0] [cxt 0] Parser set: setting field 'scalars.tmp' from field 'ethernet.etherType' (34525)
[13:44:28.811] [bmv2] [D] [thread 4269] [19.0] [cxt 0] Executing method log_msg
[13:44:28.811] [bmv2] [T] [thread 4269] [19.0] [cxt 0] Action log_msg
[13:44:28.811] [bmv2] [T] [thread 4269] [19.0] [cxt 0] basic_tunnel.p4(71) Primitive         log_msg(\"Pasrse_ethernt {} \n\", {hdr.ethernet.etherType});
[13:44:28.811] [bmv2] [I] [thread 4269] Pasrse_ethernt 34525 

[13:44:28.811] [bmv2] [D] [thread 4269] [19.0] [cxt 0] Parser state 'start': key is 86dd
[13:44:28.811] [bmv2] [T] [thread 4269] [19.0] [cxt 0] Bytes parsed: 14
[13:44:28.811] [bmv2] [D] [thread 4269] [19.0] [cxt 0] Parser 'parser': end
[13:44:28.811] [bmv2] [D] [thread 4269] [19.0] [cxt 0] Pipeline 'ingress': start
[13:44:28.811] [bmv2] [T] [thread 4269] [19.0] [cxt 0] basic_tunnel.p4(184) Condition "hdr.myTunnel.isValid()" (node_2) is false
[13:44:28.811] [bmv2] [T] [thread 4269] [19.0] [cxt 0] basic_tunnel.p4(190) Condition "hdr.ipv4.isValid() && !hdr.myTunnel.isValid()" (node_7) is false
[13:44:28.811] [bmv2] [D] [thread 4269] [19.0] [cxt 0] Pipeline 'ingress': end
[13:44:28.811] [bmv2] [D] [thread 4269] [19.0] [cxt 0] Egress port is 0
[13:44:28.812] [bmv2] [D] [thread 4270] [19.0] [cxt 0] Pipeline 'egress': start
[13:44:28.812] [bmv2] [D] [thread 4270] [19.0] [cxt 0] Pipeline 'egress': end
[13:44:28.812] [bmv2] [D] [thread 4270] [19.0] [cxt 0] Deparser 'deparser': start
[13:44:28.812] [bmv2] [T] [thread 4270] [19.0] [cxt 0] Skipping checksum 'cksum' update because condition not met
[13:44:28.812] [bmv2] [D] [thread 4270] [19.0] [cxt 0] Deparsing header 'ethernet'
[13:44:28.812] [bmv2] [D] [thread 4270] [19.0] [cxt 0] Deparser 'deparser': end
[13:44:28.812] [bmv2] [D] [thread 4274] [19.0] [cxt 0] Transmitting packet of size 90 out of port 0
[13:44:29.035] [bmv2] [D] [thread 4269] [20.0] [cxt 0] Processing packet received on port 2
[13:44:29.035] [bmv2] [D] [thread 4269] [20.0] [cxt 0] Parser 'parser': start
[13:44:29.035] [bmv2] [D] [thread 4269] [20.0] [cxt 0] Parser 'parser' entering state 'start'
[13:44:29.035] [bmv2] [D] [thread 4269] [20.0] [cxt 0] Extracting header 'ethernet'
[13:44:29.035] [bmv2] [D] [thread 4269] [20.0] [cxt 0] Parser set: setting field 'scalars.tmp' from field 'ethernet.etherType' (34525)
[13:44:29.035] [bmv2] [D] [thread 4269] [20.0] [cxt 0] Executing method log_msg
[13:44:29.035] [bmv2] [T] [thread 4269] [20.0] [cxt 0] Action log_msg
[13:44:29.035] [bmv2] [T] [thread 4269] [20.0] [cxt 0] basic_tunnel.p4(71) Primitive         log_msg(\"Pasrse_ethernt {} \n\", {hdr.ethernet.etherType});
[13:44:29.035] [bmv2] [I] [thread 4269] Pasrse_ethernt 34525 

[13:44:29.035] [bmv2] [D] [thread 4269] [20.0] [cxt 0] Parser state 'start': key is 86dd
[13:44:29.035] [bmv2] [T] [thread 4269] [20.0] [cxt 0] Bytes parsed: 14
[13:44:29.035] [bmv2] [D] [thread 4269] [20.0] [cxt 0] Parser 'parser': end
[13:44:29.035] [bmv2] [D] [thread 4269] [20.0] [cxt 0] Pipeline 'ingress': start
[13:44:29.035] [bmv2] [T] [thread 4269] [20.0] [cxt 0] basic_tunnel.p4(184) Condition "hdr.myTunnel.isValid()" (node_2) is false
[13:44:29.035] [bmv2] [T] [thread 4269] [20.0] [cxt 0] basic_tunnel.p4(190) Condition "hdr.ipv4.isValid() && !hdr.myTunnel.isValid()" (node_7) is false
[13:44:29.035] [bmv2] [D] [thread 4269] [20.0] [cxt 0] Pipeline 'ingress': end
[13:44:29.035] [bmv2] [D] [thread 4269] [20.0] [cxt 0] Egress port is 0
[13:44:29.035] [bmv2] [D] [thread 4269] [21.0] [cxt 0] Processing packet received on port 3
[13:44:29.035] [bmv2] [D] [thread 4269] [21.0] [cxt 0] Parser 'parser': start
[13:44:29.035] [bmv2] [D] [thread 4269] [21.0] [cxt 0] Parser 'parser' entering state 'start'
[13:44:29.035] [bmv2] [D] [thread 4269] [21.0] [cxt 0] Extracting header 'ethernet'
[13:44:29.035] [bmv2] [D] [thread 4269] [21.0] [cxt 0] Parser set: setting field 'scalars.tmp' from field 'ethernet.etherType' (34525)
[13:44:29.035] [bmv2] [D] [thread 4269] [21.0] [cxt 0] Executing method log_msg
[13:44:29.035] [bmv2] [T] [thread 4269] [21.0] [cxt 0] Action log_msg
[13:44:29.035] [bmv2] [T] [thread 4269] [21.0] [cxt 0] basic_tunnel.p4(71) Primitive         log_msg(\"Pasrse_ethernt {} \n\", {hdr.ethernet.etherType});
[13:44:29.035] [bmv2] [I] [thread 4269] Pasrse_ethernt 34525 

[13:44:29.035] [bmv2] [D] [thread 4270] [20.0] [cxt 0] Pipeline 'egress': start
[13:44:29.036] [bmv2] [D] [thread 4269] [21.0] [cxt 0] Parser state 'start': key is 86dd
[13:44:29.036] [bmv2] [D] [thread 4270] [20.0] [cxt 0] Pipeline 'egress': end
[13:44:29.036] [bmv2] [D] [thread 4270] [20.0] [cxt 0] Deparser 'deparser': start
[13:44:29.036] [bmv2] [T] [thread 4269] [21.0] [cxt 0] Bytes parsed: 14
[13:44:29.036] [bmv2] [D] [thread 4269] [21.0] [cxt 0] Parser 'parser': end
[13:44:29.036] [bmv2] [T] [thread 4270] [20.0] [cxt 0] Skipping checksum 'cksum' update because condition not met
[13:44:29.036] [bmv2] [D] [thread 4269] [21.0] [cxt 0] Pipeline 'ingress': start
[13:44:29.036] [bmv2] [D] [thread 4270] [20.0] [cxt 0] Deparsing header 'ethernet'
[13:44:29.036] [bmv2] [T] [thread 4269] [21.0] [cxt 0] basic_tunnel.p4(184) Condition "hdr.myTunnel.isValid()" (node_2) is false
[13:44:29.036] [bmv2] [D] [thread 4270] [20.0] [cxt 0] Deparser 'deparser': end
[13:44:29.036] [bmv2] [T] [thread 4269] [21.0] [cxt 0] basic_tunnel.p4(190) Condition "hdr.ipv4.isValid() && !hdr.myTunnel.isValid()" (node_7) is false
[13:44:29.036] [bmv2] [D] [thread 4269] [21.0] [cxt 0] Pipeline 'ingress': end
[13:44:29.036] [bmv2] [D] [thread 4269] [21.0] [cxt 0] Egress port is 0
[13:44:29.036] [bmv2] [D] [thread 4274] [20.0] [cxt 0] Transmitting packet of size 90 out of port 0
[13:44:29.036] [bmv2] [D] [thread 4270] [21.0] [cxt 0] Pipeline 'egress': start
[13:44:29.036] [bmv2] [D] [thread 4270] [21.0] [cxt 0] Pipeline 'egress': end
[13:44:29.036] [bmv2] [D] [thread 4270] [21.0] [cxt 0] Deparser 'deparser': start
[13:44:29.036] [bmv2] [T] [thread 4270] [21.0] [cxt 0] Skipping checksum 'cksum' update because condition not met
[13:44:29.036] [bmv2] [D] [thread 4270] [21.0] [cxt 0] Deparsing header 'ethernet'
[13:44:29.036] [bmv2] [D] [thread 4270] [21.0] [cxt 0] Deparser 'deparser': end
[13:44:29.036] [bmv2] [D] [thread 4274] [21.0] [cxt 0] Transmitting packet of size 90 out of port 0
[13:44:29.355] [bmv2] [D] [thread 4269] [22.0] [cxt 0] Processing packet received on port 3
[13:44:29.355] [bmv2] [D] [thread 4269] [22.0] [cxt 0] Parser 'parser': start
[13:44:29.355] [bmv2] [D] [thread 4269] [22.0] [cxt 0] Parser 'parser' entering state 'start'
[13:44:29.355] [bmv2] [D] [thread 4269] [22.0] [cxt 0] Extracting header 'ethernet'
[13:44:29.355] [bmv2] [D] [thread 4269] [22.0] [cxt 0] Parser set: setting field 'scalars.tmp' from field 'ethernet.etherType' (34525)
[13:44:29.355] [bmv2] [D] [thread 4269] [22.0] [cxt 0] Executing method log_msg
[13:44:29.355] [bmv2] [T] [thread 4269] [22.0] [cxt 0] Action log_msg
[13:44:29.355] [bmv2] [T] [thread 4269] [22.0] [cxt 0] basic_tunnel.p4(71) Primitive         log_msg(\"Pasrse_ethernt {} \n\", {hdr.ethernet.etherType});
[13:44:29.355] [bmv2] [I] [thread 4269] Pasrse_ethernt 34525 

[13:44:29.355] [bmv2] [D] [thread 4269] [22.0] [cxt 0] Parser state 'start': key is 86dd
[13:44:29.355] [bmv2] [T] [thread 4269] [22.0] [cxt 0] Bytes parsed: 14
[13:44:29.355] [bmv2] [D] [thread 4269] [22.0] [cxt 0] Parser 'parser': end
[13:44:29.355] [bmv2] [D] [thread 4269] [22.0] [cxt 0] Pipeline 'ingress': start
[13:44:29.355] [bmv2] [T] [thread 4269] [22.0] [cxt 0] basic_tunnel.p4(184) Condition "hdr.myTunnel.isValid()" (node_2) is false
[13:44:29.355] [bmv2] [T] [thread 4269] [22.0] [cxt 0] basic_tunnel.p4(190) Condition "hdr.ipv4.isValid() && !hdr.myTunnel.isValid()" (node_7) is false
[13:44:29.355] [bmv2] [D] [thread 4269] [22.0] [cxt 0] Pipeline 'ingress': end
[13:44:29.355] [bmv2] [D] [thread 4269] [22.0] [cxt 0] Egress port is 0
[13:44:29.355] [bmv2] [D] [thread 4270] [22.0] [cxt 0] Pipeline 'egress': start
[13:44:29.355] [bmv2] [D] [thread 4270] [22.0] [cxt 0] Pipeline 'egress': end
[13:44:29.356] [bmv2] [D] [thread 4270] [22.0] [cxt 0] Deparser 'deparser': start
[13:44:29.356] [bmv2] [T] [thread 4270] [22.0] [cxt 0] Skipping checksum 'cksum' update because condition not met
[13:44:29.356] [bmv2] [D] [thread 4270] [22.0] [cxt 0] Deparsing header 'ethernet'
[13:44:29.356] [bmv2] [D] [thread 4270] [22.0] [cxt 0] Deparser 'deparser': end
[13:44:29.356] [bmv2] [D] [thread 4274] [22.0] [cxt 0] Transmitting packet of size 90 out of port 0
[13:44:29.681] [bmv2] [W] [thread 4371] [P4Runtime] p4::tmp::P4DeviceConfig is deprecated
[13:44:29.685] [bmv2] [D] [thread 4371] Set default default entry for table 'tbl_basic_tunnel185': basic_tunnel185 - 
[13:44:29.685] [bmv2] [D] [thread 4371] Set default default entry for table 'MyIngress.myTunnel_exact': MyIngress.drop - 
[13:44:29.685] [bmv2] [D] [thread 4371] Set default default entry for table 'MyIngress.myTunnel_exact_egress': MyIngress.drop - 
[13:44:29.685] [bmv2] [D] [thread 4371] Set default default entry for table 'tbl_basic_tunnel188': basic_tunnel188 - 
[13:44:29.685] [bmv2] [D] [thread 4371] Set default default entry for table 'tbl_basic_tunnel191': basic_tunnel191 - 
[13:44:29.685] [bmv2] [D] [thread 4371] Set default default entry for table 'MyIngress.ipv4_lpm': MyIngress.drop - 
[13:44:29.688] [bmv2] [D] [thread 4371] simple_switch target has been notified of a config swap
[13:44:29.691] [bmv2] [D] [thread 4371] Entry 0 added to table 'MyIngress.ipv4_lpm'
[13:44:29.691] [bmv2] [D] [thread 4371] Dumping entry 0
Match key:
* hdr.ipv4.dstAddr    : LPM       0a000101/32
Action entry: MyIngress.ipv4_forward - 80000000111,1,1,

[13:44:29.693] [bmv2] [D] [thread 4372] Entry 1 added to table 'MyIngress.ipv4_lpm'
[13:44:29.693] [bmv2] [D] [thread 4372] Dumping entry 1
Match key:
* hdr.ipv4.dstAddr    : LPM       0a000202/32
Action entry: MyIngress.ipv4_forward - 80000000200,2,2,

[13:44:29.694] [bmv2] [D] [thread 4371] Entry 2 added to table 'MyIngress.ipv4_lpm'
[13:44:29.694] [bmv2] [D] [thread 4371] Dumping entry 2
Match key:
* hdr.ipv4.dstAddr    : LPM       0a000303/32
Action entry: MyIngress.ipv4_forward - 80000000300,3,3,

[13:44:29.695] [bmv2] [D] [thread 4372] Entry 0 added to table 'MyIngress.myTunnel_exact'
[13:44:29.695] [bmv2] [D] [thread 4372] Dumping entry 0
Match key:
* hdr.myTunnel.dst_id : EXACT     0001
Action entry: MyIngress.myTunnel_forward - 1,

[13:44:29.696] [bmv2] [D] [thread 4371] Entry 1 added to table 'MyIngress.myTunnel_exact'
[13:44:29.696] [bmv2] [D] [thread 4371] Dumping entry 1
Match key:
* hdr.myTunnel.dst_id : EXACT     0002
Action entry: MyIngress.myTunnel_forward - 2,

[13:44:29.697] [bmv2] [D] [thread 4372] Entry 2 added to table 'MyIngress.myTunnel_exact'
[13:44:29.697] [bmv2] [D] [thread 4372] Dumping entry 2
Match key:
* hdr.myTunnel.dst_id : EXACT     0003
Action entry: MyIngress.myTunnel_forward - 3,

[13:44:29.697] [bmv2] [D] [thread 4371] Entry 0 added to table 'MyIngress.myTunnel_exact_egress'
[13:44:29.697] [bmv2] [D] [thread 4371] Dumping entry 0
Match key:
* hdr.myTunnel.dst_id : EXACT     0001
Action entry: MyIngress.myTunnel_egress_forward - 80000000111,1,

[13:44:31.788] [bmv2] [D] [thread 4269] [23.0] [cxt 0] Processing packet received on port 1
[13:44:31.788] [bmv2] [D] [thread 4269] [23.0] [cxt 0] Parser 'parser': start
[13:44:31.788] [bmv2] [D] [thread 4269] [23.0] [cxt 0] Parser 'parser' entering state 'start'
[13:44:31.788] [bmv2] [D] [thread 4269] [23.0] [cxt 0] Extracting header 'ethernet'
[13:44:31.788] [bmv2] [D] [thread 4269] [23.0] [cxt 0] Parser set: setting field 'scalars.tmp' from field 'ethernet.etherType' (34525)
[13:44:31.788] [bmv2] [D] [thread 4269] [23.0] [cxt 0] Executing method log_msg
[13:44:31.788] [bmv2] [T] [thread 4269] [23.0] [cxt 0] Action log_msg
[13:44:31.788] [bmv2] [T] [thread 4269] [23.0] [cxt 0] basic_tunnel.p4(71) Primitive         log_msg(\"Pasrse_ethernt {} \n\", {hdr.ethernet.etherType});
[13:44:31.788] [bmv2] [I] [thread 4269] Pasrse_ethernt 34525 

[13:44:31.788] [bmv2] [D] [thread 4269] [23.0] [cxt 0] Parser state 'start': key is 86dd
[13:44:31.788] [bmv2] [T] [thread 4269] [23.0] [cxt 0] Bytes parsed: 14
[13:44:31.788] [bmv2] [D] [thread 4269] [23.0] [cxt 0] Parser 'parser': end
[13:44:31.788] [bmv2] [D] [thread 4269] [23.0] [cxt 0] Pipeline 'ingress': start
[13:44:31.788] [bmv2] [T] [thread 4269] [23.0] [cxt 0] basic_tunnel.p4(184) Condition "hdr.myTunnel.isValid()" (node_2) is false
[13:44:31.788] [bmv2] [T] [thread 4269] [23.0] [cxt 0] basic_tunnel.p4(190) Condition "hdr.ipv4.isValid() && !hdr.myTunnel.isValid()" (node_7) is false
[13:44:31.788] [bmv2] [D] [thread 4269] [23.0] [cxt 0] Pipeline 'ingress': end
[13:44:31.788] [bmv2] [D] [thread 4269] [23.0] [cxt 0] Egress port is 0
[13:44:31.788] [bmv2] [D] [thread 4270] [23.0] [cxt 0] Pipeline 'egress': start
[13:44:31.788] [bmv2] [D] [thread 4270] [23.0] [cxt 0] Pipeline 'egress': end
[13:44:31.788] [bmv2] [D] [thread 4270] [23.0] [cxt 0] Deparser 'deparser': start
[13:44:31.788] [bmv2] [T] [thread 4270] [23.0] [cxt 0] Skipping checksum 'cksum' update because condition not met
[13:44:31.788] [bmv2] [D] [thread 4270] [23.0] [cxt 0] Deparsing header 'ethernet'
[13:44:31.788] [bmv2] [D] [thread 4270] [23.0] [cxt 0] Deparser 'deparser': end
[13:44:31.788] [bmv2] [D] [thread 4274] [23.0] [cxt 0] Transmitting packet of size 70 out of port 0
[13:44:31.979] [bmv2] [D] [thread 4269] [24.0] [cxt 0] Processing packet received on port 2
[13:44:31.979] [bmv2] [D] [thread 4269] [24.0] [cxt 0] Parser 'parser': start
[13:44:31.979] [bmv2] [D] [thread 4269] [24.0] [cxt 0] Parser 'parser' entering state 'start'
[13:44:31.979] [bmv2] [D] [thread 4269] [24.0] [cxt 0] Extracting header 'ethernet'
[13:44:31.979] [bmv2] [D] [thread 4269] [24.0] [cxt 0] Parser set: setting field 'scalars.tmp' from field 'ethernet.etherType' (34525)
[13:44:31.979] [bmv2] [D] [thread 4269] [24.0] [cxt 0] Executing method log_msg
[13:44:31.979] [bmv2] [T] [thread 4269] [24.0] [cxt 0] Action log_msg
[13:44:31.979] [bmv2] [T] [thread 4269] [24.0] [cxt 0] basic_tunnel.p4(71) Primitive         log_msg(\"Pasrse_ethernt {} \n\", {hdr.ethernet.etherType});
[13:44:31.979] [bmv2] [I] [thread 4269] Pasrse_ethernt 34525 

[13:44:31.979] [bmv2] [D] [thread 4269] [24.0] [cxt 0] Parser state 'start': key is 86dd
[13:44:31.979] [bmv2] [T] [thread 4269] [24.0] [cxt 0] Bytes parsed: 14
[13:44:31.979] [bmv2] [D] [thread 4269] [24.0] [cxt 0] Parser 'parser': end
[13:44:31.979] [bmv2] [D] [thread 4269] [24.0] [cxt 0] Pipeline 'ingress': start
[13:44:31.979] [bmv2] [T] [thread 4269] [24.0] [cxt 0] basic_tunnel.p4(184) Condition "hdr.myTunnel.isValid()" (node_2) is false
[13:44:31.979] [bmv2] [T] [thread 4269] [24.0] [cxt 0] basic_tunnel.p4(190) Condition "hdr.ipv4.isValid() && !hdr.myTunnel.isValid()" (node_7) is false
[13:44:31.979] [bmv2] [D] [thread 4269] [24.0] [cxt 0] Pipeline 'ingress': end
[13:44:31.979] [bmv2] [D] [thread 4269] [24.0] [cxt 0] Egress port is 0
[13:44:31.979] [bmv2] [D] [thread 4270] [24.0] [cxt 0] Pipeline 'egress': start
[13:44:31.979] [bmv2] [D] [thread 4270] [24.0] [cxt 0] Pipeline 'egress': end
[13:44:31.980] [bmv2] [D] [thread 4270] [24.0] [cxt 0] Deparser 'deparser': start
[13:44:31.980] [bmv2] [T] [thread 4270] [24.0] [cxt 0] Skipping checksum 'cksum' update because condition not met
[13:44:31.980] [bmv2] [D] [thread 4270] [24.0] [cxt 0] Deparsing header 'ethernet'
[13:44:31.980] [bmv2] [D] [thread 4270] [24.0] [cxt 0] Deparser 'deparser': end
[13:44:31.980] [bmv2] [D] [thread 4274] [24.0] [cxt 0] Transmitting packet of size 70 out of port 0
[13:44:32.619] [bmv2] [D] [thread 4269] [25.0] [cxt 0] Processing packet received on port 2
[13:44:32.619] [bmv2] [D] [thread 4269] [25.0] [cxt 0] Parser 'parser': start
[13:44:32.619] [bmv2] [D] [thread 4269] [25.0] [cxt 0] Parser 'parser' entering state 'start'
[13:44:32.619] [bmv2] [D] [thread 4269] [25.0] [cxt 0] Extracting header 'ethernet'
[13:44:32.619] [bmv2] [D] [thread 4269] [25.0] [cxt 0] Parser set: setting field 'scalars.tmp' from field 'ethernet.etherType' (34525)
[13:44:32.619] [bmv2] [D] [thread 4269] [25.0] [cxt 0] Executing method log_msg
[13:44:32.619] [bmv2] [T] [thread 4269] [25.0] [cxt 0] Action log_msg
[13:44:32.619] [bmv2] [T] [thread 4269] [25.0] [cxt 0] basic_tunnel.p4(71) Primitive         log_msg(\"Pasrse_ethernt {} \n\", {hdr.ethernet.etherType});
[13:44:32.619] [bmv2] [I] [thread 4269] Pasrse_ethernt 34525 

[13:44:32.619] [bmv2] [D] [thread 4269] [25.0] [cxt 0] Parser state 'start': key is 86dd
[13:44:32.619] [bmv2] [T] [thread 4269] [25.0] [cxt 0] Bytes parsed: 14
[13:44:32.619] [bmv2] [D] [thread 4269] [25.0] [cxt 0] Parser 'parser': end
[13:44:32.619] [bmv2] [D] [thread 4269] [25.0] [cxt 0] Pipeline 'ingress': start
[13:44:32.619] [bmv2] [T] [thread 4269] [25.0] [cxt 0] basic_tunnel.p4(184) Condition "hdr.myTunnel.isValid()" (node_2) is false
[13:44:32.619] [bmv2] [T] [thread 4269] [25.0] [cxt 0] basic_tunnel.p4(190) Condition "hdr.ipv4.isValid() && !hdr.myTunnel.isValid()" (node_7) is false
[13:44:32.619] [bmv2] [D] [thread 4269] [25.0] [cxt 0] Pipeline 'ingress': end
[13:44:32.619] [bmv2] [D] [thread 4269] [25.0] [cxt 0] Egress port is 0
[13:44:32.619] [bmv2] [D] [thread 4270] [25.0] [cxt 0] Pipeline 'egress': start
[13:44:32.619] [bmv2] [D] [thread 4270] [25.0] [cxt 0] Pipeline 'egress': end
[13:44:32.619] [bmv2] [D] [thread 4270] [25.0] [cxt 0] Deparser 'deparser': start
[13:44:32.619] [bmv2] [T] [thread 4270] [25.0] [cxt 0] Skipping checksum 'cksum' update because condition not met
[13:44:32.619] [bmv2] [D] [thread 4270] [25.0] [cxt 0] Deparsing header 'ethernet'
[13:44:32.619] [bmv2] [D] [thread 4270] [25.0] [cxt 0] Deparser 'deparser': end
[13:44:32.620] [bmv2] [D] [thread 4274] [25.0] [cxt 0] Transmitting packet of size 70 out of port 0
[13:44:32.683] [bmv2] [D] [thread 4269] [26.0] [cxt 0] Processing packet received on port 3
[13:44:32.683] [bmv2] [D] [thread 4269] [26.0] [cxt 0] Parser 'parser': start
[13:44:32.683] [bmv2] [D] [thread 4269] [26.0] [cxt 0] Parser 'parser' entering state 'start'
[13:44:32.683] [bmv2] [D] [thread 4269] [26.0] [cxt 0] Extracting header 'ethernet'
[13:44:32.683] [bmv2] [D] [thread 4269] [26.0] [cxt 0] Parser set: setting field 'scalars.tmp' from field 'ethernet.etherType' (34525)
[13:44:32.683] [bmv2] [D] [thread 4269] [26.0] [cxt 0] Executing method log_msg
[13:44:32.683] [bmv2] [T] [thread 4269] [26.0] [cxt 0] Action log_msg
[13:44:32.683] [bmv2] [T] [thread 4269] [26.0] [cxt 0] basic_tunnel.p4(71) Primitive         log_msg(\"Pasrse_ethernt {} \n\", {hdr.ethernet.etherType});
[13:44:32.683] [bmv2] [I] [thread 4269] Pasrse_ethernt 34525 

[13:44:32.683] [bmv2] [D] [thread 4269] [26.0] [cxt 0] Parser state 'start': key is 86dd
[13:44:32.683] [bmv2] [T] [thread 4269] [26.0] [cxt 0] Bytes parsed: 14
[13:44:32.683] [bmv2] [D] [thread 4269] [26.0] [cxt 0] Parser 'parser': end
[13:44:32.683] [bmv2] [D] [thread 4269] [26.0] [cxt 0] Pipeline 'ingress': start
[13:44:32.683] [bmv2] [T] [thread 4269] [26.0] [cxt 0] basic_tunnel.p4(184) Condition "hdr.myTunnel.isValid()" (node_2) is false
[13:44:32.683] [bmv2] [T] [thread 4269] [26.0] [cxt 0] basic_tunnel.p4(190) Condition "hdr.ipv4.isValid() && !hdr.myTunnel.isValid()" (node_7) is false
[13:44:32.683] [bmv2] [D] [thread 4269] [26.0] [cxt 0] Pipeline 'ingress': end
[13:44:32.683] [bmv2] [D] [thread 4269] [26.0] [cxt 0] Egress port is 0
[13:44:32.684] [bmv2] [D] [thread 4270] [26.0] [cxt 0] Pipeline 'egress': start
[13:44:32.684] [bmv2] [D] [thread 4270] [26.0] [cxt 0] Pipeline 'egress': end
[13:44:32.684] [bmv2] [D] [thread 4270] [26.0] [cxt 0] Deparser 'deparser': start
[13:44:32.684] [bmv2] [T] [thread 4270] [26.0] [cxt 0] Skipping checksum 'cksum' update because condition not met
[13:44:32.684] [bmv2] [D] [thread 4270] [26.0] [cxt 0] Deparsing header 'ethernet'
[13:44:32.684] [bmv2] [D] [thread 4270] [26.0] [cxt 0] Deparser 'deparser': end
[13:44:32.684] [bmv2] [D] [thread 4274] [26.0] [cxt 0] Transmitting packet of size 70 out of port 0
[13:44:33.196] [bmv2] [D] [thread 4269] [27.0] [cxt 0] Processing packet received on port 3
[13:44:33.196] [bmv2] [D] [thread 4269] [27.0] [cxt 0] Parser 'parser': start
[13:44:33.196] [bmv2] [D] [thread 4269] [27.0] [cxt 0] Parser 'parser' entering state 'start'
[13:44:33.196] [bmv2] [D] [thread 4269] [27.0] [cxt 0] Extracting header 'ethernet'
[13:44:33.196] [bmv2] [D] [thread 4269] [27.0] [cxt 0] Parser set: setting field 'scalars.tmp' from field 'ethernet.etherType' (34525)
[13:44:33.196] [bmv2] [D] [thread 4269] [27.0] [cxt 0] Executing method log_msg
[13:44:33.196] [bmv2] [T] [thread 4269] [27.0] [cxt 0] Action log_msg
[13:44:33.196] [bmv2] [T] [thread 4269] [27.0] [cxt 0] basic_tunnel.p4(71) Primitive         log_msg(\"Pasrse_ethernt {} \n\", {hdr.ethernet.etherType});
[13:44:33.196] [bmv2] [I] [thread 4269] Pasrse_ethernt 34525 

[13:44:33.196] [bmv2] [D] [thread 4269] [27.0] [cxt 0] Parser state 'start': key is 86dd
[13:44:33.196] [bmv2] [T] [thread 4269] [27.0] [cxt 0] Bytes parsed: 14
[13:44:33.196] [bmv2] [D] [thread 4269] [27.0] [cxt 0] Parser 'parser': end
[13:44:33.196] [bmv2] [D] [thread 4269] [27.0] [cxt 0] Pipeline 'ingress': start
[13:44:33.196] [bmv2] [T] [thread 4269] [27.0] [cxt 0] basic_tunnel.p4(184) Condition "hdr.myTunnel.isValid()" (node_2) is false
[13:44:33.196] [bmv2] [T] [thread 4269] [27.0] [cxt 0] basic_tunnel.p4(190) Condition "hdr.ipv4.isValid() && !hdr.myTunnel.isValid()" (node_7) is false
[13:44:33.196] [bmv2] [D] [thread 4269] [27.0] [cxt 0] Pipeline 'ingress': end
[13:44:33.196] [bmv2] [D] [thread 4269] [27.0] [cxt 0] Egress port is 0
[13:44:33.196] [bmv2] [D] [thread 4270] [27.0] [cxt 0] Pipeline 'egress': start
[13:44:33.196] [bmv2] [D] [thread 4270] [27.0] [cxt 0] Pipeline 'egress': end
[13:44:33.196] [bmv2] [D] [thread 4270] [27.0] [cxt 0] Deparser 'deparser': start
[13:44:33.196] [bmv2] [T] [thread 4270] [27.0] [cxt 0] Skipping checksum 'cksum' update because condition not met
[13:44:33.196] [bmv2] [D] [thread 4270] [27.0] [cxt 0] Deparsing header 'ethernet'
[13:44:33.196] [bmv2] [D] [thread 4270] [27.0] [cxt 0] Deparser 'deparser': end
[13:44:33.196] [bmv2] [D] [thread 4274] [27.0] [cxt 0] Transmitting packet of size 70 out of port 0
[13:44:34.502] [bmv2] [D] [thread 4269] [28.0] [cxt 0] Processing packet received on port 1
[13:44:34.502] [bmv2] [D] [thread 4269] [28.0] [cxt 0] Parser 'parser': start
[13:44:34.502] [bmv2] [D] [thread 4269] [28.0] [cxt 0] Parser 'parser' entering state 'start'
[13:44:34.502] [bmv2] [D] [thread 4269] [28.0] [cxt 0] Extracting header 'ethernet'
[13:44:34.502] [bmv2] [D] [thread 4269] [28.0] [cxt 0] Parser set: setting field 'scalars.tmp' from field 'ethernet.etherType' (2048)
[13:44:34.502] [bmv2] [D] [thread 4269] [28.0] [cxt 0] Executing method log_msg
[13:44:34.502] [bmv2] [T] [thread 4269] [28.0] [cxt 0] Action log_msg
[13:44:34.502] [bmv2] [T] [thread 4269] [28.0] [cxt 0] basic_tunnel.p4(71) Primitive         log_msg(\"Pasrse_ethernt {} \n\", {hdr.ethernet.etherType});
[13:44:34.502] [bmv2] [I] [thread 4269] Pasrse_ethernt 2048 

[13:44:34.502] [bmv2] [D] [thread 4269] [28.0] [cxt 0] Parser state 'start': key is 0800
[13:44:34.502] [bmv2] [T] [thread 4269] [28.0] [cxt 0] Bytes parsed: 14
[13:44:34.502] [bmv2] [D] [thread 4269] [28.0] [cxt 0] Parser 'parser' entering state 'parse_ipv4'
[13:44:34.502] [bmv2] [D] [thread 4269] [28.0] [cxt 0] Extracting header 'ipv4'
[13:44:34.502] [bmv2] [D] [thread 4269] [28.0] [cxt 0] Parser state 'parse_ipv4' has no switch, going to default next state
[13:44:34.502] [bmv2] [T] [thread 4269] [28.0] [cxt 0] Bytes parsed: 34
[13:44:34.502] [bmv2] [D] [thread 4269] [28.0] [cxt 0] Parser 'parser': end
[13:44:34.502] [bmv2] [D] [thread 4269] [28.0] [cxt 0] Pipeline 'ingress': start
[13:44:34.502] [bmv2] [T] [thread 4269] [28.0] [cxt 0] basic_tunnel.p4(184) Condition "hdr.myTunnel.isValid()" (node_2) is false
[13:44:34.502] [bmv2] [T] [thread 4269] [28.0] [cxt 0] basic_tunnel.p4(190) Condition "hdr.ipv4.isValid() && !hdr.myTunnel.isValid()" (node_7) is true
[13:44:34.502] [bmv2] [T] [thread 4269] [28.0] [cxt 0] Applying table 'tbl_basic_tunnel191'
[13:44:34.502] [bmv2] [D] [thread 4269] [28.0] [cxt 0] Looking up key:

[13:44:34.502] [bmv2] [D] [thread 4269] [28.0] [cxt 0] Table 'tbl_basic_tunnel191': miss
[13:44:34.502] [bmv2] [D] [thread 4269] [28.0] [cxt 0] Action entry is basic_tunnel191 - 
[13:44:34.502] [bmv2] [T] [thread 4269] [28.0] [cxt 0] Action basic_tunnel191
[13:44:34.502] [bmv2] [T] [thread 4269] [28.0] [cxt 0] basic_tunnel.p4(191) Primitive             log_msg(\"Sachin This is ingress switch \n\");
[13:44:34.502] [bmv2] [I] [thread 4269] Sachin This is ingress switch 

[13:44:34.502] [bmv2] [T] [thread 4269] [28.0] [cxt 0] basic_tunnel.p4(192) Primitive hdr.myTunnel.setValid()
[13:44:34.502] [bmv2] [T] [thread 4269] [28.0] [cxt 0] Applying table 'MyIngress.ipv4_lpm'
[13:44:34.502] [bmv2] [D] [thread 4269] [28.0] [cxt 0] Looking up key:
* hdr.ipv4.dstAddr    : 0a000202

[13:44:34.502] [bmv2] [D] [thread 4269] [28.0] [cxt 0] Table 'MyIngress.ipv4_lpm': hit with handle 1
[13:44:34.502] [bmv2] [D] [thread 4269] [28.0] [cxt 0] Dumping entry 1
Match key:
* hdr.ipv4.dstAddr    : LPM       0a000202/32
Action entry: MyIngress.ipv4_forward - 80000000200,2,2,

[13:44:34.502] [bmv2] [D] [thread 4269] [28.0] [cxt 0] Action entry is MyIngress.ipv4_forward - 80000000200,2,2,
[13:44:34.502] [bmv2] [T] [thread 4269] [28.0] [cxt 0] Action MyIngress.ipv4_forward
[13:44:34.502] [bmv2] [T] [thread 4269] [28.0] [cxt 0] basic_tunnel.p4(121) Primitive         log_msg(\"Sachin IPv4 forward \n\");
[13:44:34.502] [bmv2] [I] [thread 4269] Sachin IPv4 forward 

[13:44:34.502] [bmv2] [T] [thread 4269] [28.0] [cxt 0] basic_tunnel.p4(122) Primitive standard_metadata.egress_spec = port
[13:44:34.502] [bmv2] [T] [thread 4269] [28.0] [cxt 0] basic_tunnel.p4(123) Primitive hdr.ethernet.srcAddr = hdr.ethernet.dstAddr
[13:44:34.502] [bmv2] [T] [thread 4269] [28.0] [cxt 0] basic_tunnel.p4(124) Primitive hdr.ethernet.dstAddr = dstAddr
[13:44:34.502] [bmv2] [T] [thread 4269] [28.0] [cxt 0] basic_tunnel.p4(9) Primitive 123; ...
[13:44:34.502] [bmv2] [T] [thread 4269] [28.0] [cxt 0] basic_tunnel.p4(126) Primitive hdr.myTunnel.dst_id = dst_id
[13:44:34.502] [bmv2] [T] [thread 4269] [28.0] [cxt 0] basic_tunnel.p4(127) Primitive hdr.ipv4.ttl = hdr.ipv4.ttl - 1
[13:44:34.502] [bmv2] [D] [thread 4269] [28.0] [cxt 0] Pipeline 'ingress': end
[13:44:34.502] [bmv2] [D] [thread 4269] [28.0] [cxt 0] Egress port is 2
[13:44:34.502] [bmv2] [D] [thread 4272] [28.0] [cxt 0] Pipeline 'egress': start
[13:44:34.502] [bmv2] [D] [thread 4272] [28.0] [cxt 0] Pipeline 'egress': end
[13:44:34.502] [bmv2] [D] [thread 4272] [28.0] [cxt 0] Deparser 'deparser': start
[13:44:34.502] [bmv2] [D] [thread 4272] [28.0] [cxt 0] Updating checksum 'cksum'
[13:44:34.502] [bmv2] [D] [thread 4272] [28.0] [cxt 0] Deparsing header 'ethernet'
[13:44:34.502] [bmv2] [D] [thread 4272] [28.0] [cxt 0] Deparsing header 'myTunnel'
[13:44:34.502] [bmv2] [D] [thread 4272] [28.0] [cxt 0] Deparsing header 'ipv4'
[13:44:34.502] [bmv2] [D] [thread 4272] [28.0] [cxt 0] Deparser 'deparser': end
[13:44:34.502] [bmv2] [D] [thread 4274] [28.0] [cxt 0] Transmitting packet of size 100 out of port 2
[13:44:34.505] [bmv2] [D] [thread 4269] [29.0] [cxt 0] Processing packet received on port 2
[13:44:34.505] [bmv2] [D] [thread 4269] [29.0] [cxt 0] Parser 'parser': start
[13:44:34.505] [bmv2] [D] [thread 4269] [29.0] [cxt 0] Parser 'parser' entering state 'start'
[13:44:34.505] [bmv2] [D] [thread 4269] [29.0] [cxt 0] Extracting header 'ethernet'
[13:44:34.505] [bmv2] [D] [thread 4269] [29.0] [cxt 0] Parser set: setting field 'scalars.tmp' from field 'ethernet.etherType' (123)
[13:44:34.505] [bmv2] [D] [thread 4269] [29.0] [cxt 0] Executing method log_msg
[13:44:34.505] [bmv2] [T] [thread 4269] [29.0] [cxt 0] Action log_msg
[13:44:34.505] [bmv2] [T] [thread 4269] [29.0] [cxt 0] basic_tunnel.p4(71) Primitive         log_msg(\"Pasrse_ethernt {} \n\", {hdr.ethernet.etherType});
[13:44:34.505] [bmv2] [I] [thread 4269] Pasrse_ethernt 123 

[13:44:34.505] [bmv2] [D] [thread 4269] [29.0] [cxt 0] Parser state 'start': key is 007b
[13:44:34.505] [bmv2] [T] [thread 4269] [29.0] [cxt 0] Bytes parsed: 14
[13:44:34.505] [bmv2] [D] [thread 4269] [29.0] [cxt 0] Parser 'parser' entering state 'parse_custom'
[13:44:34.505] [bmv2] [D] [thread 4269] [29.0] [cxt 0] Extracting header 'myTunnel'
[13:44:34.505] [bmv2] [D] [thread 4269] [29.0] [cxt 0] Parser set: setting field 'scalars.tmp_1' from field 'myTunnel.dst_id' (1)
[13:44:34.505] [bmv2] [D] [thread 4269] [29.0] [cxt 0] Executing method log_msg
[13:44:34.505] [bmv2] [T] [thread 4269] [29.0] [cxt 0] Action log_msg
[13:44:34.505] [bmv2] [T] [thread 4269] [29.0] [cxt 0] basic_tunnel.p4(94) Primitive         log_msg(\"Sachin PARSE_CUSTOM ingress extract Dest {}\n\",{hdr.myTunnel.dst_id});
[13:44:34.505] [bmv2] [I] [thread 4269] Sachin PARSE_CUSTOM ingress extract Dest 1

[13:44:34.505] [bmv2] [D] [thread 4269] [29.0] [cxt 0] Parser state 'parse_custom' has no switch, going to default next state
[13:44:34.505] [bmv2] [T] [thread 4269] [29.0] [cxt 0] Bytes parsed: 16
[13:44:34.505] [bmv2] [D] [thread 4269] [29.0] [cxt 0] Parser 'parser': end
[13:44:34.505] [bmv2] [D] [thread 4269] [29.0] [cxt 0] Pipeline 'ingress': start
[13:44:34.505] [bmv2] [T] [thread 4269] [29.0] [cxt 0] basic_tunnel.p4(184) Condition "hdr.myTunnel.isValid()" (node_2) is true
[13:44:34.505] [bmv2] [T] [thread 4269] [29.0] [cxt 0] Applying table 'tbl_basic_tunnel185'
[13:44:34.505] [bmv2] [D] [thread 4269] [29.0] [cxt 0] Looking up key:

[13:44:34.505] [bmv2] [D] [thread 4269] [29.0] [cxt 0] Table 'tbl_basic_tunnel185': miss
[13:44:34.505] [bmv2] [D] [thread 4269] [29.0] [cxt 0] Action entry is basic_tunnel185 - 
[13:44:34.505] [bmv2] [T] [thread 4269] [29.0] [cxt 0] Action basic_tunnel185
[13:44:34.505] [bmv2] [T] [thread 4269] [29.0] [cxt 0] basic_tunnel.p4(185) Primitive             log_msg(\"Sachin My tunnel is valid will apply actions\n\");
[13:44:34.505] [bmv2] [I] [thread 4269] Sachin My tunnel is valid will apply actions

[13:44:34.505] [bmv2] [T] [thread 4269] [29.0] [cxt 0] Applying table 'MyIngress.myTunnel_exact'
[13:44:34.505] [bmv2] [D] [thread 4269] [29.0] [cxt 0] Looking up key:
* hdr.myTunnel.dst_id : 0001

[13:44:34.505] [bmv2] [D] [thread 4269] [29.0] [cxt 0] Table 'MyIngress.myTunnel_exact': hit with handle 0
[13:44:34.505] [bmv2] [D] [thread 4269] [29.0] [cxt 0] Dumping entry 0
Match key:
* hdr.myTunnel.dst_id : EXACT     0001
Action entry: MyIngress.myTunnel_forward - 1,

[13:44:34.505] [bmv2] [D] [thread 4269] [29.0] [cxt 0] Action entry is MyIngress.myTunnel_forward - 1,
[13:44:34.505] [bmv2] [T] [thread 4269] [29.0] [cxt 0] Action MyIngress.myTunnel_forward
[13:44:34.505] [bmv2] [T] [thread 4269] [29.0] [cxt 0] basic_tunnel.p4(144) Primitive         log_msg(\"Sachin my tunnel forward Port {}\n\",{port});
[13:44:34.505] [bmv2] [T] [thread 4269] [29.0] [cxt 0] basic_tunnel.p4(144) Primitive         log_msg(\"Sachin my tunnel forward Port {}\n\",{port});
[13:44:34.505] [bmv2] [I] [thread 4269] Sachin my tunnel forward Port 1

[13:44:34.505] [bmv2] [T] [thread 4269] [29.0] [cxt 0] basic_tunnel.p4(145) Primitive standard_metadata.egress_spec = port
[13:44:34.505] [bmv2] [T] [thread 4269] [29.0] [cxt 0] basic_tunnel.p4(146) Primitive hdr.ipv4.ttl = hdr.ipv4.ttl - 1
[13:44:34.505] [bmv2] [T] [thread 4269] [29.0] [cxt 0] Applying table 'MyIngress.myTunnel_exact_egress'
[13:44:34.505] [bmv2] [D] [thread 4269] [29.0] [cxt 0] Looking up key:
* hdr.myTunnel.dst_id : 0001

[13:44:34.505] [bmv2] [D] [thread 4269] [29.0] [cxt 0] Table 'MyIngress.myTunnel_exact_egress': hit with handle 0
[13:44:34.505] [bmv2] [D] [thread 4269] [29.0] [cxt 0] Dumping entry 0
Match key:
* hdr.myTunnel.dst_id : EXACT     0001
Action entry: MyIngress.myTunnel_egress_forward - 80000000111,1,

[13:44:34.505] [bmv2] [D] [thread 4269] [29.0] [cxt 0] Action entry is MyIngress.myTunnel_egress_forward - 80000000111,1,
[13:44:34.505] [bmv2] [T] [thread 4269] [29.0] [cxt 0] Action MyIngress.myTunnel_egress_forward
[13:44:34.505] [bmv2] [T] [thread 4269] [29.0] [cxt 0] basic_tunnel.p4(163) Primitive         log_msg(\"Sachin Reached the Egress Forward Exiting from {} \n\",{port});
[13:44:34.505] [bmv2] [T] [thread 4269] [29.0] [cxt 0] basic_tunnel.p4(163) Primitive         log_msg(\"Sachin Reached the Egress Forward Exiting from {} \n\",{port});
[13:44:34.505] [bmv2] [I] [thread 4269] Sachin Reached the Egress Forward Exiting from 1 

[13:44:34.505] [bmv2] [T] [thread 4269] [29.0] [cxt 0] basic_tunnel.p4(164) Primitive standard_metadata.egress_spec = port
[13:44:34.505] [bmv2] [T] [thread 4269] [29.0] [cxt 0] basic_tunnel.p4(8) Primitive 0x800; ...
[13:44:34.505] [bmv2] [T] [thread 4269] [29.0] [cxt 0] basic_tunnel.p4(166) Primitive hdr.ethernet.srcAddr = hdr.ethernet.dstAddr
[13:44:34.505] [bmv2] [T] [thread 4269] [29.0] [cxt 0] basic_tunnel.p4(167) Primitive hdr.ethernet.dstAddr = dstAddr
[13:44:34.505] [bmv2] [T] [thread 4269] [29.0] [cxt 0] Applying table 'tbl_basic_tunnel188'
[13:44:34.505] [bmv2] [D] [thread 4269] [29.0] [cxt 0] Looking up key:

[13:44:34.505] [bmv2] [D] [thread 4269] [29.0] [cxt 0] Table 'tbl_basic_tunnel188': miss
[13:44:34.505] [bmv2] [D] [thread 4269] [29.0] [cxt 0] Action entry is basic_tunnel188 - 
[13:44:34.505] [bmv2] [T] [thread 4269] [29.0] [cxt 0] Action basic_tunnel188
[13:44:34.505] [bmv2] [T] [thread 4269] [29.0] [cxt 0] basic_tunnel.p4(188) Primitive hdr.myTunnel.setInvalid()
[13:44:34.505] [bmv2] [T] [thread 4269] [29.0] [cxt 0] basic_tunnel.p4(190) Condition "hdr.ipv4.isValid() && !hdr.myTunnel.isValid()" (node_7) is false
[13:44:34.505] [bmv2] [D] [thread 4269] [29.0] [cxt 0] Pipeline 'ingress': end
[13:44:34.505] [bmv2] [D] [thread 4269] [29.0] [cxt 0] Egress port is 1
[13:44:34.506] [bmv2] [D] [thread 4271] [29.0] [cxt 0] Pipeline 'egress': start
[13:44:34.506] [bmv2] [D] [thread 4271] [29.0] [cxt 0] Pipeline 'egress': end
[13:44:34.506] [bmv2] [D] [thread 4271] [29.0] [cxt 0] Deparser 'deparser': start
[13:44:34.506] [bmv2] [T] [thread 4271] [29.0] [cxt 0] Skipping checksum 'cksum' update because condition not met
[13:44:34.506] [bmv2] [D] [thread 4271] [29.0] [cxt 0] Deparsing header 'ethernet'
[13:44:34.506] [bmv2] [D] [thread 4271] [29.0] [cxt 0] Deparser 'deparser': end
[13:44:34.506] [bmv2] [D] [thread 4274] [29.0] [cxt 0] Transmitting packet of size 98 out of port 1
open: No such file or directory
