Calling target program-options parser
[23:26:59.923] [bmv2] [D] [thread 4538] Set default default entry for table 'MyIngress.ipv4_lpm': NoAction - 
Adding interface s3-eth1 as port 1
[23:26:59.924] [bmv2] [D] [thread 4538] Adding interface s3-eth1 as port 1
Adding interface s3-eth2 as port 2
[23:26:59.933] [bmv2] [D] [thread 4538] Adding interface s3-eth2 as port 2
Adding interface s3-eth3 as port 3
[23:26:59.942] [bmv2] [D] [thread 4538] Adding interface s3-eth3 as port 3
Server listening on 0.0.0.0:50053
[23:26:59.962] [bmv2] [I] [thread 4538] Starting Thrift server on port 9092
[23:26:59.962] [bmv2] [I] [thread 4538] Thrift server was started
[23:26:59.963] [bmv2] [D] [thread 4564] [0.0] [cxt 0] Processing packet received on port 1
[23:26:59.963] [bmv2] [D] [thread 4564] [0.0] [cxt 0] Parser 'parser': start
[23:26:59.963] [bmv2] [D] [thread 4564] [0.0] [cxt 0] Parser 'parser' entering state 'start'
[23:26:59.963] [bmv2] [D] [thread 4564] [0.0] [cxt 0] Extracting header 'ethernet'
[23:26:59.963] [bmv2] [D] [thread 4564] [0.0] [cxt 0] Parser state 'start': key is 86dd
[23:26:59.963] [bmv2] [T] [thread 4564] [0.0] [cxt 0] Bytes parsed: 14
[23:26:59.963] [bmv2] [D] [thread 4564] [0.0] [cxt 0] Parser 'parser': end
[23:26:59.963] [bmv2] [D] [thread 4564] [0.0] [cxt 0] Pipeline 'ingress': start
[23:26:59.963] [bmv2] [T] [thread 4564] [0.0] [cxt 0] qos.p4(140) Condition "hdr.ipv4.isValid()" (node_2) is false
[23:26:59.963] [bmv2] [D] [thread 4564] [0.0] [cxt 0] Pipeline 'ingress': end
[23:26:59.963] [bmv2] [D] [thread 4564] [0.0] [cxt 0] Egress port is 0
[23:26:59.963] [bmv2] [D] [thread 4565] [0.0] [cxt 0] Pipeline 'egress': start
[23:26:59.963] [bmv2] [D] [thread 4565] [0.0] [cxt 0] Pipeline 'egress': end
[23:26:59.963] [bmv2] [D] [thread 4565] [0.0] [cxt 0] Deparser 'deparser': start
[23:26:59.963] [bmv2] [T] [thread 4565] [0.0] [cxt 0] Skipping checksum 'cksum' update because condition not met
[23:26:59.963] [bmv2] [D] [thread 4565] [0.0] [cxt 0] Deparsing header 'ethernet'
[23:26:59.963] [bmv2] [D] [thread 4565] [0.0] [cxt 0] Deparser 'deparser': end
[23:26:59.963] [bmv2] [D] [thread 4569] [0.0] [cxt 0] Transmitting packet of size 90 out of port 0
[23:27:00.090] [bmv2] [D] [thread 4564] [1.0] [cxt 0] Processing packet received on port 2
[23:27:00.090] [bmv2] [D] [thread 4564] [1.0] [cxt 0] Parser 'parser': start
[23:27:00.090] [bmv2] [D] [thread 4564] [1.0] [cxt 0] Parser 'parser' entering state 'start'
[23:27:00.090] [bmv2] [D] [thread 4564] [1.0] [cxt 0] Extracting header 'ethernet'
[23:27:00.090] [bmv2] [D] [thread 4564] [1.0] [cxt 0] Parser state 'start': key is 86dd
[23:27:00.090] [bmv2] [T] [thread 4564] [1.0] [cxt 0] Bytes parsed: 14
[23:27:00.090] [bmv2] [D] [thread 4564] [1.0] [cxt 0] Parser 'parser': end
[23:27:00.090] [bmv2] [D] [thread 4564] [1.0] [cxt 0] Pipeline 'ingress': start
[23:27:00.090] [bmv2] [T] [thread 4564] [1.0] [cxt 0] qos.p4(140) Condition "hdr.ipv4.isValid()" (node_2) is false
[23:27:00.090] [bmv2] [D] [thread 4564] [1.0] [cxt 0] Pipeline 'ingress': end
[23:27:00.090] [bmv2] [D] [thread 4564] [1.0] [cxt 0] Egress port is 0
[23:27:00.090] [bmv2] [D] [thread 4565] [1.0] [cxt 0] Pipeline 'egress': start
[23:27:00.090] [bmv2] [D] [thread 4565] [1.0] [cxt 0] Pipeline 'egress': end
[23:27:00.090] [bmv2] [D] [thread 4565] [1.0] [cxt 0] Deparser 'deparser': start
[23:27:00.090] [bmv2] [T] [thread 4565] [1.0] [cxt 0] Skipping checksum 'cksum' update because condition not met
[23:27:00.090] [bmv2] [D] [thread 4565] [1.0] [cxt 0] Deparsing header 'ethernet'
[23:27:00.090] [bmv2] [D] [thread 4565] [1.0] [cxt 0] Deparser 'deparser': end
[23:27:00.090] [bmv2] [D] [thread 4569] [1.0] [cxt 0] Transmitting packet of size 90 out of port 0
[23:27:00.186] [bmv2] [D] [thread 4564] [2.0] [cxt 0] Processing packet received on port 3
[23:27:00.186] [bmv2] [D] [thread 4564] [2.0] [cxt 0] Parser 'parser': start
[23:27:00.186] [bmv2] [D] [thread 4564] [2.0] [cxt 0] Parser 'parser' entering state 'start'
[23:27:00.186] [bmv2] [D] [thread 4564] [2.0] [cxt 0] Extracting header 'ethernet'
[23:27:00.186] [bmv2] [D] [thread 4564] [2.0] [cxt 0] Parser state 'start': key is 86dd
[23:27:00.186] [bmv2] [T] [thread 4564] [2.0] [cxt 0] Bytes parsed: 14
[23:27:00.186] [bmv2] [D] [thread 4564] [2.0] [cxt 0] Parser 'parser': end
[23:27:00.186] [bmv2] [D] [thread 4564] [2.0] [cxt 0] Pipeline 'ingress': start
[23:27:00.186] [bmv2] [T] [thread 4564] [2.0] [cxt 0] qos.p4(140) Condition "hdr.ipv4.isValid()" (node_2) is false
[23:27:00.186] [bmv2] [D] [thread 4564] [2.0] [cxt 0] Pipeline 'ingress': end
[23:27:00.186] [bmv2] [D] [thread 4564] [2.0] [cxt 0] Egress port is 0
[23:27:00.186] [bmv2] [D] [thread 4564] [3.0] [cxt 0] Processing packet received on port 3
[23:27:00.186] [bmv2] [D] [thread 4564] [3.0] [cxt 0] Parser 'parser': start
[23:27:00.186] [bmv2] [D] [thread 4564] [3.0] [cxt 0] Parser 'parser' entering state 'start'
[23:27:00.186] [bmv2] [D] [thread 4564] [3.0] [cxt 0] Extracting header 'ethernet'
[23:27:00.186] [bmv2] [D] [thread 4565] [2.0] [cxt 0] Pipeline 'egress': start
[23:27:00.186] [bmv2] [D] [thread 4565] [2.0] [cxt 0] Pipeline 'egress': end
[23:27:00.186] [bmv2] [D] [thread 4564] [3.0] [cxt 0] Parser state 'start': key is 86dd
[23:27:00.186] [bmv2] [T] [thread 4564] [3.0] [cxt 0] Bytes parsed: 14
[23:27:00.186] [bmv2] [D] [thread 4565] [2.0] [cxt 0] Deparser 'deparser': start
[23:27:00.186] [bmv2] [T] [thread 4565] [2.0] [cxt 0] Skipping checksum 'cksum' update because condition not met
[23:27:00.186] [bmv2] [D] [thread 4564] [3.0] [cxt 0] Parser 'parser': end
[23:27:00.186] [bmv2] [D] [thread 4565] [2.0] [cxt 0] Deparsing header 'ethernet'
[23:27:00.186] [bmv2] [D] [thread 4565] [2.0] [cxt 0] Deparser 'deparser': end
[23:27:00.186] [bmv2] [D] [thread 4564] [3.0] [cxt 0] Pipeline 'ingress': start
[23:27:00.186] [bmv2] [T] [thread 4564] [3.0] [cxt 0] qos.p4(140) Condition "hdr.ipv4.isValid()" (node_2) is false
[23:27:00.186] [bmv2] [D] [thread 4564] [3.0] [cxt 0] Pipeline 'ingress': end
[23:27:00.186] [bmv2] [D] [thread 4564] [3.0] [cxt 0] Egress port is 0
[23:27:00.186] [bmv2] [D] [thread 4569] [2.0] [cxt 0] Transmitting packet of size 90 out of port 0
[23:27:00.186] [bmv2] [D] [thread 4565] [3.0] [cxt 0] Pipeline 'egress': start
[23:27:00.186] [bmv2] [D] [thread 4565] [3.0] [cxt 0] Pipeline 'egress': end
[23:27:00.186] [bmv2] [D] [thread 4565] [3.0] [cxt 0] Deparser 'deparser': start
[23:27:00.186] [bmv2] [T] [thread 4565] [3.0] [cxt 0] Skipping checksum 'cksum' update because condition not met
[23:27:00.186] [bmv2] [D] [thread 4565] [3.0] [cxt 0] Deparsing header 'ethernet'
[23:27:00.186] [bmv2] [D] [thread 4565] [3.0] [cxt 0] Deparser 'deparser': end
[23:27:00.187] [bmv2] [D] [thread 4569] [3.0] [cxt 0] Transmitting packet of size 70 out of port 0
[23:27:00.698] [bmv2] [D] [thread 4564] [4.0] [cxt 0] Processing packet received on port 3
[23:27:00.698] [bmv2] [D] [thread 4564] [4.0] [cxt 0] Parser 'parser': start
[23:27:00.698] [bmv2] [D] [thread 4564] [4.0] [cxt 0] Parser 'parser' entering state 'start'
[23:27:00.698] [bmv2] [D] [thread 4564] [4.0] [cxt 0] Extracting header 'ethernet'
[23:27:00.698] [bmv2] [D] [thread 4564] [4.0] [cxt 0] Parser state 'start': key is 86dd
[23:27:00.698] [bmv2] [T] [thread 4564] [4.0] [cxt 0] Bytes parsed: 14
[23:27:00.698] [bmv2] [D] [thread 4564] [4.0] [cxt 0] Parser 'parser': end
[23:27:00.698] [bmv2] [D] [thread 4564] [4.0] [cxt 0] Pipeline 'ingress': start
[23:27:00.698] [bmv2] [T] [thread 4564] [4.0] [cxt 0] qos.p4(140) Condition "hdr.ipv4.isValid()" (node_2) is false
[23:27:00.698] [bmv2] [D] [thread 4564] [4.0] [cxt 0] Pipeline 'ingress': end
[23:27:00.698] [bmv2] [D] [thread 4564] [4.0] [cxt 0] Egress port is 0
[23:27:00.698] [bmv2] [D] [thread 4564] [5.0] [cxt 0] Processing packet received on port 2
[23:27:00.698] [bmv2] [D] [thread 4564] [5.0] [cxt 0] Parser 'parser': start
[23:27:00.698] [bmv2] [D] [thread 4564] [5.0] [cxt 0] Parser 'parser' entering state 'start'
[23:27:00.698] [bmv2] [D] [thread 4564] [5.0] [cxt 0] Extracting header 'ethernet'
[23:27:00.698] [bmv2] [D] [thread 4564] [5.0] [cxt 0] Parser state 'start': key is 86dd
[23:27:00.698] [bmv2] [D] [thread 4565] [4.0] [cxt 0] Pipeline 'egress': start
[23:27:00.698] [bmv2] [D] [thread 4565] [4.0] [cxt 0] Pipeline 'egress': end
[23:27:00.698] [bmv2] [D] [thread 4565] [4.0] [cxt 0] Deparser 'deparser': start
[23:27:00.698] [bmv2] [T] [thread 4565] [4.0] [cxt 0] Skipping checksum 'cksum' update because condition not met
[23:27:00.698] [bmv2] [T] [thread 4564] [5.0] [cxt 0] Bytes parsed: 14
[23:27:00.698] [bmv2] [D] [thread 4564] [5.0] [cxt 0] Parser 'parser': end
[23:27:00.698] [bmv2] [D] [thread 4564] [5.0] [cxt 0] Pipeline 'ingress': start
[23:27:00.698] [bmv2] [T] [thread 4564] [5.0] [cxt 0] qos.p4(140) Condition "hdr.ipv4.isValid()" (node_2) is false
[23:27:00.698] [bmv2] [D] [thread 4564] [5.0] [cxt 0] Pipeline 'ingress': end
[23:27:00.698] [bmv2] [D] [thread 4564] [5.0] [cxt 0] Egress port is 0
[23:27:00.698] [bmv2] [D] [thread 4565] [4.0] [cxt 0] Deparsing header 'ethernet'
[23:27:00.698] [bmv2] [D] [thread 4565] [4.0] [cxt 0] Deparser 'deparser': end
[23:27:00.698] [bmv2] [D] [thread 4565] [5.0] [cxt 0] Pipeline 'egress': start
[23:27:00.698] [bmv2] [D] [thread 4565] [5.0] [cxt 0] Pipeline 'egress': end
[23:27:00.698] [bmv2] [D] [thread 4569] [4.0] [cxt 0] Transmitting packet of size 90 out of port 0
[23:27:00.698] [bmv2] [D] [thread 4564] [6.0] [cxt 0] Processing packet received on port 3
[23:27:00.698] [bmv2] [D] [thread 4564] [6.0] [cxt 0] Parser 'parser': start
[23:27:00.698] [bmv2] [D] [thread 4564] [6.0] [cxt 0] Parser 'parser' entering state 'start'
[23:27:00.698] [bmv2] [D] [thread 4564] [6.0] [cxt 0] Extracting header 'ethernet'
[23:27:00.698] [bmv2] [D] [thread 4565] [5.0] [cxt 0] Deparser 'deparser': start
[23:27:00.698] [bmv2] [T] [thread 4565] [5.0] [cxt 0] Skipping checksum 'cksum' update because condition not met
[23:27:00.698] [bmv2] [D] [thread 4564] [6.0] [cxt 0] Parser state 'start': key is 86dd
[23:27:00.698] [bmv2] [D] [thread 4565] [5.0] [cxt 0] Deparsing header 'ethernet'
[23:27:00.698] [bmv2] [T] [thread 4564] [6.0] [cxt 0] Bytes parsed: 14
[23:27:00.699] [bmv2] [D] [thread 4564] [6.0] [cxt 0] Parser 'parser': end
[23:27:00.698] [bmv2] [D] [thread 4565] [5.0] [cxt 0] Deparser 'deparser': end
[23:27:00.699] [bmv2] [D] [thread 4564] [6.0] [cxt 0] Pipeline 'ingress': start
[23:27:00.699] [bmv2] [T] [thread 4564] [6.0] [cxt 0] qos.p4(140) Condition "hdr.ipv4.isValid()" (node_2) is false
[23:27:00.699] [bmv2] [D] [thread 4564] [6.0] [cxt 0] Pipeline 'ingress': end
[23:27:00.699] [bmv2] [D] [thread 4569] [5.0] [cxt 0] Transmitting packet of size 90 out of port 0
[23:27:00.699] [bmv2] [D] [thread 4564] [6.0] [cxt 0] Egress port is 0
[23:27:00.699] [bmv2] [D] [thread 4564] [7.0] [cxt 0] Processing packet received on port 2
[23:27:00.699] [bmv2] [D] [thread 4564] [7.0] [cxt 0] Parser 'parser': start
[23:27:00.699] [bmv2] [D] [thread 4564] [7.0] [cxt 0] Parser 'parser' entering state 'start'
[23:27:00.699] [bmv2] [D] [thread 4565] [6.0] [cxt 0] Pipeline 'egress': start
[23:27:00.699] [bmv2] [D] [thread 4565] [6.0] [cxt 0] Pipeline 'egress': end
[23:27:00.699] [bmv2] [D] [thread 4564] [7.0] [cxt 0] Extracting header 'ethernet'
[23:27:00.699] [bmv2] [D] [thread 4565] [6.0] [cxt 0] Deparser 'deparser': start
[23:27:00.699] [bmv2] [D] [thread 4564] [7.0] [cxt 0] Parser state 'start': key is 86dd
[23:27:00.699] [bmv2] [T] [thread 4565] [6.0] [cxt 0] Skipping checksum 'cksum' update because condition not met
[23:27:00.699] [bmv2] [T] [thread 4564] [7.0] [cxt 0] Bytes parsed: 14
[23:27:00.699] [bmv2] [D] [thread 4565] [6.0] [cxt 0] Deparsing header 'ethernet'
[23:27:00.699] [bmv2] [D] [thread 4564] [7.0] [cxt 0] Parser 'parser': end
[23:27:00.699] [bmv2] [D] [thread 4565] [6.0] [cxt 0] Deparser 'deparser': end
[23:27:00.699] [bmv2] [D] [thread 4564] [7.0] [cxt 0] Pipeline 'ingress': start
[23:27:00.699] [bmv2] [T] [thread 4564] [7.0] [cxt 0] qos.p4(140) Condition "hdr.ipv4.isValid()" (node_2) is false
[23:27:00.699] [bmv2] [D] [thread 4564] [7.0] [cxt 0] Pipeline 'ingress': end
[23:27:00.699] [bmv2] [D] [thread 4564] [7.0] [cxt 0] Egress port is 0
[23:27:00.699] [bmv2] [D] [thread 4569] [6.0] [cxt 0] Transmitting packet of size 70 out of port 0
[23:27:00.699] [bmv2] [D] [thread 4565] [7.0] [cxt 0] Pipeline 'egress': start
[23:27:00.699] [bmv2] [D] [thread 4565] [7.0] [cxt 0] Pipeline 'egress': end
[23:27:00.699] [bmv2] [D] [thread 4565] [7.0] [cxt 0] Deparser 'deparser': start
[23:27:00.699] [bmv2] [T] [thread 4565] [7.0] [cxt 0] Skipping checksum 'cksum' update because condition not met
[23:27:00.699] [bmv2] [D] [thread 4565] [7.0] [cxt 0] Deparsing header 'ethernet'
[23:27:00.699] [bmv2] [D] [thread 4565] [7.0] [cxt 0] Deparser 'deparser': end
[23:27:00.699] [bmv2] [D] [thread 4569] [7.0] [cxt 0] Transmitting packet of size 70 out of port 0
[23:27:00.914] [bmv2] [D] [thread 4564] [8.0] [cxt 0] Processing packet received on port 3
[23:27:00.914] [bmv2] [D] [thread 4564] [8.0] [cxt 0] Parser 'parser': start
[23:27:00.914] [bmv2] [D] [thread 4564] [8.0] [cxt 0] Parser 'parser' entering state 'start'
[23:27:00.914] [bmv2] [D] [thread 4564] [8.0] [cxt 0] Extracting header 'ethernet'
[23:27:00.914] [bmv2] [D] [thread 4564] [8.0] [cxt 0] Parser state 'start': key is 86dd
[23:27:00.914] [bmv2] [T] [thread 4564] [8.0] [cxt 0] Bytes parsed: 14
[23:27:00.914] [bmv2] [D] [thread 4564] [8.0] [cxt 0] Parser 'parser': end
[23:27:00.914] [bmv2] [D] [thread 4564] [8.0] [cxt 0] Pipeline 'ingress': start
[23:27:00.914] [bmv2] [T] [thread 4564] [8.0] [cxt 0] qos.p4(140) Condition "hdr.ipv4.isValid()" (node_2) is false
[23:27:00.914] [bmv2] [D] [thread 4564] [8.0] [cxt 0] Pipeline 'ingress': end
[23:27:00.914] [bmv2] [D] [thread 4564] [8.0] [cxt 0] Egress port is 0
[23:27:00.914] [bmv2] [D] [thread 4565] [8.0] [cxt 0] Pipeline 'egress': start
[23:27:00.914] [bmv2] [D] [thread 4565] [8.0] [cxt 0] Pipeline 'egress': end
[23:27:00.914] [bmv2] [D] [thread 4565] [8.0] [cxt 0] Deparser 'deparser': start
[23:27:00.914] [bmv2] [T] [thread 4565] [8.0] [cxt 0] Skipping checksum 'cksum' update because condition not met
[23:27:00.914] [bmv2] [D] [thread 4565] [8.0] [cxt 0] Deparsing header 'ethernet'
[23:27:00.914] [bmv2] [D] [thread 4565] [8.0] [cxt 0] Deparser 'deparser': end
[23:27:00.914] [bmv2] [D] [thread 4569] [8.0] [cxt 0] Transmitting packet of size 90 out of port 0
[23:27:01.146] [bmv2] [D] [thread 4564] [9.0] [cxt 0] Processing packet received on port 3
[23:27:01.146] [bmv2] [D] [thread 4564] [9.0] [cxt 0] Parser 'parser': start
[23:27:01.146] [bmv2] [D] [thread 4564] [9.0] [cxt 0] Parser 'parser' entering state 'start'
[23:27:01.146] [bmv2] [D] [thread 4564] [9.0] [cxt 0] Extracting header 'ethernet'
[23:27:01.146] [bmv2] [D] [thread 4564] [9.0] [cxt 0] Parser state 'start': key is 86dd
[23:27:01.146] [bmv2] [T] [thread 4564] [9.0] [cxt 0] Bytes parsed: 14
[23:27:01.146] [bmv2] [D] [thread 4564] [9.0] [cxt 0] Parser 'parser': end
[23:27:01.146] [bmv2] [D] [thread 4564] [9.0] [cxt 0] Pipeline 'ingress': start
[23:27:01.146] [bmv2] [T] [thread 4564] [9.0] [cxt 0] qos.p4(140) Condition "hdr.ipv4.isValid()" (node_2) is false
[23:27:01.146] [bmv2] [D] [thread 4564] [9.0] [cxt 0] Pipeline 'ingress': end
[23:27:01.146] [bmv2] [D] [thread 4564] [9.0] [cxt 0] Egress port is 0
[23:27:01.146] [bmv2] [D] [thread 4565] [9.0] [cxt 0] Pipeline 'egress': start
[23:27:01.146] [bmv2] [D] [thread 4565] [9.0] [cxt 0] Pipeline 'egress': end
[23:27:01.146] [bmv2] [D] [thread 4565] [9.0] [cxt 0] Deparser 'deparser': start
[23:27:01.146] [bmv2] [T] [thread 4565] [9.0] [cxt 0] Skipping checksum 'cksum' update because condition not met
[23:27:01.146] [bmv2] [D] [thread 4565] [9.0] [cxt 0] Deparsing header 'ethernet'
[23:27:01.146] [bmv2] [D] [thread 4565] [9.0] [cxt 0] Deparser 'deparser': end
[23:27:01.146] [bmv2] [D] [thread 4569] [9.0] [cxt 0] Transmitting packet of size 90 out of port 0
[23:27:01.274] [bmv2] [D] [thread 4564] [10.0] [cxt 0] Processing packet received on port 2
[23:27:01.274] [bmv2] [D] [thread 4564] [10.0] [cxt 0] Parser 'parser': start
[23:27:01.274] [bmv2] [D] [thread 4564] [10.0] [cxt 0] Parser 'parser' entering state 'start'
[23:27:01.274] [bmv2] [D] [thread 4564] [10.0] [cxt 0] Extracting header 'ethernet'
[23:27:01.274] [bmv2] [D] [thread 4564] [10.0] [cxt 0] Parser state 'start': key is 86dd
[23:27:01.274] [bmv2] [T] [thread 4564] [10.0] [cxt 0] Bytes parsed: 14
[23:27:01.274] [bmv2] [D] [thread 4564] [10.0] [cxt 0] Parser 'parser': end
[23:27:01.274] [bmv2] [D] [thread 4564] [10.0] [cxt 0] Pipeline 'ingress': start
[23:27:01.274] [bmv2] [T] [thread 4564] [10.0] [cxt 0] qos.p4(140) Condition "hdr.ipv4.isValid()" (node_2) is false
[23:27:01.274] [bmv2] [D] [thread 4564] [10.0] [cxt 0] Pipeline 'ingress': end
[23:27:01.274] [bmv2] [D] [thread 4564] [10.0] [cxt 0] Egress port is 0
[23:27:01.274] [bmv2] [D] [thread 4565] [10.0] [cxt 0] Pipeline 'egress': start
[23:27:01.274] [bmv2] [D] [thread 4565] [10.0] [cxt 0] Pipeline 'egress': end
[23:27:01.274] [bmv2] [D] [thread 4565] [10.0] [cxt 0] Deparser 'deparser': start
[23:27:01.274] [bmv2] [T] [thread 4565] [10.0] [cxt 0] Skipping checksum 'cksum' update because condition not met
[23:27:01.274] [bmv2] [D] [thread 4565] [10.0] [cxt 0] Deparsing header 'ethernet'
[23:27:01.274] [bmv2] [D] [thread 4565] [10.0] [cxt 0] Deparser 'deparser': end
[23:27:01.274] [bmv2] [D] [thread 4569] [10.0] [cxt 0] Transmitting packet of size 90 out of port 0
[23:27:01.500] [bmv2] [W] [thread 4622] [P4Runtime] p4::tmp::P4DeviceConfig is deprecated
[23:27:01.502] [bmv2] [D] [thread 4622] Set default default entry for table 'MyIngress.ipv4_lpm': NoAction - 
[23:27:01.503] [bmv2] [D] [thread 4622] simple_switch target has been notified of a config swap
[23:27:01.505] [bmv2] [D] [thread 4622] Entry 0 added to table 'MyIngress.ipv4_lpm'
[23:27:01.505] [bmv2] [D] [thread 4622] Dumping entry 0
Match key:
* hdr.ipv4.dstAddr    : LPM       0a000303/32
Action entry: MyIngress.ipv4_forward - 80000000303,1,

[23:27:01.506] [bmv2] [D] [thread 4623] Entry 1 added to table 'MyIngress.ipv4_lpm'
[23:27:01.506] [bmv2] [D] [thread 4623] Dumping entry 1
Match key:
* hdr.ipv4.dstAddr    : LPM       0a000100/24
Action entry: MyIngress.ipv4_forward - 80000000100,2,

[23:27:01.507] [bmv2] [D] [thread 4622] Entry 2 added to table 'MyIngress.ipv4_lpm'
[23:27:01.507] [bmv2] [D] [thread 4622] Dumping entry 2
Match key:
* hdr.ipv4.dstAddr    : LPM       0a000200/24
Action entry: MyIngress.ipv4_forward - 80000000200,3,

[23:27:04.026] [bmv2] [D] [thread 4564] [11.0] [cxt 0] Processing packet received on port 3
[23:27:04.026] [bmv2] [D] [thread 4564] [11.0] [cxt 0] Parser 'parser': start
[23:27:04.026] [bmv2] [D] [thread 4564] [11.0] [cxt 0] Parser 'parser' entering state 'start'
[23:27:04.026] [bmv2] [D] [thread 4564] [11.0] [cxt 0] Extracting header 'ethernet'
[23:27:04.026] [bmv2] [D] [thread 4564] [11.0] [cxt 0] Parser state 'start': key is 86dd
[23:27:04.026] [bmv2] [T] [thread 4564] [11.0] [cxt 0] Bytes parsed: 14
[23:27:04.026] [bmv2] [D] [thread 4564] [11.0] [cxt 0] Parser 'parser': end
[23:27:04.026] [bmv2] [D] [thread 4564] [11.0] [cxt 0] Pipeline 'ingress': start
[23:27:04.026] [bmv2] [T] [thread 4564] [11.0] [cxt 0] qos.p4(140) Condition "hdr.ipv4.isValid()" (node_2) is false
[23:27:04.026] [bmv2] [D] [thread 4564] [11.0] [cxt 0] Pipeline 'ingress': end
[23:27:04.026] [bmv2] [D] [thread 4564] [11.0] [cxt 0] Egress port is 0
[23:27:04.026] [bmv2] [D] [thread 4565] [11.0] [cxt 0] Pipeline 'egress': start
[23:27:04.026] [bmv2] [D] [thread 4565] [11.0] [cxt 0] Pipeline 'egress': end
[23:27:04.026] [bmv2] [D] [thread 4565] [11.0] [cxt 0] Deparser 'deparser': start
[23:27:04.026] [bmv2] [T] [thread 4565] [11.0] [cxt 0] Skipping checksum 'cksum' update because condition not met
[23:27:04.026] [bmv2] [D] [thread 4565] [11.0] [cxt 0] Deparsing header 'ethernet'
[23:27:04.026] [bmv2] [D] [thread 4565] [11.0] [cxt 0] Deparser 'deparser': end
[23:27:04.026] [bmv2] [D] [thread 4569] [11.0] [cxt 0] Transmitting packet of size 70 out of port 0
[23:27:04.154] [bmv2] [D] [thread 4564] [12.0] [cxt 0] Processing packet received on port 1
[23:27:04.154] [bmv2] [D] [thread 4564] [12.0] [cxt 0] Parser 'parser': start
[23:27:04.154] [bmv2] [D] [thread 4564] [12.0] [cxt 0] Parser 'parser' entering state 'start'
[23:27:04.154] [bmv2] [D] [thread 4564] [12.0] [cxt 0] Extracting header 'ethernet'
[23:27:04.154] [bmv2] [D] [thread 4564] [12.0] [cxt 0] Parser state 'start': key is 86dd
[23:27:04.154] [bmv2] [T] [thread 4564] [12.0] [cxt 0] Bytes parsed: 14
[23:27:04.154] [bmv2] [D] [thread 4564] [12.0] [cxt 0] Parser 'parser': end
[23:27:04.154] [bmv2] [D] [thread 4564] [12.0] [cxt 0] Pipeline 'ingress': start
[23:27:04.154] [bmv2] [T] [thread 4564] [12.0] [cxt 0] qos.p4(140) Condition "hdr.ipv4.isValid()" (node_2) is false
[23:27:04.154] [bmv2] [D] [thread 4564] [12.0] [cxt 0] Pipeline 'ingress': end
[23:27:04.154] [bmv2] [D] [thread 4564] [12.0] [cxt 0] Egress port is 0
[23:27:04.154] [bmv2] [D] [thread 4565] [12.0] [cxt 0] Pipeline 'egress': start
[23:27:04.154] [bmv2] [D] [thread 4565] [12.0] [cxt 0] Pipeline 'egress': end
[23:27:04.154] [bmv2] [D] [thread 4565] [12.0] [cxt 0] Deparser 'deparser': start
[23:27:04.154] [bmv2] [T] [thread 4565] [12.0] [cxt 0] Skipping checksum 'cksum' update because condition not met
[23:27:04.154] [bmv2] [D] [thread 4565] [12.0] [cxt 0] Deparsing header 'ethernet'
[23:27:04.154] [bmv2] [D] [thread 4565] [12.0] [cxt 0] Deparser 'deparser': end
[23:27:04.154] [bmv2] [D] [thread 4569] [12.0] [cxt 0] Transmitting packet of size 70 out of port 0
[23:27:04.346] [bmv2] [D] [thread 4564] [13.0] [cxt 0] Processing packet received on port 3
[23:27:04.346] [bmv2] [D] [thread 4564] [13.0] [cxt 0] Parser 'parser': start
[23:27:04.346] [bmv2] [D] [thread 4564] [13.0] [cxt 0] Parser 'parser' entering state 'start'
[23:27:04.346] [bmv2] [D] [thread 4564] [13.0] [cxt 0] Extracting header 'ethernet'
[23:27:04.346] [bmv2] [D] [thread 4564] [13.0] [cxt 0] Parser state 'start': key is 86dd
[23:27:04.346] [bmv2] [T] [thread 4564] [13.0] [cxt 0] Bytes parsed: 14
[23:27:04.346] [bmv2] [D] [thread 4564] [13.0] [cxt 0] Parser 'parser': end
[23:27:04.346] [bmv2] [D] [thread 4564] [13.0] [cxt 0] Pipeline 'ingress': start
[23:27:04.346] [bmv2] [T] [thread 4564] [13.0] [cxt 0] qos.p4(140) Condition "hdr.ipv4.isValid()" (node_2) is false
[23:27:04.346] [bmv2] [D] [thread 4564] [13.0] [cxt 0] Pipeline 'ingress': end
[23:27:04.346] [bmv2] [D] [thread 4564] [13.0] [cxt 0] Egress port is 0
[23:27:04.346] [bmv2] [D] [thread 4565] [13.0] [cxt 0] Pipeline 'egress': start
[23:27:04.346] [bmv2] [D] [thread 4565] [13.0] [cxt 0] Pipeline 'egress': end
[23:27:04.346] [bmv2] [D] [thread 4565] [13.0] [cxt 0] Deparser 'deparser': start
[23:27:04.346] [bmv2] [T] [thread 4565] [13.0] [cxt 0] Skipping checksum 'cksum' update because condition not met
[23:27:04.346] [bmv2] [D] [thread 4565] [13.0] [cxt 0] Deparsing header 'ethernet'
[23:27:04.346] [bmv2] [D] [thread 4565] [13.0] [cxt 0] Deparser 'deparser': end
[23:27:04.346] [bmv2] [D] [thread 4569] [13.0] [cxt 0] Transmitting packet of size 70 out of port 0
[23:27:04.666] [bmv2] [D] [thread 4564] [14.0] [cxt 0] Processing packet received on port 2
[23:27:04.666] [bmv2] [D] [thread 4564] [14.0] [cxt 0] Parser 'parser': start
[23:27:04.666] [bmv2] [D] [thread 4564] [14.0] [cxt 0] Parser 'parser' entering state 'start'
[23:27:04.666] [bmv2] [D] [thread 4564] [14.0] [cxt 0] Extracting header 'ethernet'
[23:27:04.666] [bmv2] [D] [thread 4564] [14.0] [cxt 0] Parser state 'start': key is 86dd
[23:27:04.666] [bmv2] [T] [thread 4564] [14.0] [cxt 0] Bytes parsed: 14
[23:27:04.666] [bmv2] [D] [thread 4564] [14.0] [cxt 0] Parser 'parser': end
[23:27:04.666] [bmv2] [D] [thread 4564] [14.0] [cxt 0] Pipeline 'ingress': start
[23:27:04.666] [bmv2] [T] [thread 4564] [14.0] [cxt 0] qos.p4(140) Condition "hdr.ipv4.isValid()" (node_2) is false
[23:27:04.666] [bmv2] [D] [thread 4564] [14.0] [cxt 0] Pipeline 'ingress': end
[23:27:04.666] [bmv2] [D] [thread 4564] [14.0] [cxt 0] Egress port is 0
[23:27:04.666] [bmv2] [D] [thread 4565] [14.0] [cxt 0] Pipeline 'egress': start
[23:27:04.666] [bmv2] [D] [thread 4565] [14.0] [cxt 0] Pipeline 'egress': end
[23:27:04.666] [bmv2] [D] [thread 4565] [14.0] [cxt 0] Deparser 'deparser': start
[23:27:04.666] [bmv2] [T] [thread 4565] [14.0] [cxt 0] Skipping checksum 'cksum' update because condition not met
[23:27:04.666] [bmv2] [D] [thread 4565] [14.0] [cxt 0] Deparsing header 'ethernet'
[23:27:04.666] [bmv2] [D] [thread 4565] [14.0] [cxt 0] Deparser 'deparser': end
[23:27:04.666] [bmv2] [D] [thread 4569] [14.0] [cxt 0] Transmitting packet of size 70 out of port 0
[23:27:05.178] [bmv2] [D] [thread 4564] [15.0] [cxt 0] Processing packet received on port 2
[23:27:05.178] [bmv2] [D] [thread 4564] [15.0] [cxt 0] Parser 'parser': start
[23:27:05.178] [bmv2] [D] [thread 4564] [15.0] [cxt 0] Parser 'parser' entering state 'start'
[23:27:05.178] [bmv2] [D] [thread 4564] [15.0] [cxt 0] Extracting header 'ethernet'
[23:27:05.178] [bmv2] [D] [thread 4564] [15.0] [cxt 0] Parser state 'start': key is 86dd
[23:27:05.178] [bmv2] [T] [thread 4564] [15.0] [cxt 0] Bytes parsed: 14
[23:27:05.178] [bmv2] [D] [thread 4564] [15.0] [cxt 0] Parser 'parser': end
[23:27:05.178] [bmv2] [D] [thread 4564] [15.0] [cxt 0] Pipeline 'ingress': start
[23:27:05.178] [bmv2] [T] [thread 4564] [15.0] [cxt 0] qos.p4(140) Condition "hdr.ipv4.isValid()" (node_2) is false
[23:27:05.178] [bmv2] [D] [thread 4564] [15.0] [cxt 0] Pipeline 'ingress': end
[23:27:05.178] [bmv2] [D] [thread 4564] [15.0] [cxt 0] Egress port is 0
[23:27:05.178] [bmv2] [D] [thread 4565] [15.0] [cxt 0] Pipeline 'egress': start
[23:27:05.178] [bmv2] [D] [thread 4565] [15.0] [cxt 0] Pipeline 'egress': end
[23:27:05.178] [bmv2] [D] [thread 4565] [15.0] [cxt 0] Deparser 'deparser': start
[23:27:05.178] [bmv2] [T] [thread 4565] [15.0] [cxt 0] Skipping checksum 'cksum' update because condition not met
[23:27:05.178] [bmv2] [D] [thread 4565] [15.0] [cxt 0] Deparsing header 'ethernet'
[23:27:05.178] [bmv2] [D] [thread 4565] [15.0] [cxt 0] Deparser 'deparser': end
[23:27:05.178] [bmv2] [D] [thread 4569] [15.0] [cxt 0] Transmitting packet of size 70 out of port 0
[23:27:11.834] [bmv2] [D] [thread 4564] [16.0] [cxt 0] Processing packet received on port 3
[23:27:11.834] [bmv2] [D] [thread 4564] [16.0] [cxt 0] Parser 'parser': start
[23:27:11.834] [bmv2] [D] [thread 4564] [16.0] [cxt 0] Parser 'parser' entering state 'start'
[23:27:11.834] [bmv2] [D] [thread 4564] [16.0] [cxt 0] Extracting header 'ethernet'
[23:27:11.834] [bmv2] [D] [thread 4564] [16.0] [cxt 0] Parser state 'start': key is 86dd
[23:27:11.834] [bmv2] [T] [thread 4564] [16.0] [cxt 0] Bytes parsed: 14
[23:27:11.834] [bmv2] [D] [thread 4564] [16.0] [cxt 0] Parser 'parser': end
[23:27:11.834] [bmv2] [D] [thread 4564] [16.0] [cxt 0] Pipeline 'ingress': start
[23:27:11.834] [bmv2] [T] [thread 4564] [16.0] [cxt 0] qos.p4(140) Condition "hdr.ipv4.isValid()" (node_2) is false
[23:27:11.834] [bmv2] [D] [thread 4564] [16.0] [cxt 0] Pipeline 'ingress': end
[23:27:11.834] [bmv2] [D] [thread 4564] [16.0] [cxt 0] Egress port is 0
[23:27:11.834] [bmv2] [D] [thread 4564] [17.0] [cxt 0] Processing packet received on port 3
[23:27:11.834] [bmv2] [D] [thread 4564] [17.0] [cxt 0] Parser 'parser': start
[23:27:11.834] [bmv2] [D] [thread 4564] [17.0] [cxt 0] Parser 'parser' entering state 'start'
[23:27:11.834] [bmv2] [D] [thread 4564] [17.0] [cxt 0] Extracting header 'ethernet'
[23:27:11.834] [bmv2] [D] [thread 4564] [17.0] [cxt 0] Parser state 'start': key is 86dd
[23:27:11.834] [bmv2] [D] [thread 4565] [16.0] [cxt 0] Pipeline 'egress': start
[23:27:11.834] [bmv2] [D] [thread 4565] [16.0] [cxt 0] Pipeline 'egress': end
[23:27:11.834] [bmv2] [T] [thread 4564] [17.0] [cxt 0] Bytes parsed: 14
[23:27:11.834] [bmv2] [D] [thread 4564] [17.0] [cxt 0] Parser 'parser': end
[23:27:11.834] [bmv2] [D] [thread 4565] [16.0] [cxt 0] Deparser 'deparser': start
[23:27:11.834] [bmv2] [D] [thread 4564] [17.0] [cxt 0] Pipeline 'ingress': start
[23:27:11.834] [bmv2] [T] [thread 4565] [16.0] [cxt 0] Skipping checksum 'cksum' update because condition not met
[23:27:11.834] [bmv2] [T] [thread 4564] [17.0] [cxt 0] qos.p4(140) Condition "hdr.ipv4.isValid()" (node_2) is false
[23:27:11.834] [bmv2] [D] [thread 4564] [17.0] [cxt 0] Pipeline 'ingress': end
[23:27:11.834] [bmv2] [D] [thread 4564] [17.0] [cxt 0] Egress port is 0
[23:27:11.834] [bmv2] [D] [thread 4565] [16.0] [cxt 0] Deparsing header 'ethernet'
[23:27:11.834] [bmv2] [D] [thread 4565] [16.0] [cxt 0] Deparser 'deparser': end
[23:27:11.834] [bmv2] [D] [thread 4565] [17.0] [cxt 0] Pipeline 'egress': start
[23:27:11.834] [bmv2] [D] [thread 4565] [17.0] [cxt 0] Pipeline 'egress': end
[23:27:11.834] [bmv2] [D] [thread 4565] [17.0] [cxt 0] Deparser 'deparser': start
[23:27:11.834] [bmv2] [T] [thread 4565] [17.0] [cxt 0] Skipping checksum 'cksum' update because condition not met
[23:27:11.834] [bmv2] [D] [thread 4569] [16.0] [cxt 0] Transmitting packet of size 70 out of port 0
[23:27:11.834] [bmv2] [D] [thread 4565] [17.0] [cxt 0] Deparsing header 'ethernet'
[23:27:11.834] [bmv2] [D] [thread 4565] [17.0] [cxt 0] Deparser 'deparser': end
[23:27:11.834] [bmv2] [D] [thread 4569] [17.0] [cxt 0] Transmitting packet of size 70 out of port 0
[23:27:12.346] [bmv2] [D] [thread 4564] [18.0] [cxt 0] Processing packet received on port 1
[23:27:12.346] [bmv2] [D] [thread 4564] [18.0] [cxt 0] Parser 'parser': start
[23:27:12.346] [bmv2] [D] [thread 4564] [18.0] [cxt 0] Parser 'parser' entering state 'start'
[23:27:12.346] [bmv2] [D] [thread 4564] [18.0] [cxt 0] Extracting header 'ethernet'
[23:27:12.346] [bmv2] [D] [thread 4564] [18.0] [cxt 0] Parser state 'start': key is 86dd
[23:27:12.346] [bmv2] [T] [thread 4564] [18.0] [cxt 0] Bytes parsed: 14
[23:27:12.346] [bmv2] [D] [thread 4564] [18.0] [cxt 0] Parser 'parser': end
[23:27:12.346] [bmv2] [D] [thread 4564] [18.0] [cxt 0] Pipeline 'ingress': start
[23:27:12.346] [bmv2] [T] [thread 4564] [18.0] [cxt 0] qos.p4(140) Condition "hdr.ipv4.isValid()" (node_2) is false
[23:27:12.346] [bmv2] [D] [thread 4564] [18.0] [cxt 0] Pipeline 'ingress': end
[23:27:12.346] [bmv2] [D] [thread 4564] [18.0] [cxt 0] Egress port is 0
[23:27:12.346] [bmv2] [D] [thread 4565] [18.0] [cxt 0] Pipeline 'egress': start
[23:27:12.346] [bmv2] [D] [thread 4565] [18.0] [cxt 0] Pipeline 'egress': end
[23:27:12.346] [bmv2] [D] [thread 4565] [18.0] [cxt 0] Deparser 'deparser': start
[23:27:12.346] [bmv2] [T] [thread 4565] [18.0] [cxt 0] Skipping checksum 'cksum' update because condition not met
[23:27:12.346] [bmv2] [D] [thread 4565] [18.0] [cxt 0] Deparsing header 'ethernet'
[23:27:12.346] [bmv2] [D] [thread 4565] [18.0] [cxt 0] Deparser 'deparser': end
[23:27:12.346] [bmv2] [D] [thread 4569] [18.0] [cxt 0] Transmitting packet of size 70 out of port 0
[23:27:13.370] [bmv2] [D] [thread 4564] [19.0] [cxt 0] Processing packet received on port 2
[23:27:13.370] [bmv2] [D] [thread 4564] [19.0] [cxt 0] Parser 'parser': start
[23:27:13.370] [bmv2] [D] [thread 4564] [19.0] [cxt 0] Parser 'parser' entering state 'start'
[23:27:13.370] [bmv2] [D] [thread 4564] [19.0] [cxt 0] Extracting header 'ethernet'
[23:27:13.370] [bmv2] [D] [thread 4564] [19.0] [cxt 0] Parser state 'start': key is 86dd
[23:27:13.370] [bmv2] [T] [thread 4564] [19.0] [cxt 0] Bytes parsed: 14
[23:27:13.370] [bmv2] [D] [thread 4564] [19.0] [cxt 0] Parser 'parser': end
[23:27:13.370] [bmv2] [D] [thread 4564] [19.0] [cxt 0] Pipeline 'ingress': start
[23:27:13.370] [bmv2] [T] [thread 4564] [19.0] [cxt 0] qos.p4(140) Condition "hdr.ipv4.isValid()" (node_2) is false
[23:27:13.370] [bmv2] [D] [thread 4564] [19.0] [cxt 0] Pipeline 'ingress': end
[23:27:13.370] [bmv2] [D] [thread 4564] [19.0] [cxt 0] Egress port is 0
[23:27:13.370] [bmv2] [D] [thread 4565] [19.0] [cxt 0] Pipeline 'egress': start
[23:27:13.370] [bmv2] [D] [thread 4565] [19.0] [cxt 0] Pipeline 'egress': end
[23:27:13.370] [bmv2] [D] [thread 4565] [19.0] [cxt 0] Deparser 'deparser': start
[23:27:13.370] [bmv2] [T] [thread 4565] [19.0] [cxt 0] Skipping checksum 'cksum' update because condition not met
[23:27:13.370] [bmv2] [D] [thread 4565] [19.0] [cxt 0] Deparsing header 'ethernet'
[23:27:13.370] [bmv2] [D] [thread 4565] [19.0] [cxt 0] Deparser 'deparser': end
[23:27:13.370] [bmv2] [D] [thread 4569] [19.0] [cxt 0] Transmitting packet of size 70 out of port 0
[23:27:13.882] [bmv2] [D] [thread 4564] [20.0] [cxt 0] Processing packet received on port 2
[23:27:13.882] [bmv2] [D] [thread 4564] [20.0] [cxt 0] Parser 'parser': start
[23:27:13.882] [bmv2] [D] [thread 4564] [20.0] [cxt 0] Parser 'parser' entering state 'start'
[23:27:13.882] [bmv2] [D] [thread 4564] [20.0] [cxt 0] Extracting header 'ethernet'
[23:27:13.882] [bmv2] [D] [thread 4564] [20.0] [cxt 0] Parser state 'start': key is 86dd
[23:27:13.882] [bmv2] [T] [thread 4564] [20.0] [cxt 0] Bytes parsed: 14
[23:27:13.882] [bmv2] [D] [thread 4564] [20.0] [cxt 0] Parser 'parser': end
[23:27:13.882] [bmv2] [D] [thread 4564] [20.0] [cxt 0] Pipeline 'ingress': start
[23:27:13.882] [bmv2] [T] [thread 4564] [20.0] [cxt 0] qos.p4(140) Condition "hdr.ipv4.isValid()" (node_2) is false
[23:27:13.882] [bmv2] [D] [thread 4564] [20.0] [cxt 0] Pipeline 'ingress': end
[23:27:13.882] [bmv2] [D] [thread 4564] [20.0] [cxt 0] Egress port is 0
[23:27:13.882] [bmv2] [D] [thread 4565] [20.0] [cxt 0] Pipeline 'egress': start
[23:27:13.882] [bmv2] [D] [thread 4565] [20.0] [cxt 0] Pipeline 'egress': end
[23:27:13.882] [bmv2] [D] [thread 4565] [20.0] [cxt 0] Deparser 'deparser': start
[23:27:13.882] [bmv2] [T] [thread 4565] [20.0] [cxt 0] Skipping checksum 'cksum' update because condition not met
[23:27:13.882] [bmv2] [D] [thread 4565] [20.0] [cxt 0] Deparsing header 'ethernet'
[23:27:13.882] [bmv2] [D] [thread 4565] [20.0] [cxt 0] Deparser 'deparser': end
[23:27:13.882] [bmv2] [D] [thread 4569] [20.0] [cxt 0] Transmitting packet of size 70 out of port 0
[23:27:26.682] [bmv2] [D] [thread 4564] [21.0] [cxt 0] Processing packet received on port 3
[23:27:26.682] [bmv2] [D] [thread 4564] [21.0] [cxt 0] Parser 'parser': start
[23:27:26.682] [bmv2] [D] [thread 4564] [21.0] [cxt 0] Parser 'parser' entering state 'start'
[23:27:26.682] [bmv2] [D] [thread 4564] [21.0] [cxt 0] Extracting header 'ethernet'
[23:27:26.682] [bmv2] [D] [thread 4564] [21.0] [cxt 0] Parser state 'start': key is 86dd
[23:27:26.682] [bmv2] [T] [thread 4564] [21.0] [cxt 0] Bytes parsed: 14
[23:27:26.682] [bmv2] [D] [thread 4564] [21.0] [cxt 0] Parser 'parser': end
[23:27:26.682] [bmv2] [D] [thread 4564] [21.0] [cxt 0] Pipeline 'ingress': start
[23:27:26.682] [bmv2] [T] [thread 4564] [21.0] [cxt 0] qos.p4(140) Condition "hdr.ipv4.isValid()" (node_2) is false
[23:27:26.682] [bmv2] [D] [thread 4564] [21.0] [cxt 0] Pipeline 'ingress': end
[23:27:26.682] [bmv2] [D] [thread 4564] [21.0] [cxt 0] Egress port is 0
[23:27:26.682] [bmv2] [D] [thread 4565] [21.0] [cxt 0] Pipeline 'egress': start
[23:27:26.682] [bmv2] [D] [thread 4565] [21.0] [cxt 0] Pipeline 'egress': end
[23:27:26.682] [bmv2] [D] [thread 4565] [21.0] [cxt 0] Deparser 'deparser': start
[23:27:26.682] [bmv2] [T] [thread 4565] [21.0] [cxt 0] Skipping checksum 'cksum' update because condition not met
[23:27:26.682] [bmv2] [D] [thread 4565] [21.0] [cxt 0] Deparsing header 'ethernet'
[23:27:26.682] [bmv2] [D] [thread 4565] [21.0] [cxt 0] Deparser 'deparser': end
[23:27:26.682] [bmv2] [D] [thread 4569] [21.0] [cxt 0] Transmitting packet of size 70 out of port 0
[23:27:27.194] [bmv2] [D] [thread 4564] [22.0] [cxt 0] Processing packet received on port 3
[23:27:27.194] [bmv2] [D] [thread 4564] [22.0] [cxt 0] Parser 'parser': start
[23:27:27.194] [bmv2] [D] [thread 4564] [22.0] [cxt 0] Parser 'parser' entering state 'start'
[23:27:27.194] [bmv2] [D] [thread 4564] [22.0] [cxt 0] Extracting header 'ethernet'
[23:27:27.194] [bmv2] [D] [thread 4564] [22.0] [cxt 0] Parser state 'start': key is 86dd
[23:27:27.194] [bmv2] [T] [thread 4564] [22.0] [cxt 0] Bytes parsed: 14
[23:27:27.194] [bmv2] [D] [thread 4564] [22.0] [cxt 0] Parser 'parser': end
[23:27:27.194] [bmv2] [D] [thread 4564] [22.0] [cxt 0] Pipeline 'ingress': start
[23:27:27.194] [bmv2] [T] [thread 4564] [22.0] [cxt 0] qos.p4(140) Condition "hdr.ipv4.isValid()" (node_2) is false
[23:27:27.194] [bmv2] [D] [thread 4564] [22.0] [cxt 0] Pipeline 'ingress': end
[23:27:27.194] [bmv2] [D] [thread 4564] [22.0] [cxt 0] Egress port is 0
[23:27:27.194] [bmv2] [D] [thread 4565] [22.0] [cxt 0] Pipeline 'egress': start
[23:27:27.194] [bmv2] [D] [thread 4565] [22.0] [cxt 0] Pipeline 'egress': end
[23:27:27.194] [bmv2] [D] [thread 4565] [22.0] [cxt 0] Deparser 'deparser': start
[23:27:27.194] [bmv2] [T] [thread 4565] [22.0] [cxt 0] Skipping checksum 'cksum' update because condition not met
[23:27:27.194] [bmv2] [D] [thread 4565] [22.0] [cxt 0] Deparsing header 'ethernet'
[23:27:27.194] [bmv2] [D] [thread 4565] [22.0] [cxt 0] Deparser 'deparser': end
[23:27:27.194] [bmv2] [D] [thread 4569] [22.0] [cxt 0] Transmitting packet of size 70 out of port 0
[23:27:28.218] [bmv2] [D] [thread 4564] [23.0] [cxt 0] Processing packet received on port 1
[23:27:28.218] [bmv2] [D] [thread 4564] [23.0] [cxt 0] Parser 'parser': start
[23:27:28.218] [bmv2] [D] [thread 4564] [23.0] [cxt 0] Parser 'parser' entering state 'start'
[23:27:28.218] [bmv2] [D] [thread 4564] [23.0] [cxt 0] Extracting header 'ethernet'
[23:27:28.218] [bmv2] [D] [thread 4564] [23.0] [cxt 0] Parser state 'start': key is 86dd
[23:27:28.218] [bmv2] [T] [thread 4564] [23.0] [cxt 0] Bytes parsed: 14
[23:27:28.218] [bmv2] [D] [thread 4564] [23.0] [cxt 0] Parser 'parser': end
[23:27:28.218] [bmv2] [D] [thread 4564] [23.0] [cxt 0] Pipeline 'ingress': start
[23:27:28.218] [bmv2] [T] [thread 4564] [23.0] [cxt 0] qos.p4(140) Condition "hdr.ipv4.isValid()" (node_2) is false
[23:27:28.218] [bmv2] [D] [thread 4564] [23.0] [cxt 0] Pipeline 'ingress': end
[23:27:28.218] [bmv2] [D] [thread 4564] [23.0] [cxt 0] Egress port is 0
[23:27:28.218] [bmv2] [D] [thread 4565] [23.0] [cxt 0] Pipeline 'egress': start
[23:27:28.218] [bmv2] [D] [thread 4565] [23.0] [cxt 0] Pipeline 'egress': end
[23:27:28.218] [bmv2] [D] [thread 4565] [23.0] [cxt 0] Deparser 'deparser': start
[23:27:28.218] [bmv2] [T] [thread 4565] [23.0] [cxt 0] Skipping checksum 'cksum' update because condition not met
[23:27:28.218] [bmv2] [D] [thread 4565] [23.0] [cxt 0] Deparsing header 'ethernet'
[23:27:28.218] [bmv2] [D] [thread 4565] [23.0] [cxt 0] Deparser 'deparser': end
[23:27:28.218] [bmv2] [D] [thread 4569] [23.0] [cxt 0] Transmitting packet of size 70 out of port 0
[23:27:31.290] [bmv2] [D] [thread 4564] [24.0] [cxt 0] Processing packet received on port 2
[23:27:31.290] [bmv2] [D] [thread 4564] [24.0] [cxt 0] Parser 'parser': start
[23:27:31.290] [bmv2] [D] [thread 4564] [24.0] [cxt 0] Parser 'parser' entering state 'start'
[23:27:31.290] [bmv2] [D] [thread 4564] [24.0] [cxt 0] Extracting header 'ethernet'
[23:27:31.290] [bmv2] [D] [thread 4564] [24.0] [cxt 0] Parser state 'start': key is 86dd
[23:27:31.290] [bmv2] [T] [thread 4564] [24.0] [cxt 0] Bytes parsed: 14
[23:27:31.290] [bmv2] [D] [thread 4564] [24.0] [cxt 0] Parser 'parser': end
[23:27:31.290] [bmv2] [D] [thread 4564] [24.0] [cxt 0] Pipeline 'ingress': start
[23:27:31.290] [bmv2] [T] [thread 4564] [24.0] [cxt 0] qos.p4(140) Condition "hdr.ipv4.isValid()" (node_2) is false
[23:27:31.290] [bmv2] [D] [thread 4564] [24.0] [cxt 0] Pipeline 'ingress': end
[23:27:31.290] [bmv2] [D] [thread 4564] [24.0] [cxt 0] Egress port is 0
[23:27:31.290] [bmv2] [D] [thread 4565] [24.0] [cxt 0] Pipeline 'egress': start
[23:27:31.290] [bmv2] [D] [thread 4565] [24.0] [cxt 0] Pipeline 'egress': end
[23:27:31.290] [bmv2] [D] [thread 4565] [24.0] [cxt 0] Deparser 'deparser': start
[23:27:31.290] [bmv2] [T] [thread 4565] [24.0] [cxt 0] Skipping checksum 'cksum' update because condition not met
[23:27:31.290] [bmv2] [D] [thread 4565] [24.0] [cxt 0] Deparsing header 'ethernet'
[23:27:31.290] [bmv2] [D] [thread 4565] [24.0] [cxt 0] Deparser 'deparser': end
[23:27:31.290] [bmv2] [D] [thread 4569] [24.0] [cxt 0] Transmitting packet of size 70 out of port 0
[23:27:31.802] [bmv2] [D] [thread 4564] [25.0] [cxt 0] Processing packet received on port 2
[23:27:31.802] [bmv2] [D] [thread 4564] [25.0] [cxt 0] Parser 'parser': start
[23:27:31.802] [bmv2] [D] [thread 4564] [25.0] [cxt 0] Parser 'parser' entering state 'start'
[23:27:31.802] [bmv2] [D] [thread 4564] [25.0] [cxt 0] Extracting header 'ethernet'
[23:27:31.802] [bmv2] [D] [thread 4564] [25.0] [cxt 0] Parser state 'start': key is 86dd
[23:27:31.802] [bmv2] [T] [thread 4564] [25.0] [cxt 0] Bytes parsed: 14
[23:27:31.802] [bmv2] [D] [thread 4564] [25.0] [cxt 0] Parser 'parser': end
[23:27:31.802] [bmv2] [D] [thread 4564] [25.0] [cxt 0] Pipeline 'ingress': start
[23:27:31.802] [bmv2] [T] [thread 4564] [25.0] [cxt 0] qos.p4(140) Condition "hdr.ipv4.isValid()" (node_2) is false
[23:27:31.802] [bmv2] [D] [thread 4564] [25.0] [cxt 0] Pipeline 'ingress': end
[23:27:31.802] [bmv2] [D] [thread 4564] [25.0] [cxt 0] Egress port is 0
[23:27:31.802] [bmv2] [D] [thread 4565] [25.0] [cxt 0] Pipeline 'egress': start
[23:27:31.802] [bmv2] [D] [thread 4565] [25.0] [cxt 0] Pipeline 'egress': end
[23:27:31.802] [bmv2] [D] [thread 4565] [25.0] [cxt 0] Deparser 'deparser': start
[23:27:31.802] [bmv2] [T] [thread 4565] [25.0] [cxt 0] Skipping checksum 'cksum' update because condition not met
[23:27:31.802] [bmv2] [D] [thread 4565] [25.0] [cxt 0] Deparsing header 'ethernet'
[23:27:31.802] [bmv2] [D] [thread 4565] [25.0] [cxt 0] Deparser 'deparser': end
[23:27:31.802] [bmv2] [D] [thread 4569] [25.0] [cxt 0] Transmitting packet of size 70 out of port 0
[23:27:56.378] [bmv2] [D] [thread 4564] [26.0] [cxt 0] Processing packet received on port 3
[23:27:56.378] [bmv2] [D] [thread 4564] [26.0] [cxt 0] Parser 'parser': start
[23:27:56.378] [bmv2] [D] [thread 4564] [26.0] [cxt 0] Parser 'parser' entering state 'start'
[23:27:56.378] [bmv2] [D] [thread 4564] [26.0] [cxt 0] Extracting header 'ethernet'
[23:27:56.378] [bmv2] [D] [thread 4564] [26.0] [cxt 0] Parser state 'start': key is 86dd
[23:27:56.378] [bmv2] [T] [thread 4564] [26.0] [cxt 0] Bytes parsed: 14
[23:27:56.378] [bmv2] [D] [thread 4564] [26.0] [cxt 0] Parser 'parser': end
[23:27:56.378] [bmv2] [D] [thread 4564] [26.0] [cxt 0] Pipeline 'ingress': start
[23:27:56.378] [bmv2] [T] [thread 4564] [26.0] [cxt 0] qos.p4(140) Condition "hdr.ipv4.isValid()" (node_2) is false
[23:27:56.378] [bmv2] [D] [thread 4564] [26.0] [cxt 0] Pipeline 'ingress': end
[23:27:56.378] [bmv2] [D] [thread 4564] [26.0] [cxt 0] Egress port is 0
[23:27:56.378] [bmv2] [D] [thread 4565] [26.0] [cxt 0] Pipeline 'egress': start
[23:27:56.378] [bmv2] [D] [thread 4565] [26.0] [cxt 0] Pipeline 'egress': end
[23:27:56.378] [bmv2] [D] [thread 4565] [26.0] [cxt 0] Deparser 'deparser': start
[23:27:56.378] [bmv2] [T] [thread 4565] [26.0] [cxt 0] Skipping checksum 'cksum' update because condition not met
[23:27:56.378] [bmv2] [D] [thread 4565] [26.0] [cxt 0] Deparsing header 'ethernet'
[23:27:56.378] [bmv2] [D] [thread 4565] [26.0] [cxt 0] Deparser 'deparser': end
[23:27:56.378] [bmv2] [D] [thread 4569] [26.0] [cxt 0] Transmitting packet of size 70 out of port 0
[23:27:56.890] [bmv2] [D] [thread 4564] [27.0] [cxt 0] Processing packet received on port 3
[23:27:56.890] [bmv2] [D] [thread 4564] [27.0] [cxt 0] Parser 'parser': start
[23:27:56.890] [bmv2] [D] [thread 4564] [27.0] [cxt 0] Parser 'parser' entering state 'start'
[23:27:56.890] [bmv2] [D] [thread 4564] [27.0] [cxt 0] Extracting header 'ethernet'
[23:27:56.890] [bmv2] [D] [thread 4564] [27.0] [cxt 0] Parser state 'start': key is 86dd
[23:27:56.890] [bmv2] [T] [thread 4564] [27.0] [cxt 0] Bytes parsed: 14
[23:27:56.890] [bmv2] [D] [thread 4564] [27.0] [cxt 0] Parser 'parser': end
[23:27:56.890] [bmv2] [D] [thread 4564] [27.0] [cxt 0] Pipeline 'ingress': start
[23:27:56.890] [bmv2] [T] [thread 4564] [27.0] [cxt 0] qos.p4(140) Condition "hdr.ipv4.isValid()" (node_2) is false
[23:27:56.890] [bmv2] [D] [thread 4564] [27.0] [cxt 0] Pipeline 'ingress': end
[23:27:56.890] [bmv2] [D] [thread 4564] [27.0] [cxt 0] Egress port is 0
[23:27:56.890] [bmv2] [D] [thread 4565] [27.0] [cxt 0] Pipeline 'egress': start
[23:27:56.890] [bmv2] [D] [thread 4565] [27.0] [cxt 0] Pipeline 'egress': end
[23:27:56.890] [bmv2] [D] [thread 4565] [27.0] [cxt 0] Deparser 'deparser': start
[23:27:56.890] [bmv2] [T] [thread 4565] [27.0] [cxt 0] Skipping checksum 'cksum' update because condition not met
[23:27:56.890] [bmv2] [D] [thread 4565] [27.0] [cxt 0] Deparsing header 'ethernet'
[23:27:56.890] [bmv2] [D] [thread 4565] [27.0] [cxt 0] Deparser 'deparser': end
[23:27:56.890] [bmv2] [D] [thread 4569] [27.0] [cxt 0] Transmitting packet of size 70 out of port 0
[23:28:03.546] [bmv2] [D] [thread 4564] [28.0] [cxt 0] Processing packet received on port 1
[23:28:03.546] [bmv2] [D] [thread 4564] [28.0] [cxt 0] Parser 'parser': start
[23:28:03.546] [bmv2] [D] [thread 4564] [28.0] [cxt 0] Parser 'parser' entering state 'start'
[23:28:03.546] [bmv2] [D] [thread 4564] [28.0] [cxt 0] Extracting header 'ethernet'
[23:28:03.546] [bmv2] [D] [thread 4564] [28.0] [cxt 0] Parser state 'start': key is 86dd
[23:28:03.546] [bmv2] [T] [thread 4564] [28.0] [cxt 0] Bytes parsed: 14
[23:28:03.546] [bmv2] [D] [thread 4564] [28.0] [cxt 0] Parser 'parser': end
[23:28:03.546] [bmv2] [D] [thread 4564] [28.0] [cxt 0] Pipeline 'ingress': start
[23:28:03.546] [bmv2] [T] [thread 4564] [28.0] [cxt 0] qos.p4(140) Condition "hdr.ipv4.isValid()" (node_2) is false
[23:28:03.546] [bmv2] [D] [thread 4564] [28.0] [cxt 0] Pipeline 'ingress': end
[23:28:03.546] [bmv2] [D] [thread 4564] [28.0] [cxt 0] Egress port is 0
[23:28:03.546] [bmv2] [D] [thread 4565] [28.0] [cxt 0] Pipeline 'egress': start
[23:28:03.546] [bmv2] [D] [thread 4565] [28.0] [cxt 0] Pipeline 'egress': end
[23:28:03.546] [bmv2] [D] [thread 4565] [28.0] [cxt 0] Deparser 'deparser': start
[23:28:03.546] [bmv2] [T] [thread 4565] [28.0] [cxt 0] Skipping checksum 'cksum' update because condition not met
[23:28:03.546] [bmv2] [D] [thread 4565] [28.0] [cxt 0] Deparsing header 'ethernet'
[23:28:03.546] [bmv2] [D] [thread 4565] [28.0] [cxt 0] Deparser 'deparser': end
[23:28:03.546] [bmv2] [D] [thread 4569] [28.0] [cxt 0] Transmitting packet of size 70 out of port 0
[23:28:07.642] [bmv2] [D] [thread 4564] [29.0] [cxt 0] Processing packet received on port 2
[23:28:07.642] [bmv2] [D] [thread 4564] [29.0] [cxt 0] Parser 'parser': start
[23:28:07.642] [bmv2] [D] [thread 4564] [29.0] [cxt 0] Parser 'parser' entering state 'start'
[23:28:07.642] [bmv2] [D] [thread 4564] [29.0] [cxt 0] Extracting header 'ethernet'
[23:28:07.642] [bmv2] [D] [thread 4564] [29.0] [cxt 0] Parser state 'start': key is 86dd
[23:28:07.642] [bmv2] [T] [thread 4564] [29.0] [cxt 0] Bytes parsed: 14
[23:28:07.642] [bmv2] [D] [thread 4564] [29.0] [cxt 0] Parser 'parser': end
[23:28:07.642] [bmv2] [D] [thread 4564] [29.0] [cxt 0] Pipeline 'ingress': start
[23:28:07.642] [bmv2] [T] [thread 4564] [29.0] [cxt 0] qos.p4(140) Condition "hdr.ipv4.isValid()" (node_2) is false
[23:28:07.642] [bmv2] [D] [thread 4564] [29.0] [cxt 0] Pipeline 'ingress': end
[23:28:07.642] [bmv2] [D] [thread 4564] [29.0] [cxt 0] Egress port is 0
[23:28:07.642] [bmv2] [D] [thread 4564] [30.0] [cxt 0] Processing packet received on port 2
[23:28:07.642] [bmv2] [D] [thread 4564] [30.0] [cxt 0] Parser 'parser': start
[23:28:07.642] [bmv2] [D] [thread 4564] [30.0] [cxt 0] Parser 'parser' entering state 'start'
[23:28:07.642] [bmv2] [D] [thread 4564] [30.0] [cxt 0] Extracting header 'ethernet'
[23:28:07.642] [bmv2] [D] [thread 4564] [30.0] [cxt 0] Parser state 'start': key is 86dd
[23:28:07.642] [bmv2] [T] [thread 4564] [30.0] [cxt 0] Bytes parsed: 14
[23:28:07.642] [bmv2] [D] [thread 4564] [30.0] [cxt 0] Parser 'parser': end
[23:28:07.642] [bmv2] [D] [thread 4565] [29.0] [cxt 0] Pipeline 'egress': start
[23:28:07.642] [bmv2] [D] [thread 4565] [29.0] [cxt 0] Pipeline 'egress': end
[23:28:07.642] [bmv2] [D] [thread 4564] [30.0] [cxt 0] Pipeline 'ingress': start
[23:28:07.642] [bmv2] [D] [thread 4565] [29.0] [cxt 0] Deparser 'deparser': start
[23:28:07.642] [bmv2] [T] [thread 4564] [30.0] [cxt 0] qos.p4(140) Condition "hdr.ipv4.isValid()" (node_2) is false
[23:28:07.642] [bmv2] [T] [thread 4565] [29.0] [cxt 0] Skipping checksum 'cksum' update because condition not met
[23:28:07.642] [bmv2] [D] [thread 4564] [30.0] [cxt 0] Pipeline 'ingress': end
[23:28:07.642] [bmv2] [D] [thread 4565] [29.0] [cxt 0] Deparsing header 'ethernet'
[23:28:07.642] [bmv2] [D] [thread 4564] [30.0] [cxt 0] Egress port is 0
[23:28:07.642] [bmv2] [D] [thread 4565] [29.0] [cxt 0] Deparser 'deparser': end
[23:28:07.642] [bmv2] [D] [thread 4565] [30.0] [cxt 0] Pipeline 'egress': start
[23:28:07.642] [bmv2] [D] [thread 4565] [30.0] [cxt 0] Pipeline 'egress': end
[23:28:07.642] [bmv2] [D] [thread 4565] [30.0] [cxt 0] Deparser 'deparser': start
[23:28:07.642] [bmv2] [D] [thread 4569] [29.0] [cxt 0] Transmitting packet of size 70 out of port 0
[23:28:07.642] [bmv2] [T] [thread 4565] [30.0] [cxt 0] Skipping checksum 'cksum' update because condition not met
[23:28:07.642] [bmv2] [D] [thread 4565] [30.0] [cxt 0] Deparsing header 'ethernet'
[23:28:07.642] [bmv2] [D] [thread 4565] [30.0] [cxt 0] Deparser 'deparser': end
[23:28:07.642] [bmv2] [D] [thread 4569] [30.0] [cxt 0] Transmitting packet of size 70 out of port 0
[23:28:56.794] [bmv2] [D] [thread 4564] [31.0] [cxt 0] Processing packet received on port 3
[23:28:56.794] [bmv2] [D] [thread 4564] [31.0] [cxt 0] Parser 'parser': start
[23:28:56.794] [bmv2] [D] [thread 4564] [31.0] [cxt 0] Parser 'parser' entering state 'start'
[23:28:56.794] [bmv2] [D] [thread 4564] [31.0] [cxt 0] Extracting header 'ethernet'
[23:28:56.794] [bmv2] [D] [thread 4564] [31.0] [cxt 0] Parser state 'start': key is 86dd
[23:28:56.794] [bmv2] [T] [thread 4564] [31.0] [cxt 0] Bytes parsed: 14
[23:28:56.794] [bmv2] [D] [thread 4564] [31.0] [cxt 0] Parser 'parser': end
[23:28:56.794] [bmv2] [D] [thread 4564] [31.0] [cxt 0] Pipeline 'ingress': start
[23:28:56.794] [bmv2] [T] [thread 4564] [31.0] [cxt 0] qos.p4(140) Condition "hdr.ipv4.isValid()" (node_2) is false
[23:28:56.794] [bmv2] [D] [thread 4564] [31.0] [cxt 0] Pipeline 'ingress': end
[23:28:56.794] [bmv2] [D] [thread 4564] [31.0] [cxt 0] Egress port is 0
[23:28:56.794] [bmv2] [D] [thread 4564] [32.0] [cxt 0] Processing packet received on port 3
[23:28:56.794] [bmv2] [D] [thread 4564] [32.0] [cxt 0] Parser 'parser': start
[23:28:56.794] [bmv2] [D] [thread 4564] [32.0] [cxt 0] Parser 'parser' entering state 'start'
[23:28:56.794] [bmv2] [D] [thread 4564] [32.0] [cxt 0] Extracting header 'ethernet'
[23:28:56.794] [bmv2] [D] [thread 4564] [32.0] [cxt 0] Parser state 'start': key is 86dd
[23:28:56.794] [bmv2] [T] [thread 4564] [32.0] [cxt 0] Bytes parsed: 14
[23:28:56.794] [bmv2] [D] [thread 4564] [32.0] [cxt 0] Parser 'parser': end
[23:28:56.794] [bmv2] [D] [thread 4565] [31.0] [cxt 0] Pipeline 'egress': start
[23:28:56.794] [bmv2] [D] [thread 4565] [31.0] [cxt 0] Pipeline 'egress': end
[23:28:56.794] [bmv2] [D] [thread 4564] [32.0] [cxt 0] Pipeline 'ingress': start
[23:28:56.794] [bmv2] [D] [thread 4565] [31.0] [cxt 0] Deparser 'deparser': start
[23:28:56.794] [bmv2] [T] [thread 4565] [31.0] [cxt 0] Skipping checksum 'cksum' update because condition not met
[23:28:56.794] [bmv2] [D] [thread 4565] [31.0] [cxt 0] Deparsing header 'ethernet'
[23:28:56.794] [bmv2] [T] [thread 4564] [32.0] [cxt 0] qos.p4(140) Condition "hdr.ipv4.isValid()" (node_2) is false
[23:28:56.794] [bmv2] [D] [thread 4564] [32.0] [cxt 0] Pipeline 'ingress': end
[23:28:56.794] [bmv2] [D] [thread 4565] [31.0] [cxt 0] Deparser 'deparser': end
[23:28:56.794] [bmv2] [D] [thread 4564] [32.0] [cxt 0] Egress port is 0
[23:28:56.795] [bmv2] [D] [thread 4565] [32.0] [cxt 0] Pipeline 'egress': start
[23:28:56.795] [bmv2] [D] [thread 4565] [32.0] [cxt 0] Pipeline 'egress': end
[23:28:56.795] [bmv2] [D] [thread 4565] [32.0] [cxt 0] Deparser 'deparser': start
[23:28:56.795] [bmv2] [D] [thread 4569] [31.0] [cxt 0] Transmitting packet of size 70 out of port 0
[23:28:56.795] [bmv2] [T] [thread 4565] [32.0] [cxt 0] Skipping checksum 'cksum' update because condition not met
[23:28:56.795] [bmv2] [D] [thread 4565] [32.0] [cxt 0] Deparsing header 'ethernet'
[23:28:56.795] [bmv2] [D] [thread 4565] [32.0] [cxt 0] Deparser 'deparser': end
[23:28:56.795] [bmv2] [D] [thread 4569] [32.0] [cxt 0] Transmitting packet of size 70 out of port 0
[23:29:09.082] [bmv2] [D] [thread 4564] [33.0] [cxt 0] Processing packet received on port 1
[23:29:09.082] [bmv2] [D] [thread 4564] [33.0] [cxt 0] Parser 'parser': start
[23:29:09.082] [bmv2] [D] [thread 4564] [33.0] [cxt 0] Parser 'parser' entering state 'start'
[23:29:09.082] [bmv2] [D] [thread 4564] [33.0] [cxt 0] Extracting header 'ethernet'
[23:29:09.082] [bmv2] [D] [thread 4564] [33.0] [cxt 0] Parser state 'start': key is 86dd
[23:29:09.082] [bmv2] [T] [thread 4564] [33.0] [cxt 0] Bytes parsed: 14
[23:29:09.082] [bmv2] [D] [thread 4564] [33.0] [cxt 0] Parser 'parser': end
[23:29:09.082] [bmv2] [D] [thread 4564] [33.0] [cxt 0] Pipeline 'ingress': start
[23:29:09.082] [bmv2] [T] [thread 4564] [33.0] [cxt 0] qos.p4(140) Condition "hdr.ipv4.isValid()" (node_2) is false
[23:29:09.082] [bmv2] [D] [thread 4564] [33.0] [cxt 0] Pipeline 'ingress': end
[23:29:09.082] [bmv2] [D] [thread 4564] [33.0] [cxt 0] Egress port is 0
[23:29:09.082] [bmv2] [D] [thread 4565] [33.0] [cxt 0] Pipeline 'egress': start
[23:29:09.082] [bmv2] [D] [thread 4565] [33.0] [cxt 0] Pipeline 'egress': end
[23:29:09.082] [bmv2] [D] [thread 4565] [33.0] [cxt 0] Deparser 'deparser': start
[23:29:09.082] [bmv2] [T] [thread 4565] [33.0] [cxt 0] Skipping checksum 'cksum' update because condition not met
[23:29:09.082] [bmv2] [D] [thread 4565] [33.0] [cxt 0] Deparsing header 'ethernet'
[23:29:09.082] [bmv2] [D] [thread 4565] [33.0] [cxt 0] Deparser 'deparser': end
[23:29:09.082] [bmv2] [D] [thread 4569] [33.0] [cxt 0] Transmitting packet of size 70 out of port 0
[23:29:17.274] [bmv2] [D] [thread 4564] [34.0] [cxt 0] Processing packet received on port 2
[23:29:17.274] [bmv2] [D] [thread 4564] [34.0] [cxt 0] Parser 'parser': start
[23:29:17.274] [bmv2] [D] [thread 4564] [34.0] [cxt 0] Parser 'parser' entering state 'start'
[23:29:17.274] [bmv2] [D] [thread 4564] [34.0] [cxt 0] Extracting header 'ethernet'
[23:29:17.274] [bmv2] [D] [thread 4564] [34.0] [cxt 0] Parser state 'start': key is 86dd
[23:29:17.274] [bmv2] [T] [thread 4564] [34.0] [cxt 0] Bytes parsed: 14
[23:29:17.274] [bmv2] [D] [thread 4564] [34.0] [cxt 0] Parser 'parser': end
[23:29:17.274] [bmv2] [D] [thread 4564] [34.0] [cxt 0] Pipeline 'ingress': start
[23:29:17.274] [bmv2] [T] [thread 4564] [34.0] [cxt 0] qos.p4(140) Condition "hdr.ipv4.isValid()" (node_2) is false
[23:29:17.274] [bmv2] [D] [thread 4564] [34.0] [cxt 0] Pipeline 'ingress': end
[23:29:17.274] [bmv2] [D] [thread 4564] [34.0] [cxt 0] Egress port is 0
[23:29:17.274] [bmv2] [D] [thread 4565] [34.0] [cxt 0] Pipeline 'egress': start
[23:29:17.274] [bmv2] [D] [thread 4565] [34.0] [cxt 0] Pipeline 'egress': end
[23:29:17.274] [bmv2] [D] [thread 4565] [34.0] [cxt 0] Deparser 'deparser': start
[23:29:17.274] [bmv2] [T] [thread 4565] [34.0] [cxt 0] Skipping checksum 'cksum' update because condition not met
[23:29:17.274] [bmv2] [D] [thread 4565] [34.0] [cxt 0] Deparsing header 'ethernet'
[23:29:17.274] [bmv2] [D] [thread 4565] [34.0] [cxt 0] Deparser 'deparser': end
[23:29:17.274] [bmv2] [D] [thread 4569] [34.0] [cxt 0] Transmitting packet of size 70 out of port 0
[23:29:21.370] [bmv2] [D] [thread 4564] [35.0] [cxt 0] Processing packet received on port 2
[23:29:21.370] [bmv2] [D] [thread 4564] [35.0] [cxt 0] Parser 'parser': start
[23:29:21.370] [bmv2] [D] [thread 4564] [35.0] [cxt 0] Parser 'parser' entering state 'start'
[23:29:21.370] [bmv2] [D] [thread 4564] [35.0] [cxt 0] Extracting header 'ethernet'
[23:29:21.370] [bmv2] [D] [thread 4564] [35.0] [cxt 0] Parser state 'start': key is 86dd
[23:29:21.370] [bmv2] [T] [thread 4564] [35.0] [cxt 0] Bytes parsed: 14
[23:29:21.370] [bmv2] [D] [thread 4564] [35.0] [cxt 0] Parser 'parser': end
[23:29:21.370] [bmv2] [D] [thread 4564] [35.0] [cxt 0] Pipeline 'ingress': start
[23:29:21.370] [bmv2] [T] [thread 4564] [35.0] [cxt 0] qos.p4(140) Condition "hdr.ipv4.isValid()" (node_2) is false
[23:29:21.370] [bmv2] [D] [thread 4564] [35.0] [cxt 0] Pipeline 'ingress': end
[23:29:21.370] [bmv2] [D] [thread 4564] [35.0] [cxt 0] Egress port is 0
[23:29:21.370] [bmv2] [D] [thread 4565] [35.0] [cxt 0] Pipeline 'egress': start
[23:29:21.370] [bmv2] [D] [thread 4565] [35.0] [cxt 0] Pipeline 'egress': end
[23:29:21.370] [bmv2] [D] [thread 4565] [35.0] [cxt 0] Deparser 'deparser': start
[23:29:21.370] [bmv2] [T] [thread 4565] [35.0] [cxt 0] Skipping checksum 'cksum' update because condition not met
[23:29:21.370] [bmv2] [D] [thread 4565] [35.0] [cxt 0] Deparsing header 'ethernet'
[23:29:21.370] [bmv2] [D] [thread 4565] [35.0] [cxt 0] Deparser 'deparser': end
[23:29:21.370] [bmv2] [D] [thread 4569] [35.0] [cxt 0] Transmitting packet of size 70 out of port 0
[23:30:55.578] [bmv2] [D] [thread 4564] [36.0] [cxt 0] Processing packet received on port 3
[23:30:55.578] [bmv2] [D] [thread 4564] [36.0] [cxt 0] Parser 'parser': start
[23:30:55.578] [bmv2] [D] [thread 4564] [36.0] [cxt 0] Parser 'parser' entering state 'start'
[23:30:55.578] [bmv2] [D] [thread 4564] [36.0] [cxt 0] Extracting header 'ethernet'
[23:30:55.578] [bmv2] [D] [thread 4564] [36.0] [cxt 0] Parser state 'start': key is 86dd
[23:30:55.578] [bmv2] [T] [thread 4564] [36.0] [cxt 0] Bytes parsed: 14
[23:30:55.578] [bmv2] [D] [thread 4564] [36.0] [cxt 0] Parser 'parser': end
[23:30:55.578] [bmv2] [D] [thread 4564] [36.0] [cxt 0] Pipeline 'ingress': start
[23:30:55.578] [bmv2] [T] [thread 4564] [36.0] [cxt 0] qos.p4(140) Condition "hdr.ipv4.isValid()" (node_2) is false
[23:30:55.578] [bmv2] [D] [thread 4564] [36.0] [cxt 0] Pipeline 'ingress': end
[23:30:55.578] [bmv2] [D] [thread 4564] [36.0] [cxt 0] Egress port is 0
[23:30:55.578] [bmv2] [D] [thread 4564] [37.0] [cxt 0] Processing packet received on port 3
[23:30:55.578] [bmv2] [D] [thread 4564] [37.0] [cxt 0] Parser 'parser': start
[23:30:55.578] [bmv2] [D] [thread 4564] [37.0] [cxt 0] Parser 'parser' entering state 'start'
[23:30:55.578] [bmv2] [D] [thread 4564] [37.0] [cxt 0] Extracting header 'ethernet'
[23:30:55.578] [bmv2] [D] [thread 4564] [37.0] [cxt 0] Parser state 'start': key is 86dd
[23:30:55.578] [bmv2] [D] [thread 4565] [36.0] [cxt 0] Pipeline 'egress': start
[23:30:55.578] [bmv2] [D] [thread 4565] [36.0] [cxt 0] Pipeline 'egress': end
[23:30:55.578] [bmv2] [T] [thread 4564] [37.0] [cxt 0] Bytes parsed: 14
[23:30:55.578] [bmv2] [D] [thread 4564] [37.0] [cxt 0] Parser 'parser': end
[23:30:55.578] [bmv2] [D] [thread 4565] [36.0] [cxt 0] Deparser 'deparser': start
[23:30:55.578] [bmv2] [D] [thread 4564] [37.0] [cxt 0] Pipeline 'ingress': start
[23:30:55.578] [bmv2] [T] [thread 4565] [36.0] [cxt 0] Skipping checksum 'cksum' update because condition not met
[23:30:55.578] [bmv2] [T] [thread 4564] [37.0] [cxt 0] qos.p4(140) Condition "hdr.ipv4.isValid()" (node_2) is false
[23:30:55.578] [bmv2] [D] [thread 4565] [36.0] [cxt 0] Deparsing header 'ethernet'
[23:30:55.578] [bmv2] [D] [thread 4565] [36.0] [cxt 0] Deparser 'deparser': end
[23:30:55.578] [bmv2] [D] [thread 4564] [37.0] [cxt 0] Pipeline 'ingress': end
[23:30:55.578] [bmv2] [D] [thread 4564] [37.0] [cxt 0] Egress port is 0
[23:30:55.578] [bmv2] [D] [thread 4569] [36.0] [cxt 0] Transmitting packet of size 70 out of port 0
[23:30:55.578] [bmv2] [D] [thread 4565] [37.0] [cxt 0] Pipeline 'egress': start
[23:30:55.578] [bmv2] [D] [thread 4565] [37.0] [cxt 0] Pipeline 'egress': end
[23:30:55.578] [bmv2] [D] [thread 4565] [37.0] [cxt 0] Deparser 'deparser': start
[23:30:55.578] [bmv2] [T] [thread 4565] [37.0] [cxt 0] Skipping checksum 'cksum' update because condition not met
[23:30:55.578] [bmv2] [D] [thread 4565] [37.0] [cxt 0] Deparsing header 'ethernet'
[23:30:55.578] [bmv2] [D] [thread 4565] [37.0] [cxt 0] Deparser 'deparser': end
[23:30:55.578] [bmv2] [D] [thread 4569] [37.0] [cxt 0] Transmitting packet of size 70 out of port 0
[23:31:16.058] [bmv2] [D] [thread 4564] [38.0] [cxt 0] Processing packet received on port 1
[23:31:16.058] [bmv2] [D] [thread 4564] [38.0] [cxt 0] Parser 'parser': start
[23:31:16.058] [bmv2] [D] [thread 4564] [38.0] [cxt 0] Parser 'parser' entering state 'start'
[23:31:16.058] [bmv2] [D] [thread 4564] [38.0] [cxt 0] Extracting header 'ethernet'
[23:31:16.058] [bmv2] [D] [thread 4564] [38.0] [cxt 0] Parser state 'start': key is 86dd
[23:31:16.058] [bmv2] [T] [thread 4564] [38.0] [cxt 0] Bytes parsed: 14
[23:31:16.058] [bmv2] [D] [thread 4564] [38.0] [cxt 0] Parser 'parser': end
[23:31:16.058] [bmv2] [D] [thread 4564] [38.0] [cxt 0] Pipeline 'ingress': start
[23:31:16.058] [bmv2] [T] [thread 4564] [38.0] [cxt 0] qos.p4(140) Condition "hdr.ipv4.isValid()" (node_2) is false
[23:31:16.058] [bmv2] [D] [thread 4564] [38.0] [cxt 0] Pipeline 'ingress': end
[23:31:16.058] [bmv2] [D] [thread 4564] [38.0] [cxt 0] Egress port is 0
[23:31:16.058] [bmv2] [D] [thread 4565] [38.0] [cxt 0] Pipeline 'egress': start
[23:31:16.058] [bmv2] [D] [thread 4565] [38.0] [cxt 0] Pipeline 'egress': end
[23:31:16.058] [bmv2] [D] [thread 4565] [38.0] [cxt 0] Deparser 'deparser': start
[23:31:16.058] [bmv2] [T] [thread 4565] [38.0] [cxt 0] Skipping checksum 'cksum' update because condition not met
[23:31:16.058] [bmv2] [D] [thread 4565] [38.0] [cxt 0] Deparsing header 'ethernet'
[23:31:16.058] [bmv2] [D] [thread 4565] [38.0] [cxt 0] Deparser 'deparser': end
[23:31:16.058] [bmv2] [D] [thread 4569] [38.0] [cxt 0] Transmitting packet of size 70 out of port 0
