Calling target program-options parser
[01:34:43.928] [bmv2] [D] [thread 23436] Set default default entry for table 'MyIngress.ipv4_lpm': NoAction - 
Adding interface s2-eth1 as port 1
[01:34:43.930] [bmv2] [D] [thread 23436] Adding interface s2-eth1 as port 1
Adding interface s2-eth2 as port 2
[01:34:43.948] [bmv2] [D] [thread 23436] Adding interface s2-eth2 as port 2
Adding interface s2-eth3 as port 3
[01:34:43.954] [bmv2] [D] [thread 23436] Adding interface s2-eth3 as port 3
Adding interface s2-eth4 as port 4
[01:34:43.960] [bmv2] [D] [thread 23436] Adding interface s2-eth4 as port 4
Server listening on 0.0.0.0:50052
[01:34:43.977] [bmv2] [I] [thread 23436] Starting Thrift server on port 9091
[01:34:43.977] [bmv2] [I] [thread 23436] Thrift server was started
[01:34:44.031] [bmv2] [D] [thread 23462] [0.0] [cxt 0] Processing packet received on port 1
[01:34:44.031] [bmv2] [D] [thread 23462] [0.0] [cxt 0] Parser 'parser': start
[01:34:44.031] [bmv2] [D] [thread 23462] [0.0] [cxt 0] Parser 'parser' entering state 'start'
[01:34:44.031] [bmv2] [D] [thread 23462] [0.0] [cxt 0] Extracting header 'ethernet'
[01:34:44.031] [bmv2] [D] [thread 23462] [0.0] [cxt 0] Parser set: setting field 'scalars.tmp' from field 'ethernet.srcAddr' (231387091625962)
[01:34:44.031] [bmv2] [D] [thread 23462] [0.0] [cxt 0] Parser set: setting field 'scalars.tmp_0' from field 'ethernet.dstAddr' (56294136348694)
[01:34:44.031] [bmv2] [D] [thread 23462] [0.0] [cxt 0] Executing method log_msg
[01:34:44.031] [bmv2] [T] [thread 23462] [0.0] [cxt 0] Action log_msg
[01:34:44.031] [bmv2] [T] [thread 23462] [0.0] [cxt 0] basic.p4(73) Primitive         log_msg(\"Src {} Dst {}\n \", {hdr.ethernet.srcAddr, hdr.ethernet.dstAddr});
[01:34:44.031] [bmv2] [I] [thread 23462] Src 231387091625962 Dst 56294136348694
 
[01:34:44.031] [bmv2] [D] [thread 23462] [0.0] [cxt 0] Parser state 'start': key is 86dd
[01:34:44.031] [bmv2] [T] [thread 23462] [0.0] [cxt 0] Bytes parsed: 14
[01:34:44.031] [bmv2] [D] [thread 23462] [0.0] [cxt 0] Parser 'parser': end
[01:34:44.031] [bmv2] [D] [thread 23462] [0.0] [cxt 0] Pipeline 'ingress': start
[01:34:44.031] [bmv2] [T] [thread 23462] [0.0] [cxt 0] Applying table 'MyIngress.ipv4_lpm'
[01:34:44.031] [bmv2] [D] [thread 23462] [0.0] [cxt 0] Looking up key:
* hdr.ipv4.dstAddr    : 00000000

[01:34:44.031] [bmv2] [D] [thread 23462] [0.0] [cxt 0] Table 'MyIngress.ipv4_lpm': miss
[01:34:44.031] [bmv2] [D] [thread 23462] [0.0] [cxt 0] Action entry is NoAction - 
[01:34:44.031] [bmv2] [T] [thread 23462] [0.0] [cxt 0] Action NoAction
[01:34:44.031] [bmv2] [D] [thread 23462] [0.0] [cxt 0] Pipeline 'ingress': end
[01:34:44.031] [bmv2] [D] [thread 23462] [0.0] [cxt 0] Egress port is 0
[01:34:44.032] [bmv2] [D] [thread 23463] [0.0] [cxt 0] Pipeline 'egress': start
[01:34:44.032] [bmv2] [D] [thread 23463] [0.0] [cxt 0] Pipeline 'egress': end
[01:34:44.032] [bmv2] [D] [thread 23463] [0.0] [cxt 0] Deparser 'deparser': start
[01:34:44.032] [bmv2] [T] [thread 23463] [0.0] [cxt 0] Skipping checksum 'cksum' update because condition not met
[01:34:44.032] [bmv2] [D] [thread 23463] [0.0] [cxt 0] Deparsing header 'ethernet'
[01:34:44.032] [bmv2] [D] [thread 23463] [0.0] [cxt 0] Deparser 'deparser': end
[01:34:44.032] [bmv2] [D] [thread 23467] [0.0] [cxt 0] Transmitting packet of size 90 out of port 0
[01:34:44.095] [bmv2] [D] [thread 23462] [1.0] [cxt 0] Processing packet received on port 3
[01:34:44.095] [bmv2] [D] [thread 23462] [1.0] [cxt 0] Parser 'parser': start
[01:34:44.095] [bmv2] [D] [thread 23462] [1.0] [cxt 0] Parser 'parser' entering state 'start'
[01:34:44.095] [bmv2] [D] [thread 23462] [1.0] [cxt 0] Extracting header 'ethernet'
[01:34:44.095] [bmv2] [D] [thread 23462] [1.0] [cxt 0] Parser set: setting field 'scalars.tmp' from field 'ethernet.srcAddr' (72645455461153)
[01:34:44.095] [bmv2] [D] [thread 23462] [1.0] [cxt 0] Parser set: setting field 'scalars.tmp_0' from field 'ethernet.dstAddr' (56294136348694)
[01:34:44.095] [bmv2] [D] [thread 23462] [1.0] [cxt 0] Executing method log_msg
[01:34:44.095] [bmv2] [T] [thread 23462] [1.0] [cxt 0] Action log_msg
[01:34:44.095] [bmv2] [T] [thread 23462] [1.0] [cxt 0] basic.p4(73) Primitive         log_msg(\"Src {} Dst {}\n \", {hdr.ethernet.srcAddr, hdr.ethernet.dstAddr});
[01:34:44.095] [bmv2] [I] [thread 23462] Src 72645455461153 Dst 56294136348694
 
[01:34:44.095] [bmv2] [D] [thread 23462] [1.0] [cxt 0] Parser state 'start': key is 86dd
[01:34:44.095] [bmv2] [T] [thread 23462] [1.0] [cxt 0] Bytes parsed: 14
[01:34:44.095] [bmv2] [D] [thread 23462] [1.0] [cxt 0] Parser 'parser': end
[01:34:44.095] [bmv2] [D] [thread 23462] [1.0] [cxt 0] Pipeline 'ingress': start
[01:34:44.095] [bmv2] [T] [thread 23462] [1.0] [cxt 0] Applying table 'MyIngress.ipv4_lpm'
[01:34:44.095] [bmv2] [D] [thread 23462] [1.0] [cxt 0] Looking up key:
* hdr.ipv4.dstAddr    : 00000000

[01:34:44.095] [bmv2] [D] [thread 23462] [1.0] [cxt 0] Table 'MyIngress.ipv4_lpm': miss
[01:34:44.095] [bmv2] [D] [thread 23462] [1.0] [cxt 0] Action entry is NoAction - 
[01:34:44.095] [bmv2] [T] [thread 23462] [1.0] [cxt 0] Action NoAction
[01:34:44.095] [bmv2] [D] [thread 23462] [1.0] [cxt 0] Pipeline 'ingress': end
[01:34:44.095] [bmv2] [D] [thread 23462] [1.0] [cxt 0] Egress port is 0
[01:34:44.095] [bmv2] [D] [thread 23462] [2.0] [cxt 0] Processing packet received on port 1
[01:34:44.095] [bmv2] [D] [thread 23462] [2.0] [cxt 0] Parser 'parser': start
[01:34:44.095] [bmv2] [D] [thread 23462] [2.0] [cxt 0] Parser 'parser' entering state 'start'
[01:34:44.095] [bmv2] [D] [thread 23462] [2.0] [cxt 0] Extracting header 'ethernet'
[01:34:44.095] [bmv2] [D] [thread 23462] [2.0] [cxt 0] Parser set: setting field 'scalars.tmp' from field 'ethernet.srcAddr' (231387091625962)
[01:34:44.095] [bmv2] [D] [thread 23462] [2.0] [cxt 0] Parser set: setting field 'scalars.tmp_0' from field 'ethernet.dstAddr' (56298421282794)
[01:34:44.095] [bmv2] [D] [thread 23462] [2.0] [cxt 0] Executing method log_msg
[01:34:44.095] [bmv2] [T] [thread 23462] [2.0] [cxt 0] Action log_msg
[01:34:44.095] [bmv2] [T] [thread 23462] [2.0] [cxt 0] basic.p4(73) Primitive         log_msg(\"Src {} Dst {}\n \", {hdr.ethernet.srcAddr, hdr.ethernet.dstAddr});
[01:34:44.095] [bmv2] [I] [thread 23462] Src 231387091625962 Dst 56298421282794
 
[01:34:44.095] [bmv2] [D] [thread 23463] [1.0] [cxt 0] Pipeline 'egress': start
[01:34:44.095] [bmv2] [D] [thread 23463] [1.0] [cxt 0] Pipeline 'egress': end
[01:34:44.095] [bmv2] [D] [thread 23462] [2.0] [cxt 0] Parser state 'start': key is 86dd
[01:34:44.095] [bmv2] [D] [thread 23463] [1.0] [cxt 0] Deparser 'deparser': start
[01:34:44.095] [bmv2] [T] [thread 23462] [2.0] [cxt 0] Bytes parsed: 14
[01:34:44.095] [bmv2] [D] [thread 23462] [2.0] [cxt 0] Parser 'parser': end
[01:34:44.095] [bmv2] [T] [thread 23463] [1.0] [cxt 0] Skipping checksum 'cksum' update because condition not met
[01:34:44.095] [bmv2] [D] [thread 23462] [2.0] [cxt 0] Pipeline 'ingress': start
[01:34:44.095] [bmv2] [T] [thread 23462] [2.0] [cxt 0] Applying table 'MyIngress.ipv4_lpm'
[01:34:44.095] [bmv2] [D] [thread 23463] [1.0] [cxt 0] Deparsing header 'ethernet'
[01:34:44.095] [bmv2] [D] [thread 23462] [2.0] [cxt 0] Looking up key:
* hdr.ipv4.dstAddr    : 00000000

[01:34:44.095] [bmv2] [D] [thread 23463] [1.0] [cxt 0] Deparser 'deparser': end
[01:34:44.095] [bmv2] [D] [thread 23462] [2.0] [cxt 0] Table 'MyIngress.ipv4_lpm': miss
[01:34:44.095] [bmv2] [D] [thread 23462] [2.0] [cxt 0] Action entry is NoAction - 
[01:34:44.095] [bmv2] [T] [thread 23462] [2.0] [cxt 0] Action NoAction
[01:34:44.095] [bmv2] [D] [thread 23462] [2.0] [cxt 0] Pipeline 'ingress': end
[01:34:44.095] [bmv2] [D] [thread 23462] [2.0] [cxt 0] Egress port is 0
[01:34:44.095] [bmv2] [D] [thread 23462] [3.0] [cxt 0] Processing packet received on port 3
[01:34:44.095] [bmv2] [D] [thread 23462] [3.0] [cxt 0] Parser 'parser': start
[01:34:44.095] [bmv2] [D] [thread 23462] [3.0] [cxt 0] Parser 'parser' entering state 'start'
[01:34:44.095] [bmv2] [D] [thread 23462] [3.0] [cxt 0] Extracting header 'ethernet'
[01:34:44.095] [bmv2] [D] [thread 23462] [3.0] [cxt 0] Parser set: setting field 'scalars.tmp' from field 'ethernet.srcAddr' (72645455461153)
[01:34:44.095] [bmv2] [D] [thread 23462] [3.0] [cxt 0] Parser set: setting field 'scalars.tmp_0' from field 'ethernet.dstAddr' (56298424056609)
[01:34:44.095] [bmv2] [D] [thread 23463] [2.0] [cxt 0] Pipeline 'egress': start
[01:34:44.095] [bmv2] [D] [thread 23463] [2.0] [cxt 0] Pipeline 'egress': end
[01:34:44.095] [bmv2] [D] [thread 23462] [3.0] [cxt 0] Executing method log_msg
[01:34:44.095] [bmv2] [D] [thread 23463] [2.0] [cxt 0] Deparser 'deparser': start
[01:34:44.095] [bmv2] [T] [thread 23462] [3.0] [cxt 0] Action log_msg
[01:34:44.095] [bmv2] [T] [thread 23463] [2.0] [cxt 0] Skipping checksum 'cksum' update because condition not met
[01:34:44.095] [bmv2] [T] [thread 23462] [3.0] [cxt 0] basic.p4(73) Primitive         log_msg(\"Src {} Dst {}\n \", {hdr.ethernet.srcAddr, hdr.ethernet.dstAddr});
[01:34:44.095] [bmv2] [D] [thread 23463] [2.0] [cxt 0] Deparsing header 'ethernet'
[01:34:44.095] [bmv2] [I] [thread 23462] Src 72645455461153 Dst 56298424056609
 
[01:34:44.095] [bmv2] [D] [thread 23463] [2.0] [cxt 0] Deparser 'deparser': end
[01:34:44.095] [bmv2] [D] [thread 23462] [3.0] [cxt 0] Parser state 'start': key is 86dd
[01:34:44.095] [bmv2] [T] [thread 23462] [3.0] [cxt 0] Bytes parsed: 14
[01:34:44.095] [bmv2] [D] [thread 23462] [3.0] [cxt 0] Parser 'parser': end
[01:34:44.096] [bmv2] [D] [thread 23462] [3.0] [cxt 0] Pipeline 'ingress': start
[01:34:44.096] [bmv2] [T] [thread 23462] [3.0] [cxt 0] Applying table 'MyIngress.ipv4_lpm'
[01:34:44.096] [bmv2] [D] [thread 23462] [3.0] [cxt 0] Looking up key:
* hdr.ipv4.dstAddr    : 00000000

[01:34:44.096] [bmv2] [D] [thread 23462] [3.0] [cxt 0] Table 'MyIngress.ipv4_lpm': miss
[01:34:44.096] [bmv2] [D] [thread 23462] [3.0] [cxt 0] Action entry is NoAction - 
[01:34:44.096] [bmv2] [T] [thread 23462] [3.0] [cxt 0] Action NoAction
[01:34:44.096] [bmv2] [D] [thread 23462] [3.0] [cxt 0] Pipeline 'ingress': end
[01:34:44.096] [bmv2] [D] [thread 23462] [3.0] [cxt 0] Egress port is 0
[01:34:44.096] [bmv2] [D] [thread 23462] [4.0] [cxt 0] Processing packet received on port 4
[01:34:44.096] [bmv2] [D] [thread 23462] [4.0] [cxt 0] Parser 'parser': start
[01:34:44.096] [bmv2] [D] [thread 23462] [4.0] [cxt 0] Parser 'parser' entering state 'start'
[01:34:44.096] [bmv2] [D] [thread 23462] [4.0] [cxt 0] Extracting header 'ethernet'
[01:34:44.096] [bmv2] [D] [thread 23463] [3.0] [cxt 0] Pipeline 'egress': start
[01:34:44.096] [bmv2] [D] [thread 23462] [4.0] [cxt 0] Parser set: setting field 'scalars.tmp' from field 'ethernet.srcAddr' (196803224901123)
[01:34:44.096] [bmv2] [D] [thread 23463] [3.0] [cxt 0] Pipeline 'egress': end
[01:34:44.096] [bmv2] [D] [thread 23462] [4.0] [cxt 0] Parser set: setting field 'scalars.tmp_0' from field 'ethernet.dstAddr' (56298419754499)
[01:34:44.096] [bmv2] [D] [thread 23463] [3.0] [cxt 0] Deparser 'deparser': start
[01:34:44.096] [bmv2] [D] [thread 23462] [4.0] [cxt 0] Executing method log_msg
[01:34:44.096] [bmv2] [T] [thread 23463] [3.0] [cxt 0] Skipping checksum 'cksum' update because condition not met
[01:34:44.096] [bmv2] [D] [thread 23463] [3.0] [cxt 0] Deparsing header 'ethernet'
[01:34:44.096] [bmv2] [T] [thread 23462] [4.0] [cxt 0] Action log_msg
[01:34:44.096] [bmv2] [D] [thread 23463] [3.0] [cxt 0] Deparser 'deparser': end
[01:34:44.096] [bmv2] [T] [thread 23462] [4.0] [cxt 0] basic.p4(73) Primitive         log_msg(\"Src {} Dst {}\n \", {hdr.ethernet.srcAddr, hdr.ethernet.dstAddr});
[01:34:44.096] [bmv2] [I] [thread 23462] Src 196803224901123 Dst 56298419754499
 
[01:34:44.096] [bmv2] [D] [thread 23462] [4.0] [cxt 0] Parser state 'start': key is 86dd
[01:34:44.096] [bmv2] [T] [thread 23462] [4.0] [cxt 0] Bytes parsed: 14
[01:34:44.096] [bmv2] [D] [thread 23462] [4.0] [cxt 0] Parser 'parser': end
[01:34:44.096] [bmv2] [D] [thread 23462] [4.0] [cxt 0] Pipeline 'ingress': start
[01:34:44.096] [bmv2] [T] [thread 23462] [4.0] [cxt 0] Applying table 'MyIngress.ipv4_lpm'
[01:34:44.096] [bmv2] [D] [thread 23462] [4.0] [cxt 0] Looking up key:
* hdr.ipv4.dstAddr    : 00000000

[01:34:44.096] [bmv2] [D] [thread 23462] [4.0] [cxt 0] Table 'MyIngress.ipv4_lpm': miss
[01:34:44.096] [bmv2] [D] [thread 23462] [4.0] [cxt 0] Action entry is NoAction - 
[01:34:44.096] [bmv2] [T] [thread 23462] [4.0] [cxt 0] Action NoAction
[01:34:44.096] [bmv2] [D] [thread 23462] [4.0] [cxt 0] Pipeline 'ingress': end
[01:34:44.096] [bmv2] [D] [thread 23462] [4.0] [cxt 0] Egress port is 0
[01:34:44.096] [bmv2] [D] [thread 23463] [4.0] [cxt 0] Pipeline 'egress': start
[01:34:44.096] [bmv2] [D] [thread 23463] [4.0] [cxt 0] Pipeline 'egress': end
[01:34:44.096] [bmv2] [D] [thread 23463] [4.0] [cxt 0] Deparser 'deparser': start
[01:34:44.096] [bmv2] [D] [thread 23467] [1.0] [cxt 0] Transmitting packet of size 90 out of port 0
[01:34:44.096] [bmv2] [T] [thread 23463] [4.0] [cxt 0] Skipping checksum 'cksum' update because condition not met
[01:34:44.096] [bmv2] [D] [thread 23467] [2.0] [cxt 0] Transmitting packet of size 86 out of port 0
[01:34:44.096] [bmv2] [D] [thread 23463] [4.0] [cxt 0] Deparsing header 'ethernet'
[01:34:44.096] [bmv2] [D] [thread 23467] [3.0] [cxt 0] Transmitting packet of size 86 out of port 0
[01:34:44.096] [bmv2] [D] [thread 23463] [4.0] [cxt 0] Deparser 'deparser': end
[01:34:44.096] [bmv2] [D] [thread 23467] [4.0] [cxt 0] Transmitting packet of size 86 out of port 0
[01:34:44.223] [bmv2] [D] [thread 23462] [5.0] [cxt 0] Processing packet received on port 3
[01:34:44.223] [bmv2] [D] [thread 23462] [5.0] [cxt 0] Parser 'parser': start
[01:34:44.223] [bmv2] [D] [thread 23462] [5.0] [cxt 0] Parser 'parser' entering state 'start'
[01:34:44.223] [bmv2] [D] [thread 23462] [5.0] [cxt 0] Extracting header 'ethernet'
[01:34:44.223] [bmv2] [D] [thread 23462] [5.0] [cxt 0] Parser set: setting field 'scalars.tmp' from field 'ethernet.srcAddr' (240568391816953)
[01:34:44.223] [bmv2] [D] [thread 23462] [5.0] [cxt 0] Parser set: setting field 'scalars.tmp_0' from field 'ethernet.dstAddr' (56294136348694)
[01:34:44.223] [bmv2] [D] [thread 23462] [5.0] [cxt 0] Executing method log_msg
[01:34:44.223] [bmv2] [T] [thread 23462] [5.0] [cxt 0] Action log_msg
[01:34:44.223] [bmv2] [T] [thread 23462] [5.0] [cxt 0] basic.p4(73) Primitive         log_msg(\"Src {} Dst {}\n \", {hdr.ethernet.srcAddr, hdr.ethernet.dstAddr});
[01:34:44.223] [bmv2] [I] [thread 23462] Src 240568391816953 Dst 56294136348694
 
[01:34:44.223] [bmv2] [D] [thread 23462] [5.0] [cxt 0] Parser state 'start': key is 86dd
[01:34:44.223] [bmv2] [T] [thread 23462] [5.0] [cxt 0] Bytes parsed: 14
[01:34:44.223] [bmv2] [D] [thread 23462] [5.0] [cxt 0] Parser 'parser': end
[01:34:44.223] [bmv2] [D] [thread 23462] [5.0] [cxt 0] Pipeline 'ingress': start
[01:34:44.223] [bmv2] [T] [thread 23462] [5.0] [cxt 0] Applying table 'MyIngress.ipv4_lpm'
[01:34:44.223] [bmv2] [D] [thread 23462] [5.0] [cxt 0] Looking up key:
* hdr.ipv4.dstAddr    : 00000000

[01:34:44.223] [bmv2] [D] [thread 23462] [5.0] [cxt 0] Table 'MyIngress.ipv4_lpm': miss
[01:34:44.223] [bmv2] [D] [thread 23462] [5.0] [cxt 0] Action entry is NoAction - 
[01:34:44.223] [bmv2] [T] [thread 23462] [5.0] [cxt 0] Action NoAction
[01:34:44.223] [bmv2] [D] [thread 23462] [5.0] [cxt 0] Pipeline 'ingress': end
[01:34:44.223] [bmv2] [D] [thread 23462] [5.0] [cxt 0] Egress port is 0
[01:34:44.223] [bmv2] [D] [thread 23463] [5.0] [cxt 0] Pipeline 'egress': start
[01:34:44.223] [bmv2] [D] [thread 23463] [5.0] [cxt 0] Pipeline 'egress': end
[01:34:44.223] [bmv2] [D] [thread 23463] [5.0] [cxt 0] Deparser 'deparser': start
[01:34:44.223] [bmv2] [T] [thread 23463] [5.0] [cxt 0] Skipping checksum 'cksum' update because condition not met
[01:34:44.223] [bmv2] [D] [thread 23463] [5.0] [cxt 0] Deparsing header 'ethernet'
[01:34:44.223] [bmv2] [D] [thread 23463] [5.0] [cxt 0] Deparser 'deparser': end
[01:34:44.223] [bmv2] [D] [thread 23467] [5.0] [cxt 0] Transmitting packet of size 90 out of port 0
[01:34:44.415] [bmv2] [D] [thread 23462] [6.0] [cxt 0] Processing packet received on port 2
[01:34:44.415] [bmv2] [D] [thread 23462] [6.0] [cxt 0] Parser 'parser': start
[01:34:44.415] [bmv2] [D] [thread 23462] [6.0] [cxt 0] Parser 'parser' entering state 'start'
[01:34:44.415] [bmv2] [D] [thread 23462] [6.0] [cxt 0] Extracting header 'ethernet'
[01:34:44.415] [bmv2] [D] [thread 23462] [6.0] [cxt 0] Parser set: setting field 'scalars.tmp' from field 'ethernet.srcAddr' (135112885622291)
[01:34:44.415] [bmv2] [D] [thread 23462] [6.0] [cxt 0] Parser set: setting field 'scalars.tmp_0' from field 'ethernet.dstAddr' (56294136348694)
[01:34:44.415] [bmv2] [D] [thread 23462] [6.0] [cxt 0] Executing method log_msg
[01:34:44.415] [bmv2] [T] [thread 23462] [6.0] [cxt 0] Action log_msg
[01:34:44.415] [bmv2] [T] [thread 23462] [6.0] [cxt 0] basic.p4(73) Primitive         log_msg(\"Src {} Dst {}\n \", {hdr.ethernet.srcAddr, hdr.ethernet.dstAddr});
[01:34:44.415] [bmv2] [I] [thread 23462] Src 135112885622291 Dst 56294136348694
 
[01:34:44.415] [bmv2] [D] [thread 23462] [6.0] [cxt 0] Parser state 'start': key is 86dd
[01:34:44.415] [bmv2] [T] [thread 23462] [6.0] [cxt 0] Bytes parsed: 14
[01:34:44.415] [bmv2] [D] [thread 23462] [6.0] [cxt 0] Parser 'parser': end
[01:34:44.415] [bmv2] [D] [thread 23462] [6.0] [cxt 0] Pipeline 'ingress': start
[01:34:44.415] [bmv2] [T] [thread 23462] [6.0] [cxt 0] Applying table 'MyIngress.ipv4_lpm'
[01:34:44.415] [bmv2] [D] [thread 23462] [6.0] [cxt 0] Looking up key:
* hdr.ipv4.dstAddr    : 00000000

[01:34:44.415] [bmv2] [D] [thread 23462] [6.0] [cxt 0] Table 'MyIngress.ipv4_lpm': miss
[01:34:44.415] [bmv2] [D] [thread 23462] [6.0] [cxt 0] Action entry is NoAction - 
[01:34:44.415] [bmv2] [T] [thread 23462] [6.0] [cxt 0] Action NoAction
[01:34:44.415] [bmv2] [D] [thread 23462] [6.0] [cxt 0] Pipeline 'ingress': end
[01:34:44.415] [bmv2] [D] [thread 23462] [6.0] [cxt 0] Egress port is 0
[01:34:44.415] [bmv2] [D] [thread 23462] [7.0] [cxt 0] Processing packet received on port 2
[01:34:44.415] [bmv2] [D] [thread 23462] [7.0] [cxt 0] Parser 'parser': start
[01:34:44.415] [bmv2] [D] [thread 23462] [7.0] [cxt 0] Parser 'parser' entering state 'start'
[01:34:44.415] [bmv2] [D] [thread 23462] [7.0] [cxt 0] Extracting header 'ethernet'
[01:34:44.415] [bmv2] [D] [thread 23462] [7.0] [cxt 0] Parser set: setting field 'scalars.tmp' from field 'ethernet.srcAddr' (135112885622291)
[01:34:44.415] [bmv2] [D] [thread 23462] [7.0] [cxt 0] Parser set: setting field 'scalars.tmp_0' from field 'ethernet.dstAddr' (56294136348674)
[01:34:44.415] [bmv2] [D] [thread 23462] [7.0] [cxt 0] Executing method log_msg
[01:34:44.415] [bmv2] [T] [thread 23462] [7.0] [cxt 0] Action log_msg
[01:34:44.415] [bmv2] [T] [thread 23462] [7.0] [cxt 0] basic.p4(73) Primitive         log_msg(\"Src {} Dst {}\n \", {hdr.ethernet.srcAddr, hdr.ethernet.dstAddr});
[01:34:44.415] [bmv2] [I] [thread 23462] Src 135112885622291 Dst 56294136348674
 
[01:34:44.415] [bmv2] [D] [thread 23463] [6.0] [cxt 0] Pipeline 'egress': start
[01:34:44.415] [bmv2] [D] [thread 23463] [6.0] [cxt 0] Pipeline 'egress': end
[01:34:44.415] [bmv2] [D] [thread 23462] [7.0] [cxt 0] Parser state 'start': key is 86dd
[01:34:44.415] [bmv2] [D] [thread 23463] [6.0] [cxt 0] Deparser 'deparser': start
[01:34:44.415] [bmv2] [T] [thread 23462] [7.0] [cxt 0] Bytes parsed: 14
[01:34:44.415] [bmv2] [D] [thread 23462] [7.0] [cxt 0] Parser 'parser': end
[01:34:44.415] [bmv2] [T] [thread 23463] [6.0] [cxt 0] Skipping checksum 'cksum' update because condition not met
[01:34:44.415] [bmv2] [D] [thread 23462] [7.0] [cxt 0] Pipeline 'ingress': start
[01:34:44.415] [bmv2] [D] [thread 23463] [6.0] [cxt 0] Deparsing header 'ethernet'
[01:34:44.415] [bmv2] [T] [thread 23462] [7.0] [cxt 0] Applying table 'MyIngress.ipv4_lpm'
[01:34:44.416] [bmv2] [D] [thread 23463] [6.0] [cxt 0] Deparser 'deparser': end
[01:34:44.416] [bmv2] [D] [thread 23462] [7.0] [cxt 0] Looking up key:
* hdr.ipv4.dstAddr    : 00000000

[01:34:44.416] [bmv2] [D] [thread 23462] [7.0] [cxt 0] Table 'MyIngress.ipv4_lpm': miss
[01:34:44.416] [bmv2] [D] [thread 23462] [7.0] [cxt 0] Action entry is NoAction - 
[01:34:44.416] [bmv2] [T] [thread 23462] [7.0] [cxt 0] Action NoAction
[01:34:44.416] [bmv2] [D] [thread 23462] [7.0] [cxt 0] Pipeline 'ingress': end
[01:34:44.416] [bmv2] [D] [thread 23462] [7.0] [cxt 0] Egress port is 0
[01:34:44.416] [bmv2] [D] [thread 23467] [6.0] [cxt 0] Transmitting packet of size 90 out of port 0
[01:34:44.416] [bmv2] [D] [thread 23463] [7.0] [cxt 0] Pipeline 'egress': start
[01:34:44.416] [bmv2] [D] [thread 23463] [7.0] [cxt 0] Pipeline 'egress': end
[01:34:44.416] [bmv2] [D] [thread 23463] [7.0] [cxt 0] Deparser 'deparser': start
[01:34:44.416] [bmv2] [T] [thread 23463] [7.0] [cxt 0] Skipping checksum 'cksum' update because condition not met
[01:34:44.416] [bmv2] [D] [thread 23463] [7.0] [cxt 0] Deparsing header 'ethernet'
[01:34:44.416] [bmv2] [D] [thread 23463] [7.0] [cxt 0] Deparser 'deparser': end
[01:34:44.416] [bmv2] [D] [thread 23467] [7.0] [cxt 0] Transmitting packet of size 70 out of port 0
[01:34:44.672] [bmv2] [D] [thread 23462] [8.0] [cxt 0] Processing packet received on port 3
[01:34:44.672] [bmv2] [D] [thread 23462] [8.0] [cxt 0] Parser 'parser': start
[01:34:44.672] [bmv2] [D] [thread 23462] [8.0] [cxt 0] Parser 'parser' entering state 'start'
[01:34:44.672] [bmv2] [D] [thread 23462] [8.0] [cxt 0] Extracting header 'ethernet'
[01:34:44.672] [bmv2] [D] [thread 23462] [8.0] [cxt 0] Parser set: setting field 'scalars.tmp' from field 'ethernet.srcAddr' (240568391816953)
[01:34:44.672] [bmv2] [D] [thread 23462] [8.0] [cxt 0] Parser set: setting field 'scalars.tmp_0' from field 'ethernet.dstAddr' (56294136348694)
[01:34:44.672] [bmv2] [D] [thread 23462] [8.0] [cxt 0] Executing method log_msg
[01:34:44.672] [bmv2] [T] [thread 23462] [8.0] [cxt 0] Action log_msg
[01:34:44.672] [bmv2] [T] [thread 23462] [8.0] [cxt 0] basic.p4(73) Primitive         log_msg(\"Src {} Dst {}\n \", {hdr.ethernet.srcAddr, hdr.ethernet.dstAddr});
[01:34:44.672] [bmv2] [I] [thread 23462] Src 240568391816953 Dst 56294136348694
 
[01:34:44.672] [bmv2] [D] [thread 23462] [8.0] [cxt 0] Parser state 'start': key is 86dd
[01:34:44.672] [bmv2] [T] [thread 23462] [8.0] [cxt 0] Bytes parsed: 14
[01:34:44.672] [bmv2] [D] [thread 23462] [8.0] [cxt 0] Parser 'parser': end
[01:34:44.672] [bmv2] [D] [thread 23462] [8.0] [cxt 0] Pipeline 'ingress': start
[01:34:44.672] [bmv2] [T] [thread 23462] [8.0] [cxt 0] Applying table 'MyIngress.ipv4_lpm'
[01:34:44.672] [bmv2] [D] [thread 23462] [8.0] [cxt 0] Looking up key:
* hdr.ipv4.dstAddr    : 00000000

[01:34:44.672] [bmv2] [D] [thread 23462] [8.0] [cxt 0] Table 'MyIngress.ipv4_lpm': miss
[01:34:44.672] [bmv2] [D] [thread 23462] [8.0] [cxt 0] Action entry is NoAction - 
[01:34:44.672] [bmv2] [T] [thread 23462] [8.0] [cxt 0] Action NoAction
[01:34:44.672] [bmv2] [D] [thread 23462] [8.0] [cxt 0] Pipeline 'ingress': end
[01:34:44.672] [bmv2] [D] [thread 23462] [8.0] [cxt 0] Egress port is 0
[01:34:44.672] [bmv2] [D] [thread 23462] [9.0] [cxt 0] Processing packet received on port 3
[01:34:44.672] [bmv2] [D] [thread 23462] [9.0] [cxt 0] Parser 'parser': start
[01:34:44.672] [bmv2] [D] [thread 23462] [9.0] [cxt 0] Parser 'parser' entering state 'start'
[01:34:44.672] [bmv2] [D] [thread 23462] [9.0] [cxt 0] Extracting header 'ethernet'
[01:34:44.672] [bmv2] [D] [thread 23462] [9.0] [cxt 0] Parser set: setting field 'scalars.tmp' from field 'ethernet.srcAddr' (240568391816953)
[01:34:44.672] [bmv2] [D] [thread 23462] [9.0] [cxt 0] Parser set: setting field 'scalars.tmp_0' from field 'ethernet.dstAddr' (56294136348674)
[01:34:44.672] [bmv2] [D] [thread 23462] [9.0] [cxt 0] Executing method log_msg
[01:34:44.672] [bmv2] [T] [thread 23462] [9.0] [cxt 0] Action log_msg
[01:34:44.672] [bmv2] [T] [thread 23462] [9.0] [cxt 0] basic.p4(73) Primitive         log_msg(\"Src {} Dst {}\n \", {hdr.ethernet.srcAddr, hdr.ethernet.dstAddr});
[01:34:44.672] [bmv2] [I] [thread 23462] Src 240568391816953 Dst 56294136348674
 
[01:34:44.672] [bmv2] [D] [thread 23463] [8.0] [cxt 0] Pipeline 'egress': start
[01:34:44.672] [bmv2] [D] [thread 23462] [9.0] [cxt 0] Parser state 'start': key is 86dd
[01:34:44.672] [bmv2] [D] [thread 23463] [8.0] [cxt 0] Pipeline 'egress': end
[01:34:44.672] [bmv2] [T] [thread 23462] [9.0] [cxt 0] Bytes parsed: 14
[01:34:44.672] [bmv2] [D] [thread 23463] [8.0] [cxt 0] Deparser 'deparser': start
[01:34:44.672] [bmv2] [D] [thread 23462] [9.0] [cxt 0] Parser 'parser': end
[01:34:44.672] [bmv2] [T] [thread 23463] [8.0] [cxt 0] Skipping checksum 'cksum' update because condition not met
[01:34:44.672] [bmv2] [D] [thread 23462] [9.0] [cxt 0] Pipeline 'ingress': start
[01:34:44.672] [bmv2] [D] [thread 23463] [8.0] [cxt 0] Deparsing header 'ethernet'
[01:34:44.672] [bmv2] [D] [thread 23463] [8.0] [cxt 0] Deparser 'deparser': end
[01:34:44.672] [bmv2] [T] [thread 23462] [9.0] [cxt 0] Applying table 'MyIngress.ipv4_lpm'
[01:34:44.672] [bmv2] [D] [thread 23462] [9.0] [cxt 0] Looking up key:
* hdr.ipv4.dstAddr    : 00000000

[01:34:44.672] [bmv2] [D] [thread 23462] [9.0] [cxt 0] Table 'MyIngress.ipv4_lpm': miss
[01:34:44.672] [bmv2] [D] [thread 23462] [9.0] [cxt 0] Action entry is NoAction - 
[01:34:44.672] [bmv2] [T] [thread 23462] [9.0] [cxt 0] Action NoAction
[01:34:44.672] [bmv2] [D] [thread 23467] [8.0] [cxt 0] Transmitting packet of size 90 out of port 0
[01:34:44.672] [bmv2] [D] [thread 23462] [9.0] [cxt 0] Pipeline 'ingress': end
[01:34:44.672] [bmv2] [D] [thread 23462] [9.0] [cxt 0] Egress port is 0
[01:34:44.672] [bmv2] [D] [thread 23463] [9.0] [cxt 0] Pipeline 'egress': start
[01:34:44.672] [bmv2] [D] [thread 23463] [9.0] [cxt 0] Pipeline 'egress': end
[01:34:44.672] [bmv2] [D] [thread 23463] [9.0] [cxt 0] Deparser 'deparser': start
[01:34:44.672] [bmv2] [T] [thread 23463] [9.0] [cxt 0] Skipping checksum 'cksum' update because condition not met
[01:34:44.672] [bmv2] [D] [thread 23463] [9.0] [cxt 0] Deparsing header 'ethernet'
[01:34:44.672] [bmv2] [D] [thread 23463] [9.0] [cxt 0] Deparser 'deparser': end
[01:34:44.672] [bmv2] [D] [thread 23467] [9.0] [cxt 0] Transmitting packet of size 70 out of port 0
[01:34:44.783] [bmv2] [D] [thread 23462] [10.0] [cxt 0] Processing packet received on port 2
[01:34:44.783] [bmv2] [D] [thread 23462] [10.0] [cxt 0] Parser 'parser': start
[01:34:44.783] [bmv2] [D] [thread 23462] [10.0] [cxt 0] Parser 'parser' entering state 'start'
[01:34:44.783] [bmv2] [D] [thread 23462] [10.0] [cxt 0] Extracting header 'ethernet'
[01:34:44.783] [bmv2] [D] [thread 23462] [10.0] [cxt 0] Parser set: setting field 'scalars.tmp' from field 'ethernet.srcAddr' (135112885622291)
[01:34:44.783] [bmv2] [D] [thread 23462] [10.0] [cxt 0] Parser set: setting field 'scalars.tmp_0' from field 'ethernet.dstAddr' (56294136348694)
[01:34:44.783] [bmv2] [D] [thread 23462] [10.0] [cxt 0] Executing method log_msg
[01:34:44.783] [bmv2] [T] [thread 23462] [10.0] [cxt 0] Action log_msg
[01:34:44.783] [bmv2] [T] [thread 23462] [10.0] [cxt 0] basic.p4(73) Primitive         log_msg(\"Src {} Dst {}\n \", {hdr.ethernet.srcAddr, hdr.ethernet.dstAddr});
[01:34:44.783] [bmv2] [I] [thread 23462] Src 135112885622291 Dst 56294136348694
 
[01:34:44.783] [bmv2] [D] [thread 23462] [10.0] [cxt 0] Parser state 'start': key is 86dd
[01:34:44.783] [bmv2] [T] [thread 23462] [10.0] [cxt 0] Bytes parsed: 14
[01:34:44.783] [bmv2] [D] [thread 23462] [10.0] [cxt 0] Parser 'parser': end
[01:34:44.783] [bmv2] [D] [thread 23462] [10.0] [cxt 0] Pipeline 'ingress': start
[01:34:44.783] [bmv2] [T] [thread 23462] [10.0] [cxt 0] Applying table 'MyIngress.ipv4_lpm'
[01:34:44.783] [bmv2] [D] [thread 23462] [10.0] [cxt 0] Looking up key:
* hdr.ipv4.dstAddr    : 00000000

[01:34:44.783] [bmv2] [D] [thread 23462] [10.0] [cxt 0] Table 'MyIngress.ipv4_lpm': miss
[01:34:44.783] [bmv2] [D] [thread 23462] [10.0] [cxt 0] Action entry is NoAction - 
[01:34:44.783] [bmv2] [T] [thread 23462] [10.0] [cxt 0] Action NoAction
[01:34:44.783] [bmv2] [D] [thread 23462] [10.0] [cxt 0] Pipeline 'ingress': end
[01:34:44.783] [bmv2] [D] [thread 23462] [10.0] [cxt 0] Egress port is 0
[01:34:44.783] [bmv2] [D] [thread 23463] [10.0] [cxt 0] Pipeline 'egress': start
[01:34:44.783] [bmv2] [D] [thread 23463] [10.0] [cxt 0] Pipeline 'egress': end
[01:34:44.783] [bmv2] [D] [thread 23463] [10.0] [cxt 0] Deparser 'deparser': start
[01:34:44.783] [bmv2] [T] [thread 23463] [10.0] [cxt 0] Skipping checksum 'cksum' update because condition not met
[01:34:44.783] [bmv2] [D] [thread 23463] [10.0] [cxt 0] Deparsing header 'ethernet'
[01:34:44.783] [bmv2] [D] [thread 23463] [10.0] [cxt 0] Deparser 'deparser': end
[01:34:44.783] [bmv2] [D] [thread 23467] [10.0] [cxt 0] Transmitting packet of size 90 out of port 0
[01:34:44.863] [bmv2] [D] [thread 23462] [11.0] [cxt 0] Processing packet received on port 4
[01:34:44.863] [bmv2] [D] [thread 23462] [11.0] [cxt 0] Parser 'parser': start
[01:34:44.863] [bmv2] [D] [thread 23462] [11.0] [cxt 0] Parser 'parser' entering state 'start'
[01:34:44.863] [bmv2] [D] [thread 23462] [11.0] [cxt 0] Extracting header 'ethernet'
[01:34:44.863] [bmv2] [D] [thread 23462] [11.0] [cxt 0] Parser set: setting field 'scalars.tmp' from field 'ethernet.srcAddr' (108301912473649)
[01:34:44.863] [bmv2] [D] [thread 23462] [11.0] [cxt 0] Parser set: setting field 'scalars.tmp_0' from field 'ethernet.dstAddr' (56294136348694)
[01:34:44.863] [bmv2] [D] [thread 23462] [11.0] [cxt 0] Executing method log_msg
[01:34:44.863] [bmv2] [T] [thread 23462] [11.0] [cxt 0] Action log_msg
[01:34:44.863] [bmv2] [T] [thread 23462] [11.0] [cxt 0] basic.p4(73) Primitive         log_msg(\"Src {} Dst {}\n \", {hdr.ethernet.srcAddr, hdr.ethernet.dstAddr});
[01:34:44.863] [bmv2] [I] [thread 23462] Src 108301912473649 Dst 56294136348694
 
[01:34:44.863] [bmv2] [D] [thread 23462] [11.0] [cxt 0] Parser state 'start': key is 86dd
[01:34:44.863] [bmv2] [T] [thread 23462] [11.0] [cxt 0] Bytes parsed: 14
[01:34:44.863] [bmv2] [D] [thread 23462] [11.0] [cxt 0] Parser 'parser': end
[01:34:44.863] [bmv2] [D] [thread 23462] [11.0] [cxt 0] Pipeline 'ingress': start
[01:34:44.863] [bmv2] [T] [thread 23462] [11.0] [cxt 0] Applying table 'MyIngress.ipv4_lpm'
[01:34:44.863] [bmv2] [D] [thread 23462] [11.0] [cxt 0] Looking up key:
* hdr.ipv4.dstAddr    : 00000000

[01:34:44.863] [bmv2] [D] [thread 23462] [11.0] [cxt 0] Table 'MyIngress.ipv4_lpm': miss
[01:34:44.863] [bmv2] [D] [thread 23462] [11.0] [cxt 0] Action entry is NoAction - 
[01:34:44.863] [bmv2] [T] [thread 23462] [11.0] [cxt 0] Action NoAction
[01:34:44.863] [bmv2] [D] [thread 23462] [11.0] [cxt 0] Pipeline 'ingress': end
[01:34:44.863] [bmv2] [D] [thread 23462] [11.0] [cxt 0] Egress port is 0
[01:34:44.863] [bmv2] [D] [thread 23462] [12.0] [cxt 0] Processing packet received on port 4
[01:34:44.863] [bmv2] [D] [thread 23462] [12.0] [cxt 0] Parser 'parser': start
[01:34:44.863] [bmv2] [D] [thread 23462] [12.0] [cxt 0] Parser 'parser' entering state 'start'
[01:34:44.863] [bmv2] [D] [thread 23462] [12.0] [cxt 0] Extracting header 'ethernet'
[01:34:44.864] [bmv2] [D] [thread 23462] [12.0] [cxt 0] Parser set: setting field 'scalars.tmp' from field 'ethernet.srcAddr' (108301912473649)
[01:34:44.864] [bmv2] [D] [thread 23462] [12.0] [cxt 0] Parser set: setting field 'scalars.tmp_0' from field 'ethernet.dstAddr' (56294136348674)
[01:34:44.864] [bmv2] [D] [thread 23462] [12.0] [cxt 0] Executing method log_msg
[01:34:44.864] [bmv2] [T] [thread 23462] [12.0] [cxt 0] Action log_msg
[01:34:44.864] [bmv2] [T] [thread 23462] [12.0] [cxt 0] basic.p4(73) Primitive         log_msg(\"Src {} Dst {}\n \", {hdr.ethernet.srcAddr, hdr.ethernet.dstAddr});
[01:34:44.864] [bmv2] [I] [thread 23462] Src 108301912473649 Dst 56294136348674
 
[01:34:44.864] [bmv2] [D] [thread 23462] [12.0] [cxt 0] Parser state 'start': key is 86dd
[01:34:44.864] [bmv2] [T] [thread 23462] [12.0] [cxt 0] Bytes parsed: 14
[01:34:44.864] [bmv2] [D] [thread 23462] [12.0] [cxt 0] Parser 'parser': end
[01:34:44.864] [bmv2] [D] [thread 23462] [12.0] [cxt 0] Pipeline 'ingress': start
[01:34:44.864] [bmv2] [T] [thread 23462] [12.0] [cxt 0] Applying table 'MyIngress.ipv4_lpm'
[01:34:44.864] [bmv2] [D] [thread 23462] [12.0] [cxt 0] Looking up key:
* hdr.ipv4.dstAddr    : 00000000

[01:34:44.864] [bmv2] [D] [thread 23462] [12.0] [cxt 0] Table 'MyIngress.ipv4_lpm': miss
[01:34:44.864] [bmv2] [D] [thread 23462] [12.0] [cxt 0] Action entry is NoAction - 
[01:34:44.864] [bmv2] [T] [thread 23462] [12.0] [cxt 0] Action NoAction
[01:34:44.864] [bmv2] [D] [thread 23462] [12.0] [cxt 0] Pipeline 'ingress': end
[01:34:44.864] [bmv2] [D] [thread 23462] [12.0] [cxt 0] Egress port is 0
[01:34:44.864] [bmv2] [D] [thread 23463] [11.0] [cxt 0] Pipeline 'egress': start
[01:34:44.864] [bmv2] [D] [thread 23463] [11.0] [cxt 0] Pipeline 'egress': end
[01:34:44.864] [bmv2] [D] [thread 23463] [11.0] [cxt 0] Deparser 'deparser': start
[01:34:44.864] [bmv2] [T] [thread 23463] [11.0] [cxt 0] Skipping checksum 'cksum' update because condition not met
[01:34:44.864] [bmv2] [D] [thread 23463] [11.0] [cxt 0] Deparsing header 'ethernet'
[01:34:44.864] [bmv2] [D] [thread 23463] [11.0] [cxt 0] Deparser 'deparser': end
[01:34:44.864] [bmv2] [D] [thread 23463] [12.0] [cxt 0] Pipeline 'egress': start
[01:34:44.864] [bmv2] [D] [thread 23463] [12.0] [cxt 0] Pipeline 'egress': end
[01:34:44.864] [bmv2] [D] [thread 23463] [12.0] [cxt 0] Deparser 'deparser': start
[01:34:44.864] [bmv2] [D] [thread 23467] [11.0] [cxt 0] Transmitting packet of size 90 out of port 0
[01:34:44.864] [bmv2] [T] [thread 23463] [12.0] [cxt 0] Skipping checksum 'cksum' update because condition not met
[01:34:44.864] [bmv2] [D] [thread 23463] [12.0] [cxt 0] Deparsing header 'ethernet'
[01:34:44.864] [bmv2] [D] [thread 23463] [12.0] [cxt 0] Deparser 'deparser': end
[01:34:44.864] [bmv2] [D] [thread 23467] [12.0] [cxt 0] Transmitting packet of size 70 out of port 0
[01:34:45.119] [bmv2] [D] [thread 23462] [13.0] [cxt 0] Processing packet received on port 1
[01:34:45.119] [bmv2] [D] [thread 23462] [13.0] [cxt 0] Parser 'parser': start
[01:34:45.119] [bmv2] [D] [thread 23462] [13.0] [cxt 0] Parser 'parser' entering state 'start'
[01:34:45.119] [bmv2] [D] [thread 23462] [13.0] [cxt 0] Extracting header 'ethernet'
[01:34:45.119] [bmv2] [D] [thread 23462] [13.0] [cxt 0] Parser set: setting field 'scalars.tmp' from field 'ethernet.srcAddr' (231387091625962)
[01:34:45.119] [bmv2] [D] [thread 23462] [13.0] [cxt 0] Parser set: setting field 'scalars.tmp_0' from field 'ethernet.dstAddr' (56294136348694)
[01:34:45.119] [bmv2] [D] [thread 23462] [13.0] [cxt 0] Executing method log_msg
[01:34:45.119] [bmv2] [T] [thread 23462] [13.0] [cxt 0] Action log_msg
[01:34:45.119] [bmv2] [T] [thread 23462] [13.0] [cxt 0] basic.p4(73) Primitive         log_msg(\"Src {} Dst {}\n \", {hdr.ethernet.srcAddr, hdr.ethernet.dstAddr});
[01:34:45.119] [bmv2] [I] [thread 23462] Src 231387091625962 Dst 56294136348694
 
[01:34:45.119] [bmv2] [D] [thread 23462] [13.0] [cxt 0] Parser state 'start': key is 86dd
[01:34:45.119] [bmv2] [T] [thread 23462] [13.0] [cxt 0] Bytes parsed: 14
[01:34:45.119] [bmv2] [D] [thread 23462] [13.0] [cxt 0] Parser 'parser': end
[01:34:45.119] [bmv2] [D] [thread 23462] [13.0] [cxt 0] Pipeline 'ingress': start
[01:34:45.119] [bmv2] [T] [thread 23462] [13.0] [cxt 0] Applying table 'MyIngress.ipv4_lpm'
[01:34:45.119] [bmv2] [D] [thread 23462] [13.0] [cxt 0] Looking up key:
* hdr.ipv4.dstAddr    : 00000000

[01:34:45.119] [bmv2] [D] [thread 23462] [13.0] [cxt 0] Table 'MyIngress.ipv4_lpm': miss
[01:34:45.119] [bmv2] [D] [thread 23462] [13.0] [cxt 0] Action entry is NoAction - 
[01:34:45.119] [bmv2] [T] [thread 23462] [13.0] [cxt 0] Action NoAction
[01:34:45.119] [bmv2] [D] [thread 23462] [13.0] [cxt 0] Pipeline 'ingress': end
[01:34:45.119] [bmv2] [D] [thread 23462] [13.0] [cxt 0] Egress port is 0
[01:34:45.119] [bmv2] [D] [thread 23462] [14.0] [cxt 0] Processing packet received on port 3
[01:34:45.119] [bmv2] [D] [thread 23462] [14.0] [cxt 0] Parser 'parser': start
[01:34:45.119] [bmv2] [D] [thread 23462] [14.0] [cxt 0] Parser 'parser' entering state 'start'
[01:34:45.119] [bmv2] [D] [thread 23462] [14.0] [cxt 0] Extracting header 'ethernet'
[01:34:45.119] [bmv2] [D] [thread 23462] [14.0] [cxt 0] Parser set: setting field 'scalars.tmp' from field 'ethernet.srcAddr' (72645455461153)
[01:34:45.119] [bmv2] [D] [thread 23462] [14.0] [cxt 0] Parser set: setting field 'scalars.tmp_0' from field 'ethernet.dstAddr' (56294136348694)
[01:34:45.119] [bmv2] [D] [thread 23462] [14.0] [cxt 0] Executing method log_msg
[01:34:45.119] [bmv2] [T] [thread 23462] [14.0] [cxt 0] Action log_msg
[01:34:45.119] [bmv2] [T] [thread 23462] [14.0] [cxt 0] basic.p4(73) Primitive         log_msg(\"Src {} Dst {}\n \", {hdr.ethernet.srcAddr, hdr.ethernet.dstAddr});
[01:34:45.119] [bmv2] [I] [thread 23462] Src 72645455461153 Dst 56294136348694
 
[01:34:45.119] [bmv2] [D] [thread 23462] [14.0] [cxt 0] Parser state 'start': key is 86dd
[01:34:45.120] [bmv2] [T] [thread 23462] [14.0] [cxt 0] Bytes parsed: 14
[01:34:45.120] [bmv2] [D] [thread 23462] [14.0] [cxt 0] Parser 'parser': end
[01:34:45.120] [bmv2] [D] [thread 23462] [14.0] [cxt 0] Pipeline 'ingress': start
[01:34:45.120] [bmv2] [T] [thread 23462] [14.0] [cxt 0] Applying table 'MyIngress.ipv4_lpm'
[01:34:45.120] [bmv2] [D] [thread 23463] [13.0] [cxt 0] Pipeline 'egress': start
[01:34:45.120] [bmv2] [D] [thread 23462] [14.0] [cxt 0] Looking up key:
* hdr.ipv4.dstAddr    : 00000000

[01:34:45.120] [bmv2] [D] [thread 23463] [13.0] [cxt 0] Pipeline 'egress': end
[01:34:45.120] [bmv2] [D] [thread 23462] [14.0] [cxt 0] Table 'MyIngress.ipv4_lpm': miss
[01:34:45.120] [bmv2] [D] [thread 23462] [14.0] [cxt 0] Action entry is NoAction - 
[01:34:45.120] [bmv2] [T] [thread 23462] [14.0] [cxt 0] Action NoAction
[01:34:45.120] [bmv2] [D] [thread 23463] [13.0] [cxt 0] Deparser 'deparser': start
[01:34:45.120] [bmv2] [D] [thread 23462] [14.0] [cxt 0] Pipeline 'ingress': end
[01:34:45.120] [bmv2] [T] [thread 23463] [13.0] [cxt 0] Skipping checksum 'cksum' update because condition not met
[01:34:45.120] [bmv2] [D] [thread 23462] [14.0] [cxt 0] Egress port is 0
[01:34:45.120] [bmv2] [D] [thread 23463] [13.0] [cxt 0] Deparsing header 'ethernet'
[01:34:45.120] [bmv2] [D] [thread 23463] [13.0] [cxt 0] Deparser 'deparser': end
[01:34:45.120] [bmv2] [D] [thread 23462] [15.0] [cxt 0] Processing packet received on port 4
[01:34:45.120] [bmv2] [D] [thread 23462] [15.0] [cxt 0] Parser 'parser': start
[01:34:45.120] [bmv2] [D] [thread 23462] [15.0] [cxt 0] Parser 'parser' entering state 'start'
[01:34:45.120] [bmv2] [D] [thread 23462] [15.0] [cxt 0] Extracting header 'ethernet'
[01:34:45.120] [bmv2] [D] [thread 23463] [14.0] [cxt 0] Pipeline 'egress': start
[01:34:45.120] [bmv2] [D] [thread 23463] [14.0] [cxt 0] Pipeline 'egress': end
[01:34:45.120] [bmv2] [D] [thread 23462] [15.0] [cxt 0] Parser set: setting field 'scalars.tmp' from field 'ethernet.srcAddr' (196803224901123)
[01:34:45.120] [bmv2] [D] [thread 23463] [14.0] [cxt 0] Deparser 'deparser': start
[01:34:45.120] [bmv2] [D] [thread 23462] [15.0] [cxt 0] Parser set: setting field 'scalars.tmp_0' from field 'ethernet.dstAddr' (56294136348694)
[01:34:45.120] [bmv2] [T] [thread 23463] [14.0] [cxt 0] Skipping checksum 'cksum' update because condition not met
[01:34:45.120] [bmv2] [D] [thread 23462] [15.0] [cxt 0] Executing method log_msg
[01:34:45.120] [bmv2] [D] [thread 23467] [13.0] [cxt 0] Transmitting packet of size 90 out of port 0
[01:34:45.120] [bmv2] [T] [thread 23462] [15.0] [cxt 0] Action log_msg
[01:34:45.120] [bmv2] [T] [thread 23462] [15.0] [cxt 0] basic.p4(73) Primitive         log_msg(\"Src {} Dst {}\n \", {hdr.ethernet.srcAddr, hdr.ethernet.dstAddr});
[01:34:45.120] [bmv2] [D] [thread 23463] [14.0] [cxt 0] Deparsing header 'ethernet'
[01:34:45.120] [bmv2] [I] [thread 23462] Src 196803224901123 Dst 56294136348694
 
[01:34:45.120] [bmv2] [D] [thread 23463] [14.0] [cxt 0] Deparser 'deparser': end
[01:34:45.120] [bmv2] [D] [thread 23462] [15.0] [cxt 0] Parser state 'start': key is 86dd
[01:34:45.120] [bmv2] [T] [thread 23462] [15.0] [cxt 0] Bytes parsed: 14
[01:34:45.120] [bmv2] [D] [thread 23467] [14.0] [cxt 0] Transmitting packet of size 90 out of port 0
[01:34:45.120] [bmv2] [D] [thread 23462] [15.0] [cxt 0] Parser 'parser': end
[01:34:45.120] [bmv2] [D] [thread 23462] [15.0] [cxt 0] Pipeline 'ingress': start
[01:34:45.120] [bmv2] [T] [thread 23462] [15.0] [cxt 0] Applying table 'MyIngress.ipv4_lpm'
[01:34:45.120] [bmv2] [D] [thread 23462] [15.0] [cxt 0] Looking up key:
* hdr.ipv4.dstAddr    : 00000000

[01:34:45.120] [bmv2] [D] [thread 23462] [15.0] [cxt 0] Table 'MyIngress.ipv4_lpm': miss
[01:34:45.120] [bmv2] [D] [thread 23462] [15.0] [cxt 0] Action entry is NoAction - 
[01:34:45.120] [bmv2] [T] [thread 23462] [15.0] [cxt 0] Action NoAction
[01:34:45.120] [bmv2] [D] [thread 23462] [15.0] [cxt 0] Pipeline 'ingress': end
[01:34:45.120] [bmv2] [D] [thread 23462] [15.0] [cxt 0] Egress port is 0
[01:34:45.120] [bmv2] [D] [thread 23462] [16.0] [cxt 0] Processing packet received on port 1
[01:34:45.120] [bmv2] [D] [thread 23462] [16.0] [cxt 0] Parser 'parser': start
[01:34:45.120] [bmv2] [D] [thread 23462] [16.0] [cxt 0] Parser 'parser' entering state 'start'
[01:34:45.120] [bmv2] [D] [thread 23462] [16.0] [cxt 0] Extracting header 'ethernet'
[01:34:45.120] [bmv2] [D] [thread 23463] [15.0] [cxt 0] Pipeline 'egress': start
[01:34:45.120] [bmv2] [D] [thread 23463] [15.0] [cxt 0] Pipeline 'egress': end
[01:34:45.120] [bmv2] [D] [thread 23463] [15.0] [cxt 0] Deparser 'deparser': start
[01:34:45.120] [bmv2] [T] [thread 23463] [15.0] [cxt 0] Skipping checksum 'cksum' update because condition not met
[01:34:45.120] [bmv2] [D] [thread 23463] [15.0] [cxt 0] Deparsing header 'ethernet'
[01:34:45.120] [bmv2] [D] [thread 23463] [15.0] [cxt 0] Deparser 'deparser': end
[01:34:45.120] [bmv2] [D] [thread 23462] [16.0] [cxt 0] Parser set: setting field 'scalars.tmp' from field 'ethernet.srcAddr' (231387091625962)
[01:34:45.120] [bmv2] [D] [thread 23462] [16.0] [cxt 0] Parser set: setting field 'scalars.tmp_0' from field 'ethernet.dstAddr' (56294136348674)
[01:34:45.120] [bmv2] [D] [thread 23462] [16.0] [cxt 0] Executing method log_msg
[01:34:45.120] [bmv2] [T] [thread 23462] [16.0] [cxt 0] Action log_msg
[01:34:45.120] [bmv2] [D] [thread 23467] [15.0] [cxt 0] Transmitting packet of size 90 out of port 0
[01:34:45.120] [bmv2] [T] [thread 23462] [16.0] [cxt 0] basic.p4(73) Primitive         log_msg(\"Src {} Dst {}\n \", {hdr.ethernet.srcAddr, hdr.ethernet.dstAddr});
[01:34:45.120] [bmv2] [I] [thread 23462] Src 231387091625962 Dst 56294136348674
 
[01:34:45.120] [bmv2] [D] [thread 23462] [16.0] [cxt 0] Parser state 'start': key is 86dd
[01:34:45.120] [bmv2] [T] [thread 23462] [16.0] [cxt 0] Bytes parsed: 14
[01:34:45.120] [bmv2] [D] [thread 23462] [16.0] [cxt 0] Parser 'parser': end
[01:34:45.120] [bmv2] [D] [thread 23462] [16.0] [cxt 0] Pipeline 'ingress': start
[01:34:45.120] [bmv2] [T] [thread 23462] [16.0] [cxt 0] Applying table 'MyIngress.ipv4_lpm'
[01:34:45.120] [bmv2] [D] [thread 23462] [16.0] [cxt 0] Looking up key:
* hdr.ipv4.dstAddr    : 00000000

[01:34:45.120] [bmv2] [D] [thread 23462] [16.0] [cxt 0] Table 'MyIngress.ipv4_lpm': miss
[01:34:45.120] [bmv2] [D] [thread 23462] [16.0] [cxt 0] Action entry is NoAction - 
[01:34:45.120] [bmv2] [T] [thread 23462] [16.0] [cxt 0] Action NoAction
[01:34:45.120] [bmv2] [D] [thread 23462] [16.0] [cxt 0] Pipeline 'ingress': end
[01:34:45.120] [bmv2] [D] [thread 23462] [16.0] [cxt 0] Egress port is 0
[01:34:45.120] [bmv2] [D] [thread 23462] [17.0] [cxt 0] Processing packet received on port 3
[01:34:45.120] [bmv2] [D] [thread 23462] [17.0] [cxt 0] Parser 'parser': start
[01:34:45.120] [bmv2] [D] [thread 23462] [17.0] [cxt 0] Parser 'parser' entering state 'start'
[01:34:45.120] [bmv2] [D] [thread 23462] [17.0] [cxt 0] Extracting header 'ethernet'
[01:34:45.120] [bmv2] [D] [thread 23463] [16.0] [cxt 0] Pipeline 'egress': start
[01:34:45.120] [bmv2] [D] [thread 23462] [17.0] [cxt 0] Parser set: setting field 'scalars.tmp' from field 'ethernet.srcAddr' (72645455461153)
[01:34:45.120] [bmv2] [D] [thread 23463] [16.0] [cxt 0] Pipeline 'egress': end
[01:34:45.120] [bmv2] [D] [thread 23462] [17.0] [cxt 0] Parser set: setting field 'scalars.tmp_0' from field 'ethernet.dstAddr' (56294136348674)
[01:34:45.120] [bmv2] [D] [thread 23463] [16.0] [cxt 0] Deparser 'deparser': start
[01:34:45.120] [bmv2] [D] [thread 23462] [17.0] [cxt 0] Executing method log_msg
[01:34:45.120] [bmv2] [T] [thread 23463] [16.0] [cxt 0] Skipping checksum 'cksum' update because condition not met
[01:34:45.120] [bmv2] [D] [thread 23463] [16.0] [cxt 0] Deparsing header 'ethernet'
[01:34:45.120] [bmv2] [D] [thread 23463] [16.0] [cxt 0] Deparser 'deparser': end
[01:34:45.120] [bmv2] [T] [thread 23462] [17.0] [cxt 0] Action log_msg
[01:34:45.120] [bmv2] [T] [thread 23462] [17.0] [cxt 0] basic.p4(73) Primitive         log_msg(\"Src {} Dst {}\n \", {hdr.ethernet.srcAddr, hdr.ethernet.dstAddr});
[01:34:45.120] [bmv2] [I] [thread 23462] Src 72645455461153 Dst 56294136348674
 
[01:34:45.120] [bmv2] [D] [thread 23462] [17.0] [cxt 0] Parser state 'start': key is 86dd
[01:34:45.120] [bmv2] [T] [thread 23462] [17.0] [cxt 0] Bytes parsed: 14
[01:34:45.120] [bmv2] [D] [thread 23462] [17.0] [cxt 0] Parser 'parser': end
[01:34:45.120] [bmv2] [D] [thread 23462] [17.0] [cxt 0] Pipeline 'ingress': start
[01:34:45.120] [bmv2] [T] [thread 23462] [17.0] [cxt 0] Applying table 'MyIngress.ipv4_lpm'
[01:34:45.120] [bmv2] [D] [thread 23462] [17.0] [cxt 0] Looking up key:
* hdr.ipv4.dstAddr    : 00000000

[01:34:45.120] [bmv2] [D] [thread 23462] [17.0] [cxt 0] Table 'MyIngress.ipv4_lpm': miss
[01:34:45.120] [bmv2] [D] [thread 23462] [17.0] [cxt 0] Action entry is NoAction - 
[01:34:45.120] [bmv2] [T] [thread 23462] [17.0] [cxt 0] Action NoAction
[01:34:45.120] [bmv2] [D] [thread 23462] [17.0] [cxt 0] Pipeline 'ingress': end
[01:34:45.120] [bmv2] [D] [thread 23462] [17.0] [cxt 0] Egress port is 0
[01:34:45.120] [bmv2] [D] [thread 23462] [18.0] [cxt 0] Processing packet received on port 4
[01:34:45.120] [bmv2] [D] [thread 23462] [18.0] [cxt 0] Parser 'parser': start
[01:34:45.120] [bmv2] [D] [thread 23462] [18.0] [cxt 0] Parser 'parser' entering state 'start'
[01:34:45.120] [bmv2] [D] [thread 23463] [17.0] [cxt 0] Pipeline 'egress': start
[01:34:45.120] [bmv2] [D] [thread 23463] [17.0] [cxt 0] Pipeline 'egress': end
[01:34:45.120] [bmv2] [D] [thread 23463] [17.0] [cxt 0] Deparser 'deparser': start
[01:34:45.120] [bmv2] [D] [thread 23462] [18.0] [cxt 0] Extracting header 'ethernet'
[01:34:45.120] [bmv2] [T] [thread 23463] [17.0] [cxt 0] Skipping checksum 'cksum' update because condition not met
[01:34:45.120] [bmv2] [D] [thread 23463] [17.0] [cxt 0] Deparsing header 'ethernet'
[01:34:45.120] [bmv2] [D] [thread 23462] [18.0] [cxt 0] Parser set: setting field 'scalars.tmp' from field 'ethernet.srcAddr' (196803224901123)
[01:34:45.120] [bmv2] [D] [thread 23463] [17.0] [cxt 0] Deparser 'deparser': end
[01:34:45.120] [bmv2] [D] [thread 23462] [18.0] [cxt 0] Parser set: setting field 'scalars.tmp_0' from field 'ethernet.dstAddr' (56294136348674)
[01:34:45.120] [bmv2] [D] [thread 23462] [18.0] [cxt 0] Executing method log_msg
[01:34:45.120] [bmv2] [T] [thread 23462] [18.0] [cxt 0] Action log_msg
[01:34:45.120] [bmv2] [T] [thread 23462] [18.0] [cxt 0] basic.p4(73) Primitive         log_msg(\"Src {} Dst {}\n \", {hdr.ethernet.srcAddr, hdr.ethernet.dstAddr});
[01:34:45.120] [bmv2] [I] [thread 23462] Src 196803224901123 Dst 56294136348674
 
[01:34:45.120] [bmv2] [D] [thread 23462] [18.0] [cxt 0] Parser state 'start': key is 86dd
[01:34:45.120] [bmv2] [T] [thread 23462] [18.0] [cxt 0] Bytes parsed: 14
[01:34:45.120] [bmv2] [D] [thread 23462] [18.0] [cxt 0] Parser 'parser': end
[01:34:45.120] [bmv2] [D] [thread 23467] [16.0] [cxt 0] Transmitting packet of size 70 out of port 0
[01:34:45.120] [bmv2] [D] [thread 23462] [18.0] [cxt 0] Pipeline 'ingress': start
[01:34:45.120] [bmv2] [T] [thread 23462] [18.0] [cxt 0] Applying table 'MyIngress.ipv4_lpm'
[01:34:45.120] [bmv2] [D] [thread 23467] [17.0] [cxt 0] Transmitting packet of size 70 out of port 0
[01:34:45.120] [bmv2] [D] [thread 23462] [18.0] [cxt 0] Looking up key:
* hdr.ipv4.dstAddr    : 00000000

[01:34:45.121] [bmv2] [D] [thread 23462] [18.0] [cxt 0] Table 'MyIngress.ipv4_lpm': miss
[01:34:45.121] [bmv2] [D] [thread 23462] [18.0] [cxt 0] Action entry is NoAction - 
[01:34:45.121] [bmv2] [T] [thread 23462] [18.0] [cxt 0] Action NoAction
[01:34:45.121] [bmv2] [D] [thread 23462] [18.0] [cxt 0] Pipeline 'ingress': end
[01:34:45.121] [bmv2] [D] [thread 23462] [18.0] [cxt 0] Egress port is 0
[01:34:45.121] [bmv2] [D] [thread 23463] [18.0] [cxt 0] Pipeline 'egress': start
[01:34:45.121] [bmv2] [D] [thread 23463] [18.0] [cxt 0] Pipeline 'egress': end
[01:34:45.121] [bmv2] [D] [thread 23463] [18.0] [cxt 0] Deparser 'deparser': start
[01:34:45.121] [bmv2] [T] [thread 23463] [18.0] [cxt 0] Skipping checksum 'cksum' update because condition not met
[01:34:45.121] [bmv2] [D] [thread 23463] [18.0] [cxt 0] Deparsing header 'ethernet'
[01:34:45.121] [bmv2] [D] [thread 23463] [18.0] [cxt 0] Deparser 'deparser': end
[01:34:45.122] [bmv2] [D] [thread 23467] [18.0] [cxt 0] Transmitting packet of size 70 out of port 0
[01:34:45.487] [bmv2] [D] [thread 23462] [19.0] [cxt 0] Processing packet received on port 4
[01:34:45.487] [bmv2] [D] [thread 23462] [19.0] [cxt 0] Parser 'parser': start
[01:34:45.487] [bmv2] [D] [thread 23462] [19.0] [cxt 0] Parser 'parser' entering state 'start'
[01:34:45.487] [bmv2] [D] [thread 23462] [19.0] [cxt 0] Extracting header 'ethernet'
[01:34:45.487] [bmv2] [D] [thread 23462] [19.0] [cxt 0] Parser set: setting field 'scalars.tmp' from field 'ethernet.srcAddr' (196803224901123)
[01:34:45.487] [bmv2] [D] [thread 23462] [19.0] [cxt 0] Parser set: setting field 'scalars.tmp_0' from field 'ethernet.dstAddr' (56294136348694)
[01:34:45.487] [bmv2] [D] [thread 23462] [19.0] [cxt 0] Executing method log_msg
[01:34:45.487] [bmv2] [T] [thread 23462] [19.0] [cxt 0] Action log_msg
[01:34:45.487] [bmv2] [T] [thread 23462] [19.0] [cxt 0] basic.p4(73) Primitive         log_msg(\"Src {} Dst {}\n \", {hdr.ethernet.srcAddr, hdr.ethernet.dstAddr});
[01:34:45.487] [bmv2] [I] [thread 23462] Src 196803224901123 Dst 56294136348694
 
[01:34:45.487] [bmv2] [D] [thread 23462] [19.0] [cxt 0] Parser state 'start': key is 86dd
[01:34:45.487] [bmv2] [T] [thread 23462] [19.0] [cxt 0] Bytes parsed: 14
[01:34:45.487] [bmv2] [D] [thread 23462] [19.0] [cxt 0] Parser 'parser': end
[01:34:45.487] [bmv2] [D] [thread 23462] [19.0] [cxt 0] Pipeline 'ingress': start
[01:34:45.487] [bmv2] [T] [thread 23462] [19.0] [cxt 0] Applying table 'MyIngress.ipv4_lpm'
[01:34:45.487] [bmv2] [D] [thread 23462] [19.0] [cxt 0] Looking up key:
* hdr.ipv4.dstAddr    : 00000000

[01:34:45.487] [bmv2] [D] [thread 23462] [19.0] [cxt 0] Table 'MyIngress.ipv4_lpm': miss
[01:34:45.487] [bmv2] [D] [thread 23462] [19.0] [cxt 0] Action entry is NoAction - 
[01:34:45.487] [bmv2] [T] [thread 23462] [19.0] [cxt 0] Action NoAction
[01:34:45.487] [bmv2] [D] [thread 23462] [19.0] [cxt 0] Pipeline 'ingress': end
[01:34:45.487] [bmv2] [D] [thread 23462] [19.0] [cxt 0] Egress port is 0
[01:34:45.487] [bmv2] [D] [thread 23463] [19.0] [cxt 0] Pipeline 'egress': start
[01:34:45.487] [bmv2] [D] [thread 23463] [19.0] [cxt 0] Pipeline 'egress': end
[01:34:45.487] [bmv2] [D] [thread 23463] [19.0] [cxt 0] Deparser 'deparser': start
[01:34:45.487] [bmv2] [T] [thread 23463] [19.0] [cxt 0] Skipping checksum 'cksum' update because condition not met
[01:34:45.487] [bmv2] [D] [thread 23463] [19.0] [cxt 0] Deparsing header 'ethernet'
[01:34:45.487] [bmv2] [D] [thread 23463] [19.0] [cxt 0] Deparser 'deparser': end
[01:34:45.487] [bmv2] [D] [thread 23467] [19.0] [cxt 0] Transmitting packet of size 90 out of port 0
[01:34:45.559] [bmv2] [D] [thread 23462] [20.0] [cxt 0] Processing packet received on port 1
[01:34:45.559] [bmv2] [D] [thread 23462] [20.0] [cxt 0] Parser 'parser': start
[01:34:45.559] [bmv2] [D] [thread 23462] [20.0] [cxt 0] Parser 'parser' entering state 'start'
[01:34:45.559] [bmv2] [D] [thread 23462] [20.0] [cxt 0] Extracting header 'ethernet'
[01:34:45.559] [bmv2] [D] [thread 23462] [20.0] [cxt 0] Parser set: setting field 'scalars.tmp' from field 'ethernet.srcAddr' (231387091625962)
[01:34:45.559] [bmv2] [D] [thread 23462] [20.0] [cxt 0] Parser set: setting field 'scalars.tmp_0' from field 'ethernet.dstAddr' (56294136348694)
[01:34:45.559] [bmv2] [D] [thread 23462] [20.0] [cxt 0] Executing method log_msg
[01:34:45.559] [bmv2] [T] [thread 23462] [20.0] [cxt 0] Action log_msg
[01:34:45.559] [bmv2] [T] [thread 23462] [20.0] [cxt 0] basic.p4(73) Primitive         log_msg(\"Src {} Dst {}\n \", {hdr.ethernet.srcAddr, hdr.ethernet.dstAddr});
[01:34:45.559] [bmv2] [I] [thread 23462] Src 231387091625962 Dst 56294136348694
 
[01:34:45.559] [bmv2] [D] [thread 23462] [20.0] [cxt 0] Parser state 'start': key is 86dd
[01:34:45.559] [bmv2] [T] [thread 23462] [20.0] [cxt 0] Bytes parsed: 14
[01:34:45.559] [bmv2] [D] [thread 23462] [20.0] [cxt 0] Parser 'parser': end
[01:34:45.559] [bmv2] [D] [thread 23462] [20.0] [cxt 0] Pipeline 'ingress': start
[01:34:45.559] [bmv2] [T] [thread 23462] [20.0] [cxt 0] Applying table 'MyIngress.ipv4_lpm'
[01:34:45.559] [bmv2] [D] [thread 23462] [20.0] [cxt 0] Looking up key:
* hdr.ipv4.dstAddr    : 00000000

[01:34:45.559] [bmv2] [D] [thread 23462] [20.0] [cxt 0] Table 'MyIngress.ipv4_lpm': miss
[01:34:45.559] [bmv2] [D] [thread 23462] [20.0] [cxt 0] Action entry is NoAction - 
[01:34:45.559] [bmv2] [T] [thread 23462] [20.0] [cxt 0] Action NoAction
[01:34:45.559] [bmv2] [D] [thread 23462] [20.0] [cxt 0] Pipeline 'ingress': end
[01:34:45.559] [bmv2] [D] [thread 23462] [20.0] [cxt 0] Egress port is 0
[01:34:45.559] [bmv2] [D] [thread 23463] [20.0] [cxt 0] Pipeline 'egress': start
[01:34:45.559] [bmv2] [D] [thread 23463] [20.0] [cxt 0] Pipeline 'egress': end
[01:34:45.559] [bmv2] [D] [thread 23463] [20.0] [cxt 0] Deparser 'deparser': start
[01:34:45.559] [bmv2] [T] [thread 23463] [20.0] [cxt 0] Skipping checksum 'cksum' update because condition not met
[01:34:45.559] [bmv2] [D] [thread 23463] [20.0] [cxt 0] Deparsing header 'ethernet'
[01:34:45.559] [bmv2] [D] [thread 23463] [20.0] [cxt 0] Deparser 'deparser': end
[01:34:45.559] [bmv2] [D] [thread 23467] [20.0] [cxt 0] Transmitting packet of size 90 out of port 0
[01:34:45.567] [bmv2] [D] [thread 23462] [21.0] [cxt 0] Processing packet received on port 3
[01:34:45.567] [bmv2] [D] [thread 23462] [21.0] [cxt 0] Parser 'parser': start
[01:34:45.567] [bmv2] [D] [thread 23462] [21.0] [cxt 0] Parser 'parser' entering state 'start'
[01:34:45.567] [bmv2] [D] [thread 23462] [21.0] [cxt 0] Extracting header 'ethernet'
[01:34:45.567] [bmv2] [D] [thread 23462] [21.0] [cxt 0] Parser set: setting field 'scalars.tmp' from field 'ethernet.srcAddr' (240568391816953)
[01:34:45.567] [bmv2] [D] [thread 23462] [21.0] [cxt 0] Parser set: setting field 'scalars.tmp_0' from field 'ethernet.dstAddr' (56294136348694)
[01:34:45.567] [bmv2] [D] [thread 23462] [21.0] [cxt 0] Executing method log_msg
[01:34:45.567] [bmv2] [T] [thread 23462] [21.0] [cxt 0] Action log_msg
[01:34:45.567] [bmv2] [T] [thread 23462] [21.0] [cxt 0] basic.p4(73) Primitive         log_msg(\"Src {} Dst {}\n \", {hdr.ethernet.srcAddr, hdr.ethernet.dstAddr});
[01:34:45.567] [bmv2] [I] [thread 23462] Src 240568391816953 Dst 56294136348694
 
[01:34:45.567] [bmv2] [D] [thread 23462] [21.0] [cxt 0] Parser state 'start': key is 86dd
[01:34:45.567] [bmv2] [T] [thread 23462] [21.0] [cxt 0] Bytes parsed: 14
[01:34:45.567] [bmv2] [D] [thread 23462] [21.0] [cxt 0] Parser 'parser': end
[01:34:45.567] [bmv2] [D] [thread 23462] [21.0] [cxt 0] Pipeline 'ingress': start
[01:34:45.567] [bmv2] [T] [thread 23462] [21.0] [cxt 0] Applying table 'MyIngress.ipv4_lpm'
[01:34:45.567] [bmv2] [D] [thread 23462] [21.0] [cxt 0] Looking up key:
* hdr.ipv4.dstAddr    : 00000000

[01:34:45.567] [bmv2] [D] [thread 23462] [21.0] [cxt 0] Table 'MyIngress.ipv4_lpm': miss
[01:34:45.567] [bmv2] [D] [thread 23462] [21.0] [cxt 0] Action entry is NoAction - 
[01:34:45.567] [bmv2] [T] [thread 23462] [21.0] [cxt 0] Action NoAction
[01:34:45.567] [bmv2] [D] [thread 23462] [21.0] [cxt 0] Pipeline 'ingress': end
[01:34:45.567] [bmv2] [D] [thread 23462] [21.0] [cxt 0] Egress port is 0
[01:34:45.567] [bmv2] [D] [thread 23463] [21.0] [cxt 0] Pipeline 'egress': start
[01:34:45.567] [bmv2] [D] [thread 23463] [21.0] [cxt 0] Pipeline 'egress': end
[01:34:45.567] [bmv2] [D] [thread 23463] [21.0] [cxt 0] Deparser 'deparser': start
[01:34:45.567] [bmv2] [T] [thread 23463] [21.0] [cxt 0] Skipping checksum 'cksum' update because condition not met
[01:34:45.567] [bmv2] [D] [thread 23463] [21.0] [cxt 0] Deparsing header 'ethernet'
[01:34:45.567] [bmv2] [D] [thread 23463] [21.0] [cxt 0] Deparser 'deparser': end
[01:34:45.567] [bmv2] [D] [thread 23467] [21.0] [cxt 0] Transmitting packet of size 90 out of port 0
[01:34:45.823] [bmv2] [D] [thread 23462] [22.0] [cxt 0] Processing packet received on port 4
[01:34:45.823] [bmv2] [D] [thread 23462] [22.0] [cxt 0] Parser 'parser': start
[01:34:45.823] [bmv2] [D] [thread 23462] [22.0] [cxt 0] Parser 'parser' entering state 'start'
[01:34:45.823] [bmv2] [D] [thread 23462] [22.0] [cxt 0] Extracting header 'ethernet'
[01:34:45.823] [bmv2] [D] [thread 23462] [22.0] [cxt 0] Parser set: setting field 'scalars.tmp' from field 'ethernet.srcAddr' (108301912473649)
[01:34:45.823] [bmv2] [D] [thread 23462] [22.0] [cxt 0] Parser set: setting field 'scalars.tmp_0' from field 'ethernet.dstAddr' (56294136348694)
[01:34:45.823] [bmv2] [D] [thread 23462] [22.0] [cxt 0] Executing method log_msg
[01:34:45.823] [bmv2] [T] [thread 23462] [22.0] [cxt 0] Action log_msg
[01:34:45.823] [bmv2] [T] [thread 23462] [22.0] [cxt 0] basic.p4(73) Primitive         log_msg(\"Src {} Dst {}\n \", {hdr.ethernet.srcAddr, hdr.ethernet.dstAddr});
[01:34:45.823] [bmv2] [I] [thread 23462] Src 108301912473649 Dst 56294136348694
 
[01:34:45.823] [bmv2] [D] [thread 23462] [22.0] [cxt 0] Parser state 'start': key is 86dd
[01:34:45.823] [bmv2] [T] [thread 23462] [22.0] [cxt 0] Bytes parsed: 14
[01:34:45.823] [bmv2] [D] [thread 23462] [22.0] [cxt 0] Parser 'parser': end
[01:34:45.823] [bmv2] [D] [thread 23462] [22.0] [cxt 0] Pipeline 'ingress': start
[01:34:45.823] [bmv2] [T] [thread 23462] [22.0] [cxt 0] Applying table 'MyIngress.ipv4_lpm'
[01:34:45.823] [bmv2] [D] [thread 23462] [22.0] [cxt 0] Looking up key:
* hdr.ipv4.dstAddr    : 00000000

[01:34:45.823] [bmv2] [D] [thread 23462] [22.0] [cxt 0] Table 'MyIngress.ipv4_lpm': miss
[01:34:45.823] [bmv2] [D] [thread 23462] [22.0] [cxt 0] Action entry is NoAction - 
[01:34:45.823] [bmv2] [T] [thread 23462] [22.0] [cxt 0] Action NoAction
[01:34:45.823] [bmv2] [D] [thread 23462] [22.0] [cxt 0] Pipeline 'ingress': end
[01:34:45.823] [bmv2] [D] [thread 23462] [22.0] [cxt 0] Egress port is 0
[01:34:45.823] [bmv2] [D] [thread 23463] [22.0] [cxt 0] Pipeline 'egress': start
[01:34:45.823] [bmv2] [D] [thread 23463] [22.0] [cxt 0] Pipeline 'egress': end
[01:34:45.823] [bmv2] [D] [thread 23463] [22.0] [cxt 0] Deparser 'deparser': start
[01:34:45.823] [bmv2] [T] [thread 23463] [22.0] [cxt 0] Skipping checksum 'cksum' update because condition not met
[01:34:45.823] [bmv2] [D] [thread 23463] [22.0] [cxt 0] Deparsing header 'ethernet'
[01:34:45.823] [bmv2] [D] [thread 23463] [22.0] [cxt 0] Deparser 'deparser': end
[01:34:45.823] [bmv2] [D] [thread 23467] [22.0] [cxt 0] Transmitting packet of size 90 out of port 0
[01:34:45.951] [bmv2] [D] [thread 23462] [23.0] [cxt 0] Processing packet received on port 3
[01:34:45.951] [bmv2] [D] [thread 23462] [23.0] [cxt 0] Parser 'parser': start
[01:34:45.951] [bmv2] [D] [thread 23462] [23.0] [cxt 0] Parser 'parser' entering state 'start'
[01:34:45.951] [bmv2] [D] [thread 23462] [23.0] [cxt 0] Extracting header 'ethernet'
[01:34:45.951] [bmv2] [D] [thread 23462] [23.0] [cxt 0] Parser set: setting field 'scalars.tmp' from field 'ethernet.srcAddr' (72645455461153)
[01:34:45.951] [bmv2] [D] [thread 23462] [23.0] [cxt 0] Parser set: setting field 'scalars.tmp_0' from field 'ethernet.dstAddr' (56294136348694)
[01:34:45.951] [bmv2] [D] [thread 23462] [23.0] [cxt 0] Executing method log_msg
[01:34:45.951] [bmv2] [T] [thread 23462] [23.0] [cxt 0] Action log_msg
[01:34:45.951] [bmv2] [T] [thread 23462] [23.0] [cxt 0] basic.p4(73) Primitive         log_msg(\"Src {} Dst {}\n \", {hdr.ethernet.srcAddr, hdr.ethernet.dstAddr});
[01:34:45.951] [bmv2] [I] [thread 23462] Src 72645455461153 Dst 56294136348694
 
[01:34:45.951] [bmv2] [D] [thread 23462] [23.0] [cxt 0] Parser state 'start': key is 86dd
[01:34:45.951] [bmv2] [T] [thread 23462] [23.0] [cxt 0] Bytes parsed: 14
[01:34:45.951] [bmv2] [D] [thread 23462] [23.0] [cxt 0] Parser 'parser': end
[01:34:45.951] [bmv2] [D] [thread 23462] [23.0] [cxt 0] Pipeline 'ingress': start
[01:34:45.951] [bmv2] [T] [thread 23462] [23.0] [cxt 0] Applying table 'MyIngress.ipv4_lpm'
[01:34:45.951] [bmv2] [D] [thread 23462] [23.0] [cxt 0] Looking up key:
* hdr.ipv4.dstAddr    : 00000000

[01:34:45.951] [bmv2] [D] [thread 23462] [23.0] [cxt 0] Table 'MyIngress.ipv4_lpm': miss
[01:34:45.951] [bmv2] [D] [thread 23462] [23.0] [cxt 0] Action entry is NoAction - 
[01:34:45.951] [bmv2] [T] [thread 23462] [23.0] [cxt 0] Action NoAction
[01:34:45.951] [bmv2] [D] [thread 23462] [23.0] [cxt 0] Pipeline 'ingress': end
[01:34:45.951] [bmv2] [D] [thread 23462] [23.0] [cxt 0] Egress port is 0
[01:34:45.951] [bmv2] [D] [thread 23463] [23.0] [cxt 0] Pipeline 'egress': start
[01:34:45.951] [bmv2] [D] [thread 23463] [23.0] [cxt 0] Pipeline 'egress': end
[01:34:45.951] [bmv2] [D] [thread 23463] [23.0] [cxt 0] Deparser 'deparser': start
[01:34:45.951] [bmv2] [T] [thread 23463] [23.0] [cxt 0] Skipping checksum 'cksum' update because condition not met
[01:34:45.951] [bmv2] [D] [thread 23463] [23.0] [cxt 0] Deparsing header 'ethernet'
[01:34:45.951] [bmv2] [D] [thread 23463] [23.0] [cxt 0] Deparser 'deparser': end
[01:34:45.951] [bmv2] [D] [thread 23467] [23.0] [cxt 0] Transmitting packet of size 90 out of port 0
[01:34:46.552] [bmv2] [W] [thread 23575] [P4Runtime] p4::tmp::P4DeviceConfig is deprecated
[01:34:46.553] [bmv2] [D] [thread 23575] Set default default entry for table 'MyIngress.ipv4_lpm': NoAction - 
[01:34:46.555] [bmv2] [D] [thread 23575] simple_switch target has been notified of a config swap
[01:34:46.557] [bmv2] [D] [thread 23575] Set default entry for table 'MyIngress.ipv4_lpm': MyIngress.drop - 
[01:34:46.559] [bmv2] [D] [thread 23576] Entry 0 added to table 'MyIngress.ipv4_lpm'
[01:34:46.559] [bmv2] [D] [thread 23576] Dumping entry 0
Match key:
* hdr.ipv4.dstAddr    : LPM       0a000101/32
Action entry: MyIngress.ipv4_forward - 80000000300,4,

[01:34:46.560] [bmv2] [D] [thread 23575] Entry 1 added to table 'MyIngress.ipv4_lpm'
[01:34:46.560] [bmv2] [D] [thread 23575] Dumping entry 1
Match key:
* hdr.ipv4.dstAddr    : LPM       0a000202/32
Action entry: MyIngress.ipv4_forward - 80000000400,3,

[01:34:46.561] [bmv2] [D] [thread 23576] Entry 2 added to table 'MyIngress.ipv4_lpm'
[01:34:46.561] [bmv2] [D] [thread 23576] Dumping entry 2
Match key:
* hdr.ipv4.dstAddr    : LPM       0a000303/32
Action entry: MyIngress.ipv4_forward - 80000000333,1,

[01:34:46.562] [bmv2] [D] [thread 23575] Entry 3 added to table 'MyIngress.ipv4_lpm'
[01:34:46.562] [bmv2] [D] [thread 23575] Dumping entry 3
Match key:
* hdr.ipv4.dstAddr    : LPM       0a000404/32
Action entry: MyIngress.ipv4_forward - 80000000444,2,

[01:34:48.959] [bmv2] [D] [thread 23462] [24.0] [cxt 0] Processing packet received on port 1
[01:34:48.959] [bmv2] [D] [thread 23462] [24.0] [cxt 0] Parser 'parser': start
[01:34:48.959] [bmv2] [D] [thread 23462] [24.0] [cxt 0] Parser 'parser' entering state 'start'
[01:34:48.959] [bmv2] [D] [thread 23462] [24.0] [cxt 0] Extracting header 'ethernet'
[01:34:48.959] [bmv2] [D] [thread 23462] [24.0] [cxt 0] Parser set: setting field 'scalars.tmp' from field 'ethernet.srcAddr' (231387091625962)
[01:34:48.959] [bmv2] [D] [thread 23462] [24.0] [cxt 0] Parser set: setting field 'scalars.tmp_0' from field 'ethernet.dstAddr' (56294136348674)
[01:34:48.959] [bmv2] [D] [thread 23462] [24.0] [cxt 0] Executing method log_msg
[01:34:48.959] [bmv2] [T] [thread 23462] [24.0] [cxt 0] Action log_msg
[01:34:48.959] [bmv2] [T] [thread 23462] [24.0] [cxt 0] basic.p4(73) Primitive         log_msg(\"Src {} Dst {}\n \", {hdr.ethernet.srcAddr, hdr.ethernet.dstAddr});
[01:34:48.959] [bmv2] [I] [thread 23462] Src 231387091625962 Dst 56294136348674
 
[01:34:48.959] [bmv2] [D] [thread 23462] [24.0] [cxt 0] Parser state 'start': key is 86dd
[01:34:48.959] [bmv2] [T] [thread 23462] [24.0] [cxt 0] Bytes parsed: 14
[01:34:48.959] [bmv2] [D] [thread 23462] [24.0] [cxt 0] Parser 'parser': end
[01:34:48.959] [bmv2] [D] [thread 23462] [24.0] [cxt 0] Pipeline 'ingress': start
[01:34:48.959] [bmv2] [T] [thread 23462] [24.0] [cxt 0] Applying table 'MyIngress.ipv4_lpm'
[01:34:48.959] [bmv2] [D] [thread 23462] [24.0] [cxt 0] Looking up key:
* hdr.ipv4.dstAddr    : 00000000

[01:34:48.959] [bmv2] [D] [thread 23462] [24.0] [cxt 0] Table 'MyIngress.ipv4_lpm': miss
[01:34:48.959] [bmv2] [D] [thread 23462] [24.0] [cxt 0] Action entry is MyIngress.drop - 
[01:34:48.959] [bmv2] [T] [thread 23462] [24.0] [cxt 0] Action MyIngress.drop
[01:34:48.959] [bmv2] [T] [thread 23462] [24.0] [cxt 0] basic.p4(109) Primitive mark_to_drop(standard_metadata)
[01:34:48.959] [bmv2] [D] [thread 23462] [24.0] [cxt 0] Pipeline 'ingress': end
[01:34:48.959] [bmv2] [D] [thread 23462] [24.0] [cxt 0] Egress port is 511
[01:34:48.959] [bmv2] [D] [thread 23462] [24.0] [cxt 0] Dropping packet at the end of ingress
[01:34:49.023] [bmv2] [D] [thread 23462] [25.0] [cxt 0] Processing packet received on port 2
[01:34:49.023] [bmv2] [D] [thread 23462] [25.0] [cxt 0] Parser 'parser': start
[01:34:49.023] [bmv2] [D] [thread 23462] [25.0] [cxt 0] Parser 'parser' entering state 'start'
[01:34:49.023] [bmv2] [D] [thread 23462] [25.0] [cxt 0] Extracting header 'ethernet'
[01:34:49.023] [bmv2] [D] [thread 23462] [25.0] [cxt 0] Parser set: setting field 'scalars.tmp' from field 'ethernet.srcAddr' (135112885622291)
[01:34:49.023] [bmv2] [D] [thread 23462] [25.0] [cxt 0] Parser set: setting field 'scalars.tmp_0' from field 'ethernet.dstAddr' (56294136348674)
[01:34:49.023] [bmv2] [D] [thread 23462] [25.0] [cxt 0] Executing method log_msg
[01:34:49.023] [bmv2] [T] [thread 23462] [25.0] [cxt 0] Action log_msg
[01:34:49.023] [bmv2] [T] [thread 23462] [25.0] [cxt 0] basic.p4(73) Primitive         log_msg(\"Src {} Dst {}\n \", {hdr.ethernet.srcAddr, hdr.ethernet.dstAddr});
[01:34:49.023] [bmv2] [I] [thread 23462] Src 135112885622291 Dst 56294136348674
 
[01:34:49.023] [bmv2] [D] [thread 23462] [25.0] [cxt 0] Parser state 'start': key is 86dd
[01:34:49.023] [bmv2] [T] [thread 23462] [25.0] [cxt 0] Bytes parsed: 14
[01:34:49.023] [bmv2] [D] [thread 23462] [25.0] [cxt 0] Parser 'parser': end
[01:34:49.023] [bmv2] [D] [thread 23462] [25.0] [cxt 0] Pipeline 'ingress': start
[01:34:49.023] [bmv2] [T] [thread 23462] [25.0] [cxt 0] Applying table 'MyIngress.ipv4_lpm'
[01:34:49.023] [bmv2] [D] [thread 23462] [25.0] [cxt 0] Looking up key:
* hdr.ipv4.dstAddr    : 00000000

[01:34:49.023] [bmv2] [D] [thread 23462] [25.0] [cxt 0] Table 'MyIngress.ipv4_lpm': miss
[01:34:49.023] [bmv2] [D] [thread 23462] [25.0] [cxt 0] Action entry is MyIngress.drop - 
[01:34:49.023] [bmv2] [T] [thread 23462] [25.0] [cxt 0] Action MyIngress.drop
[01:34:49.023] [bmv2] [T] [thread 23462] [25.0] [cxt 0] basic.p4(109) Primitive mark_to_drop(standard_metadata)
[01:34:49.023] [bmv2] [D] [thread 23462] [25.0] [cxt 0] Pipeline 'ingress': end
[01:34:49.023] [bmv2] [D] [thread 23462] [25.0] [cxt 0] Egress port is 511
[01:34:49.023] [bmv2] [D] [thread 23462] [25.0] [cxt 0] Dropping packet at the end of ingress
[01:34:49.023] [bmv2] [D] [thread 23462] [26.0] [cxt 0] Processing packet received on port 3
[01:34:49.023] [bmv2] [D] [thread 23462] [26.0] [cxt 0] Parser 'parser': start
[01:34:49.023] [bmv2] [D] [thread 23462] [26.0] [cxt 0] Parser 'parser' entering state 'start'
[01:34:49.023] [bmv2] [D] [thread 23462] [26.0] [cxt 0] Extracting header 'ethernet'
[01:34:49.023] [bmv2] [D] [thread 23462] [26.0] [cxt 0] Parser set: setting field 'scalars.tmp' from field 'ethernet.srcAddr' (240568391816953)
[01:34:49.023] [bmv2] [D] [thread 23462] [26.0] [cxt 0] Parser set: setting field 'scalars.tmp_0' from field 'ethernet.dstAddr' (56294136348674)
[01:34:49.023] [bmv2] [D] [thread 23462] [26.0] [cxt 0] Executing method log_msg
[01:34:49.023] [bmv2] [T] [thread 23462] [26.0] [cxt 0] Action log_msg
[01:34:49.023] [bmv2] [T] [thread 23462] [26.0] [cxt 0] basic.p4(73) Primitive         log_msg(\"Src {} Dst {}\n \", {hdr.ethernet.srcAddr, hdr.ethernet.dstAddr});
[01:34:49.023] [bmv2] [I] [thread 23462] Src 240568391816953 Dst 56294136348674
 
[01:34:49.023] [bmv2] [D] [thread 23462] [26.0] [cxt 0] Parser state 'start': key is 86dd
[01:34:49.023] [bmv2] [T] [thread 23462] [26.0] [cxt 0] Bytes parsed: 14
[01:34:49.023] [bmv2] [D] [thread 23462] [26.0] [cxt 0] Parser 'parser': end
[01:34:49.023] [bmv2] [D] [thread 23462] [26.0] [cxt 0] Pipeline 'ingress': start
[01:34:49.023] [bmv2] [T] [thread 23462] [26.0] [cxt 0] Applying table 'MyIngress.ipv4_lpm'
[01:34:49.023] [bmv2] [D] [thread 23462] [26.0] [cxt 0] Looking up key:
* hdr.ipv4.dstAddr    : 00000000

[01:34:49.023] [bmv2] [D] [thread 23462] [26.0] [cxt 0] Table 'MyIngress.ipv4_lpm': miss
[01:34:49.023] [bmv2] [D] [thread 23462] [26.0] [cxt 0] Action entry is MyIngress.drop - 
[01:34:49.023] [bmv2] [T] [thread 23462] [26.0] [cxt 0] Action MyIngress.drop
[01:34:49.023] [bmv2] [T] [thread 23462] [26.0] [cxt 0] basic.p4(109) Primitive mark_to_drop(standard_metadata)
[01:34:49.023] [bmv2] [D] [thread 23462] [26.0] [cxt 0] Pipeline 'ingress': end
[01:34:49.023] [bmv2] [D] [thread 23462] [26.0] [cxt 0] Egress port is 511
[01:34:49.023] [bmv2] [D] [thread 23462] [26.0] [cxt 0] Dropping packet at the end of ingress
[01:34:49.023] [bmv2] [D] [thread 23462] [27.0] [cxt 0] Processing packet received on port 3
[01:34:49.023] [bmv2] [D] [thread 23462] [27.0] [cxt 0] Parser 'parser': start
[01:34:49.023] [bmv2] [D] [thread 23462] [27.0] [cxt 0] Parser 'parser' entering state 'start'
[01:34:49.023] [bmv2] [D] [thread 23462] [27.0] [cxt 0] Extracting header 'ethernet'
[01:34:49.023] [bmv2] [D] [thread 23462] [27.0] [cxt 0] Parser set: setting field 'scalars.tmp' from field 'ethernet.srcAddr' (72645455461153)
[01:34:49.023] [bmv2] [D] [thread 23462] [27.0] [cxt 0] Parser set: setting field 'scalars.tmp_0' from field 'ethernet.dstAddr' (56294136348674)
[01:34:49.023] [bmv2] [D] [thread 23462] [27.0] [cxt 0] Executing method log_msg
[01:34:49.023] [bmv2] [T] [thread 23462] [27.0] [cxt 0] Action log_msg
[01:34:49.023] [bmv2] [T] [thread 23462] [27.0] [cxt 0] basic.p4(73) Primitive         log_msg(\"Src {} Dst {}\n \", {hdr.ethernet.srcAddr, hdr.ethernet.dstAddr});
[01:34:49.023] [bmv2] [I] [thread 23462] Src 72645455461153 Dst 56294136348674
 
[01:34:49.023] [bmv2] [D] [thread 23462] [27.0] [cxt 0] Parser state 'start': key is 86dd
[01:34:49.023] [bmv2] [T] [thread 23462] [27.0] [cxt 0] Bytes parsed: 14
[01:34:49.023] [bmv2] [D] [thread 23462] [27.0] [cxt 0] Parser 'parser': end
[01:34:49.023] [bmv2] [D] [thread 23462] [27.0] [cxt 0] Pipeline 'ingress': start
[01:34:49.023] [bmv2] [T] [thread 23462] [27.0] [cxt 0] Applying table 'MyIngress.ipv4_lpm'
[01:34:49.023] [bmv2] [D] [thread 23462] [27.0] [cxt 0] Looking up key:
* hdr.ipv4.dstAddr    : 00000000

[01:34:49.023] [bmv2] [D] [thread 23462] [27.0] [cxt 0] Table 'MyIngress.ipv4_lpm': miss
[01:34:49.023] [bmv2] [D] [thread 23462] [27.0] [cxt 0] Action entry is MyIngress.drop - 
[01:34:49.023] [bmv2] [T] [thread 23462] [27.0] [cxt 0] Action MyIngress.drop
[01:34:49.023] [bmv2] [T] [thread 23462] [27.0] [cxt 0] basic.p4(109) Primitive mark_to_drop(standard_metadata)
[01:34:49.023] [bmv2] [D] [thread 23462] [27.0] [cxt 0] Pipeline 'ingress': end
[01:34:49.023] [bmv2] [D] [thread 23462] [27.0] [cxt 0] Egress port is 511
[01:34:49.023] [bmv2] [D] [thread 23462] [27.0] [cxt 0] Dropping packet at the end of ingress
[01:34:49.151] [bmv2] [D] [thread 23462] [28.0] [cxt 0] Processing packet received on port 4
[01:34:49.151] [bmv2] [D] [thread 23462] [28.0] [cxt 0] Parser 'parser': start
[01:34:49.151] [bmv2] [D] [thread 23462] [28.0] [cxt 0] Parser 'parser' entering state 'start'
[01:34:49.151] [bmv2] [D] [thread 23462] [28.0] [cxt 0] Extracting header 'ethernet'
[01:34:49.151] [bmv2] [D] [thread 23462] [28.0] [cxt 0] Parser set: setting field 'scalars.tmp' from field 'ethernet.srcAddr' (196803224901123)
[01:34:49.151] [bmv2] [D] [thread 23462] [28.0] [cxt 0] Parser set: setting field 'scalars.tmp_0' from field 'ethernet.dstAddr' (56294136348674)
[01:34:49.151] [bmv2] [D] [thread 23462] [28.0] [cxt 0] Executing method log_msg
[01:34:49.151] [bmv2] [T] [thread 23462] [28.0] [cxt 0] Action log_msg
[01:34:49.151] [bmv2] [T] [thread 23462] [28.0] [cxt 0] basic.p4(73) Primitive         log_msg(\"Src {} Dst {}\n \", {hdr.ethernet.srcAddr, hdr.ethernet.dstAddr});
[01:34:49.151] [bmv2] [I] [thread 23462] Src 196803224901123 Dst 56294136348674
 
[01:34:49.151] [bmv2] [D] [thread 23462] [28.0] [cxt 0] Parser state 'start': key is 86dd
[01:34:49.151] [bmv2] [T] [thread 23462] [28.0] [cxt 0] Bytes parsed: 14
[01:34:49.151] [bmv2] [D] [thread 23462] [28.0] [cxt 0] Parser 'parser': end
[01:34:49.151] [bmv2] [D] [thread 23462] [28.0] [cxt 0] Pipeline 'ingress': start
[01:34:49.151] [bmv2] [T] [thread 23462] [28.0] [cxt 0] Applying table 'MyIngress.ipv4_lpm'
[01:34:49.151] [bmv2] [D] [thread 23462] [28.0] [cxt 0] Looking up key:
* hdr.ipv4.dstAddr    : 00000000

[01:34:49.151] [bmv2] [D] [thread 23462] [28.0] [cxt 0] Table 'MyIngress.ipv4_lpm': miss
[01:34:49.151] [bmv2] [D] [thread 23462] [28.0] [cxt 0] Action entry is MyIngress.drop - 
[01:34:49.151] [bmv2] [T] [thread 23462] [28.0] [cxt 0] Action MyIngress.drop
[01:34:49.151] [bmv2] [T] [thread 23462] [28.0] [cxt 0] basic.p4(109) Primitive mark_to_drop(standard_metadata)
[01:34:49.151] [bmv2] [D] [thread 23462] [28.0] [cxt 0] Pipeline 'ingress': end
[01:34:49.151] [bmv2] [D] [thread 23462] [28.0] [cxt 0] Egress port is 511
[01:34:49.151] [bmv2] [D] [thread 23462] [28.0] [cxt 0] Dropping packet at the end of ingress
[01:34:49.535] [bmv2] [D] [thread 23462] [29.0] [cxt 0] Processing packet received on port 4
[01:34:49.535] [bmv2] [D] [thread 23462] [29.0] [cxt 0] Parser 'parser': start
[01:34:49.535] [bmv2] [D] [thread 23462] [29.0] [cxt 0] Parser 'parser' entering state 'start'
[01:34:49.535] [bmv2] [D] [thread 23462] [29.0] [cxt 0] Extracting header 'ethernet'
[01:34:49.535] [bmv2] [D] [thread 23462] [29.0] [cxt 0] Parser set: setting field 'scalars.tmp' from field 'ethernet.srcAddr' (108301912473649)
[01:34:49.535] [bmv2] [D] [thread 23462] [29.0] [cxt 0] Parser set: setting field 'scalars.tmp_0' from field 'ethernet.dstAddr' (56294136348674)
[01:34:49.535] [bmv2] [D] [thread 23462] [29.0] [cxt 0] Executing method log_msg
[01:34:49.535] [bmv2] [T] [thread 23462] [29.0] [cxt 0] Action log_msg
[01:34:49.535] [bmv2] [T] [thread 23462] [29.0] [cxt 0] basic.p4(73) Primitive         log_msg(\"Src {} Dst {}\n \", {hdr.ethernet.srcAddr, hdr.ethernet.dstAddr});
[01:34:49.535] [bmv2] [I] [thread 23462] Src 108301912473649 Dst 56294136348674
 
[01:34:49.535] [bmv2] [D] [thread 23462] [29.0] [cxt 0] Parser state 'start': key is 86dd
[01:34:49.535] [bmv2] [T] [thread 23462] [29.0] [cxt 0] Bytes parsed: 14
[01:34:49.535] [bmv2] [D] [thread 23462] [29.0] [cxt 0] Parser 'parser': end
[01:34:49.535] [bmv2] [D] [thread 23462] [29.0] [cxt 0] Pipeline 'ingress': start
[01:34:49.535] [bmv2] [T] [thread 23462] [29.0] [cxt 0] Applying table 'MyIngress.ipv4_lpm'
[01:34:49.535] [bmv2] [D] [thread 23462] [29.0] [cxt 0] Looking up key:
* hdr.ipv4.dstAddr    : 00000000

[01:34:49.535] [bmv2] [D] [thread 23462] [29.0] [cxt 0] Table 'MyIngress.ipv4_lpm': miss
[01:34:49.535] [bmv2] [D] [thread 23462] [29.0] [cxt 0] Action entry is MyIngress.drop - 
[01:34:49.535] [bmv2] [T] [thread 23462] [29.0] [cxt 0] Action MyIngress.drop
[01:34:49.535] [bmv2] [T] [thread 23462] [29.0] [cxt 0] basic.p4(109) Primitive mark_to_drop(standard_metadata)
[01:34:49.535] [bmv2] [D] [thread 23462] [29.0] [cxt 0] Pipeline 'ingress': end
[01:34:49.535] [bmv2] [D] [thread 23462] [29.0] [cxt 0] Egress port is 511
[01:34:49.535] [bmv2] [D] [thread 23462] [29.0] [cxt 0] Dropping packet at the end of ingress
[01:34:52.339] [bmv2] [D] [thread 23462] [30.0] [cxt 0] Processing packet received on port 3
[01:34:52.339] [bmv2] [D] [thread 23462] [30.0] [cxt 0] Parser 'parser': start
[01:34:52.339] [bmv2] [D] [thread 23462] [30.0] [cxt 0] Parser 'parser' entering state 'start'
[01:34:52.339] [bmv2] [D] [thread 23462] [30.0] [cxt 0] Extracting header 'ethernet'
[01:34:52.339] [bmv2] [D] [thread 23462] [30.0] [cxt 0] Parser set: setting field 'scalars.tmp' from field 'ethernet.srcAddr' (8796093023232)
[01:34:52.339] [bmv2] [D] [thread 23462] [30.0] [cxt 0] Parser set: setting field 'scalars.tmp_0' from field 'ethernet.dstAddr' (8796093022720)
[01:34:52.339] [bmv2] [D] [thread 23462] [30.0] [cxt 0] Executing method log_msg
[01:34:52.339] [bmv2] [T] [thread 23462] [30.0] [cxt 0] Action log_msg
[01:34:52.339] [bmv2] [T] [thread 23462] [30.0] [cxt 0] basic.p4(73) Primitive         log_msg(\"Src {} Dst {}\n \", {hdr.ethernet.srcAddr, hdr.ethernet.dstAddr});
[01:34:52.339] [bmv2] [I] [thread 23462] Src 8796093023232 Dst 8796093022720
 
[01:34:52.339] [bmv2] [D] [thread 23462] [30.0] [cxt 0] Parser state 'start': key is 0800
[01:34:52.339] [bmv2] [T] [thread 23462] [30.0] [cxt 0] Bytes parsed: 14
[01:34:52.339] [bmv2] [D] [thread 23462] [30.0] [cxt 0] Parser 'parser' entering state 'accept_ipv4'
[01:34:52.339] [bmv2] [D] [thread 23462] [30.0] [cxt 0] Extracting header 'ipv4'
[01:34:52.339] [bmv2] [D] [thread 23462] [30.0] [cxt 0] Parser state 'accept_ipv4' has no switch, going to default next state
[01:34:52.339] [bmv2] [T] [thread 23462] [30.0] [cxt 0] Bytes parsed: 34
[01:34:52.339] [bmv2] [D] [thread 23462] [30.0] [cxt 0] Parser 'parser': end
[01:34:52.339] [bmv2] [D] [thread 23462] [30.0] [cxt 0] Pipeline 'ingress': start
[01:34:52.339] [bmv2] [T] [thread 23462] [30.0] [cxt 0] Applying table 'MyIngress.ipv4_lpm'
[01:34:52.339] [bmv2] [D] [thread 23462] [30.0] [cxt 0] Looking up key:
* hdr.ipv4.dstAddr    : 0a000404

[01:34:52.339] [bmv2] [D] [thread 23462] [30.0] [cxt 0] Table 'MyIngress.ipv4_lpm': hit with handle 3
[01:34:52.339] [bmv2] [D] [thread 23462] [30.0] [cxt 0] Dumping entry 3
Match key:
* hdr.ipv4.dstAddr    : LPM       0a000404/32
Action entry: MyIngress.ipv4_forward - 80000000444,2,

[01:34:52.339] [bmv2] [D] [thread 23462] [30.0] [cxt 0] Action entry is MyIngress.ipv4_forward - 80000000444,2,
[01:34:52.339] [bmv2] [T] [thread 23462] [30.0] [cxt 0] Action MyIngress.ipv4_forward
[01:34:52.339] [bmv2] [T] [thread 23462] [30.0] [cxt 0] basic.p4(129) Primitive hdr.ethernet.srcAddr = hdr.ethernet.dstAddr
[01:34:52.339] [bmv2] [T] [thread 23462] [30.0] [cxt 0] basic.p4(130) Primitive hdr.ethernet.dstAddr = dstAddr
[01:34:52.339] [bmv2] [T] [thread 23462] [30.0] [cxt 0] basic.p4(131) Primitive standard_metadata.egress_spec = port
[01:34:52.339] [bmv2] [T] [thread 23462] [30.0] [cxt 0] basic.p4(132) Primitive hdr.ipv4.ttl = hdr.ipv4.ttl - 1
[01:34:52.339] [bmv2] [T] [thread 23462] [30.0] [cxt 0] basic.p4(133) Primitive         log_msg(\"IPV4_FORWARD SRC {} DST {}\n\", {hdr.ethernet.srcAddr, hdr.ethernet.dstAddr});
[01:34:52.339] [bmv2] [T] [thread 23462] [30.0] [cxt 0] basic.p4(133) Primitive         log_msg(\"IPV4_FORWARD SRC {} DST {}\n\", {hdr.ethernet.srcAddr, hdr.ethernet.dstAddr});
[01:34:52.339] [bmv2] [T] [thread 23462] [30.0] [cxt 0] basic.p4(133) Primitive         log_msg(\"IPV4_FORWARD SRC {} DST {}\n\", {hdr.ethernet.srcAddr, hdr.ethernet.dstAddr});
[01:34:52.339] [bmv2] [I] [thread 23462] IPV4_FORWARD SRC 8796093022720 DST 8796093023300

[01:34:52.339] [bmv2] [D] [thread 23462] [30.0] [cxt 0] Pipeline 'ingress': end
[01:34:52.339] [bmv2] [D] [thread 23462] [30.0] [cxt 0] Egress port is 2
[01:34:52.340] [bmv2] [D] [thread 23465] [30.0] [cxt 0] Pipeline 'egress': start
[01:34:52.340] [bmv2] [D] [thread 23465] [30.0] [cxt 0] Pipeline 'egress': end
[01:34:52.340] [bmv2] [D] [thread 23465] [30.0] [cxt 0] Deparser 'deparser': start
[01:34:52.340] [bmv2] [D] [thread 23465] [30.0] [cxt 0] Updating checksum 'cksum'
[01:34:52.340] [bmv2] [D] [thread 23465] [30.0] [cxt 0] Deparsing header 'ethernet'
[01:34:52.340] [bmv2] [D] [thread 23465] [30.0] [cxt 0] Deparsing header 'ipv4'
[01:34:52.340] [bmv2] [D] [thread 23465] [30.0] [cxt 0] Deparser 'deparser': end
[01:34:52.340] [bmv2] [D] [thread 23467] [30.0] [cxt 0] Transmitting packet of size 98 out of port 2
[01:34:52.340] [bmv2] [D] [thread 23462] [31.0] [cxt 0] Processing packet received on port 2
[01:34:52.340] [bmv2] [D] [thread 23462] [31.0] [cxt 0] Parser 'parser': start
[01:34:52.340] [bmv2] [D] [thread 23462] [31.0] [cxt 0] Parser 'parser' entering state 'start'
[01:34:52.340] [bmv2] [D] [thread 23462] [31.0] [cxt 0] Extracting header 'ethernet'
[01:34:52.340] [bmv2] [D] [thread 23462] [31.0] [cxt 0] Parser set: setting field 'scalars.tmp' from field 'ethernet.srcAddr' (8796093023300)
[01:34:52.340] [bmv2] [D] [thread 23462] [31.0] [cxt 0] Parser set: setting field 'scalars.tmp_0' from field 'ethernet.dstAddr' (8796093023232)
[01:34:52.340] [bmv2] [D] [thread 23462] [31.0] [cxt 0] Executing method log_msg
[01:34:52.340] [bmv2] [T] [thread 23462] [31.0] [cxt 0] Action log_msg
[01:34:52.340] [bmv2] [T] [thread 23462] [31.0] [cxt 0] basic.p4(73) Primitive         log_msg(\"Src {} Dst {}\n \", {hdr.ethernet.srcAddr, hdr.ethernet.dstAddr});
[01:34:52.340] [bmv2] [I] [thread 23462] Src 8796093023300 Dst 8796093023232
 
[01:34:52.340] [bmv2] [D] [thread 23462] [31.0] [cxt 0] Parser state 'start': key is 0800
[01:34:52.340] [bmv2] [T] [thread 23462] [31.0] [cxt 0] Bytes parsed: 14
[01:34:52.340] [bmv2] [D] [thread 23462] [31.0] [cxt 0] Parser 'parser' entering state 'accept_ipv4'
[01:34:52.340] [bmv2] [D] [thread 23462] [31.0] [cxt 0] Extracting header 'ipv4'
[01:34:52.340] [bmv2] [D] [thread 23462] [31.0] [cxt 0] Parser state 'accept_ipv4' has no switch, going to default next state
[01:34:52.340] [bmv2] [T] [thread 23462] [31.0] [cxt 0] Bytes parsed: 34
[01:34:52.340] [bmv2] [D] [thread 23462] [31.0] [cxt 0] Parser 'parser': end
[01:34:52.340] [bmv2] [D] [thread 23462] [31.0] [cxt 0] Pipeline 'ingress': start
[01:34:52.340] [bmv2] [T] [thread 23462] [31.0] [cxt 0] Applying table 'MyIngress.ipv4_lpm'
[01:34:52.340] [bmv2] [D] [thread 23462] [31.0] [cxt 0] Looking up key:
* hdr.ipv4.dstAddr    : 0a000101

[01:34:52.340] [bmv2] [D] [thread 23462] [31.0] [cxt 0] Table 'MyIngress.ipv4_lpm': hit with handle 0
[01:34:52.340] [bmv2] [D] [thread 23462] [31.0] [cxt 0] Dumping entry 0
Match key:
* hdr.ipv4.dstAddr    : LPM       0a000101/32
Action entry: MyIngress.ipv4_forward - 80000000300,4,

[01:34:52.340] [bmv2] [D] [thread 23462] [31.0] [cxt 0] Action entry is MyIngress.ipv4_forward - 80000000300,4,
[01:34:52.340] [bmv2] [T] [thread 23462] [31.0] [cxt 0] Action MyIngress.ipv4_forward
[01:34:52.340] [bmv2] [T] [thread 23462] [31.0] [cxt 0] basic.p4(129) Primitive hdr.ethernet.srcAddr = hdr.ethernet.dstAddr
[01:34:52.340] [bmv2] [T] [thread 23462] [31.0] [cxt 0] basic.p4(130) Primitive hdr.ethernet.dstAddr = dstAddr
[01:34:52.340] [bmv2] [T] [thread 23462] [31.0] [cxt 0] basic.p4(131) Primitive standard_metadata.egress_spec = port
[01:34:52.340] [bmv2] [T] [thread 23462] [31.0] [cxt 0] basic.p4(132) Primitive hdr.ipv4.ttl = hdr.ipv4.ttl - 1
[01:34:52.340] [bmv2] [T] [thread 23462] [31.0] [cxt 0] basic.p4(133) Primitive         log_msg(\"IPV4_FORWARD SRC {} DST {}\n\", {hdr.ethernet.srcAddr, hdr.ethernet.dstAddr});
[01:34:52.340] [bmv2] [T] [thread 23462] [31.0] [cxt 0] basic.p4(133) Primitive         log_msg(\"IPV4_FORWARD SRC {} DST {}\n\", {hdr.ethernet.srcAddr, hdr.ethernet.dstAddr});
[01:34:52.340] [bmv2] [T] [thread 23462] [31.0] [cxt 0] basic.p4(133) Primitive         log_msg(\"IPV4_FORWARD SRC {} DST {}\n\", {hdr.ethernet.srcAddr, hdr.ethernet.dstAddr});
[01:34:52.340] [bmv2] [I] [thread 23462] IPV4_FORWARD SRC 8796093023232 DST 8796093022976

[01:34:52.340] [bmv2] [D] [thread 23462] [31.0] [cxt 0] Pipeline 'ingress': end
[01:34:52.340] [bmv2] [D] [thread 23462] [31.0] [cxt 0] Egress port is 4
[01:34:52.340] [bmv2] [D] [thread 23463] [31.0] [cxt 0] Pipeline 'egress': start
[01:34:52.341] [bmv2] [D] [thread 23463] [31.0] [cxt 0] Pipeline 'egress': end
[01:34:52.341] [bmv2] [D] [thread 23463] [31.0] [cxt 0] Deparser 'deparser': start
[01:34:52.341] [bmv2] [D] [thread 23463] [31.0] [cxt 0] Updating checksum 'cksum'
[01:34:52.341] [bmv2] [D] [thread 23463] [31.0] [cxt 0] Deparsing header 'ethernet'
[01:34:52.341] [bmv2] [D] [thread 23463] [31.0] [cxt 0] Deparsing header 'ipv4'
[01:34:52.341] [bmv2] [D] [thread 23463] [31.0] [cxt 0] Deparser 'deparser': end
[01:34:52.341] [bmv2] [D] [thread 23467] [31.0] [cxt 0] Transmitting packet of size 98 out of port 4
[01:34:53.342] [bmv2] [D] [thread 23462] [32.0] [cxt 0] Processing packet received on port 3
[01:34:53.342] [bmv2] [D] [thread 23462] [32.0] [cxt 0] Parser 'parser': start
[01:34:53.342] [bmv2] [D] [thread 23462] [32.0] [cxt 0] Parser 'parser' entering state 'start'
[01:34:53.342] [bmv2] [D] [thread 23462] [32.0] [cxt 0] Extracting header 'ethernet'
[01:34:53.342] [bmv2] [D] [thread 23462] [32.0] [cxt 0] Parser set: setting field 'scalars.tmp' from field 'ethernet.srcAddr' (8796093023232)
[01:34:53.342] [bmv2] [D] [thread 23462] [32.0] [cxt 0] Parser set: setting field 'scalars.tmp_0' from field 'ethernet.dstAddr' (8796093022720)
[01:34:53.342] [bmv2] [D] [thread 23462] [32.0] [cxt 0] Executing method log_msg
[01:34:53.342] [bmv2] [T] [thread 23462] [32.0] [cxt 0] Action log_msg
[01:34:53.342] [bmv2] [T] [thread 23462] [32.0] [cxt 0] basic.p4(73) Primitive         log_msg(\"Src {} Dst {}\n \", {hdr.ethernet.srcAddr, hdr.ethernet.dstAddr});
[01:34:53.342] [bmv2] [I] [thread 23462] Src 8796093023232 Dst 8796093022720
 
[01:34:53.342] [bmv2] [D] [thread 23462] [32.0] [cxt 0] Parser state 'start': key is 0800
[01:34:53.342] [bmv2] [T] [thread 23462] [32.0] [cxt 0] Bytes parsed: 14
[01:34:53.342] [bmv2] [D] [thread 23462] [32.0] [cxt 0] Parser 'parser' entering state 'accept_ipv4'
[01:34:53.342] [bmv2] [D] [thread 23462] [32.0] [cxt 0] Extracting header 'ipv4'
[01:34:53.342] [bmv2] [D] [thread 23462] [32.0] [cxt 0] Parser state 'accept_ipv4' has no switch, going to default next state
[01:34:53.342] [bmv2] [T] [thread 23462] [32.0] [cxt 0] Bytes parsed: 34
[01:34:53.342] [bmv2] [D] [thread 23462] [32.0] [cxt 0] Parser 'parser': end
[01:34:53.342] [bmv2] [D] [thread 23462] [32.0] [cxt 0] Pipeline 'ingress': start
[01:34:53.342] [bmv2] [T] [thread 23462] [32.0] [cxt 0] Applying table 'MyIngress.ipv4_lpm'
[01:34:53.342] [bmv2] [D] [thread 23462] [32.0] [cxt 0] Looking up key:
* hdr.ipv4.dstAddr    : 0a000404

[01:34:53.342] [bmv2] [D] [thread 23462] [32.0] [cxt 0] Table 'MyIngress.ipv4_lpm': hit with handle 3
[01:34:53.342] [bmv2] [D] [thread 23462] [32.0] [cxt 0] Dumping entry 3
Match key:
* hdr.ipv4.dstAddr    : LPM       0a000404/32
Action entry: MyIngress.ipv4_forward - 80000000444,2,

[01:34:53.342] [bmv2] [D] [thread 23462] [32.0] [cxt 0] Action entry is MyIngress.ipv4_forward - 80000000444,2,
[01:34:53.342] [bmv2] [T] [thread 23462] [32.0] [cxt 0] Action MyIngress.ipv4_forward
[01:34:53.342] [bmv2] [T] [thread 23462] [32.0] [cxt 0] basic.p4(129) Primitive hdr.ethernet.srcAddr = hdr.ethernet.dstAddr
[01:34:53.342] [bmv2] [T] [thread 23462] [32.0] [cxt 0] basic.p4(130) Primitive hdr.ethernet.dstAddr = dstAddr
[01:34:53.342] [bmv2] [T] [thread 23462] [32.0] [cxt 0] basic.p4(131) Primitive standard_metadata.egress_spec = port
[01:34:53.342] [bmv2] [T] [thread 23462] [32.0] [cxt 0] basic.p4(132) Primitive hdr.ipv4.ttl = hdr.ipv4.ttl - 1
[01:34:53.342] [bmv2] [T] [thread 23462] [32.0] [cxt 0] basic.p4(133) Primitive         log_msg(\"IPV4_FORWARD SRC {} DST {}\n\", {hdr.ethernet.srcAddr, hdr.ethernet.dstAddr});
[01:34:53.342] [bmv2] [T] [thread 23462] [32.0] [cxt 0] basic.p4(133) Primitive         log_msg(\"IPV4_FORWARD SRC {} DST {}\n\", {hdr.ethernet.srcAddr, hdr.ethernet.dstAddr});
[01:34:53.342] [bmv2] [T] [thread 23462] [32.0] [cxt 0] basic.p4(133) Primitive         log_msg(\"IPV4_FORWARD SRC {} DST {}\n\", {hdr.ethernet.srcAddr, hdr.ethernet.dstAddr});
[01:34:53.342] [bmv2] [I] [thread 23462] IPV4_FORWARD SRC 8796093022720 DST 8796093023300

[01:34:53.342] [bmv2] [D] [thread 23462] [32.0] [cxt 0] Pipeline 'ingress': end
[01:34:53.342] [bmv2] [D] [thread 23462] [32.0] [cxt 0] Egress port is 2
[01:34:53.342] [bmv2] [D] [thread 23465] [32.0] [cxt 0] Pipeline 'egress': start
[01:34:53.342] [bmv2] [D] [thread 23465] [32.0] [cxt 0] Pipeline 'egress': end
[01:34:53.342] [bmv2] [D] [thread 23465] [32.0] [cxt 0] Deparser 'deparser': start
[01:34:53.342] [bmv2] [D] [thread 23465] [32.0] [cxt 0] Updating checksum 'cksum'
[01:34:53.342] [bmv2] [D] [thread 23465] [32.0] [cxt 0] Deparsing header 'ethernet'
[01:34:53.342] [bmv2] [D] [thread 23465] [32.0] [cxt 0] Deparsing header 'ipv4'
[01:34:53.342] [bmv2] [D] [thread 23465] [32.0] [cxt 0] Deparser 'deparser': end
[01:34:53.342] [bmv2] [D] [thread 23467] [32.0] [cxt 0] Transmitting packet of size 98 out of port 2
[01:34:53.343] [bmv2] [D] [thread 23462] [33.0] [cxt 0] Processing packet received on port 2
[01:34:53.343] [bmv2] [D] [thread 23462] [33.0] [cxt 0] Parser 'parser': start
[01:34:53.343] [bmv2] [D] [thread 23462] [33.0] [cxt 0] Parser 'parser' entering state 'start'
[01:34:53.343] [bmv2] [D] [thread 23462] [33.0] [cxt 0] Extracting header 'ethernet'
[01:34:53.343] [bmv2] [D] [thread 23462] [33.0] [cxt 0] Parser set: setting field 'scalars.tmp' from field 'ethernet.srcAddr' (8796093023300)
[01:34:53.343] [bmv2] [D] [thread 23462] [33.0] [cxt 0] Parser set: setting field 'scalars.tmp_0' from field 'ethernet.dstAddr' (8796093023232)
[01:34:53.343] [bmv2] [D] [thread 23462] [33.0] [cxt 0] Executing method log_msg
[01:34:53.343] [bmv2] [T] [thread 23462] [33.0] [cxt 0] Action log_msg
[01:34:53.343] [bmv2] [T] [thread 23462] [33.0] [cxt 0] basic.p4(73) Primitive         log_msg(\"Src {} Dst {}\n \", {hdr.ethernet.srcAddr, hdr.ethernet.dstAddr});
[01:34:53.343] [bmv2] [I] [thread 23462] Src 8796093023300 Dst 8796093023232
 
[01:34:53.343] [bmv2] [D] [thread 23462] [33.0] [cxt 0] Parser state 'start': key is 0800
[01:34:53.343] [bmv2] [T] [thread 23462] [33.0] [cxt 0] Bytes parsed: 14
[01:34:53.343] [bmv2] [D] [thread 23462] [33.0] [cxt 0] Parser 'parser' entering state 'accept_ipv4'
[01:34:53.343] [bmv2] [D] [thread 23462] [33.0] [cxt 0] Extracting header 'ipv4'
[01:34:53.343] [bmv2] [D] [thread 23462] [33.0] [cxt 0] Parser state 'accept_ipv4' has no switch, going to default next state
[01:34:53.343] [bmv2] [T] [thread 23462] [33.0] [cxt 0] Bytes parsed: 34
[01:34:53.343] [bmv2] [D] [thread 23462] [33.0] [cxt 0] Parser 'parser': end
[01:34:53.343] [bmv2] [D] [thread 23462] [33.0] [cxt 0] Pipeline 'ingress': start
[01:34:53.343] [bmv2] [T] [thread 23462] [33.0] [cxt 0] Applying table 'MyIngress.ipv4_lpm'
[01:34:53.343] [bmv2] [D] [thread 23462] [33.0] [cxt 0] Looking up key:
* hdr.ipv4.dstAddr    : 0a000101

[01:34:53.343] [bmv2] [D] [thread 23462] [33.0] [cxt 0] Table 'MyIngress.ipv4_lpm': hit with handle 0
[01:34:53.343] [bmv2] [D] [thread 23462] [33.0] [cxt 0] Dumping entry 0
Match key:
* hdr.ipv4.dstAddr    : LPM       0a000101/32
Action entry: MyIngress.ipv4_forward - 80000000300,4,

[01:34:53.343] [bmv2] [D] [thread 23462] [33.0] [cxt 0] Action entry is MyIngress.ipv4_forward - 80000000300,4,
[01:34:53.343] [bmv2] [T] [thread 23462] [33.0] [cxt 0] Action MyIngress.ipv4_forward
[01:34:53.343] [bmv2] [T] [thread 23462] [33.0] [cxt 0] basic.p4(129) Primitive hdr.ethernet.srcAddr = hdr.ethernet.dstAddr
[01:34:53.343] [bmv2] [T] [thread 23462] [33.0] [cxt 0] basic.p4(130) Primitive hdr.ethernet.dstAddr = dstAddr
[01:34:53.343] [bmv2] [T] [thread 23462] [33.0] [cxt 0] basic.p4(131) Primitive standard_metadata.egress_spec = port
[01:34:53.343] [bmv2] [T] [thread 23462] [33.0] [cxt 0] basic.p4(132) Primitive hdr.ipv4.ttl = hdr.ipv4.ttl - 1
[01:34:53.343] [bmv2] [T] [thread 23462] [33.0] [cxt 0] basic.p4(133) Primitive         log_msg(\"IPV4_FORWARD SRC {} DST {}\n\", {hdr.ethernet.srcAddr, hdr.ethernet.dstAddr});
[01:34:53.343] [bmv2] [T] [thread 23462] [33.0] [cxt 0] basic.p4(133) Primitive         log_msg(\"IPV4_FORWARD SRC {} DST {}\n\", {hdr.ethernet.srcAddr, hdr.ethernet.dstAddr});
[01:34:53.343] [bmv2] [T] [thread 23462] [33.0] [cxt 0] basic.p4(133) Primitive         log_msg(\"IPV4_FORWARD SRC {} DST {}\n\", {hdr.ethernet.srcAddr, hdr.ethernet.dstAddr});
[01:34:53.343] [bmv2] [I] [thread 23462] IPV4_FORWARD SRC 8796093023232 DST 8796093022976

[01:34:53.343] [bmv2] [D] [thread 23462] [33.0] [cxt 0] Pipeline 'ingress': end
[01:34:53.343] [bmv2] [D] [thread 23462] [33.0] [cxt 0] Egress port is 4
[01:34:53.343] [bmv2] [D] [thread 23463] [33.0] [cxt 0] Pipeline 'egress': start
[01:34:53.343] [bmv2] [D] [thread 23463] [33.0] [cxt 0] Pipeline 'egress': end
[01:34:53.343] [bmv2] [D] [thread 23463] [33.0] [cxt 0] Deparser 'deparser': start
[01:34:53.343] [bmv2] [D] [thread 23463] [33.0] [cxt 0] Updating checksum 'cksum'
[01:34:53.343] [bmv2] [D] [thread 23463] [33.0] [cxt 0] Deparsing header 'ethernet'
[01:34:53.343] [bmv2] [D] [thread 23463] [33.0] [cxt 0] Deparsing header 'ipv4'
[01:34:53.343] [bmv2] [D] [thread 23463] [33.0] [cxt 0] Deparser 'deparser': end
[01:34:53.343] [bmv2] [D] [thread 23467] [33.0] [cxt 0] Transmitting packet of size 98 out of port 4
open: No such file or directory
open: No such file or directory
