Calling target program-options parser
[01:34:44.460] [bmv2] [D] [thread 23469] Set default default entry for table 'MyIngress.ipv4_lpm': NoAction - 
Adding interface s3-eth1 as port 1
[01:34:44.461] [bmv2] [D] [thread 23469] Adding interface s3-eth1 as port 1
Adding interface s3-eth2 as port 2
[01:34:44.486] [bmv2] [D] [thread 23469] Adding interface s3-eth2 as port 2
Server listening on 0.0.0.0:50053
[01:34:44.499] [bmv2] [I] [thread 23469] Starting Thrift server on port 9092
[01:34:44.499] [bmv2] [I] [thread 23469] Thrift server was started
[01:34:44.864] [bmv2] [D] [thread 23495] [0.0] [cxt 0] Processing packet received on port 2
[01:34:44.864] [bmv2] [D] [thread 23495] [0.0] [cxt 0] Parser 'parser': start
[01:34:44.864] [bmv2] [D] [thread 23495] [0.0] [cxt 0] Parser 'parser' entering state 'start'
[01:34:44.864] [bmv2] [D] [thread 23495] [0.0] [cxt 0] Extracting header 'ethernet'
[01:34:44.864] [bmv2] [D] [thread 23495] [0.0] [cxt 0] Parser set: setting field 'scalars.tmp' from field 'ethernet.srcAddr' (108301912473649)
[01:34:44.864] [bmv2] [D] [thread 23495] [0.0] [cxt 0] Parser set: setting field 'scalars.tmp_0' from field 'ethernet.dstAddr' (56294136348694)
[01:34:44.864] [bmv2] [D] [thread 23495] [0.0] [cxt 0] Executing method log_msg
[01:34:44.864] [bmv2] [T] [thread 23495] [0.0] [cxt 0] Action log_msg
[01:34:44.864] [bmv2] [T] [thread 23495] [0.0] [cxt 0] basic.p4(73) Primitive         log_msg(\"Src {} Dst {}\n \", {hdr.ethernet.srcAddr, hdr.ethernet.dstAddr});
[01:34:44.864] [bmv2] [I] [thread 23495] Src 108301912473649 Dst 56294136348694
 
[01:34:44.864] [bmv2] [D] [thread 23495] [0.0] [cxt 0] Parser state 'start': key is 86dd
[01:34:44.864] [bmv2] [T] [thread 23495] [0.0] [cxt 0] Bytes parsed: 14
[01:34:44.864] [bmv2] [D] [thread 23495] [0.0] [cxt 0] Parser 'parser': end
[01:34:44.864] [bmv2] [D] [thread 23495] [0.0] [cxt 0] Pipeline 'ingress': start
[01:34:44.864] [bmv2] [T] [thread 23495] [0.0] [cxt 0] Applying table 'MyIngress.ipv4_lpm'
[01:34:44.864] [bmv2] [D] [thread 23495] [0.0] [cxt 0] Looking up key:
* hdr.ipv4.dstAddr    : 00000000

[01:34:44.864] [bmv2] [D] [thread 23495] [0.0] [cxt 0] Table 'MyIngress.ipv4_lpm': miss
[01:34:44.864] [bmv2] [D] [thread 23495] [0.0] [cxt 0] Action entry is NoAction - 
[01:34:44.864] [bmv2] [T] [thread 23495] [0.0] [cxt 0] Action NoAction
[01:34:44.864] [bmv2] [D] [thread 23495] [0.0] [cxt 0] Pipeline 'ingress': end
[01:34:44.864] [bmv2] [D] [thread 23495] [0.0] [cxt 0] Egress port is 0
[01:34:44.864] [bmv2] [D] [thread 23495] [1.0] [cxt 0] Processing packet received on port 2
[01:34:44.864] [bmv2] [D] [thread 23495] [1.0] [cxt 0] Parser 'parser': start
[01:34:44.864] [bmv2] [D] [thread 23495] [1.0] [cxt 0] Parser 'parser' entering state 'start'
[01:34:44.864] [bmv2] [D] [thread 23495] [1.0] [cxt 0] Extracting header 'ethernet'
[01:34:44.864] [bmv2] [D] [thread 23495] [1.0] [cxt 0] Parser set: setting field 'scalars.tmp' from field 'ethernet.srcAddr' (108301912473649)
[01:34:44.864] [bmv2] [D] [thread 23495] [1.0] [cxt 0] Parser set: setting field 'scalars.tmp_0' from field 'ethernet.dstAddr' (56294136348674)
[01:34:44.864] [bmv2] [D] [thread 23495] [1.0] [cxt 0] Executing method log_msg
[01:34:44.864] [bmv2] [T] [thread 23495] [1.0] [cxt 0] Action log_msg
[01:34:44.864] [bmv2] [T] [thread 23495] [1.0] [cxt 0] basic.p4(73) Primitive         log_msg(\"Src {} Dst {}\n \", {hdr.ethernet.srcAddr, hdr.ethernet.dstAddr});
[01:34:44.864] [bmv2] [I] [thread 23495] Src 108301912473649 Dst 56294136348674
 
[01:34:44.864] [bmv2] [D] [thread 23495] [1.0] [cxt 0] Parser state 'start': key is 86dd
[01:34:44.864] [bmv2] [T] [thread 23495] [1.0] [cxt 0] Bytes parsed: 14
[01:34:44.864] [bmv2] [D] [thread 23495] [1.0] [cxt 0] Parser 'parser': end
[01:34:44.864] [bmv2] [D] [thread 23495] [1.0] [cxt 0] Pipeline 'ingress': start
[01:34:44.864] [bmv2] [T] [thread 23495] [1.0] [cxt 0] Applying table 'MyIngress.ipv4_lpm'
[01:34:44.864] [bmv2] [D] [thread 23496] [0.0] [cxt 0] Pipeline 'egress': start
[01:34:44.864] [bmv2] [D] [thread 23496] [0.0] [cxt 0] Pipeline 'egress': end
[01:34:44.864] [bmv2] [D] [thread 23496] [0.0] [cxt 0] Deparser 'deparser': start
[01:34:44.864] [bmv2] [T] [thread 23496] [0.0] [cxt 0] Skipping checksum 'cksum' update because condition not met
[01:34:44.864] [bmv2] [D] [thread 23496] [0.0] [cxt 0] Deparsing header 'ethernet'
[01:34:44.864] [bmv2] [D] [thread 23496] [0.0] [cxt 0] Deparser 'deparser': end
[01:34:44.864] [bmv2] [D] [thread 23500] [0.0] [cxt 0] Transmitting packet of size 90 out of port 0
[01:34:44.864] [bmv2] [D] [thread 23495] [1.0] [cxt 0] Looking up key:
* hdr.ipv4.dstAddr    : 00000000

[01:34:44.864] [bmv2] [D] [thread 23495] [1.0] [cxt 0] Table 'MyIngress.ipv4_lpm': miss
[01:34:44.864] [bmv2] [D] [thread 23495] [1.0] [cxt 0] Action entry is NoAction - 
[01:34:44.864] [bmv2] [T] [thread 23495] [1.0] [cxt 0] Action NoAction
[01:34:44.864] [bmv2] [D] [thread 23495] [1.0] [cxt 0] Pipeline 'ingress': end
[01:34:44.864] [bmv2] [D] [thread 23495] [1.0] [cxt 0] Egress port is 0
[01:34:44.864] [bmv2] [D] [thread 23496] [1.0] [cxt 0] Pipeline 'egress': start
[01:34:44.864] [bmv2] [D] [thread 23496] [1.0] [cxt 0] Pipeline 'egress': end
[01:34:44.864] [bmv2] [D] [thread 23496] [1.0] [cxt 0] Deparser 'deparser': start
[01:34:44.864] [bmv2] [T] [thread 23496] [1.0] [cxt 0] Skipping checksum 'cksum' update because condition not met
[01:34:44.864] [bmv2] [D] [thread 23496] [1.0] [cxt 0] Deparsing header 'ethernet'
[01:34:44.865] [bmv2] [D] [thread 23496] [1.0] [cxt 0] Deparser 'deparser': end
[01:34:44.865] [bmv2] [D] [thread 23500] [1.0] [cxt 0] Transmitting packet of size 70 out of port 0
[01:34:44.991] [bmv2] [D] [thread 23495] [2.0] [cxt 0] Processing packet received on port 1
[01:34:44.991] [bmv2] [D] [thread 23495] [2.0] [cxt 0] Parser 'parser': start
[01:34:44.991] [bmv2] [D] [thread 23495] [2.0] [cxt 0] Parser 'parser' entering state 'start'
[01:34:44.991] [bmv2] [D] [thread 23495] [2.0] [cxt 0] Extracting header 'ethernet'
[01:34:44.991] [bmv2] [D] [thread 23495] [2.0] [cxt 0] Parser set: setting field 'scalars.tmp' from field 'ethernet.srcAddr' (157111123851452)
[01:34:44.991] [bmv2] [D] [thread 23495] [2.0] [cxt 0] Parser set: setting field 'scalars.tmp_0' from field 'ethernet.dstAddr' (56294136348694)
[01:34:44.991] [bmv2] [D] [thread 23495] [2.0] [cxt 0] Executing method log_msg
[01:34:44.991] [bmv2] [T] [thread 23495] [2.0] [cxt 0] Action log_msg
[01:34:44.991] [bmv2] [T] [thread 23495] [2.0] [cxt 0] basic.p4(73) Primitive         log_msg(\"Src {} Dst {}\n \", {hdr.ethernet.srcAddr, hdr.ethernet.dstAddr});
[01:34:44.991] [bmv2] [I] [thread 23495] Src 157111123851452 Dst 56294136348694
 
[01:34:44.991] [bmv2] [D] [thread 23495] [2.0] [cxt 0] Parser state 'start': key is 86dd
[01:34:44.991] [bmv2] [T] [thread 23495] [2.0] [cxt 0] Bytes parsed: 14
[01:34:44.991] [bmv2] [D] [thread 23495] [2.0] [cxt 0] Parser 'parser': end
[01:34:44.991] [bmv2] [D] [thread 23495] [2.0] [cxt 0] Pipeline 'ingress': start
[01:34:44.991] [bmv2] [T] [thread 23495] [2.0] [cxt 0] Applying table 'MyIngress.ipv4_lpm'
[01:34:44.991] [bmv2] [D] [thread 23495] [2.0] [cxt 0] Looking up key:
* hdr.ipv4.dstAddr    : 00000000

[01:34:44.991] [bmv2] [D] [thread 23495] [2.0] [cxt 0] Table 'MyIngress.ipv4_lpm': miss
[01:34:44.991] [bmv2] [D] [thread 23495] [2.0] [cxt 0] Action entry is NoAction - 
[01:34:44.991] [bmv2] [T] [thread 23495] [2.0] [cxt 0] Action NoAction
[01:34:44.991] [bmv2] [D] [thread 23495] [2.0] [cxt 0] Pipeline 'ingress': end
[01:34:44.991] [bmv2] [D] [thread 23495] [2.0] [cxt 0] Egress port is 0
[01:34:44.991] [bmv2] [D] [thread 23495] [3.0] [cxt 0] Processing packet received on port 1
[01:34:44.991] [bmv2] [D] [thread 23495] [3.0] [cxt 0] Parser 'parser': start
[01:34:44.991] [bmv2] [D] [thread 23495] [3.0] [cxt 0] Parser 'parser' entering state 'start'
[01:34:44.991] [bmv2] [D] [thread 23495] [3.0] [cxt 0] Extracting header 'ethernet'
[01:34:44.991] [bmv2] [D] [thread 23495] [3.0] [cxt 0] Parser set: setting field 'scalars.tmp' from field 'ethernet.srcAddr' (157111123851452)
[01:34:44.991] [bmv2] [D] [thread 23495] [3.0] [cxt 0] Parser set: setting field 'scalars.tmp_0' from field 'ethernet.dstAddr' (56294136348674)
[01:34:44.991] [bmv2] [D] [thread 23495] [3.0] [cxt 0] Executing method log_msg
[01:34:44.991] [bmv2] [D] [thread 23496] [2.0] [cxt 0] Pipeline 'egress': start
[01:34:44.991] [bmv2] [D] [thread 23496] [2.0] [cxt 0] Pipeline 'egress': end
[01:34:44.991] [bmv2] [T] [thread 23495] [3.0] [cxt 0] Action log_msg
[01:34:44.991] [bmv2] [D] [thread 23496] [2.0] [cxt 0] Deparser 'deparser': start
[01:34:44.991] [bmv2] [T] [thread 23495] [3.0] [cxt 0] basic.p4(73) Primitive         log_msg(\"Src {} Dst {}\n \", {hdr.ethernet.srcAddr, hdr.ethernet.dstAddr});
[01:34:44.991] [bmv2] [I] [thread 23495] Src 157111123851452 Dst 56294136348674
 
[01:34:44.991] [bmv2] [T] [thread 23496] [2.0] [cxt 0] Skipping checksum 'cksum' update because condition not met
[01:34:44.991] [bmv2] [D] [thread 23496] [2.0] [cxt 0] Deparsing header 'ethernet'
[01:34:44.991] [bmv2] [D] [thread 23496] [2.0] [cxt 0] Deparser 'deparser': end
[01:34:44.991] [bmv2] [D] [thread 23495] [3.0] [cxt 0] Parser state 'start': key is 86dd
[01:34:44.991] [bmv2] [T] [thread 23495] [3.0] [cxt 0] Bytes parsed: 14
[01:34:44.991] [bmv2] [D] [thread 23495] [3.0] [cxt 0] Parser 'parser': end
[01:34:44.991] [bmv2] [D] [thread 23495] [3.0] [cxt 0] Pipeline 'ingress': start
[01:34:44.991] [bmv2] [T] [thread 23495] [3.0] [cxt 0] Applying table 'MyIngress.ipv4_lpm'
[01:34:44.991] [bmv2] [D] [thread 23495] [3.0] [cxt 0] Looking up key:
* hdr.ipv4.dstAddr    : 00000000

[01:34:44.991] [bmv2] [D] [thread 23495] [3.0] [cxt 0] Table 'MyIngress.ipv4_lpm': miss
[01:34:44.991] [bmv2] [D] [thread 23495] [3.0] [cxt 0] Action entry is NoAction - 
[01:34:44.991] [bmv2] [T] [thread 23495] [3.0] [cxt 0] Action NoAction
[01:34:44.991] [bmv2] [D] [thread 23500] [2.0] [cxt 0] Transmitting packet of size 90 out of port 0
[01:34:44.991] [bmv2] [D] [thread 23495] [3.0] [cxt 0] Pipeline 'ingress': end
[01:34:44.991] [bmv2] [D] [thread 23495] [3.0] [cxt 0] Egress port is 0
[01:34:44.991] [bmv2] [D] [thread 23496] [3.0] [cxt 0] Pipeline 'egress': start
[01:34:44.991] [bmv2] [D] [thread 23496] [3.0] [cxt 0] Pipeline 'egress': end
[01:34:44.991] [bmv2] [D] [thread 23496] [3.0] [cxt 0] Deparser 'deparser': start
[01:34:44.991] [bmv2] [T] [thread 23496] [3.0] [cxt 0] Skipping checksum 'cksum' update because condition not met
[01:34:44.991] [bmv2] [D] [thread 23496] [3.0] [cxt 0] Deparsing header 'ethernet'
[01:34:44.991] [bmv2] [D] [thread 23496] [3.0] [cxt 0] Deparser 'deparser': end
[01:34:44.991] [bmv2] [D] [thread 23500] [3.0] [cxt 0] Transmitting packet of size 70 out of port 0
[01:34:45.119] [bmv2] [D] [thread 23495] [4.0] [cxt 0] Processing packet received on port 1
[01:34:45.119] [bmv2] [D] [thread 23495] [4.0] [cxt 0] Parser 'parser': start
[01:34:45.119] [bmv2] [D] [thread 23495] [4.0] [cxt 0] Parser 'parser' entering state 'start'
[01:34:45.119] [bmv2] [D] [thread 23495] [4.0] [cxt 0] Extracting header 'ethernet'
[01:34:45.119] [bmv2] [D] [thread 23495] [4.0] [cxt 0] Parser set: setting field 'scalars.tmp' from field 'ethernet.srcAddr' (187325683401463)
[01:34:45.119] [bmv2] [D] [thread 23495] [4.0] [cxt 0] Parser set: setting field 'scalars.tmp_0' from field 'ethernet.dstAddr' (56294136348694)
[01:34:45.119] [bmv2] [D] [thread 23495] [4.0] [cxt 0] Executing method log_msg
[01:34:45.119] [bmv2] [T] [thread 23495] [4.0] [cxt 0] Action log_msg
[01:34:45.119] [bmv2] [T] [thread 23495] [4.0] [cxt 0] basic.p4(73) Primitive         log_msg(\"Src {} Dst {}\n \", {hdr.ethernet.srcAddr, hdr.ethernet.dstAddr});
[01:34:45.119] [bmv2] [I] [thread 23495] Src 187325683401463 Dst 56294136348694
 
[01:34:45.119] [bmv2] [D] [thread 23495] [4.0] [cxt 0] Parser state 'start': key is 86dd
[01:34:45.119] [bmv2] [T] [thread 23495] [4.0] [cxt 0] Bytes parsed: 14
[01:34:45.119] [bmv2] [D] [thread 23495] [4.0] [cxt 0] Parser 'parser': end
[01:34:45.119] [bmv2] [D] [thread 23495] [4.0] [cxt 0] Pipeline 'ingress': start
[01:34:45.119] [bmv2] [T] [thread 23495] [4.0] [cxt 0] Applying table 'MyIngress.ipv4_lpm'
[01:34:45.119] [bmv2] [D] [thread 23495] [4.0] [cxt 0] Looking up key:
* hdr.ipv4.dstAddr    : 00000000

[01:34:45.119] [bmv2] [D] [thread 23495] [4.0] [cxt 0] Table 'MyIngress.ipv4_lpm': miss
[01:34:45.119] [bmv2] [D] [thread 23495] [4.0] [cxt 0] Action entry is NoAction - 
[01:34:45.119] [bmv2] [T] [thread 23495] [4.0] [cxt 0] Action NoAction
[01:34:45.119] [bmv2] [D] [thread 23495] [4.0] [cxt 0] Pipeline 'ingress': end
[01:34:45.119] [bmv2] [D] [thread 23495] [4.0] [cxt 0] Egress port is 0
[01:34:45.119] [bmv2] [D] [thread 23495] [5.0] [cxt 0] Processing packet received on port 1
[01:34:45.119] [bmv2] [D] [thread 23495] [5.0] [cxt 0] Parser 'parser': start
[01:34:45.119] [bmv2] [D] [thread 23495] [5.0] [cxt 0] Parser 'parser' entering state 'start'
[01:34:45.119] [bmv2] [D] [thread 23495] [5.0] [cxt 0] Extracting header 'ethernet'
[01:34:45.119] [bmv2] [D] [thread 23495] [5.0] [cxt 0] Parser set: setting field 'scalars.tmp' from field 'ethernet.srcAddr' (187325683401463)
[01:34:45.119] [bmv2] [D] [thread 23495] [5.0] [cxt 0] Parser set: setting field 'scalars.tmp_0' from field 'ethernet.dstAddr' (56294136348674)
[01:34:45.119] [bmv2] [D] [thread 23495] [5.0] [cxt 0] Executing method log_msg
[01:34:45.119] [bmv2] [D] [thread 23496] [4.0] [cxt 0] Pipeline 'egress': start
[01:34:45.119] [bmv2] [D] [thread 23496] [4.0] [cxt 0] Pipeline 'egress': end
[01:34:45.119] [bmv2] [D] [thread 23496] [4.0] [cxt 0] Deparser 'deparser': start
[01:34:45.119] [bmv2] [T] [thread 23496] [4.0] [cxt 0] Skipping checksum 'cksum' update because condition not met
[01:34:45.119] [bmv2] [D] [thread 23496] [4.0] [cxt 0] Deparsing header 'ethernet'
[01:34:45.119] [bmv2] [D] [thread 23496] [4.0] [cxt 0] Deparser 'deparser': end
[01:34:45.119] [bmv2] [T] [thread 23495] [5.0] [cxt 0] Action log_msg
[01:34:45.120] [bmv2] [T] [thread 23495] [5.0] [cxt 0] basic.p4(73) Primitive         log_msg(\"Src {} Dst {}\n \", {hdr.ethernet.srcAddr, hdr.ethernet.dstAddr});
[01:34:45.120] [bmv2] [I] [thread 23495] Src 187325683401463 Dst 56294136348674
 
[01:34:45.120] [bmv2] [D] [thread 23500] [4.0] [cxt 0] Transmitting packet of size 90 out of port 0
[01:34:45.120] [bmv2] [D] [thread 23495] [5.0] [cxt 0] Parser state 'start': key is 86dd
[01:34:45.120] [bmv2] [T] [thread 23495] [5.0] [cxt 0] Bytes parsed: 14
[01:34:45.120] [bmv2] [D] [thread 23495] [5.0] [cxt 0] Parser 'parser': end
[01:34:45.120] [bmv2] [D] [thread 23495] [5.0] [cxt 0] Pipeline 'ingress': start
[01:34:45.120] [bmv2] [T] [thread 23495] [5.0] [cxt 0] Applying table 'MyIngress.ipv4_lpm'
[01:34:45.120] [bmv2] [D] [thread 23495] [5.0] [cxt 0] Looking up key:
* hdr.ipv4.dstAddr    : 00000000

[01:34:45.120] [bmv2] [D] [thread 23495] [5.0] [cxt 0] Table 'MyIngress.ipv4_lpm': miss
[01:34:45.120] [bmv2] [D] [thread 23495] [5.0] [cxt 0] Action entry is NoAction - 
[01:34:45.120] [bmv2] [T] [thread 23495] [5.0] [cxt 0] Action NoAction
[01:34:45.120] [bmv2] [D] [thread 23495] [5.0] [cxt 0] Pipeline 'ingress': end
[01:34:45.120] [bmv2] [D] [thread 23495] [5.0] [cxt 0] Egress port is 0
[01:34:45.120] [bmv2] [D] [thread 23495] [6.0] [cxt 0] Processing packet received on port 2
[01:34:45.120] [bmv2] [D] [thread 23495] [6.0] [cxt 0] Parser 'parser': start
[01:34:45.120] [bmv2] [D] [thread 23495] [6.0] [cxt 0] Parser 'parser' entering state 'start'
[01:34:45.120] [bmv2] [D] [thread 23495] [6.0] [cxt 0] Extracting header 'ethernet'
[01:34:45.120] [bmv2] [D] [thread 23495] [6.0] [cxt 0] Parser set: setting field 'scalars.tmp' from field 'ethernet.srcAddr' (196803224901123)
[01:34:45.120] [bmv2] [D] [thread 23496] [5.0] [cxt 0] Pipeline 'egress': start
[01:34:45.120] [bmv2] [D] [thread 23495] [6.0] [cxt 0] Parser set: setting field 'scalars.tmp_0' from field 'ethernet.dstAddr' (56294136348694)
[01:34:45.120] [bmv2] [D] [thread 23496] [5.0] [cxt 0] Pipeline 'egress': end
[01:34:45.120] [bmv2] [D] [thread 23495] [6.0] [cxt 0] Executing method log_msg
[01:34:45.120] [bmv2] [D] [thread 23496] [5.0] [cxt 0] Deparser 'deparser': start
[01:34:45.120] [bmv2] [T] [thread 23496] [5.0] [cxt 0] Skipping checksum 'cksum' update because condition not met
[01:34:45.120] [bmv2] [D] [thread 23496] [5.0] [cxt 0] Deparsing header 'ethernet'
[01:34:45.120] [bmv2] [T] [thread 23495] [6.0] [cxt 0] Action log_msg
[01:34:45.120] [bmv2] [D] [thread 23496] [5.0] [cxt 0] Deparser 'deparser': end
[01:34:45.120] [bmv2] [T] [thread 23495] [6.0] [cxt 0] basic.p4(73) Primitive         log_msg(\"Src {} Dst {}\n \", {hdr.ethernet.srcAddr, hdr.ethernet.dstAddr});
[01:34:45.120] [bmv2] [I] [thread 23495] Src 196803224901123 Dst 56294136348694
 
[01:34:45.120] [bmv2] [D] [thread 23495] [6.0] [cxt 0] Parser state 'start': key is 86dd
[01:34:45.120] [bmv2] [T] [thread 23495] [6.0] [cxt 0] Bytes parsed: 14
[01:34:45.120] [bmv2] [D] [thread 23495] [6.0] [cxt 0] Parser 'parser': end
[01:34:45.120] [bmv2] [D] [thread 23500] [5.0] [cxt 0] Transmitting packet of size 70 out of port 0
[01:34:45.120] [bmv2] [D] [thread 23495] [6.0] [cxt 0] Pipeline 'ingress': start
[01:34:45.120] [bmv2] [T] [thread 23495] [6.0] [cxt 0] Applying table 'MyIngress.ipv4_lpm'
[01:34:45.120] [bmv2] [D] [thread 23495] [6.0] [cxt 0] Looking up key:
* hdr.ipv4.dstAddr    : 00000000

[01:34:45.120] [bmv2] [D] [thread 23495] [6.0] [cxt 0] Table 'MyIngress.ipv4_lpm': miss
[01:34:45.120] [bmv2] [D] [thread 23495] [6.0] [cxt 0] Action entry is NoAction - 
[01:34:45.120] [bmv2] [T] [thread 23495] [6.0] [cxt 0] Action NoAction
[01:34:45.120] [bmv2] [D] [thread 23495] [6.0] [cxt 0] Pipeline 'ingress': end
[01:34:45.120] [bmv2] [D] [thread 23495] [6.0] [cxt 0] Egress port is 0
[01:34:45.120] [bmv2] [D] [thread 23495] [7.0] [cxt 0] Processing packet received on port 2
[01:34:45.120] [bmv2] [D] [thread 23495] [7.0] [cxt 0] Parser 'parser': start
[01:34:45.120] [bmv2] [D] [thread 23495] [7.0] [cxt 0] Parser 'parser' entering state 'start'
[01:34:45.120] [bmv2] [D] [thread 23495] [7.0] [cxt 0] Extracting header 'ethernet'
[01:34:45.120] [bmv2] [D] [thread 23495] [7.0] [cxt 0] Parser set: setting field 'scalars.tmp' from field 'ethernet.srcAddr' (196803224901123)
[01:34:45.120] [bmv2] [D] [thread 23495] [7.0] [cxt 0] Parser set: setting field 'scalars.tmp_0' from field 'ethernet.dstAddr' (56294136348674)
[01:34:45.120] [bmv2] [D] [thread 23495] [7.0] [cxt 0] Executing method log_msg
[01:34:45.120] [bmv2] [T] [thread 23495] [7.0] [cxt 0] Action log_msg
[01:34:45.120] [bmv2] [T] [thread 23495] [7.0] [cxt 0] basic.p4(73) Primitive         log_msg(\"Src {} Dst {}\n \", {hdr.ethernet.srcAddr, hdr.ethernet.dstAddr});
[01:34:45.120] [bmv2] [I] [thread 23495] Src 196803224901123 Dst 56294136348674
 
[01:34:45.120] [bmv2] [D] [thread 23495] [7.0] [cxt 0] Parser state 'start': key is 86dd
[01:34:45.120] [bmv2] [T] [thread 23495] [7.0] [cxt 0] Bytes parsed: 14
[01:34:45.120] [bmv2] [D] [thread 23495] [7.0] [cxt 0] Parser 'parser': end
[01:34:45.120] [bmv2] [D] [thread 23495] [7.0] [cxt 0] Pipeline 'ingress': start
[01:34:45.120] [bmv2] [T] [thread 23495] [7.0] [cxt 0] Applying table 'MyIngress.ipv4_lpm'
[01:34:45.120] [bmv2] [D] [thread 23495] [7.0] [cxt 0] Looking up key:
* hdr.ipv4.dstAddr    : 00000000

[01:34:45.120] [bmv2] [D] [thread 23495] [7.0] [cxt 0] Table 'MyIngress.ipv4_lpm': miss
[01:34:45.120] [bmv2] [D] [thread 23495] [7.0] [cxt 0] Action entry is NoAction - 
[01:34:45.120] [bmv2] [T] [thread 23495] [7.0] [cxt 0] Action NoAction
[01:34:45.120] [bmv2] [D] [thread 23496] [6.0] [cxt 0] Pipeline 'egress': start
[01:34:45.120] [bmv2] [D] [thread 23495] [7.0] [cxt 0] Pipeline 'ingress': end
[01:34:45.120] [bmv2] [D] [thread 23496] [6.0] [cxt 0] Pipeline 'egress': end
[01:34:45.120] [bmv2] [D] [thread 23495] [7.0] [cxt 0] Egress port is 0
[01:34:45.120] [bmv2] [D] [thread 23496] [6.0] [cxt 0] Deparser 'deparser': start
[01:34:45.120] [bmv2] [T] [thread 23496] [6.0] [cxt 0] Skipping checksum 'cksum' update because condition not met
[01:34:45.120] [bmv2] [D] [thread 23496] [6.0] [cxt 0] Deparsing header 'ethernet'
[01:34:45.120] [bmv2] [D] [thread 23496] [6.0] [cxt 0] Deparser 'deparser': end
[01:34:45.120] [bmv2] [D] [thread 23496] [7.0] [cxt 0] Pipeline 'egress': start
[01:34:45.120] [bmv2] [D] [thread 23496] [7.0] [cxt 0] Pipeline 'egress': end
[01:34:45.120] [bmv2] [D] [thread 23496] [7.0] [cxt 0] Deparser 'deparser': start
[01:34:45.120] [bmv2] [D] [thread 23500] [6.0] [cxt 0] Transmitting packet of size 90 out of port 0
[01:34:45.120] [bmv2] [T] [thread 23496] [7.0] [cxt 0] Skipping checksum 'cksum' update because condition not met
[01:34:45.120] [bmv2] [D] [thread 23496] [7.0] [cxt 0] Deparsing header 'ethernet'
[01:34:45.120] [bmv2] [D] [thread 23496] [7.0] [cxt 0] Deparser 'deparser': end
[01:34:45.120] [bmv2] [D] [thread 23500] [7.0] [cxt 0] Transmitting packet of size 70 out of port 0
[01:34:45.487] [bmv2] [D] [thread 23495] [8.0] [cxt 0] Processing packet received on port 2
[01:34:45.487] [bmv2] [D] [thread 23495] [8.0] [cxt 0] Parser 'parser': start
[01:34:45.487] [bmv2] [D] [thread 23495] [8.0] [cxt 0] Parser 'parser' entering state 'start'
[01:34:45.487] [bmv2] [D] [thread 23495] [8.0] [cxt 0] Extracting header 'ethernet'
[01:34:45.487] [bmv2] [D] [thread 23495] [8.0] [cxt 0] Parser set: setting field 'scalars.tmp' from field 'ethernet.srcAddr' (196803224901123)
[01:34:45.487] [bmv2] [D] [thread 23495] [8.0] [cxt 0] Parser set: setting field 'scalars.tmp_0' from field 'ethernet.dstAddr' (56294136348694)
[01:34:45.487] [bmv2] [D] [thread 23495] [8.0] [cxt 0] Executing method log_msg
[01:34:45.487] [bmv2] [T] [thread 23495] [8.0] [cxt 0] Action log_msg
[01:34:45.487] [bmv2] [T] [thread 23495] [8.0] [cxt 0] basic.p4(73) Primitive         log_msg(\"Src {} Dst {}\n \", {hdr.ethernet.srcAddr, hdr.ethernet.dstAddr});
[01:34:45.487] [bmv2] [I] [thread 23495] Src 196803224901123 Dst 56294136348694
 
[01:34:45.487] [bmv2] [D] [thread 23495] [8.0] [cxt 0] Parser state 'start': key is 86dd
[01:34:45.487] [bmv2] [T] [thread 23495] [8.0] [cxt 0] Bytes parsed: 14
[01:34:45.487] [bmv2] [D] [thread 23495] [8.0] [cxt 0] Parser 'parser': end
[01:34:45.487] [bmv2] [D] [thread 23495] [8.0] [cxt 0] Pipeline 'ingress': start
[01:34:45.487] [bmv2] [T] [thread 23495] [8.0] [cxt 0] Applying table 'MyIngress.ipv4_lpm'
[01:34:45.487] [bmv2] [D] [thread 23495] [8.0] [cxt 0] Looking up key:
* hdr.ipv4.dstAddr    : 00000000

[01:34:45.487] [bmv2] [D] [thread 23495] [8.0] [cxt 0] Table 'MyIngress.ipv4_lpm': miss
[01:34:45.487] [bmv2] [D] [thread 23495] [8.0] [cxt 0] Action entry is NoAction - 
[01:34:45.487] [bmv2] [T] [thread 23495] [8.0] [cxt 0] Action NoAction
[01:34:45.487] [bmv2] [D] [thread 23495] [8.0] [cxt 0] Pipeline 'ingress': end
[01:34:45.487] [bmv2] [D] [thread 23495] [8.0] [cxt 0] Egress port is 0
[01:34:45.487] [bmv2] [D] [thread 23496] [8.0] [cxt 0] Pipeline 'egress': start
[01:34:45.487] [bmv2] [D] [thread 23496] [8.0] [cxt 0] Pipeline 'egress': end
[01:34:45.487] [bmv2] [D] [thread 23496] [8.0] [cxt 0] Deparser 'deparser': start
[01:34:45.487] [bmv2] [T] [thread 23496] [8.0] [cxt 0] Skipping checksum 'cksum' update because condition not met
[01:34:45.487] [bmv2] [D] [thread 23496] [8.0] [cxt 0] Deparsing header 'ethernet'
[01:34:45.487] [bmv2] [D] [thread 23496] [8.0] [cxt 0] Deparser 'deparser': end
[01:34:45.488] [bmv2] [D] [thread 23500] [8.0] [cxt 0] Transmitting packet of size 90 out of port 0
[01:34:45.823] [bmv2] [D] [thread 23495] [9.0] [cxt 0] Processing packet received on port 1
[01:34:45.823] [bmv2] [D] [thread 23495] [9.0] [cxt 0] Parser 'parser': start
[01:34:45.823] [bmv2] [D] [thread 23495] [9.0] [cxt 0] Parser 'parser' entering state 'start'
[01:34:45.823] [bmv2] [D] [thread 23495] [9.0] [cxt 0] Extracting header 'ethernet'
[01:34:45.823] [bmv2] [D] [thread 23495] [9.0] [cxt 0] Parser set: setting field 'scalars.tmp' from field 'ethernet.srcAddr' (187325683401463)
[01:34:45.823] [bmv2] [D] [thread 23495] [9.0] [cxt 0] Parser set: setting field 'scalars.tmp_0' from field 'ethernet.dstAddr' (56294136348694)
[01:34:45.823] [bmv2] [D] [thread 23495] [9.0] [cxt 0] Executing method log_msg
[01:34:45.823] [bmv2] [T] [thread 23495] [9.0] [cxt 0] Action log_msg
[01:34:45.823] [bmv2] [T] [thread 23495] [9.0] [cxt 0] basic.p4(73) Primitive         log_msg(\"Src {} Dst {}\n \", {hdr.ethernet.srcAddr, hdr.ethernet.dstAddr});
[01:34:45.823] [bmv2] [I] [thread 23495] Src 187325683401463 Dst 56294136348694
 
[01:34:45.823] [bmv2] [D] [thread 23495] [9.0] [cxt 0] Parser state 'start': key is 86dd
[01:34:45.823] [bmv2] [T] [thread 23495] [9.0] [cxt 0] Bytes parsed: 14
[01:34:45.823] [bmv2] [D] [thread 23495] [9.0] [cxt 0] Parser 'parser': end
[01:34:45.823] [bmv2] [D] [thread 23495] [9.0] [cxt 0] Pipeline 'ingress': start
[01:34:45.823] [bmv2] [T] [thread 23495] [9.0] [cxt 0] Applying table 'MyIngress.ipv4_lpm'
[01:34:45.823] [bmv2] [D] [thread 23495] [9.0] [cxt 0] Looking up key:
* hdr.ipv4.dstAddr    : 00000000

[01:34:45.823] [bmv2] [D] [thread 23495] [9.0] [cxt 0] Table 'MyIngress.ipv4_lpm': miss
[01:34:45.823] [bmv2] [D] [thread 23495] [9.0] [cxt 0] Action entry is NoAction - 
[01:34:45.823] [bmv2] [T] [thread 23495] [9.0] [cxt 0] Action NoAction
[01:34:45.823] [bmv2] [D] [thread 23495] [9.0] [cxt 0] Pipeline 'ingress': end
[01:34:45.823] [bmv2] [D] [thread 23495] [9.0] [cxt 0] Egress port is 0
[01:34:45.823] [bmv2] [D] [thread 23495] [10.0] [cxt 0] Processing packet received on port 2
[01:34:45.823] [bmv2] [D] [thread 23495] [10.0] [cxt 0] Parser 'parser': start
[01:34:45.823] [bmv2] [D] [thread 23495] [10.0] [cxt 0] Parser 'parser' entering state 'start'
[01:34:45.823] [bmv2] [D] [thread 23495] [10.0] [cxt 0] Extracting header 'ethernet'
[01:34:45.823] [bmv2] [D] [thread 23495] [10.0] [cxt 0] Parser set: setting field 'scalars.tmp' from field 'ethernet.srcAddr' (108301912473649)
[01:34:45.823] [bmv2] [D] [thread 23495] [10.0] [cxt 0] Parser set: setting field 'scalars.tmp_0' from field 'ethernet.dstAddr' (56294136348694)
[01:34:45.823] [bmv2] [D] [thread 23495] [10.0] [cxt 0] Executing method log_msg
[01:34:45.823] [bmv2] [T] [thread 23495] [10.0] [cxt 0] Action log_msg
[01:34:45.823] [bmv2] [T] [thread 23495] [10.0] [cxt 0] basic.p4(73) Primitive         log_msg(\"Src {} Dst {}\n \", {hdr.ethernet.srcAddr, hdr.ethernet.dstAddr});
[01:34:45.823] [bmv2] [I] [thread 23495] Src 108301912473649 Dst 56294136348694
 
[01:34:45.823] [bmv2] [D] [thread 23495] [10.0] [cxt 0] Parser state 'start': key is 86dd
[01:34:45.823] [bmv2] [T] [thread 23495] [10.0] [cxt 0] Bytes parsed: 14
[01:34:45.823] [bmv2] [D] [thread 23495] [10.0] [cxt 0] Parser 'parser': end
[01:34:45.823] [bmv2] [D] [thread 23495] [10.0] [cxt 0] Pipeline 'ingress': start
[01:34:45.823] [bmv2] [T] [thread 23495] [10.0] [cxt 0] Applying table 'MyIngress.ipv4_lpm'
[01:34:45.823] [bmv2] [D] [thread 23495] [10.0] [cxt 0] Looking up key:
* hdr.ipv4.dstAddr    : 00000000

[01:34:45.823] [bmv2] [D] [thread 23495] [10.0] [cxt 0] Table 'MyIngress.ipv4_lpm': miss
[01:34:45.823] [bmv2] [D] [thread 23495] [10.0] [cxt 0] Action entry is NoAction - 
[01:34:45.823] [bmv2] [T] [thread 23495] [10.0] [cxt 0] Action NoAction
[01:34:45.823] [bmv2] [D] [thread 23495] [10.0] [cxt 0] Pipeline 'ingress': end
[01:34:45.823] [bmv2] [D] [thread 23495] [10.0] [cxt 0] Egress port is 0
[01:34:45.824] [bmv2] [D] [thread 23496] [9.0] [cxt 0] Pipeline 'egress': start
[01:34:45.824] [bmv2] [D] [thread 23496] [9.0] [cxt 0] Pipeline 'egress': end
[01:34:45.824] [bmv2] [D] [thread 23496] [9.0] [cxt 0] Deparser 'deparser': start
[01:34:45.824] [bmv2] [T] [thread 23496] [9.0] [cxt 0] Skipping checksum 'cksum' update because condition not met
[01:34:45.824] [bmv2] [D] [thread 23496] [9.0] [cxt 0] Deparsing header 'ethernet'
[01:34:45.824] [bmv2] [D] [thread 23496] [9.0] [cxt 0] Deparser 'deparser': end
[01:34:45.824] [bmv2] [D] [thread 23496] [10.0] [cxt 0] Pipeline 'egress': start
[01:34:45.824] [bmv2] [D] [thread 23496] [10.0] [cxt 0] Pipeline 'egress': end
[01:34:45.824] [bmv2] [D] [thread 23496] [10.0] [cxt 0] Deparser 'deparser': start
[01:34:45.824] [bmv2] [T] [thread 23496] [10.0] [cxt 0] Skipping checksum 'cksum' update because condition not met
[01:34:45.824] [bmv2] [D] [thread 23496] [10.0] [cxt 0] Deparsing header 'ethernet'
[01:34:45.824] [bmv2] [D] [thread 23496] [10.0] [cxt 0] Deparser 'deparser': end
[01:34:45.824] [bmv2] [D] [thread 23500] [9.0] [cxt 0] Transmitting packet of size 90 out of port 0
[01:34:45.824] [bmv2] [D] [thread 23500] [10.0] [cxt 0] Transmitting packet of size 90 out of port 0
[01:34:46.015] [bmv2] [D] [thread 23495] [11.0] [cxt 0] Processing packet received on port 1
[01:34:46.015] [bmv2] [D] [thread 23495] [11.0] [cxt 0] Parser 'parser': start
[01:34:46.015] [bmv2] [D] [thread 23495] [11.0] [cxt 0] Parser 'parser' entering state 'start'
[01:34:46.015] [bmv2] [D] [thread 23495] [11.0] [cxt 0] Extracting header 'ethernet'
[01:34:46.015] [bmv2] [D] [thread 23495] [11.0] [cxt 0] Parser set: setting field 'scalars.tmp' from field 'ethernet.srcAddr' (157111123851452)
[01:34:46.015] [bmv2] [D] [thread 23495] [11.0] [cxt 0] Parser set: setting field 'scalars.tmp_0' from field 'ethernet.dstAddr' (56294136348694)
[01:34:46.015] [bmv2] [D] [thread 23495] [11.0] [cxt 0] Executing method log_msg
[01:34:46.015] [bmv2] [T] [thread 23495] [11.0] [cxt 0] Action log_msg
[01:34:46.015] [bmv2] [T] [thread 23495] [11.0] [cxt 0] basic.p4(73) Primitive         log_msg(\"Src {} Dst {}\n \", {hdr.ethernet.srcAddr, hdr.ethernet.dstAddr});
[01:34:46.015] [bmv2] [I] [thread 23495] Src 157111123851452 Dst 56294136348694
 
[01:34:46.015] [bmv2] [D] [thread 23495] [11.0] [cxt 0] Parser state 'start': key is 86dd
[01:34:46.015] [bmv2] [T] [thread 23495] [11.0] [cxt 0] Bytes parsed: 14
[01:34:46.015] [bmv2] [D] [thread 23495] [11.0] [cxt 0] Parser 'parser': end
[01:34:46.015] [bmv2] [D] [thread 23495] [11.0] [cxt 0] Pipeline 'ingress': start
[01:34:46.015] [bmv2] [T] [thread 23495] [11.0] [cxt 0] Applying table 'MyIngress.ipv4_lpm'
[01:34:46.015] [bmv2] [D] [thread 23495] [11.0] [cxt 0] Looking up key:
* hdr.ipv4.dstAddr    : 00000000

[01:34:46.015] [bmv2] [D] [thread 23495] [11.0] [cxt 0] Table 'MyIngress.ipv4_lpm': miss
[01:34:46.015] [bmv2] [D] [thread 23495] [11.0] [cxt 0] Action entry is NoAction - 
[01:34:46.015] [bmv2] [T] [thread 23495] [11.0] [cxt 0] Action NoAction
[01:34:46.015] [bmv2] [D] [thread 23495] [11.0] [cxt 0] Pipeline 'ingress': end
[01:34:46.015] [bmv2] [D] [thread 23495] [11.0] [cxt 0] Egress port is 0
[01:34:46.015] [bmv2] [D] [thread 23496] [11.0] [cxt 0] Pipeline 'egress': start
[01:34:46.015] [bmv2] [D] [thread 23496] [11.0] [cxt 0] Pipeline 'egress': end
[01:34:46.015] [bmv2] [D] [thread 23496] [11.0] [cxt 0] Deparser 'deparser': start
[01:34:46.015] [bmv2] [T] [thread 23496] [11.0] [cxt 0] Skipping checksum 'cksum' update because condition not met
[01:34:46.015] [bmv2] [D] [thread 23496] [11.0] [cxt 0] Deparsing header 'ethernet'
[01:34:46.015] [bmv2] [D] [thread 23496] [11.0] [cxt 0] Deparser 'deparser': end
[01:34:46.016] [bmv2] [D] [thread 23500] [11.0] [cxt 0] Transmitting packet of size 90 out of port 0
[01:34:46.569] [bmv2] [W] [thread 23584] [P4Runtime] p4::tmp::P4DeviceConfig is deprecated
[01:34:46.570] [bmv2] [D] [thread 23584] Set default default entry for table 'MyIngress.ipv4_lpm': NoAction - 
[01:34:46.571] [bmv2] [D] [thread 23584] simple_switch target has been notified of a config swap
[01:34:46.573] [bmv2] [D] [thread 23585] Set default entry for table 'MyIngress.ipv4_lpm': MyIngress.drop - 
[01:34:46.574] [bmv2] [D] [thread 23584] Entry 0 added to table 'MyIngress.ipv4_lpm'
[01:34:46.574] [bmv2] [D] [thread 23584] Dumping entry 0
Match key:
* hdr.ipv4.dstAddr    : LPM       0a000101/32
Action entry: MyIngress.ipv4_forward - 80000000100,1,

[01:34:46.575] [bmv2] [D] [thread 23585] Entry 1 added to table 'MyIngress.ipv4_lpm'
[01:34:46.575] [bmv2] [D] [thread 23585] Dumping entry 1
Match key:
* hdr.ipv4.dstAddr    : LPM       0a000202/32
Action entry: MyIngress.ipv4_forward - 80000000100,1,

[01:34:46.576] [bmv2] [D] [thread 23584] Entry 2 added to table 'MyIngress.ipv4_lpm'
[01:34:46.576] [bmv2] [D] [thread 23584] Dumping entry 2
Match key:
* hdr.ipv4.dstAddr    : LPM       0a000303/32
Action entry: MyIngress.ipv4_forward - 80000000200,2,

[01:34:46.576] [bmv2] [D] [thread 23585] Entry 3 added to table 'MyIngress.ipv4_lpm'
[01:34:46.576] [bmv2] [D] [thread 23585] Dumping entry 3
Match key:
* hdr.ipv4.dstAddr    : LPM       0a000404/32
Action entry: MyIngress.ipv4_forward - 80000000200,2,

[01:34:49.151] [bmv2] [D] [thread 23495] [12.0] [cxt 0] Processing packet received on port 2
[01:34:49.151] [bmv2] [D] [thread 23495] [12.0] [cxt 0] Parser 'parser': start
[01:34:49.151] [bmv2] [D] [thread 23495] [12.0] [cxt 0] Parser 'parser' entering state 'start'
[01:34:49.151] [bmv2] [D] [thread 23495] [12.0] [cxt 0] Extracting header 'ethernet'
[01:34:49.151] [bmv2] [D] [thread 23495] [12.0] [cxt 0] Parser set: setting field 'scalars.tmp' from field 'ethernet.srcAddr' (196803224901123)
[01:34:49.151] [bmv2] [D] [thread 23495] [12.0] [cxt 0] Parser set: setting field 'scalars.tmp_0' from field 'ethernet.dstAddr' (56294136348674)
[01:34:49.151] [bmv2] [D] [thread 23495] [12.0] [cxt 0] Executing method log_msg
[01:34:49.151] [bmv2] [T] [thread 23495] [12.0] [cxt 0] Action log_msg
[01:34:49.151] [bmv2] [T] [thread 23495] [12.0] [cxt 0] basic.p4(73) Primitive         log_msg(\"Src {} Dst {}\n \", {hdr.ethernet.srcAddr, hdr.ethernet.dstAddr});
[01:34:49.151] [bmv2] [I] [thread 23495] Src 196803224901123 Dst 56294136348674
 
[01:34:49.151] [bmv2] [D] [thread 23495] [12.0] [cxt 0] Parser state 'start': key is 86dd
[01:34:49.151] [bmv2] [T] [thread 23495] [12.0] [cxt 0] Bytes parsed: 14
[01:34:49.151] [bmv2] [D] [thread 23495] [12.0] [cxt 0] Parser 'parser': end
[01:34:49.151] [bmv2] [D] [thread 23495] [12.0] [cxt 0] Pipeline 'ingress': start
[01:34:49.151] [bmv2] [T] [thread 23495] [12.0] [cxt 0] Applying table 'MyIngress.ipv4_lpm'
[01:34:49.151] [bmv2] [D] [thread 23495] [12.0] [cxt 0] Looking up key:
* hdr.ipv4.dstAddr    : 00000000

[01:34:49.151] [bmv2] [D] [thread 23495] [12.0] [cxt 0] Table 'MyIngress.ipv4_lpm': miss
[01:34:49.151] [bmv2] [D] [thread 23495] [12.0] [cxt 0] Action entry is MyIngress.drop - 
[01:34:49.151] [bmv2] [T] [thread 23495] [12.0] [cxt 0] Action MyIngress.drop
[01:34:49.151] [bmv2] [T] [thread 23495] [12.0] [cxt 0] basic.p4(109) Primitive mark_to_drop(standard_metadata)
[01:34:49.151] [bmv2] [D] [thread 23495] [12.0] [cxt 0] Pipeline 'ingress': end
[01:34:49.151] [bmv2] [D] [thread 23495] [12.0] [cxt 0] Egress port is 511
[01:34:49.151] [bmv2] [D] [thread 23495] [12.0] [cxt 0] Dropping packet at the end of ingress
[01:34:49.535] [bmv2] [D] [thread 23495] [13.0] [cxt 0] Processing packet received on port 1
[01:34:49.535] [bmv2] [D] [thread 23495] [13.0] [cxt 0] Parser 'parser': start
[01:34:49.535] [bmv2] [D] [thread 23495] [13.0] [cxt 0] Parser 'parser' entering state 'start'
[01:34:49.535] [bmv2] [D] [thread 23495] [13.0] [cxt 0] Extracting header 'ethernet'
[01:34:49.535] [bmv2] [D] [thread 23495] [13.0] [cxt 0] Parser set: setting field 'scalars.tmp' from field 'ethernet.srcAddr' (187325683401463)
[01:34:49.535] [bmv2] [D] [thread 23495] [13.0] [cxt 0] Parser set: setting field 'scalars.tmp_0' from field 'ethernet.dstAddr' (56294136348674)
[01:34:49.535] [bmv2] [D] [thread 23495] [13.0] [cxt 0] Executing method log_msg
[01:34:49.535] [bmv2] [T] [thread 23495] [13.0] [cxt 0] Action log_msg
[01:34:49.535] [bmv2] [T] [thread 23495] [13.0] [cxt 0] basic.p4(73) Primitive         log_msg(\"Src {} Dst {}\n \", {hdr.ethernet.srcAddr, hdr.ethernet.dstAddr});
[01:34:49.535] [bmv2] [I] [thread 23495] Src 187325683401463 Dst 56294136348674
 
[01:34:49.535] [bmv2] [D] [thread 23495] [13.0] [cxt 0] Parser state 'start': key is 86dd
[01:34:49.535] [bmv2] [T] [thread 23495] [13.0] [cxt 0] Bytes parsed: 14
[01:34:49.535] [bmv2] [D] [thread 23495] [13.0] [cxt 0] Parser 'parser': end
[01:34:49.535] [bmv2] [D] [thread 23495] [13.0] [cxt 0] Pipeline 'ingress': start
[01:34:49.535] [bmv2] [T] [thread 23495] [13.0] [cxt 0] Applying table 'MyIngress.ipv4_lpm'
[01:34:49.535] [bmv2] [D] [thread 23495] [13.0] [cxt 0] Looking up key:
* hdr.ipv4.dstAddr    : 00000000

[01:34:49.535] [bmv2] [D] [thread 23495] [13.0] [cxt 0] Table 'MyIngress.ipv4_lpm': miss
[01:34:49.535] [bmv2] [D] [thread 23495] [13.0] [cxt 0] Action entry is MyIngress.drop - 
[01:34:49.535] [bmv2] [T] [thread 23495] [13.0] [cxt 0] Action MyIngress.drop
[01:34:49.535] [bmv2] [T] [thread 23495] [13.0] [cxt 0] basic.p4(109) Primitive mark_to_drop(standard_metadata)
[01:34:49.535] [bmv2] [D] [thread 23495] [13.0] [cxt 0] Pipeline 'ingress': end
[01:34:49.535] [bmv2] [D] [thread 23495] [13.0] [cxt 0] Egress port is 511
[01:34:49.535] [bmv2] [D] [thread 23495] [13.0] [cxt 0] Dropping packet at the end of ingress
[01:34:49.535] [bmv2] [D] [thread 23495] [14.0] [cxt 0] Processing packet received on port 2
[01:34:49.535] [bmv2] [D] [thread 23495] [14.0] [cxt 0] Parser 'parser': start
[01:34:49.535] [bmv2] [D] [thread 23495] [14.0] [cxt 0] Parser 'parser' entering state 'start'
[01:34:49.535] [bmv2] [D] [thread 23495] [14.0] [cxt 0] Extracting header 'ethernet'
[01:34:49.535] [bmv2] [D] [thread 23495] [14.0] [cxt 0] Parser set: setting field 'scalars.tmp' from field 'ethernet.srcAddr' (108301912473649)
[01:34:49.535] [bmv2] [D] [thread 23495] [14.0] [cxt 0] Parser set: setting field 'scalars.tmp_0' from field 'ethernet.dstAddr' (56294136348674)
[01:34:49.535] [bmv2] [D] [thread 23495] [14.0] [cxt 0] Executing method log_msg
[01:34:49.535] [bmv2] [T] [thread 23495] [14.0] [cxt 0] Action log_msg
[01:34:49.535] [bmv2] [T] [thread 23495] [14.0] [cxt 0] basic.p4(73) Primitive         log_msg(\"Src {} Dst {}\n \", {hdr.ethernet.srcAddr, hdr.ethernet.dstAddr});
[01:34:49.535] [bmv2] [I] [thread 23495] Src 108301912473649 Dst 56294136348674
 
[01:34:49.535] [bmv2] [D] [thread 23495] [14.0] [cxt 0] Parser state 'start': key is 86dd
[01:34:49.535] [bmv2] [T] [thread 23495] [14.0] [cxt 0] Bytes parsed: 14
[01:34:49.535] [bmv2] [D] [thread 23495] [14.0] [cxt 0] Parser 'parser': end
[01:34:49.535] [bmv2] [D] [thread 23495] [14.0] [cxt 0] Pipeline 'ingress': start
[01:34:49.535] [bmv2] [T] [thread 23495] [14.0] [cxt 0] Applying table 'MyIngress.ipv4_lpm'
[01:34:49.535] [bmv2] [D] [thread 23495] [14.0] [cxt 0] Looking up key:
* hdr.ipv4.dstAddr    : 00000000

[01:34:49.535] [bmv2] [D] [thread 23495] [14.0] [cxt 0] Table 'MyIngress.ipv4_lpm': miss
[01:34:49.535] [bmv2] [D] [thread 23495] [14.0] [cxt 0] Action entry is MyIngress.drop - 
[01:34:49.535] [bmv2] [T] [thread 23495] [14.0] [cxt 0] Action MyIngress.drop
[01:34:49.536] [bmv2] [T] [thread 23495] [14.0] [cxt 0] basic.p4(109) Primitive mark_to_drop(standard_metadata)
[01:34:49.536] [bmv2] [D] [thread 23495] [14.0] [cxt 0] Pipeline 'ingress': end
[01:34:49.536] [bmv2] [D] [thread 23495] [14.0] [cxt 0] Egress port is 511
[01:34:49.536] [bmv2] [D] [thread 23495] [14.0] [cxt 0] Dropping packet at the end of ingress
[01:34:49.536] [bmv2] [D] [thread 23495] [15.0] [cxt 0] Processing packet received on port 1
[01:34:49.536] [bmv2] [D] [thread 23495] [15.0] [cxt 0] Parser 'parser': start
[01:34:49.536] [bmv2] [D] [thread 23495] [15.0] [cxt 0] Parser 'parser' entering state 'start'
[01:34:49.536] [bmv2] [D] [thread 23495] [15.0] [cxt 0] Extracting header 'ethernet'
[01:34:49.536] [bmv2] [D] [thread 23495] [15.0] [cxt 0] Parser set: setting field 'scalars.tmp' from field 'ethernet.srcAddr' (157111123851452)
[01:34:49.536] [bmv2] [D] [thread 23495] [15.0] [cxt 0] Parser set: setting field 'scalars.tmp_0' from field 'ethernet.dstAddr' (56294136348674)
[01:34:49.536] [bmv2] [D] [thread 23495] [15.0] [cxt 0] Executing method log_msg
[01:34:49.536] [bmv2] [T] [thread 23495] [15.0] [cxt 0] Action log_msg
[01:34:49.536] [bmv2] [T] [thread 23495] [15.0] [cxt 0] basic.p4(73) Primitive         log_msg(\"Src {} Dst {}\n \", {hdr.ethernet.srcAddr, hdr.ethernet.dstAddr});
[01:34:49.536] [bmv2] [I] [thread 23495] Src 157111123851452 Dst 56294136348674
 
[01:34:49.536] [bmv2] [D] [thread 23495] [15.0] [cxt 0] Parser state 'start': key is 86dd
[01:34:49.536] [bmv2] [T] [thread 23495] [15.0] [cxt 0] Bytes parsed: 14
[01:34:49.536] [bmv2] [D] [thread 23495] [15.0] [cxt 0] Parser 'parser': end
[01:34:49.536] [bmv2] [D] [thread 23495] [15.0] [cxt 0] Pipeline 'ingress': start
[01:34:49.536] [bmv2] [T] [thread 23495] [15.0] [cxt 0] Applying table 'MyIngress.ipv4_lpm'
[01:34:49.536] [bmv2] [D] [thread 23495] [15.0] [cxt 0] Looking up key:
* hdr.ipv4.dstAddr    : 00000000

[01:34:49.536] [bmv2] [D] [thread 23495] [15.0] [cxt 0] Table 'MyIngress.ipv4_lpm': miss
[01:34:49.536] [bmv2] [D] [thread 23495] [15.0] [cxt 0] Action entry is MyIngress.drop - 
[01:34:49.536] [bmv2] [T] [thread 23495] [15.0] [cxt 0] Action MyIngress.drop
[01:34:49.536] [bmv2] [T] [thread 23495] [15.0] [cxt 0] basic.p4(109) Primitive mark_to_drop(standard_metadata)
[01:34:49.536] [bmv2] [D] [thread 23495] [15.0] [cxt 0] Pipeline 'ingress': end
[01:34:49.536] [bmv2] [D] [thread 23495] [15.0] [cxt 0] Egress port is 511
[01:34:49.536] [bmv2] [D] [thread 23495] [15.0] [cxt 0] Dropping packet at the end of ingress
[01:34:52.341] [bmv2] [D] [thread 23495] [16.0] [cxt 0] Processing packet received on port 2
[01:34:52.341] [bmv2] [D] [thread 23495] [16.0] [cxt 0] Parser 'parser': start
[01:34:52.341] [bmv2] [D] [thread 23495] [16.0] [cxt 0] Parser 'parser' entering state 'start'
[01:34:52.341] [bmv2] [D] [thread 23495] [16.0] [cxt 0] Extracting header 'ethernet'
[01:34:52.341] [bmv2] [D] [thread 23495] [16.0] [cxt 0] Parser set: setting field 'scalars.tmp' from field 'ethernet.srcAddr' (8796093023232)
[01:34:52.341] [bmv2] [D] [thread 23495] [16.0] [cxt 0] Parser set: setting field 'scalars.tmp_0' from field 'ethernet.dstAddr' (8796093022976)
[01:34:52.341] [bmv2] [D] [thread 23495] [16.0] [cxt 0] Executing method log_msg
[01:34:52.341] [bmv2] [T] [thread 23495] [16.0] [cxt 0] Action log_msg
[01:34:52.341] [bmv2] [T] [thread 23495] [16.0] [cxt 0] basic.p4(73) Primitive         log_msg(\"Src {} Dst {}\n \", {hdr.ethernet.srcAddr, hdr.ethernet.dstAddr});
[01:34:52.341] [bmv2] [I] [thread 23495] Src 8796093023232 Dst 8796093022976
 
[01:34:52.341] [bmv2] [D] [thread 23495] [16.0] [cxt 0] Parser state 'start': key is 0800
[01:34:52.341] [bmv2] [T] [thread 23495] [16.0] [cxt 0] Bytes parsed: 14
[01:34:52.341] [bmv2] [D] [thread 23495] [16.0] [cxt 0] Parser 'parser' entering state 'accept_ipv4'
[01:34:52.341] [bmv2] [D] [thread 23495] [16.0] [cxt 0] Extracting header 'ipv4'
[01:34:52.341] [bmv2] [D] [thread 23495] [16.0] [cxt 0] Parser state 'accept_ipv4' has no switch, going to default next state
[01:34:52.341] [bmv2] [T] [thread 23495] [16.0] [cxt 0] Bytes parsed: 34
[01:34:52.341] [bmv2] [D] [thread 23495] [16.0] [cxt 0] Parser 'parser': end
[01:34:52.341] [bmv2] [D] [thread 23495] [16.0] [cxt 0] Pipeline 'ingress': start
[01:34:52.341] [bmv2] [T] [thread 23495] [16.0] [cxt 0] Applying table 'MyIngress.ipv4_lpm'
[01:34:52.341] [bmv2] [D] [thread 23495] [16.0] [cxt 0] Looking up key:
* hdr.ipv4.dstAddr    : 0a000101

[01:34:52.341] [bmv2] [D] [thread 23495] [16.0] [cxt 0] Table 'MyIngress.ipv4_lpm': hit with handle 0
[01:34:52.341] [bmv2] [D] [thread 23495] [16.0] [cxt 0] Dumping entry 0
Match key:
* hdr.ipv4.dstAddr    : LPM       0a000101/32
Action entry: MyIngress.ipv4_forward - 80000000100,1,

[01:34:52.341] [bmv2] [D] [thread 23495] [16.0] [cxt 0] Action entry is MyIngress.ipv4_forward - 80000000100,1,
[01:34:52.341] [bmv2] [T] [thread 23495] [16.0] [cxt 0] Action MyIngress.ipv4_forward
[01:34:52.341] [bmv2] [T] [thread 23495] [16.0] [cxt 0] basic.p4(129) Primitive hdr.ethernet.srcAddr = hdr.ethernet.dstAddr
[01:34:52.341] [bmv2] [T] [thread 23495] [16.0] [cxt 0] basic.p4(130) Primitive hdr.ethernet.dstAddr = dstAddr
[01:34:52.341] [bmv2] [T] [thread 23495] [16.0] [cxt 0] basic.p4(131) Primitive standard_metadata.egress_spec = port
[01:34:52.341] [bmv2] [T] [thread 23495] [16.0] [cxt 0] basic.p4(132) Primitive hdr.ipv4.ttl = hdr.ipv4.ttl - 1
[01:34:52.341] [bmv2] [T] [thread 23495] [16.0] [cxt 0] basic.p4(133) Primitive         log_msg(\"IPV4_FORWARD SRC {} DST {}\n\", {hdr.ethernet.srcAddr, hdr.ethernet.dstAddr});
[01:34:52.341] [bmv2] [T] [thread 23495] [16.0] [cxt 0] basic.p4(133) Primitive         log_msg(\"IPV4_FORWARD SRC {} DST {}\n\", {hdr.ethernet.srcAddr, hdr.ethernet.dstAddr});
[01:34:52.341] [bmv2] [T] [thread 23495] [16.0] [cxt 0] basic.p4(133) Primitive         log_msg(\"IPV4_FORWARD SRC {} DST {}\n\", {hdr.ethernet.srcAddr, hdr.ethernet.dstAddr});
[01:34:52.341] [bmv2] [I] [thread 23495] IPV4_FORWARD SRC 8796093022976 DST 8796093022464

[01:34:52.341] [bmv2] [D] [thread 23495] [16.0] [cxt 0] Pipeline 'ingress': end
[01:34:52.341] [bmv2] [D] [thread 23495] [16.0] [cxt 0] Egress port is 1
[01:34:52.341] [bmv2] [D] [thread 23497] [16.0] [cxt 0] Pipeline 'egress': start
[01:34:52.341] [bmv2] [D] [thread 23497] [16.0] [cxt 0] Pipeline 'egress': end
[01:34:52.341] [bmv2] [D] [thread 23497] [16.0] [cxt 0] Deparser 'deparser': start
[01:34:52.341] [bmv2] [D] [thread 23497] [16.0] [cxt 0] Updating checksum 'cksum'
[01:34:52.341] [bmv2] [D] [thread 23497] [16.0] [cxt 0] Deparsing header 'ethernet'
[01:34:52.341] [bmv2] [D] [thread 23497] [16.0] [cxt 0] Deparsing header 'ipv4'
[01:34:52.341] [bmv2] [D] [thread 23497] [16.0] [cxt 0] Deparser 'deparser': end
[01:34:52.341] [bmv2] [D] [thread 23500] [16.0] [cxt 0] Transmitting packet of size 98 out of port 1
[01:34:53.344] [bmv2] [D] [thread 23495] [17.0] [cxt 0] Processing packet received on port 2
[01:34:53.344] [bmv2] [D] [thread 23495] [17.0] [cxt 0] Parser 'parser': start
[01:34:53.344] [bmv2] [D] [thread 23495] [17.0] [cxt 0] Parser 'parser' entering state 'start'
[01:34:53.344] [bmv2] [D] [thread 23495] [17.0] [cxt 0] Extracting header 'ethernet'
[01:34:53.344] [bmv2] [D] [thread 23495] [17.0] [cxt 0] Parser set: setting field 'scalars.tmp' from field 'ethernet.srcAddr' (8796093023232)
[01:34:53.344] [bmv2] [D] [thread 23495] [17.0] [cxt 0] Parser set: setting field 'scalars.tmp_0' from field 'ethernet.dstAddr' (8796093022976)
[01:34:53.344] [bmv2] [D] [thread 23495] [17.0] [cxt 0] Executing method log_msg
[01:34:53.344] [bmv2] [T] [thread 23495] [17.0] [cxt 0] Action log_msg
[01:34:53.344] [bmv2] [T] [thread 23495] [17.0] [cxt 0] basic.p4(73) Primitive         log_msg(\"Src {} Dst {}\n \", {hdr.ethernet.srcAddr, hdr.ethernet.dstAddr});
[01:34:53.344] [bmv2] [I] [thread 23495] Src 8796093023232 Dst 8796093022976
 
[01:34:53.344] [bmv2] [D] [thread 23495] [17.0] [cxt 0] Parser state 'start': key is 0800
[01:34:53.344] [bmv2] [T] [thread 23495] [17.0] [cxt 0] Bytes parsed: 14
[01:34:53.344] [bmv2] [D] [thread 23495] [17.0] [cxt 0] Parser 'parser' entering state 'accept_ipv4'
[01:34:53.344] [bmv2] [D] [thread 23495] [17.0] [cxt 0] Extracting header 'ipv4'
[01:34:53.344] [bmv2] [D] [thread 23495] [17.0] [cxt 0] Parser state 'accept_ipv4' has no switch, going to default next state
[01:34:53.344] [bmv2] [T] [thread 23495] [17.0] [cxt 0] Bytes parsed: 34
[01:34:53.344] [bmv2] [D] [thread 23495] [17.0] [cxt 0] Parser 'parser': end
[01:34:53.344] [bmv2] [D] [thread 23495] [17.0] [cxt 0] Pipeline 'ingress': start
[01:34:53.344] [bmv2] [T] [thread 23495] [17.0] [cxt 0] Applying table 'MyIngress.ipv4_lpm'
[01:34:53.344] [bmv2] [D] [thread 23495] [17.0] [cxt 0] Looking up key:
* hdr.ipv4.dstAddr    : 0a000101

[01:34:53.345] [bmv2] [D] [thread 23495] [17.0] [cxt 0] Table 'MyIngress.ipv4_lpm': hit with handle 0
[01:34:53.345] [bmv2] [D] [thread 23495] [17.0] [cxt 0] Dumping entry 0
Match key:
* hdr.ipv4.dstAddr    : LPM       0a000101/32
Action entry: MyIngress.ipv4_forward - 80000000100,1,

[01:34:53.345] [bmv2] [D] [thread 23495] [17.0] [cxt 0] Action entry is MyIngress.ipv4_forward - 80000000100,1,
[01:34:53.345] [bmv2] [T] [thread 23495] [17.0] [cxt 0] Action MyIngress.ipv4_forward
[01:34:53.345] [bmv2] [T] [thread 23495] [17.0] [cxt 0] basic.p4(129) Primitive hdr.ethernet.srcAddr = hdr.ethernet.dstAddr
[01:34:53.345] [bmv2] [T] [thread 23495] [17.0] [cxt 0] basic.p4(130) Primitive hdr.ethernet.dstAddr = dstAddr
[01:34:53.345] [bmv2] [T] [thread 23495] [17.0] [cxt 0] basic.p4(131) Primitive standard_metadata.egress_spec = port
[01:34:53.345] [bmv2] [T] [thread 23495] [17.0] [cxt 0] basic.p4(132) Primitive hdr.ipv4.ttl = hdr.ipv4.ttl - 1
[01:34:53.345] [bmv2] [T] [thread 23495] [17.0] [cxt 0] basic.p4(133) Primitive         log_msg(\"IPV4_FORWARD SRC {} DST {}\n\", {hdr.ethernet.srcAddr, hdr.ethernet.dstAddr});
[01:34:53.345] [bmv2] [T] [thread 23495] [17.0] [cxt 0] basic.p4(133) Primitive         log_msg(\"IPV4_FORWARD SRC {} DST {}\n\", {hdr.ethernet.srcAddr, hdr.ethernet.dstAddr});
[01:34:53.345] [bmv2] [T] [thread 23495] [17.0] [cxt 0] basic.p4(133) Primitive         log_msg(\"IPV4_FORWARD SRC {} DST {}\n\", {hdr.ethernet.srcAddr, hdr.ethernet.dstAddr});
[01:34:53.345] [bmv2] [I] [thread 23495] IPV4_FORWARD SRC 8796093022976 DST 8796093022464

[01:34:53.345] [bmv2] [D] [thread 23495] [17.0] [cxt 0] Pipeline 'ingress': end
[01:34:53.345] [bmv2] [D] [thread 23495] [17.0] [cxt 0] Egress port is 1
[01:34:53.345] [bmv2] [D] [thread 23497] [17.0] [cxt 0] Pipeline 'egress': start
[01:34:53.345] [bmv2] [D] [thread 23497] [17.0] [cxt 0] Pipeline 'egress': end
[01:34:53.345] [bmv2] [D] [thread 23497] [17.0] [cxt 0] Deparser 'deparser': start
[01:34:53.345] [bmv2] [D] [thread 23497] [17.0] [cxt 0] Updating checksum 'cksum'
[01:34:53.345] [bmv2] [D] [thread 23497] [17.0] [cxt 0] Deparsing header 'ethernet'
[01:34:53.345] [bmv2] [D] [thread 23497] [17.0] [cxt 0] Deparsing header 'ipv4'
[01:34:53.345] [bmv2] [D] [thread 23497] [17.0] [cxt 0] Deparser 'deparser': end
[01:34:53.345] [bmv2] [D] [thread 23500] [17.0] [cxt 0] Transmitting packet of size 98 out of port 1
open: No such file or directory
open: No such file or directory
