Calling target program-options parser
[01:34:44.994] [bmv2] [D] [thread 23502] Set default default entry for table 'MyIngress.ipv4_lpm': NoAction - 
Adding interface s4-eth1 as port 1
[01:34:44.995] [bmv2] [D] [thread 23502] Adding interface s4-eth1 as port 1
Adding interface s4-eth2 as port 2
[01:34:45.009] [bmv2] [D] [thread 23502] Adding interface s4-eth2 as port 2
Server listening on 0.0.0.0:50054
[01:34:45.021] [bmv2] [I] [thread 23502] Starting Thrift server on port 9093
[01:34:45.021] [bmv2] [I] [thread 23502] Thrift server was started
[01:34:45.055] [bmv2] [D] [thread 23528] [0.0] [cxt 0] Processing packet received on port 2
[01:34:45.055] [bmv2] [D] [thread 23528] [0.0] [cxt 0] Parser 'parser': start
[01:34:45.056] [bmv2] [D] [thread 23528] [0.0] [cxt 0] Parser 'parser' entering state 'start'
[01:34:45.056] [bmv2] [D] [thread 23528] [0.0] [cxt 0] Extracting header 'ethernet'
[01:34:45.056] [bmv2] [D] [thread 23528] [0.0] [cxt 0] Parser set: setting field 'scalars.tmp' from field 'ethernet.srcAddr' (245109102370737)
[01:34:45.056] [bmv2] [D] [thread 23528] [0.0] [cxt 0] Parser set: setting field 'scalars.tmp_0' from field 'ethernet.dstAddr' (56294136348694)
[01:34:45.056] [bmv2] [D] [thread 23528] [0.0] [cxt 0] Executing method log_msg
[01:34:45.056] [bmv2] [T] [thread 23528] [0.0] [cxt 0] Action log_msg
[01:34:45.056] [bmv2] [T] [thread 23528] [0.0] [cxt 0] basic.p4(73) Primitive         log_msg(\"Src {} Dst {}\n \", {hdr.ethernet.srcAddr, hdr.ethernet.dstAddr});
[01:34:45.056] [bmv2] [I] [thread 23528] Src 245109102370737 Dst 56294136348694
 
[01:34:45.056] [bmv2] [D] [thread 23528] [0.0] [cxt 0] Parser state 'start': key is 86dd
[01:34:45.056] [bmv2] [T] [thread 23528] [0.0] [cxt 0] Bytes parsed: 14
[01:34:45.056] [bmv2] [D] [thread 23528] [0.0] [cxt 0] Parser 'parser': end
[01:34:45.056] [bmv2] [D] [thread 23528] [0.0] [cxt 0] Pipeline 'ingress': start
[01:34:45.056] [bmv2] [T] [thread 23528] [0.0] [cxt 0] Applying table 'MyIngress.ipv4_lpm'
[01:34:45.056] [bmv2] [D] [thread 23528] [0.0] [cxt 0] Looking up key:
* hdr.ipv4.dstAddr    : 00000000

[01:34:45.056] [bmv2] [D] [thread 23528] [0.0] [cxt 0] Table 'MyIngress.ipv4_lpm': miss
[01:34:45.056] [bmv2] [D] [thread 23528] [0.0] [cxt 0] Action entry is NoAction - 
[01:34:45.056] [bmv2] [T] [thread 23528] [0.0] [cxt 0] Action NoAction
[01:34:45.056] [bmv2] [D] [thread 23528] [0.0] [cxt 0] Pipeline 'ingress': end
[01:34:45.056] [bmv2] [D] [thread 23528] [0.0] [cxt 0] Egress port is 0
[01:34:45.056] [bmv2] [D] [thread 23529] [0.0] [cxt 0] Pipeline 'egress': start
[01:34:45.056] [bmv2] [D] [thread 23529] [0.0] [cxt 0] Pipeline 'egress': end
[01:34:45.056] [bmv2] [D] [thread 23529] [0.0] [cxt 0] Deparser 'deparser': start
[01:34:45.056] [bmv2] [T] [thread 23529] [0.0] [cxt 0] Skipping checksum 'cksum' update because condition not met
[01:34:45.056] [bmv2] [D] [thread 23529] [0.0] [cxt 0] Deparsing header 'ethernet'
[01:34:45.056] [bmv2] [D] [thread 23529] [0.0] [cxt 0] Deparser 'deparser': end
[01:34:45.056] [bmv2] [D] [thread 23528] [1.0] [cxt 0] Processing packet received on port 2
[01:34:45.056] [bmv2] [D] [thread 23528] [1.0] [cxt 0] Parser 'parser': start
[01:34:45.056] [bmv2] [D] [thread 23528] [1.0] [cxt 0] Parser 'parser' entering state 'start'
[01:34:45.056] [bmv2] [D] [thread 23528] [1.0] [cxt 0] Extracting header 'ethernet'
[01:34:45.056] [bmv2] [D] [thread 23528] [1.0] [cxt 0] Parser set: setting field 'scalars.tmp' from field 'ethernet.srcAddr' (245109102370737)
[01:34:45.056] [bmv2] [D] [thread 23533] [0.0] [cxt 0] Transmitting packet of size 90 out of port 0
[01:34:45.056] [bmv2] [D] [thread 23528] [1.0] [cxt 0] Parser set: setting field 'scalars.tmp_0' from field 'ethernet.dstAddr' (56294136348674)
[01:34:45.056] [bmv2] [D] [thread 23528] [1.0] [cxt 0] Executing method log_msg
[01:34:45.056] [bmv2] [T] [thread 23528] [1.0] [cxt 0] Action log_msg
[01:34:45.056] [bmv2] [T] [thread 23528] [1.0] [cxt 0] basic.p4(73) Primitive         log_msg(\"Src {} Dst {}\n \", {hdr.ethernet.srcAddr, hdr.ethernet.dstAddr});
[01:34:45.056] [bmv2] [I] [thread 23528] Src 245109102370737 Dst 56294136348674
 
[01:34:45.056] [bmv2] [D] [thread 23528] [1.0] [cxt 0] Parser state 'start': key is 86dd
[01:34:45.056] [bmv2] [T] [thread 23528] [1.0] [cxt 0] Bytes parsed: 14
[01:34:45.056] [bmv2] [D] [thread 23528] [1.0] [cxt 0] Parser 'parser': end
[01:34:45.056] [bmv2] [D] [thread 23528] [1.0] [cxt 0] Pipeline 'ingress': start
[01:34:45.056] [bmv2] [T] [thread 23528] [1.0] [cxt 0] Applying table 'MyIngress.ipv4_lpm'
[01:34:45.056] [bmv2] [D] [thread 23528] [1.0] [cxt 0] Looking up key:
* hdr.ipv4.dstAddr    : 00000000

[01:34:45.056] [bmv2] [D] [thread 23528] [1.0] [cxt 0] Table 'MyIngress.ipv4_lpm': miss
[01:34:45.056] [bmv2] [D] [thread 23528] [1.0] [cxt 0] Action entry is NoAction - 
[01:34:45.056] [bmv2] [T] [thread 23528] [1.0] [cxt 0] Action NoAction
[01:34:45.056] [bmv2] [D] [thread 23528] [1.0] [cxt 0] Pipeline 'ingress': end
[01:34:45.056] [bmv2] [D] [thread 23528] [1.0] [cxt 0] Egress port is 0
[01:34:45.056] [bmv2] [D] [thread 23529] [1.0] [cxt 0] Pipeline 'egress': start
[01:34:45.056] [bmv2] [D] [thread 23529] [1.0] [cxt 0] Pipeline 'egress': end
[01:34:45.056] [bmv2] [D] [thread 23529] [1.0] [cxt 0] Deparser 'deparser': start
[01:34:45.056] [bmv2] [T] [thread 23529] [1.0] [cxt 0] Skipping checksum 'cksum' update because condition not met
[01:34:45.056] [bmv2] [D] [thread 23529] [1.0] [cxt 0] Deparsing header 'ethernet'
[01:34:45.056] [bmv2] [D] [thread 23529] [1.0] [cxt 0] Deparser 'deparser': end
[01:34:45.056] [bmv2] [D] [thread 23533] [1.0] [cxt 0] Transmitting packet of size 70 out of port 0
[01:34:45.119] [bmv2] [D] [thread 23528] [2.0] [cxt 0] Processing packet received on port 2
[01:34:45.119] [bmv2] [D] [thread 23528] [2.0] [cxt 0] Parser 'parser': start
[01:34:45.119] [bmv2] [D] [thread 23528] [2.0] [cxt 0] Parser 'parser' entering state 'start'
[01:34:45.119] [bmv2] [D] [thread 23528] [2.0] [cxt 0] Extracting header 'ethernet'
[01:34:45.119] [bmv2] [D] [thread 23528] [2.0] [cxt 0] Parser set: setting field 'scalars.tmp' from field 'ethernet.srcAddr' (143464444877329)
[01:34:45.119] [bmv2] [D] [thread 23528] [2.0] [cxt 0] Parser set: setting field 'scalars.tmp_0' from field 'ethernet.dstAddr' (56294136348694)
[01:34:45.119] [bmv2] [D] [thread 23528] [2.0] [cxt 0] Executing method log_msg
[01:34:45.119] [bmv2] [T] [thread 23528] [2.0] [cxt 0] Action log_msg
[01:34:45.119] [bmv2] [T] [thread 23528] [2.0] [cxt 0] basic.p4(73) Primitive         log_msg(\"Src {} Dst {}\n \", {hdr.ethernet.srcAddr, hdr.ethernet.dstAddr});
[01:34:45.119] [bmv2] [I] [thread 23528] Src 143464444877329 Dst 56294136348694
 
[01:34:45.119] [bmv2] [D] [thread 23528] [2.0] [cxt 0] Parser state 'start': key is 86dd
[01:34:45.119] [bmv2] [T] [thread 23528] [2.0] [cxt 0] Bytes parsed: 14
[01:34:45.119] [bmv2] [D] [thread 23528] [2.0] [cxt 0] Parser 'parser': end
[01:34:45.119] [bmv2] [D] [thread 23528] [2.0] [cxt 0] Pipeline 'ingress': start
[01:34:45.119] [bmv2] [T] [thread 23528] [2.0] [cxt 0] Applying table 'MyIngress.ipv4_lpm'
[01:34:45.119] [bmv2] [D] [thread 23528] [2.0] [cxt 0] Looking up key:
* hdr.ipv4.dstAddr    : 00000000

[01:34:45.119] [bmv2] [D] [thread 23528] [2.0] [cxt 0] Table 'MyIngress.ipv4_lpm': miss
[01:34:45.119] [bmv2] [D] [thread 23528] [2.0] [cxt 0] Action entry is NoAction - 
[01:34:45.119] [bmv2] [T] [thread 23528] [2.0] [cxt 0] Action NoAction
[01:34:45.119] [bmv2] [D] [thread 23528] [2.0] [cxt 0] Pipeline 'ingress': end
[01:34:45.119] [bmv2] [D] [thread 23528] [2.0] [cxt 0] Egress port is 0
[01:34:45.119] [bmv2] [D] [thread 23528] [3.0] [cxt 0] Processing packet received on port 1
[01:34:45.119] [bmv2] [D] [thread 23528] [3.0] [cxt 0] Parser 'parser': start
[01:34:45.119] [bmv2] [D] [thread 23528] [3.0] [cxt 0] Parser 'parser' entering state 'start'
[01:34:45.119] [bmv2] [D] [thread 23528] [3.0] [cxt 0] Extracting header 'ethernet'
[01:34:45.119] [bmv2] [D] [thread 23528] [3.0] [cxt 0] Parser set: setting field 'scalars.tmp' from field 'ethernet.srcAddr' (72645455461153)
[01:34:45.119] [bmv2] [D] [thread 23528] [3.0] [cxt 0] Parser set: setting field 'scalars.tmp_0' from field 'ethernet.dstAddr' (56294136348694)
[01:34:45.119] [bmv2] [D] [thread 23528] [3.0] [cxt 0] Executing method log_msg
[01:34:45.119] [bmv2] [T] [thread 23528] [3.0] [cxt 0] Action log_msg
[01:34:45.119] [bmv2] [T] [thread 23528] [3.0] [cxt 0] basic.p4(73) Primitive         log_msg(\"Src {} Dst {}\n \", {hdr.ethernet.srcAddr, hdr.ethernet.dstAddr});
[01:34:45.119] [bmv2] [I] [thread 23528] Src 72645455461153 Dst 56294136348694
 
[01:34:45.119] [bmv2] [D] [thread 23528] [3.0] [cxt 0] Parser state 'start': key is 86dd
[01:34:45.119] [bmv2] [T] [thread 23528] [3.0] [cxt 0] Bytes parsed: 14
[01:34:45.119] [bmv2] [D] [thread 23528] [3.0] [cxt 0] Parser 'parser': end
[01:34:45.119] [bmv2] [D] [thread 23528] [3.0] [cxt 0] Pipeline 'ingress': start
[01:34:45.119] [bmv2] [T] [thread 23528] [3.0] [cxt 0] Applying table 'MyIngress.ipv4_lpm'
[01:34:45.119] [bmv2] [D] [thread 23528] [3.0] [cxt 0] Looking up key:
* hdr.ipv4.dstAddr    : 00000000

[01:34:45.119] [bmv2] [D] [thread 23528] [3.0] [cxt 0] Table 'MyIngress.ipv4_lpm': miss
[01:34:45.119] [bmv2] [D] [thread 23528] [3.0] [cxt 0] Action entry is NoAction - 
[01:34:45.119] [bmv2] [T] [thread 23528] [3.0] [cxt 0] Action NoAction
[01:34:45.119] [bmv2] [D] [thread 23528] [3.0] [cxt 0] Pipeline 'ingress': end
[01:34:45.119] [bmv2] [D] [thread 23528] [3.0] [cxt 0] Egress port is 0
[01:34:45.119] [bmv2] [D] [thread 23528] [4.0] [cxt 0] Processing packet received on port 1
[01:34:45.119] [bmv2] [D] [thread 23528] [4.0] [cxt 0] Parser 'parser': start
[01:34:45.119] [bmv2] [D] [thread 23528] [4.0] [cxt 0] Parser 'parser' entering state 'start'
[01:34:45.119] [bmv2] [D] [thread 23528] [4.0] [cxt 0] Extracting header 'ethernet'
[01:34:45.119] [bmv2] [D] [thread 23528] [4.0] [cxt 0] Parser set: setting field 'scalars.tmp' from field 'ethernet.srcAddr' (72645455461153)
[01:34:45.119] [bmv2] [D] [thread 23528] [4.0] [cxt 0] Parser set: setting field 'scalars.tmp_0' from field 'ethernet.dstAddr' (56294136348674)
[01:34:45.119] [bmv2] [D] [thread 23528] [4.0] [cxt 0] Executing method log_msg
[01:34:45.119] [bmv2] [T] [thread 23528] [4.0] [cxt 0] Action log_msg
[01:34:45.119] [bmv2] [T] [thread 23528] [4.0] [cxt 0] basic.p4(73) Primitive         log_msg(\"Src {} Dst {}\n \", {hdr.ethernet.srcAddr, hdr.ethernet.dstAddr});
[01:34:45.119] [bmv2] [I] [thread 23528] Src 72645455461153 Dst 56294136348674
 
[01:34:45.119] [bmv2] [D] [thread 23528] [4.0] [cxt 0] Parser state 'start': key is 86dd
[01:34:45.119] [bmv2] [T] [thread 23528] [4.0] [cxt 0] Bytes parsed: 14
[01:34:45.119] [bmv2] [D] [thread 23528] [4.0] [cxt 0] Parser 'parser': end
[01:34:45.119] [bmv2] [D] [thread 23528] [4.0] [cxt 0] Pipeline 'ingress': start
[01:34:45.119] [bmv2] [T] [thread 23528] [4.0] [cxt 0] Applying table 'MyIngress.ipv4_lpm'
[01:34:45.119] [bmv2] [D] [thread 23528] [4.0] [cxt 0] Looking up key:
* hdr.ipv4.dstAddr    : 00000000

[01:34:45.119] [bmv2] [D] [thread 23528] [4.0] [cxt 0] Table 'MyIngress.ipv4_lpm': miss
[01:34:45.119] [bmv2] [D] [thread 23528] [4.0] [cxt 0] Action entry is NoAction - 
[01:34:45.119] [bmv2] [T] [thread 23528] [4.0] [cxt 0] Action NoAction
[01:34:45.119] [bmv2] [D] [thread 23528] [4.0] [cxt 0] Pipeline 'ingress': end
[01:34:45.119] [bmv2] [D] [thread 23528] [4.0] [cxt 0] Egress port is 0
[01:34:45.119] [bmv2] [D] [thread 23529] [2.0] [cxt 0] Pipeline 'egress': start
[01:34:45.119] [bmv2] [D] [thread 23529] [2.0] [cxt 0] Pipeline 'egress': end
[01:34:45.119] [bmv2] [D] [thread 23529] [2.0] [cxt 0] Deparser 'deparser': start
[01:34:45.119] [bmv2] [T] [thread 23529] [2.0] [cxt 0] Skipping checksum 'cksum' update because condition not met
[01:34:45.119] [bmv2] [D] [thread 23529] [2.0] [cxt 0] Deparsing header 'ethernet'
[01:34:45.119] [bmv2] [D] [thread 23529] [2.0] [cxt 0] Deparser 'deparser': end
[01:34:45.119] [bmv2] [D] [thread 23529] [3.0] [cxt 0] Pipeline 'egress': start
[01:34:45.119] [bmv2] [D] [thread 23529] [3.0] [cxt 0] Pipeline 'egress': end
[01:34:45.119] [bmv2] [D] [thread 23529] [3.0] [cxt 0] Deparser 'deparser': start
[01:34:45.119] [bmv2] [T] [thread 23529] [3.0] [cxt 0] Skipping checksum 'cksum' update because condition not met
[01:34:45.119] [bmv2] [D] [thread 23533] [2.0] [cxt 0] Transmitting packet of size 90 out of port 0
[01:34:45.119] [bmv2] [D] [thread 23529] [3.0] [cxt 0] Deparsing header 'ethernet'
[01:34:45.119] [bmv2] [D] [thread 23529] [3.0] [cxt 0] Deparser 'deparser': end
[01:34:45.119] [bmv2] [D] [thread 23533] [3.0] [cxt 0] Transmitting packet of size 90 out of port 0
[01:34:45.119] [bmv2] [D] [thread 23529] [4.0] [cxt 0] Pipeline 'egress': start
[01:34:45.120] [bmv2] [D] [thread 23529] [4.0] [cxt 0] Pipeline 'egress': end
[01:34:45.120] [bmv2] [D] [thread 23529] [4.0] [cxt 0] Deparser 'deparser': start
[01:34:45.120] [bmv2] [T] [thread 23529] [4.0] [cxt 0] Skipping checksum 'cksum' update because condition not met
[01:34:45.120] [bmv2] [D] [thread 23529] [4.0] [cxt 0] Deparsing header 'ethernet'
[01:34:45.120] [bmv2] [D] [thread 23529] [4.0] [cxt 0] Deparser 'deparser': end
[01:34:45.120] [bmv2] [D] [thread 23533] [4.0] [cxt 0] Transmitting packet of size 70 out of port 0
[01:34:45.567] [bmv2] [D] [thread 23528] [5.0] [cxt 0] Processing packet received on port 1
[01:34:45.567] [bmv2] [D] [thread 23528] [5.0] [cxt 0] Parser 'parser': start
[01:34:45.567] [bmv2] [D] [thread 23528] [5.0] [cxt 0] Parser 'parser' entering state 'start'
[01:34:45.567] [bmv2] [D] [thread 23528] [5.0] [cxt 0] Extracting header 'ethernet'
[01:34:45.567] [bmv2] [D] [thread 23528] [5.0] [cxt 0] Parser set: setting field 'scalars.tmp' from field 'ethernet.srcAddr' (240568391816953)
[01:34:45.567] [bmv2] [D] [thread 23528] [5.0] [cxt 0] Parser set: setting field 'scalars.tmp_0' from field 'ethernet.dstAddr' (56294136348694)
[01:34:45.567] [bmv2] [D] [thread 23528] [5.0] [cxt 0] Executing method log_msg
[01:34:45.567] [bmv2] [T] [thread 23528] [5.0] [cxt 0] Action log_msg
[01:34:45.567] [bmv2] [T] [thread 23528] [5.0] [cxt 0] basic.p4(73) Primitive         log_msg(\"Src {} Dst {}\n \", {hdr.ethernet.srcAddr, hdr.ethernet.dstAddr});
[01:34:45.567] [bmv2] [I] [thread 23528] Src 240568391816953 Dst 56294136348694
 
[01:34:45.567] [bmv2] [D] [thread 23528] [5.0] [cxt 0] Parser state 'start': key is 86dd
[01:34:45.567] [bmv2] [T] [thread 23528] [5.0] [cxt 0] Bytes parsed: 14
[01:34:45.567] [bmv2] [D] [thread 23528] [5.0] [cxt 0] Parser 'parser': end
[01:34:45.567] [bmv2] [D] [thread 23528] [5.0] [cxt 0] Pipeline 'ingress': start
[01:34:45.567] [bmv2] [T] [thread 23528] [5.0] [cxt 0] Applying table 'MyIngress.ipv4_lpm'
[01:34:45.567] [bmv2] [D] [thread 23528] [5.0] [cxt 0] Looking up key:
* hdr.ipv4.dstAddr    : 00000000

[01:34:45.567] [bmv2] [D] [thread 23528] [5.0] [cxt 0] Table 'MyIngress.ipv4_lpm': miss
[01:34:45.567] [bmv2] [D] [thread 23528] [5.0] [cxt 0] Action entry is NoAction - 
[01:34:45.567] [bmv2] [T] [thread 23528] [5.0] [cxt 0] Action NoAction
[01:34:45.567] [bmv2] [D] [thread 23528] [5.0] [cxt 0] Pipeline 'ingress': end
[01:34:45.567] [bmv2] [D] [thread 23528] [5.0] [cxt 0] Egress port is 0
[01:34:45.567] [bmv2] [D] [thread 23529] [5.0] [cxt 0] Pipeline 'egress': start
[01:34:45.567] [bmv2] [D] [thread 23529] [5.0] [cxt 0] Pipeline 'egress': end
[01:34:45.567] [bmv2] [D] [thread 23529] [5.0] [cxt 0] Deparser 'deparser': start
[01:34:45.567] [bmv2] [T] [thread 23529] [5.0] [cxt 0] Skipping checksum 'cksum' update because condition not met
[01:34:45.567] [bmv2] [D] [thread 23529] [5.0] [cxt 0] Deparsing header 'ethernet'
[01:34:45.567] [bmv2] [D] [thread 23529] [5.0] [cxt 0] Deparser 'deparser': end
[01:34:45.567] [bmv2] [D] [thread 23533] [5.0] [cxt 0] Transmitting packet of size 90 out of port 0
[01:34:45.887] [bmv2] [D] [thread 23528] [6.0] [cxt 0] Processing packet received on port 2
[01:34:45.887] [bmv2] [D] [thread 23528] [6.0] [cxt 0] Parser 'parser': start
[01:34:45.887] [bmv2] [D] [thread 23528] [6.0] [cxt 0] Parser 'parser' entering state 'start'
[01:34:45.887] [bmv2] [D] [thread 23528] [6.0] [cxt 0] Extracting header 'ethernet'
[01:34:45.887] [bmv2] [D] [thread 23528] [6.0] [cxt 0] Parser set: setting field 'scalars.tmp' from field 'ethernet.srcAddr' (245109102370737)
[01:34:45.887] [bmv2] [D] [thread 23528] [6.0] [cxt 0] Parser set: setting field 'scalars.tmp_0' from field 'ethernet.dstAddr' (56294136348694)
[01:34:45.887] [bmv2] [D] [thread 23528] [6.0] [cxt 0] Executing method log_msg
[01:34:45.887] [bmv2] [T] [thread 23528] [6.0] [cxt 0] Action log_msg
[01:34:45.887] [bmv2] [T] [thread 23528] [6.0] [cxt 0] basic.p4(73) Primitive         log_msg(\"Src {} Dst {}\n \", {hdr.ethernet.srcAddr, hdr.ethernet.dstAddr});
[01:34:45.887] [bmv2] [I] [thread 23528] Src 245109102370737 Dst 56294136348694
 
[01:34:45.887] [bmv2] [D] [thread 23528] [6.0] [cxt 0] Parser state 'start': key is 86dd
[01:34:45.887] [bmv2] [T] [thread 23528] [6.0] [cxt 0] Bytes parsed: 14
[01:34:45.887] [bmv2] [D] [thread 23528] [6.0] [cxt 0] Parser 'parser': end
[01:34:45.887] [bmv2] [D] [thread 23528] [6.0] [cxt 0] Pipeline 'ingress': start
[01:34:45.887] [bmv2] [T] [thread 23528] [6.0] [cxt 0] Applying table 'MyIngress.ipv4_lpm'
[01:34:45.887] [bmv2] [D] [thread 23528] [6.0] [cxt 0] Looking up key:
* hdr.ipv4.dstAddr    : 00000000

[01:34:45.887] [bmv2] [D] [thread 23528] [6.0] [cxt 0] Table 'MyIngress.ipv4_lpm': miss
[01:34:45.887] [bmv2] [D] [thread 23528] [6.0] [cxt 0] Action entry is NoAction - 
[01:34:45.887] [bmv2] [T] [thread 23528] [6.0] [cxt 0] Action NoAction
[01:34:45.887] [bmv2] [D] [thread 23528] [6.0] [cxt 0] Pipeline 'ingress': end
[01:34:45.887] [bmv2] [D] [thread 23528] [6.0] [cxt 0] Egress port is 0
[01:34:45.887] [bmv2] [D] [thread 23529] [6.0] [cxt 0] Pipeline 'egress': start
[01:34:45.887] [bmv2] [D] [thread 23529] [6.0] [cxt 0] Pipeline 'egress': end
[01:34:45.887] [bmv2] [D] [thread 23529] [6.0] [cxt 0] Deparser 'deparser': start
[01:34:45.887] [bmv2] [T] [thread 23529] [6.0] [cxt 0] Skipping checksum 'cksum' update because condition not met
[01:34:45.887] [bmv2] [D] [thread 23529] [6.0] [cxt 0] Deparsing header 'ethernet'
[01:34:45.887] [bmv2] [D] [thread 23529] [6.0] [cxt 0] Deparser 'deparser': end
[01:34:45.888] [bmv2] [D] [thread 23533] [6.0] [cxt 0] Transmitting packet of size 90 out of port 0
[01:34:45.951] [bmv2] [D] [thread 23528] [7.0] [cxt 0] Processing packet received on port 1
[01:34:45.951] [bmv2] [D] [thread 23528] [7.0] [cxt 0] Parser 'parser': start
[01:34:45.951] [bmv2] [D] [thread 23528] [7.0] [cxt 0] Parser 'parser' entering state 'start'
[01:34:45.951] [bmv2] [D] [thread 23528] [7.0] [cxt 0] Extracting header 'ethernet'
[01:34:45.951] [bmv2] [D] [thread 23528] [7.0] [cxt 0] Parser set: setting field 'scalars.tmp' from field 'ethernet.srcAddr' (72645455461153)
[01:34:45.951] [bmv2] [D] [thread 23528] [7.0] [cxt 0] Parser set: setting field 'scalars.tmp_0' from field 'ethernet.dstAddr' (56294136348694)
[01:34:45.951] [bmv2] [D] [thread 23528] [7.0] [cxt 0] Executing method log_msg
[01:34:45.951] [bmv2] [T] [thread 23528] [7.0] [cxt 0] Action log_msg
[01:34:45.951] [bmv2] [T] [thread 23528] [7.0] [cxt 0] basic.p4(73) Primitive         log_msg(\"Src {} Dst {}\n \", {hdr.ethernet.srcAddr, hdr.ethernet.dstAddr});
[01:34:45.951] [bmv2] [I] [thread 23528] Src 72645455461153 Dst 56294136348694
 
[01:34:45.951] [bmv2] [D] [thread 23528] [7.0] [cxt 0] Parser state 'start': key is 86dd
[01:34:45.951] [bmv2] [T] [thread 23528] [7.0] [cxt 0] Bytes parsed: 14
[01:34:45.951] [bmv2] [D] [thread 23528] [7.0] [cxt 0] Parser 'parser': end
[01:34:45.951] [bmv2] [D] [thread 23528] [7.0] [cxt 0] Pipeline 'ingress': start
[01:34:45.951] [bmv2] [T] [thread 23528] [7.0] [cxt 0] Applying table 'MyIngress.ipv4_lpm'
[01:34:45.951] [bmv2] [D] [thread 23528] [7.0] [cxt 0] Looking up key:
* hdr.ipv4.dstAddr    : 00000000

[01:34:45.951] [bmv2] [D] [thread 23528] [7.0] [cxt 0] Table 'MyIngress.ipv4_lpm': miss
[01:34:45.951] [bmv2] [D] [thread 23528] [7.0] [cxt 0] Action entry is NoAction - 
[01:34:45.951] [bmv2] [T] [thread 23528] [7.0] [cxt 0] Action NoAction
[01:34:45.951] [bmv2] [D] [thread 23528] [7.0] [cxt 0] Pipeline 'ingress': end
[01:34:45.951] [bmv2] [D] [thread 23528] [7.0] [cxt 0] Egress port is 0
[01:34:45.951] [bmv2] [D] [thread 23529] [7.0] [cxt 0] Pipeline 'egress': start
[01:34:45.951] [bmv2] [D] [thread 23529] [7.0] [cxt 0] Pipeline 'egress': end
[01:34:45.951] [bmv2] [D] [thread 23529] [7.0] [cxt 0] Deparser 'deparser': start
[01:34:45.951] [bmv2] [T] [thread 23529] [7.0] [cxt 0] Skipping checksum 'cksum' update because condition not met
[01:34:45.951] [bmv2] [D] [thread 23529] [7.0] [cxt 0] Deparsing header 'ethernet'
[01:34:45.951] [bmv2] [D] [thread 23529] [7.0] [cxt 0] Deparser 'deparser': end
[01:34:45.951] [bmv2] [D] [thread 23533] [7.0] [cxt 0] Transmitting packet of size 90 out of port 0
[01:34:46.583] [bmv2] [W] [thread 23591] [P4Runtime] p4::tmp::P4DeviceConfig is deprecated
[01:34:46.585] [bmv2] [D] [thread 23591] Set default default entry for table 'MyIngress.ipv4_lpm': NoAction - 
[01:34:46.587] [bmv2] [D] [thread 23591] simple_switch target has been notified of a config swap
[01:34:46.588] [bmv2] [D] [thread 23591] Set default entry for table 'MyIngress.ipv4_lpm': MyIngress.drop - 
[01:34:46.589] [bmv2] [D] [thread 23594] Entry 0 added to table 'MyIngress.ipv4_lpm'
[01:34:46.589] [bmv2] [D] [thread 23594] Dumping entry 0
Match key:
* hdr.ipv4.dstAddr    : LPM       0a000101/32
Action entry: MyIngress.ipv4_forward - 80000000100,2,

[01:34:46.589] [bmv2] [D] [thread 23591] Entry 1 added to table 'MyIngress.ipv4_lpm'
[01:34:46.589] [bmv2] [D] [thread 23591] Dumping entry 1
Match key:
* hdr.ipv4.dstAddr    : LPM       0a000202/32
Action entry: MyIngress.ipv4_forward - 80000000100,2,

[01:34:46.590] [bmv2] [D] [thread 23594] Entry 2 added to table 'MyIngress.ipv4_lpm'
[01:34:46.590] [bmv2] [D] [thread 23594] Dumping entry 2
Match key:
* hdr.ipv4.dstAddr    : LPM       0a000303/32
Action entry: MyIngress.ipv4_forward - 80000000200,1,

[01:34:46.591] [bmv2] [D] [thread 23591] Entry 3 added to table 'MyIngress.ipv4_lpm'
[01:34:46.591] [bmv2] [D] [thread 23591] Dumping entry 3
Match key:
* hdr.ipv4.dstAddr    : LPM       0a000404/32
Action entry: MyIngress.ipv4_forward - 80000000200,1,

[01:34:48.511] [bmv2] [D] [thread 23528] [8.0] [cxt 0] Processing packet received on port 2
[01:34:48.511] [bmv2] [D] [thread 23528] [8.0] [cxt 0] Parser 'parser': start
[01:34:48.511] [bmv2] [D] [thread 23528] [8.0] [cxt 0] Parser 'parser' entering state 'start'
[01:34:48.511] [bmv2] [D] [thread 23528] [8.0] [cxt 0] Extracting header 'ethernet'
[01:34:48.511] [bmv2] [D] [thread 23528] [8.0] [cxt 0] Parser set: setting field 'scalars.tmp' from field 'ethernet.srcAddr' (143464444877329)
[01:34:48.511] [bmv2] [D] [thread 23528] [8.0] [cxt 0] Parser set: setting field 'scalars.tmp_0' from field 'ethernet.dstAddr' (56294136348674)
[01:34:48.511] [bmv2] [D] [thread 23528] [8.0] [cxt 0] Executing method log_msg
[01:34:48.512] [bmv2] [T] [thread 23528] [8.0] [cxt 0] Action log_msg
[01:34:48.512] [bmv2] [T] [thread 23528] [8.0] [cxt 0] basic.p4(73) Primitive         log_msg(\"Src {} Dst {}\n \", {hdr.ethernet.srcAddr, hdr.ethernet.dstAddr});
[01:34:48.512] [bmv2] [I] [thread 23528] Src 143464444877329 Dst 56294136348674
 
[01:34:48.512] [bmv2] [D] [thread 23528] [8.0] [cxt 0] Parser state 'start': key is 86dd
[01:34:48.512] [bmv2] [T] [thread 23528] [8.0] [cxt 0] Bytes parsed: 14
[01:34:48.512] [bmv2] [D] [thread 23528] [8.0] [cxt 0] Parser 'parser': end
[01:34:48.512] [bmv2] [D] [thread 23528] [8.0] [cxt 0] Pipeline 'ingress': start
[01:34:48.512] [bmv2] [T] [thread 23528] [8.0] [cxt 0] Applying table 'MyIngress.ipv4_lpm'
[01:34:48.512] [bmv2] [D] [thread 23528] [8.0] [cxt 0] Looking up key:
* hdr.ipv4.dstAddr    : 00000000

[01:34:48.512] [bmv2] [D] [thread 23528] [8.0] [cxt 0] Table 'MyIngress.ipv4_lpm': miss
[01:34:48.512] [bmv2] [D] [thread 23528] [8.0] [cxt 0] Action entry is MyIngress.drop - 
[01:34:48.512] [bmv2] [T] [thread 23528] [8.0] [cxt 0] Action MyIngress.drop
[01:34:48.512] [bmv2] [T] [thread 23528] [8.0] [cxt 0] basic.p4(109) Primitive mark_to_drop(standard_metadata)
[01:34:48.512] [bmv2] [D] [thread 23528] [8.0] [cxt 0] Pipeline 'ingress': end
[01:34:48.512] [bmv2] [D] [thread 23528] [8.0] [cxt 0] Egress port is 511
[01:34:48.512] [bmv2] [D] [thread 23528] [8.0] [cxt 0] Dropping packet at the end of ingress
[01:34:49.023] [bmv2] [D] [thread 23528] [9.0] [cxt 0] Processing packet received on port 1
[01:34:49.023] [bmv2] [D] [thread 23528] [9.0] [cxt 0] Parser 'parser': start
[01:34:49.023] [bmv2] [D] [thread 23528] [9.0] [cxt 0] Parser 'parser' entering state 'start'
[01:34:49.023] [bmv2] [D] [thread 23528] [9.0] [cxt 0] Extracting header 'ethernet'
[01:34:49.023] [bmv2] [D] [thread 23528] [9.0] [cxt 0] Parser set: setting field 'scalars.tmp' from field 'ethernet.srcAddr' (72645455461153)
[01:34:49.023] [bmv2] [D] [thread 23528] [9.0] [cxt 0] Parser set: setting field 'scalars.tmp_0' from field 'ethernet.dstAddr' (56294136348674)
[01:34:49.023] [bmv2] [D] [thread 23528] [9.0] [cxt 0] Executing method log_msg
[01:34:49.023] [bmv2] [T] [thread 23528] [9.0] [cxt 0] Action log_msg
[01:34:49.023] [bmv2] [T] [thread 23528] [9.0] [cxt 0] basic.p4(73) Primitive         log_msg(\"Src {} Dst {}\n \", {hdr.ethernet.srcAddr, hdr.ethernet.dstAddr});
[01:34:49.023] [bmv2] [I] [thread 23528] Src 72645455461153 Dst 56294136348674
 
[01:34:49.023] [bmv2] [D] [thread 23528] [9.0] [cxt 0] Parser state 'start': key is 86dd
[01:34:49.023] [bmv2] [T] [thread 23528] [9.0] [cxt 0] Bytes parsed: 14
[01:34:49.023] [bmv2] [D] [thread 23528] [9.0] [cxt 0] Parser 'parser': end
[01:34:49.023] [bmv2] [D] [thread 23528] [9.0] [cxt 0] Pipeline 'ingress': start
[01:34:49.023] [bmv2] [T] [thread 23528] [9.0] [cxt 0] Applying table 'MyIngress.ipv4_lpm'
[01:34:49.023] [bmv2] [D] [thread 23528] [9.0] [cxt 0] Looking up key:
* hdr.ipv4.dstAddr    : 00000000

[01:34:49.024] [bmv2] [D] [thread 23528] [9.0] [cxt 0] Table 'MyIngress.ipv4_lpm': miss
[01:34:49.024] [bmv2] [D] [thread 23528] [9.0] [cxt 0] Action entry is MyIngress.drop - 
[01:34:49.024] [bmv2] [T] [thread 23528] [9.0] [cxt 0] Action MyIngress.drop
[01:34:49.024] [bmv2] [T] [thread 23528] [9.0] [cxt 0] basic.p4(109) Primitive mark_to_drop(standard_metadata)
[01:34:49.024] [bmv2] [D] [thread 23528] [9.0] [cxt 0] Pipeline 'ingress': end
[01:34:49.024] [bmv2] [D] [thread 23528] [9.0] [cxt 0] Egress port is 511
[01:34:49.024] [bmv2] [D] [thread 23528] [9.0] [cxt 0] Dropping packet at the end of ingress
[01:34:49.024] [bmv2] [D] [thread 23528] [10.0] [cxt 0] Processing packet received on port 1
[01:34:49.024] [bmv2] [D] [thread 23528] [10.0] [cxt 0] Parser 'parser': start
[01:34:49.024] [bmv2] [D] [thread 23528] [10.0] [cxt 0] Parser 'parser' entering state 'start'
[01:34:49.024] [bmv2] [D] [thread 23528] [10.0] [cxt 0] Extracting header 'ethernet'
[01:34:49.024] [bmv2] [D] [thread 23528] [10.0] [cxt 0] Parser set: setting field 'scalars.tmp' from field 'ethernet.srcAddr' (240568391816953)
[01:34:49.024] [bmv2] [D] [thread 23528] [10.0] [cxt 0] Parser set: setting field 'scalars.tmp_0' from field 'ethernet.dstAddr' (56294136348674)
[01:34:49.024] [bmv2] [D] [thread 23528] [10.0] [cxt 0] Executing method log_msg
[01:34:49.024] [bmv2] [T] [thread 23528] [10.0] [cxt 0] Action log_msg
[01:34:49.024] [bmv2] [T] [thread 23528] [10.0] [cxt 0] basic.p4(73) Primitive         log_msg(\"Src {} Dst {}\n \", {hdr.ethernet.srcAddr, hdr.ethernet.dstAddr});
[01:34:49.024] [bmv2] [I] [thread 23528] Src 240568391816953 Dst 56294136348674
 
[01:34:49.024] [bmv2] [D] [thread 23528] [10.0] [cxt 0] Parser state 'start': key is 86dd
[01:34:49.024] [bmv2] [T] [thread 23528] [10.0] [cxt 0] Bytes parsed: 14
[01:34:49.024] [bmv2] [D] [thread 23528] [10.0] [cxt 0] Parser 'parser': end
[01:34:49.024] [bmv2] [D] [thread 23528] [10.0] [cxt 0] Pipeline 'ingress': start
[01:34:49.024] [bmv2] [T] [thread 23528] [10.0] [cxt 0] Applying table 'MyIngress.ipv4_lpm'
[01:34:49.024] [bmv2] [D] [thread 23528] [10.0] [cxt 0] Looking up key:
* hdr.ipv4.dstAddr    : 00000000

[01:34:49.024] [bmv2] [D] [thread 23528] [10.0] [cxt 0] Table 'MyIngress.ipv4_lpm': miss
[01:34:49.024] [bmv2] [D] [thread 23528] [10.0] [cxt 0] Action entry is MyIngress.drop - 
[01:34:49.024] [bmv2] [T] [thread 23528] [10.0] [cxt 0] Action MyIngress.drop
[01:34:49.024] [bmv2] [T] [thread 23528] [10.0] [cxt 0] basic.p4(109) Primitive mark_to_drop(standard_metadata)
[01:34:49.024] [bmv2] [D] [thread 23528] [10.0] [cxt 0] Pipeline 'ingress': end
[01:34:49.024] [bmv2] [D] [thread 23528] [10.0] [cxt 0] Egress port is 511
[01:34:49.024] [bmv2] [D] [thread 23528] [10.0] [cxt 0] Dropping packet at the end of ingress
[01:34:49.535] [bmv2] [D] [thread 23528] [11.0] [cxt 0] Processing packet received on port 2
[01:34:49.535] [bmv2] [D] [thread 23528] [11.0] [cxt 0] Parser 'parser': start
[01:34:49.535] [bmv2] [D] [thread 23528] [11.0] [cxt 0] Parser 'parser' entering state 'start'
[01:34:49.535] [bmv2] [D] [thread 23528] [11.0] [cxt 0] Extracting header 'ethernet'
[01:34:49.535] [bmv2] [D] [thread 23528] [11.0] [cxt 0] Parser set: setting field 'scalars.tmp' from field 'ethernet.srcAddr' (245109102370737)
[01:34:49.535] [bmv2] [D] [thread 23528] [11.0] [cxt 0] Parser set: setting field 'scalars.tmp_0' from field 'ethernet.dstAddr' (56294136348674)
[01:34:49.535] [bmv2] [D] [thread 23528] [11.0] [cxt 0] Executing method log_msg
[01:34:49.535] [bmv2] [T] [thread 23528] [11.0] [cxt 0] Action log_msg
[01:34:49.535] [bmv2] [T] [thread 23528] [11.0] [cxt 0] basic.p4(73) Primitive         log_msg(\"Src {} Dst {}\n \", {hdr.ethernet.srcAddr, hdr.ethernet.dstAddr});
[01:34:49.535] [bmv2] [I] [thread 23528] Src 245109102370737 Dst 56294136348674
 
[01:34:49.535] [bmv2] [D] [thread 23528] [11.0] [cxt 0] Parser state 'start': key is 86dd
[01:34:49.535] [bmv2] [T] [thread 23528] [11.0] [cxt 0] Bytes parsed: 14
[01:34:49.535] [bmv2] [D] [thread 23528] [11.0] [cxt 0] Parser 'parser': end
[01:34:49.535] [bmv2] [D] [thread 23528] [11.0] [cxt 0] Pipeline 'ingress': start
[01:34:49.535] [bmv2] [T] [thread 23528] [11.0] [cxt 0] Applying table 'MyIngress.ipv4_lpm'
[01:34:49.535] [bmv2] [D] [thread 23528] [11.0] [cxt 0] Looking up key:
* hdr.ipv4.dstAddr    : 00000000

[01:34:49.535] [bmv2] [D] [thread 23528] [11.0] [cxt 0] Table 'MyIngress.ipv4_lpm': miss
[01:34:49.535] [bmv2] [D] [thread 23528] [11.0] [cxt 0] Action entry is MyIngress.drop - 
[01:34:49.535] [bmv2] [T] [thread 23528] [11.0] [cxt 0] Action MyIngress.drop
[01:34:49.535] [bmv2] [T] [thread 23528] [11.0] [cxt 0] basic.p4(109) Primitive mark_to_drop(standard_metadata)
[01:34:49.535] [bmv2] [D] [thread 23528] [11.0] [cxt 0] Pipeline 'ingress': end
[01:34:49.535] [bmv2] [D] [thread 23528] [11.0] [cxt 0] Egress port is 511
[01:34:49.535] [bmv2] [D] [thread 23528] [11.0] [cxt 0] Dropping packet at the end of ingress
[01:34:52.338] [bmv2] [D] [thread 23528] [12.0] [cxt 0] Processing packet received on port 2
[01:34:52.338] [bmv2] [D] [thread 23528] [12.0] [cxt 0] Parser 'parser': start
[01:34:52.338] [bmv2] [D] [thread 23528] [12.0] [cxt 0] Parser 'parser' entering state 'start'
[01:34:52.338] [bmv2] [D] [thread 23528] [12.0] [cxt 0] Extracting header 'ethernet'
[01:34:52.338] [bmv2] [D] [thread 23528] [12.0] [cxt 0] Parser set: setting field 'scalars.tmp' from field 'ethernet.srcAddr' (8796093022464)
[01:34:52.338] [bmv2] [D] [thread 23528] [12.0] [cxt 0] Parser set: setting field 'scalars.tmp_0' from field 'ethernet.dstAddr' (8796093023232)
[01:34:52.338] [bmv2] [D] [thread 23528] [12.0] [cxt 0] Executing method log_msg
[01:34:52.338] [bmv2] [T] [thread 23528] [12.0] [cxt 0] Action log_msg
[01:34:52.338] [bmv2] [T] [thread 23528] [12.0] [cxt 0] basic.p4(73) Primitive         log_msg(\"Src {} Dst {}\n \", {hdr.ethernet.srcAddr, hdr.ethernet.dstAddr});
[01:34:52.338] [bmv2] [I] [thread 23528] Src 8796093022464 Dst 8796093023232
 
[01:34:52.338] [bmv2] [D] [thread 23528] [12.0] [cxt 0] Parser state 'start': key is 0800
[01:34:52.338] [bmv2] [T] [thread 23528] [12.0] [cxt 0] Bytes parsed: 14
[01:34:52.338] [bmv2] [D] [thread 23528] [12.0] [cxt 0] Parser 'parser' entering state 'accept_ipv4'
[01:34:52.338] [bmv2] [D] [thread 23528] [12.0] [cxt 0] Extracting header 'ipv4'
[01:34:52.338] [bmv2] [D] [thread 23528] [12.0] [cxt 0] Parser state 'accept_ipv4' has no switch, going to default next state
[01:34:52.338] [bmv2] [T] [thread 23528] [12.0] [cxt 0] Bytes parsed: 34
[01:34:52.338] [bmv2] [D] [thread 23528] [12.0] [cxt 0] Parser 'parser': end
[01:34:52.338] [bmv2] [D] [thread 23528] [12.0] [cxt 0] Pipeline 'ingress': start
[01:34:52.338] [bmv2] [T] [thread 23528] [12.0] [cxt 0] Applying table 'MyIngress.ipv4_lpm'
[01:34:52.338] [bmv2] [D] [thread 23528] [12.0] [cxt 0] Looking up key:
* hdr.ipv4.dstAddr    : 0a000404

[01:34:52.338] [bmv2] [D] [thread 23528] [12.0] [cxt 0] Table 'MyIngress.ipv4_lpm': hit with handle 3
[01:34:52.338] [bmv2] [D] [thread 23528] [12.0] [cxt 0] Dumping entry 3
Match key:
* hdr.ipv4.dstAddr    : LPM       0a000404/32
Action entry: MyIngress.ipv4_forward - 80000000200,1,

[01:34:52.338] [bmv2] [D] [thread 23528] [12.0] [cxt 0] Action entry is MyIngress.ipv4_forward - 80000000200,1,
[01:34:52.338] [bmv2] [T] [thread 23528] [12.0] [cxt 0] Action MyIngress.ipv4_forward
[01:34:52.338] [bmv2] [T] [thread 23528] [12.0] [cxt 0] basic.p4(129) Primitive hdr.ethernet.srcAddr = hdr.ethernet.dstAddr
[01:34:52.338] [bmv2] [T] [thread 23528] [12.0] [cxt 0] basic.p4(130) Primitive hdr.ethernet.dstAddr = dstAddr
[01:34:52.338] [bmv2] [T] [thread 23528] [12.0] [cxt 0] basic.p4(131) Primitive standard_metadata.egress_spec = port
[01:34:52.338] [bmv2] [T] [thread 23528] [12.0] [cxt 0] basic.p4(132) Primitive hdr.ipv4.ttl = hdr.ipv4.ttl - 1
[01:34:52.338] [bmv2] [T] [thread 23528] [12.0] [cxt 0] basic.p4(133) Primitive         log_msg(\"IPV4_FORWARD SRC {} DST {}\n\", {hdr.ethernet.srcAddr, hdr.ethernet.dstAddr});
[01:34:52.338] [bmv2] [T] [thread 23528] [12.0] [cxt 0] basic.p4(133) Primitive         log_msg(\"IPV4_FORWARD SRC {} DST {}\n\", {hdr.ethernet.srcAddr, hdr.ethernet.dstAddr});
[01:34:52.338] [bmv2] [T] [thread 23528] [12.0] [cxt 0] basic.p4(133) Primitive         log_msg(\"IPV4_FORWARD SRC {} DST {}\n\", {hdr.ethernet.srcAddr, hdr.ethernet.dstAddr});
[01:34:52.338] [bmv2] [I] [thread 23528] IPV4_FORWARD SRC 8796093023232 DST 8796093022720

[01:34:52.338] [bmv2] [D] [thread 23528] [12.0] [cxt 0] Pipeline 'ingress': end
[01:34:52.338] [bmv2] [D] [thread 23528] [12.0] [cxt 0] Egress port is 1
[01:34:52.338] [bmv2] [D] [thread 23530] [12.0] [cxt 0] Pipeline 'egress': start
[01:34:52.338] [bmv2] [D] [thread 23530] [12.0] [cxt 0] Pipeline 'egress': end
[01:34:52.338] [bmv2] [D] [thread 23530] [12.0] [cxt 0] Deparser 'deparser': start
[01:34:52.338] [bmv2] [D] [thread 23530] [12.0] [cxt 0] Updating checksum 'cksum'
[01:34:52.339] [bmv2] [D] [thread 23530] [12.0] [cxt 0] Deparsing header 'ethernet'
[01:34:52.339] [bmv2] [D] [thread 23530] [12.0] [cxt 0] Deparsing header 'ipv4'
[01:34:52.339] [bmv2] [D] [thread 23530] [12.0] [cxt 0] Deparser 'deparser': end
[01:34:52.339] [bmv2] [D] [thread 23533] [12.0] [cxt 0] Transmitting packet of size 98 out of port 1
[01:34:53.340] [bmv2] [D] [thread 23528] [13.0] [cxt 0] Processing packet received on port 2
[01:34:53.340] [bmv2] [D] [thread 23528] [13.0] [cxt 0] Parser 'parser': start
[01:34:53.340] [bmv2] [D] [thread 23528] [13.0] [cxt 0] Parser 'parser' entering state 'start'
[01:34:53.340] [bmv2] [D] [thread 23528] [13.0] [cxt 0] Extracting header 'ethernet'
[01:34:53.340] [bmv2] [D] [thread 23528] [13.0] [cxt 0] Parser set: setting field 'scalars.tmp' from field 'ethernet.srcAddr' (8796093022464)
[01:34:53.340] [bmv2] [D] [thread 23528] [13.0] [cxt 0] Parser set: setting field 'scalars.tmp_0' from field 'ethernet.dstAddr' (8796093023232)
[01:34:53.340] [bmv2] [D] [thread 23528] [13.0] [cxt 0] Executing method log_msg
[01:34:53.340] [bmv2] [T] [thread 23528] [13.0] [cxt 0] Action log_msg
[01:34:53.340] [bmv2] [T] [thread 23528] [13.0] [cxt 0] basic.p4(73) Primitive         log_msg(\"Src {} Dst {}\n \", {hdr.ethernet.srcAddr, hdr.ethernet.dstAddr});
[01:34:53.340] [bmv2] [I] [thread 23528] Src 8796093022464 Dst 8796093023232
 
[01:34:53.340] [bmv2] [D] [thread 23528] [13.0] [cxt 0] Parser state 'start': key is 0800
[01:34:53.340] [bmv2] [T] [thread 23528] [13.0] [cxt 0] Bytes parsed: 14
[01:34:53.340] [bmv2] [D] [thread 23528] [13.0] [cxt 0] Parser 'parser' entering state 'accept_ipv4'
[01:34:53.340] [bmv2] [D] [thread 23528] [13.0] [cxt 0] Extracting header 'ipv4'
[01:34:53.340] [bmv2] [D] [thread 23528] [13.0] [cxt 0] Parser state 'accept_ipv4' has no switch, going to default next state
[01:34:53.340] [bmv2] [T] [thread 23528] [13.0] [cxt 0] Bytes parsed: 34
[01:34:53.340] [bmv2] [D] [thread 23528] [13.0] [cxt 0] Parser 'parser': end
[01:34:53.340] [bmv2] [D] [thread 23528] [13.0] [cxt 0] Pipeline 'ingress': start
[01:34:53.340] [bmv2] [T] [thread 23528] [13.0] [cxt 0] Applying table 'MyIngress.ipv4_lpm'
[01:34:53.340] [bmv2] [D] [thread 23528] [13.0] [cxt 0] Looking up key:
* hdr.ipv4.dstAddr    : 0a000404

[01:34:53.340] [bmv2] [D] [thread 23528] [13.0] [cxt 0] Table 'MyIngress.ipv4_lpm': hit with handle 3
[01:34:53.340] [bmv2] [D] [thread 23528] [13.0] [cxt 0] Dumping entry 3
Match key:
* hdr.ipv4.dstAddr    : LPM       0a000404/32
Action entry: MyIngress.ipv4_forward - 80000000200,1,

[01:34:53.340] [bmv2] [D] [thread 23528] [13.0] [cxt 0] Action entry is MyIngress.ipv4_forward - 80000000200,1,
[01:34:53.340] [bmv2] [T] [thread 23528] [13.0] [cxt 0] Action MyIngress.ipv4_forward
[01:34:53.340] [bmv2] [T] [thread 23528] [13.0] [cxt 0] basic.p4(129) Primitive hdr.ethernet.srcAddr = hdr.ethernet.dstAddr
[01:34:53.340] [bmv2] [T] [thread 23528] [13.0] [cxt 0] basic.p4(130) Primitive hdr.ethernet.dstAddr = dstAddr
[01:34:53.340] [bmv2] [T] [thread 23528] [13.0] [cxt 0] basic.p4(131) Primitive standard_metadata.egress_spec = port
[01:34:53.340] [bmv2] [T] [thread 23528] [13.0] [cxt 0] basic.p4(132) Primitive hdr.ipv4.ttl = hdr.ipv4.ttl - 1
[01:34:53.340] [bmv2] [T] [thread 23528] [13.0] [cxt 0] basic.p4(133) Primitive         log_msg(\"IPV4_FORWARD SRC {} DST {}\n\", {hdr.ethernet.srcAddr, hdr.ethernet.dstAddr});
[01:34:53.340] [bmv2] [T] [thread 23528] [13.0] [cxt 0] basic.p4(133) Primitive         log_msg(\"IPV4_FORWARD SRC {} DST {}\n\", {hdr.ethernet.srcAddr, hdr.ethernet.dstAddr});
[01:34:53.340] [bmv2] [T] [thread 23528] [13.0] [cxt 0] basic.p4(133) Primitive         log_msg(\"IPV4_FORWARD SRC {} DST {}\n\", {hdr.ethernet.srcAddr, hdr.ethernet.dstAddr});
[01:34:53.340] [bmv2] [I] [thread 23528] IPV4_FORWARD SRC 8796093023232 DST 8796093022720

[01:34:53.340] [bmv2] [D] [thread 23528] [13.0] [cxt 0] Pipeline 'ingress': end
[01:34:53.340] [bmv2] [D] [thread 23528] [13.0] [cxt 0] Egress port is 1
[01:34:53.340] [bmv2] [D] [thread 23530] [13.0] [cxt 0] Pipeline 'egress': start
[01:34:53.340] [bmv2] [D] [thread 23530] [13.0] [cxt 0] Pipeline 'egress': end
[01:34:53.340] [bmv2] [D] [thread 23530] [13.0] [cxt 0] Deparser 'deparser': start
[01:34:53.340] [bmv2] [D] [thread 23530] [13.0] [cxt 0] Updating checksum 'cksum'
[01:34:53.340] [bmv2] [D] [thread 23530] [13.0] [cxt 0] Deparsing header 'ethernet'
[01:34:53.340] [bmv2] [D] [thread 23530] [13.0] [cxt 0] Deparsing header 'ipv4'
[01:34:53.340] [bmv2] [D] [thread 23530] [13.0] [cxt 0] Deparser 'deparser': end
[01:34:53.341] [bmv2] [D] [thread 23533] [13.0] [cxt 0] Transmitting packet of size 98 out of port 1
open: No such file or directory
open: No such file or directory
open: No such file or directory
